{"/home/dev/Development/arQ/backend/src/app.module.ts": {"path":"/home/dev/Development/arQ/backend/src/app.module.ts","statementMap":{"0":{"start":{"line":1,"column":0},"end":{"line":1,"column":40}},"1":{"start":{"line":2,"column":0},"end":{"line":2,"column":46}},"2":{"start":{"line":3,"column":0},"end":{"line":3,"column":52}},"3":{"start":{"line":4,"column":0},"end":{"line":4,"column":54}},"4":{"start":{"line":5,"column":0},"end":{"line":5,"column":56}},"5":{"start":{"line":6,"column":0},"end":{"line":6,"column":59}},"6":{"start":{"line":7,"column":0},"end":{"line":7,"column":65}},"7":{"start":{"line":8,"column":0},"end":{"line":8,"column":71}},"8":{"start":{"line":9,"column":0},"end":{"line":9,"column":68}},"9":{"start":{"line":10,"column":0},"end":{"line":10,"column":62}},"10":{"start":{"line":11,"column":0},"end":{"line":11,"column":80}},"11":{"start":{"line":12,"column":0},"end":{"line":12,"column":71}},"12":{"start":{"line":13,"column":0},"end":{"line":13,"column":56}},"13":{"start":{"line":14,"column":0},"end":{"line":14,"column":58}},"14":{"start":{"line":15,"column":0},"end":{"line":15,"column":70}},"15":{"start":{"line":50,"column":7},"end":{"line":50,"column":null}},"16":{"start":{"line":50,"column":13},"end":{"line":50,"column":22}},"17":{"start":{"line":50,"column":13},"end":{"line":50,"column":null}}},"fnMap":{},"branchMap":{"0":{"loc":{"start":{"line":22,"column":27},"end":{"line":22,"column":64}},"type":"binary-expr","locations":[{"start":{"line":22,"column":27},"end":{"line":22,"column":47}},{"start":{"line":22,"column":51},"end":{"line":22,"column":64}}]}},"s":{"0":0,"1":0,"2":0,"3":0,"4":0,"5":0,"6":0,"7":0,"8":0,"9":0,"10":0,"11":0,"12":0,"13":0,"14":0,"15":0,"16":0,"17":0},"f":{},"b":{"0":[0,0]}}
,"/home/dev/Development/arQ/backend/src/main.ts": {"path":"/home/dev/Development/arQ/backend/src/main.ts","statementMap":{"0":{"start":{"line":1,"column":0},"end":{"line":1,"column":43}},"1":{"start":{"line":2,"column":0},"end":{"line":2,"column":48}},"2":{"start":{"line":3,"column":0},"end":{"line":3,"column":65}},"3":{"start":{"line":4,"column":0},"end":{"line":4,"column":41}},"4":{"start":{"line":5,"column":0},"end":{"line":5,"column":28}},"5":{"start":{"line":6,"column":0},"end":{"line":6,"column":46}},"6":{"start":{"line":9,"column":14},"end":{"line":9,"column":49}},"7":{"start":{"line":12,"column":2},"end":{"line":12,"column":26}},"8":{"start":{"line":15,"column":2},"end":{"line":64,"column":4}},"9":{"start":{"line":67,"column":2},"end":{"line":74,"column":5}},"10":{"start":{"line":77,"column":2},"end":{"line":83,"column":4}},"11":{"start":{"line":86,"column":2},"end":{"line":86,"column":32}},"12":{"start":{"line":89,"column":17},"end":{"line":94,"column":12}},"13":{"start":{"line":96,"column":19},"end":{"line":96,"column":60}},"14":{"start":{"line":97,"column":2},"end":{"line":97,"column":49}},"15":{"start":{"line":99,"column":15},"end":{"line":99,"column":39}},"16":{"start":{"line":100,"column":2},"end":{"line":100,"column":25}},"17":{"start":{"line":102,"column":2},"end":{"line":102,"column":79}},"18":{"start":{"line":103,"column":2},"end":{"line":103,"column":73}},"19":{"start":{"line":106,"column":0},"end":{"line":106,"column":12}}},"fnMap":{"0":{"name":"bootstrap","decl":{"start":{"line":8,"column":15},"end":{"line":8,"column":24}},"loc":{"start":{"line":8,"column":24},"end":{"line":104,"column":1}}}},"branchMap":{"0":{"loc":{"start":{"line":68,"column":12},"end":{"line":68,"column":63}},"type":"binary-expr","locations":[{"start":{"line":68,"column":12},"end":{"line":68,"column":36}},{"start":{"line":68,"column":40},"end":{"line":68,"column":63}}]},"1":{"loc":{"start":{"line":99,"column":15},"end":{"line":99,"column":39}},"type":"binary-expr","locations":[{"start":{"line":99,"column":15},"end":{"line":99,"column":31}},{"start":{"line":99,"column":35},"end":{"line":99,"column":39}}]}},"s":{"0":0,"1":0,"2":0,"3":0,"4":0,"5":0,"6":0,"7":0,"8":0,"9":0,"10":0,"11":0,"12":0,"13":0,"14":0,"15":0,"16":0,"17":0,"18":0,"19":0},"f":{"0":0},"b":{"0":[0,0],"1":[0,0]}}
,"/home/dev/Development/arQ/backend/src/common/cache/cache.module.ts": {"path":"/home/dev/Development/arQ/backend/src/common/cache/cache.module.ts","statementMap":{"0":{"start":{"line":1,"column":0},"end":{"line":1,"column":48}},"1":{"start":{"line":2,"column":0},"end":{"line":2,"column":47}},"2":{"start":{"line":9,"column":7},"end":{"line":9,"column":null}},"3":{"start":{"line":9,"column":13},"end":{"line":9,"column":24}},"4":{"start":{"line":9,"column":13},"end":{"line":9,"column":null}}},"fnMap":{},"branchMap":{},"s":{"0":0,"1":0,"2":0,"3":0,"4":0},"f":{},"b":{}}
,"/home/dev/Development/arQ/backend/src/common/cache/cache.service.ts": {"path":"/home/dev/Development/arQ/backend/src/common/cache/cache.service.ts","statementMap":{"0":{"start":{"line":1,"column":0},"end":{"line":1,"column":75}},"1":{"start":{"line":2,"column":0},"end":{"line":2,"column":47}},"2":{"start":{"line":3,"column":0},"end":{"line":3,"column":28}},"3":{"start":{"line":6,"column":7},"end":{"line":45,"column":null}},"4":{"start":{"line":9,"column":22},"end":{"line":9,"column":30}},"5":{"start":{"line":12,"column":4},"end":{"line":16,"column":7}},"6":{"start":{"line":20,"column":4},"end":{"line":20,"column":29}},"7":{"start":{"line":24,"column":4},"end":{"line":24,"column":32}},"8":{"start":{"line":28,"column":4},"end":{"line":32,"column":5}},"9":{"start":{"line":29,"column":6},"end":{"line":29,"column":47}},"10":{"start":{"line":31,"column":6},"end":{"line":31,"column":40}},"11":{"start":{"line":36,"column":4},"end":{"line":36,"column":31}},"12":{"start":{"line":40,"column":17},"end":{"line":40,"column":48}},"13":{"start":{"line":41,"column":4},"end":{"line":43,"column":5}},"14":{"start":{"line":42,"column":6},"end":{"line":42,"column":37}},"15":{"start":{"line":6,"column":13},"end":{"line":6,"column":25}},"16":{"start":{"line":6,"column":13},"end":{"line":45,"column":null}}},"fnMap":{"0":{"name":"(anonymous_2)","decl":{"start":{"line":9,"column":2},"end":{"line":9,"column":22}},"loc":{"start":{"line":9,"column":43},"end":{"line":9,"column":47}}},"1":{"name":"(anonymous_3)","decl":{"start":{"line":11,"column":2},"end":{"line":11,"column":14}},"loc":{"start":{"line":11,"column":14},"end":{"line":17,"column":3}}},"2":{"name":"(anonymous_4)","decl":{"start":{"line":19,"column":2},"end":{"line":19,"column":17}},"loc":{"start":{"line":19,"column":17},"end":{"line":21,"column":3}}},"3":{"name":"(anonymous_5)","decl":{"start":{"line":23,"column":2},"end":{"line":23,"column":7}},"loc":{"start":{"line":23,"column":23},"end":{"line":25,"column":3}}},"4":{"name":"(anonymous_6)","decl":{"start":{"line":27,"column":2},"end":{"line":27,"column":7}},"loc":{"start":{"line":27,"column":52},"end":{"line":33,"column":3}}},"5":{"name":"(anonymous_7)","decl":{"start":{"line":35,"column":2},"end":{"line":35,"column":7}},"loc":{"start":{"line":35,"column":23},"end":{"line":37,"column":3}}},"6":{"name":"(anonymous_8)","decl":{"start":{"line":39,"column":2},"end":{"line":39,"column":7}},"loc":{"start":{"line":39,"column":34},"end":{"line":44,"column":3}}}},"branchMap":{"0":{"loc":{"start":{"line":28,"column":4},"end":{"line":32,"column":5}},"type":"if","locations":[{"start":{"line":28,"column":4},"end":{"line":32,"column":5}},{"start":{"line":30,"column":11},"end":{"line":32,"column":5}}]},"1":{"loc":{"start":{"line":41,"column":4},"end":{"line":43,"column":5}},"type":"if","locations":[{"start":{"line":41,"column":4},"end":{"line":43,"column":5}}]}},"s":{"0":0,"1":0,"2":0,"3":0,"4":0,"5":0,"6":0,"7":0,"8":0,"9":0,"10":0,"11":0,"12":0,"13":0,"14":0,"15":0,"16":0},"f":{"0":0,"1":0,"2":0,"3":0,"4":0,"5":0,"6":0},"b":{"0":[0,0],"1":[0]}}
,"/home/dev/Development/arQ/backend/src/common/filters/http-exception.filter.ts": {"path":"/home/dev/Development/arQ/backend/src/common/filters/http-exception.filter.ts","statementMap":{"0":{"start":{"line":1,"column":0},"end":{"line":1,"column":null}},"1":{"start":{"line":11,"column":7},"end":{"line":37,"column":null}},"2":{"start":{"line":13,"column":16},"end":{"line":13,"column":35}},"3":{"start":{"line":14,"column":21},"end":{"line":14,"column":48}},"4":{"start":{"line":15,"column":20},"end":{"line":15,"column":45}},"5":{"start":{"line":18,"column":6},"end":{"line":20,"column":42}},"6":{"start":{"line":23,"column":6},"end":{"line":25,"column":33}},"7":{"start":{"line":27,"column":4},"end":{"line":35,"column":7}},"8":{"start":{"line":11,"column":13},"end":{"line":11,"column":32}},"9":{"start":{"line":11,"column":13},"end":{"line":37,"column":null}}},"fnMap":{"0":{"name":"(anonymous_1)","decl":{"start":{"line":12,"column":2},"end":{"line":12,"column":7}},"loc":{"start":{"line":12,"column":47},"end":{"line":36,"column":3}}}},"branchMap":{"0":{"loc":{"start":{"line":18,"column":6},"end":{"line":20,"column":42}},"type":"cond-expr","locations":[{"start":{"line":19,"column":10},"end":{"line":19,"column":31}},{"start":{"line":20,"column":10},"end":{"line":20,"column":42}}]},"1":{"loc":{"start":{"line":23,"column":6},"end":{"line":25,"column":33}},"type":"cond-expr","locations":[{"start":{"line":24,"column":10},"end":{"line":24,"column":33}},{"start":{"line":25,"column":10},"end":{"line":25,"column":33}}]},"2":{"loc":{"start":{"line":33,"column":17},"end":{"line":33,"column":81}},"type":"cond-expr","locations":[{"start":{"line":33,"column":47},"end":{"line":33,"column":54}},{"start":{"line":33,"column":58},"end":{"line":33,"column":81}}]}},"s":{"0":0,"1":0,"2":0,"3":0,"4":0,"5":0,"6":0,"7":0,"8":0,"9":0},"f":{"0":0},"b":{"0":[0,0],"1":[0,0],"2":[0,0]}}
,"/home/dev/Development/arQ/backend/src/common/interceptors/audit-log.interceptor.ts": {"path":"/home/dev/Development/arQ/backend/src/common/interceptors/audit-log.interceptor.ts","statementMap":{"0":{"start":{"line":1,"column":0},"end":{"line":1,"column":null}},"1":{"start":{"line":8,"column":0},"end":{"line":8,"column":49}},"2":{"start":{"line":9,"column":0},"end":{"line":9,"column":82}},"3":{"start":{"line":12,"column":7},"end":{"line":156,"column":null}},"4":{"start":{"line":13,"column":22},"end":{"line":13,"column":39}},"5":{"start":{"line":16,"column":20},"end":{"line":16,"column":55}},"6":{"start":{"line":17,"column":21},"end":{"line":17,"column":57}},"7":{"start":{"line":19,"column":41},"end":{"line":19,"column":48}},"8":{"start":{"line":20,"column":22},"end":{"line":20,"column":56}},"9":{"start":{"line":21,"column":19},"end":{"line":21,"column":56}},"10":{"start":{"line":23,"column":22},"end":{"line":23,"column":32}},"11":{"start":{"line":25,"column":4},"end":{"line":84,"column":6}},"12":{"start":{"line":27,"column":25},"end":{"line":27,"column":47}},"13":{"start":{"line":28,"column":27},"end":{"line":28,"column":46}},"14":{"start":{"line":31,"column":8},"end":{"line":44,"column":9}},"15":{"start":{"line":32,"column":10},"end":{"line":43,"column":13}},"16":{"start":{"line":47,"column":8},"end":{"line":61,"column":9}},"17":{"start":{"line":48,"column":10},"end":{"line":60,"column":13}},"18":{"start":{"line":64,"column":25},"end":{"line":64,"column":47}},"19":{"start":{"line":67,"column":8},"end":{"line":80,"column":11}},"20":{"start":{"line":82,"column":8},"end":{"line":82,"column":20}},"21":{"start":{"line":91,"column":30},"end":{"line":99,"column":6}},"22":{"start":{"line":101,"column":4},"end":{"line":101,"column":72}},"23":{"start":{"line":101,"column":48},"end":{"line":101,"column":70}},"24":{"start":{"line":108,"column":4},"end":{"line":110,"column":5}},"25":{"start":{"line":109,"column":6},"end":{"line":109,"column":93}},"26":{"start":{"line":112,"column":4},"end":{"line":114,"column":5}},"27":{"start":{"line":113,"column":6},"end":{"line":113,"column":37}},"28":{"start":{"line":116,"column":4},"end":{"line":118,"column":5}},"29":{"start":{"line":117,"column":6},"end":{"line":117,"column":35}},"30":{"start":{"line":120,"column":4},"end":{"line":122,"column":5}},"31":{"start":{"line":121,"column":6},"end":{"line":121,"column":42}},"32":{"start":{"line":124,"column":4},"end":{"line":126,"column":5}},"33":{"start":{"line":125,"column":6},"end":{"line":125,"column":44}},"34":{"start":{"line":128,"column":4},"end":{"line":130,"column":5}},"35":{"start":{"line":129,"column":6},"end":{"line":129,"column":50}},"36":{"start":{"line":132,"column":4},"end":{"line":134,"column":5}},"37":{"start":{"line":133,"column":6},"end":{"line":133,"column":44}},"38":{"start":{"line":136,"column":4},"end":{"line":136,"column":50}},"39":{"start":{"line":143,"column":22},"end":{"line":143,"column":52}},"40":{"start":{"line":144,"column":4},"end":{"line":147,"column":5}},"41":{"start":{"line":145,"column":18},"end":{"line":145,"column":87}},"42":{"start":{"line":146,"column":6},"end":{"line":146,"column":27}},"43":{"start":{"line":149,"column":19},"end":{"line":149,"column":43}},"44":{"start":{"line":150,"column":4},"end":{"line":152,"column":5}},"45":{"start":{"line":151,"column":6},"end":{"line":151,"column":61}},"46":{"start":{"line":154,"column":4},"end":{"line":154,"column":59}},"47":{"start":{"line":12,"column":13},"end":{"line":12,"column":32}},"48":{"start":{"line":12,"column":13},"end":{"line":156,"column":null}}},"fnMap":{"0":{"name":"(anonymous_2)","decl":{"start":{"line":13,"column":2},"end":{"line":13,"column":22}},"loc":{"start":{"line":13,"column":54},"end":{"line":13,"column":58}}},"1":{"name":"(anonymous_3)","decl":{"start":{"line":15,"column":2},"end":{"line":15,"column":11}},"loc":{"start":{"line":15,"column":56},"end":{"line":85,"column":3}}},"2":{"name":"(anonymous_4)","decl":{"start":{"line":26,"column":10},"end":{"line":26,"column":13}},"loc":{"start":{"line":26,"column":15},"end":{"line":62,"column":7}}},"3":{"name":"(anonymous_5)","decl":{"start":{"line":63,"column":17},"end":{"line":63,"column":18}},"loc":{"start":{"line":63,"column":27},"end":{"line":83,"column":7}}},"4":{"name":"(anonymous_6)","decl":{"start":{"line":90,"column":10},"end":{"line":90,"column":36}},"loc":{"start":{"line":90,"column":64},"end":{"line":102,"column":3}}},"5":{"name":"(anonymous_7)","decl":{"start":{"line":101,"column":34},"end":{"line":101,"column":35}},"loc":{"start":{"line":101,"column":48},"end":{"line":101,"column":70}}},"6":{"name":"(anonymous_8)","decl":{"start":{"line":107,"column":10},"end":{"line":107,"column":22}},"loc":{"start":{"line":107,"column":70},"end":{"line":137,"column":3}}},"7":{"name":"(anonymous_9)","decl":{"start":{"line":142,"column":10},"end":{"line":142,"column":21}},"loc":{"start":{"line":142,"column":30},"end":{"line":155,"column":3}}}},"branchMap":{"0":{"loc":{"start":{"line":20,"column":22},"end":{"line":20,"column":56}},"type":"binary-expr","locations":[{"start":{"line":20,"column":22},"end":{"line":20,"column":43}},{"start":{"line":20,"column":47},"end":{"line":20,"column":56}}]},"1":{"loc":{"start":{"line":21,"column":19},"end":{"line":21,"column":56}},"type":"binary-expr","locations":[{"start":{"line":21,"column":19},"end":{"line":21,"column":35}},{"start":{"line":21,"column":39},"end":{"line":21,"column":56}}]},"2":{"loc":{"start":{"line":31,"column":8},"end":{"line":44,"column":9}},"type":"if","locations":[{"start":{"line":31,"column":8},"end":{"line":44,"column":9}}]},"3":{"loc":{"start":{"line":47,"column":8},"end":{"line":61,"column":9}},"type":"if","locations":[{"start":{"line":47,"column":8},"end":{"line":61,"column":9}}]},"4":{"loc":{"start":{"line":50,"column":14},"end":{"line":52,"column":52}},"type":"cond-expr","locations":[{"start":{"line":51,"column":18},"end":{"line":51,"column":46}},{"start":{"line":52,"column":18},"end":{"line":52,"column":52}}]},"5":{"loc":{"start":{"line":50,"column":14},"end":{"line":50,"column":54}},"type":"binary-expr","locations":[{"start":{"line":50,"column":14},"end":{"line":50,"column":32}},{"start":{"line":50,"column":36},"end":{"line":50,"column":54}}]},"6":{"loc":{"start":{"line":74,"column":22},"end":{"line":74,"column":41}},"type":"binary-expr","locations":[{"start":{"line":74,"column":22},"end":{"line":74,"column":34}},{"start":{"line":74,"column":38},"end":{"line":74,"column":41}}]},"7":{"loc":{"start":{"line":78,"column":24},"end":{"line":78,"column":88}},"type":"cond-expr","locations":[{"start":{"line":78,"column":65},"end":{"line":78,"column":76}},{"start":{"line":78,"column":79},"end":{"line":78,"column":88}}]},"8":{"loc":{"start":{"line":108,"column":4},"end":{"line":110,"column":5}},"type":"if","locations":[{"start":{"line":108,"column":4},"end":{"line":110,"column":5}}]},"9":{"loc":{"start":{"line":109,"column":13},"end":{"line":109,"column":92}},"type":"cond-expr","locations":[{"start":{"line":109,"column":34},"end":{"line":109,"column":62}},{"start":{"line":109,"column":65},"end":{"line":109,"column":92}}]},"10":{"loc":{"start":{"line":112,"column":4},"end":{"line":114,"column":5}},"type":"if","locations":[{"start":{"line":112,"column":4},"end":{"line":114,"column":5}}]},"11":{"loc":{"start":{"line":116,"column":4},"end":{"line":118,"column":5}},"type":"if","locations":[{"start":{"line":116,"column":4},"end":{"line":118,"column":5}}]},"12":{"loc":{"start":{"line":120,"column":4},"end":{"line":122,"column":5}},"type":"if","locations":[{"start":{"line":120,"column":4},"end":{"line":122,"column":5}}]},"13":{"loc":{"start":{"line":124,"column":4},"end":{"line":126,"column":5}},"type":"if","locations":[{"start":{"line":124,"column":4},"end":{"line":126,"column":5}}]},"14":{"loc":{"start":{"line":128,"column":4},"end":{"line":130,"column":5}},"type":"if","locations":[{"start":{"line":128,"column":4},"end":{"line":130,"column":5}}]},"15":{"loc":{"start":{"line":132,"column":4},"end":{"line":134,"column":5}},"type":"if","locations":[{"start":{"line":132,"column":4},"end":{"line":134,"column":5}}]},"16":{"loc":{"start":{"line":144,"column":4},"end":{"line":147,"column":5}},"type":"if","locations":[{"start":{"line":144,"column":4},"end":{"line":147,"column":5}}]},"17":{"loc":{"start":{"line":145,"column":19},"end":{"line":145,"column":75}},"type":"cond-expr","locations":[{"start":{"line":145,"column":51},"end":{"line":145,"column":60}},{"start":{"line":145,"column":63},"end":{"line":145,"column":75}}]},"18":{"loc":{"start":{"line":150,"column":4},"end":{"line":152,"column":5}},"type":"if","locations":[{"start":{"line":150,"column":4},"end":{"line":152,"column":5}}]},"19":{"loc":{"start":{"line":151,"column":13},"end":{"line":151,"column":60}},"type":"cond-expr","locations":[{"start":{"line":151,"column":42},"end":{"line":151,"column":48}},{"start":{"line":151,"column":51},"end":{"line":151,"column":60}}]},"20":{"loc":{"start":{"line":154,"column":11},"end":{"line":154,"column":58}},"type":"binary-expr","locations":[{"start":{"line":154,"column":11},"end":{"line":154,"column":17}},{"start":{"line":154,"column":21},"end":{"line":154,"column":45}},{"start":{"line":154,"column":49},"end":{"line":154,"column":58}}]}},"s":{"0":0,"1":0,"2":0,"3":0,"4":0,"5":0,"6":0,"7":0,"8":0,"9":0,"10":0,"11":0,"12":0,"13":0,"14":0,"15":0,"16":0,"17":0,"18":0,"19":0,"20":0,"21":0,"22":0,"23":0,"24":0,"25":0,"26":0,"27":0,"28":0,"29":0,"30":0,"31":0,"32":0,"33":0,"34":0,"35":0,"36":0,"37":0,"38":0,"39":0,"40":0,"41":0,"42":0,"43":0,"44":0,"45":0,"46":0,"47":0,"48":0},"f":{"0":0,"1":0,"2":0,"3":0,"4":0,"5":0,"6":0,"7":0},"b":{"0":[0,0],"1":[0,0],"2":[0],"3":[0],"4":[0,0],"5":[0,0],"6":[0,0],"7":[0,0],"8":[0],"9":[0,0],"10":[0],"11":[0],"12":[0],"13":[0],"14":[0],"15":[0],"16":[0],"17":[0,0],"18":[0],"19":[0,0],"20":[0,0,0]}}
,"/home/dev/Development/arQ/backend/src/common/interceptors/transform.interceptor.ts": {"path":"/home/dev/Development/arQ/backend/src/common/interceptors/transform.interceptor.ts","statementMap":{"0":{"start":{"line":1,"column":0},"end":{"line":1,"column":null}},"1":{"start":{"line":8,"column":0},"end":{"line":8,"column":37}},"2":{"start":{"line":11,"column":7},"end":{"line":25,"column":null}},"3":{"start":{"line":13,"column":4},"end":{"line":23,"column":6}},"4":{"start":{"line":15,"column":8},"end":{"line":17,"column":9}},"5":{"start":{"line":16,"column":10},"end":{"line":16,"column":22}},"6":{"start":{"line":18,"column":8},"end":{"line":21,"column":10}},"7":{"start":{"line":11,"column":13},"end":{"line":11,"column":33}},"8":{"start":{"line":11,"column":13},"end":{"line":25,"column":null}}},"fnMap":{"0":{"name":"(anonymous_1)","decl":{"start":{"line":12,"column":2},"end":{"line":12,"column":11}},"loc":{"start":{"line":12,"column":56},"end":{"line":24,"column":3}}},"1":{"name":"(anonymous_2)","decl":{"start":{"line":14,"column":10},"end":{"line":14,"column":11}},"loc":{"start":{"line":14,"column":19},"end":{"line":22,"column":7}}}},"branchMap":{"0":{"loc":{"start":{"line":15,"column":8},"end":{"line":17,"column":9}},"type":"if","locations":[{"start":{"line":15,"column":8},"end":{"line":17,"column":9}}]},"1":{"loc":{"start":{"line":15,"column":12},"end":{"line":15,"column":65}},"type":"binary-expr","locations":[{"start":{"line":15,"column":12},"end":{"line":15,"column":16}},{"start":{"line":15,"column":20},"end":{"line":15,"column":44}},{"start":{"line":15,"column":48},"end":{"line":15,"column":65}}]}},"s":{"0":0,"1":0,"2":0,"3":0,"4":0,"5":0,"6":0,"7":0,"8":0},"f":{"0":0,"1":0},"b":{"0":[0],"1":[0,0,0]}}
,"/home/dev/Development/arQ/backend/src/common/middleware/audit-log.module.ts": {"path":"/home/dev/Development/arQ/backend/src/common/middleware/audit-log.module.ts","statementMap":{"0":{"start":{"line":1,"column":0},"end":{"line":1,"column":48}},"1":{"start":{"line":2,"column":0},"end":{"line":2,"column":47}},"2":{"start":{"line":3,"column":0},"end":{"line":3,"column":54}},"3":{"start":{"line":4,"column":0},"end":{"line":4,"column":76}},"4":{"start":{"line":17,"column":7},"end":{"line":17,"column":null}},"5":{"start":{"line":17,"column":13},"end":{"line":17,"column":27}},"6":{"start":{"line":17,"column":13},"end":{"line":17,"column":null}}},"fnMap":{},"branchMap":{},"s":{"0":0,"1":0,"2":0,"3":0,"4":0,"5":0,"6":0},"f":{},"b":{}}
,"/home/dev/Development/arQ/backend/src/common/middleware/audit-log.service.ts": {"path":"/home/dev/Development/arQ/backend/src/common/middleware/audit-log.service.ts","statementMap":{"0":{"start":{"line":1,"column":0},"end":{"line":1,"column":44}},"1":{"start":{"line":2,"column":0},"end":{"line":2,"column":60}},"2":{"start":{"line":4,"column":0},"end":{"line":4,"column":null}},"3":{"start":{"line":6,"column":2},"end":{"line":6,"column":null}},"4":{"start":{"line":7,"column":2},"end":{"line":7,"column":null}},"5":{"start":{"line":8,"column":2},"end":{"line":8,"column":null}},"6":{"start":{"line":9,"column":2},"end":{"line":9,"column":null}},"7":{"start":{"line":12,"column":2},"end":{"line":12,"column":null}},"8":{"start":{"line":13,"column":2},"end":{"line":13,"column":null}},"9":{"start":{"line":16,"column":2},"end":{"line":16,"column":null}},"10":{"start":{"line":17,"column":2},"end":{"line":17,"column":null}},"11":{"start":{"line":18,"column":2},"end":{"line":18,"column":null}},"12":{"start":{"line":21,"column":2},"end":{"line":21,"column":null}},"13":{"start":{"line":22,"column":2},"end":{"line":22,"column":null}},"14":{"start":{"line":25,"column":2},"end":{"line":25,"column":null}},"15":{"start":{"line":26,"column":2},"end":{"line":26,"column":null}},"16":{"start":{"line":29,"column":2},"end":{"line":29,"column":null}},"17":{"start":{"line":30,"column":2},"end":{"line":30,"column":null}},"18":{"start":{"line":33,"column":2},"end":{"line":33,"column":null}},"19":{"start":{"line":34,"column":2},"end":{"line":34,"column":null}},"20":{"start":{"line":37,"column":2},"end":{"line":37,"column":null}},"21":{"start":{"line":38,"column":2},"end":{"line":38,"column":null}},"22":{"start":{"line":54,"column":7},"end":{"line":323,"column":null}},"23":{"start":{"line":55,"column":22},"end":{"line":55,"column":30}},"24":{"start":{"line":62,"column":4},"end":{"line":93,"column":5}},"25":{"start":{"line":64,"column":6},"end":{"line":89,"column":7}},"26":{"start":{"line":65,"column":8},"end":{"line":80,"column":11}},"27":{"start":{"line":85,"column":8},"end":{"line":88,"column":11}},"28":{"start":{"line":92,"column":6},"end":{"line":92,"column":48}},"29":{"start":{"line":100,"column":4},"end":{"line":105,"column":7}},"30":{"start":{"line":112,"column":4},"end":{"line":117,"column":7}},"31":{"start":{"line":124,"column":4},"end":{"line":128,"column":7}},"32":{"start":{"line":135,"column":4},"end":{"line":139,"column":7}},"33":{"start":{"line":146,"column":4},"end":{"line":155,"column":7}},"34":{"start":{"line":162,"column":4},"end":{"line":170,"column":7}},"35":{"start":{"line":177,"column":4},"end":{"line":184,"column":7}},"36":{"start":{"line":191,"column":4},"end":{"line":200,"column":7}},"37":{"start":{"line":213,"column":4},"end":{"line":220,"column":7}},"38":{"start":{"line":231,"column":4},"end":{"line":239,"column":7}},"39":{"start":{"line":257,"column":23},"end":{"line":257,"column":25}},"40":{"start":{"line":259,"column":4},"end":{"line":261,"column":5}},"41":{"start":{"line":260,"column":6},"end":{"line":260,"column":36}},"42":{"start":{"line":263,"column":4},"end":{"line":265,"column":5}},"43":{"start":{"line":264,"column":6},"end":{"line":264,"column":42}},"44":{"start":{"line":267,"column":4},"end":{"line":275,"column":5}},"45":{"start":{"line":268,"column":6},"end":{"line":268,"column":27}},"46":{"start":{"line":269,"column":6},"end":{"line":271,"column":7}},"47":{"start":{"line":270,"column":8},"end":{"line":270,"column":48}},"48":{"start":{"line":272,"column":6},"end":{"line":274,"column":7}},"49":{"start":{"line":273,"column":8},"end":{"line":273,"column":46}},"50":{"start":{"line":277,"column":17},"end":{"line":281,"column":6}},"51":{"start":{"line":284,"column":4},"end":{"line":286,"column":5}},"52":{"start":{"line":285,"column":6},"end":{"line":285,"column":86}},"53":{"start":{"line":285,"column":39},"end":{"line":285,"column":84}},"54":{"start":{"line":288,"column":4},"end":{"line":288,"column":16}},"55":{"start":{"line":302,"column":19},"end":{"line":305,"column":6}},"56":{"start":{"line":307,"column":20},"end":{"line":319,"column":6}},"57":{"start":{"line":309,"column":46},"end":{"line":309,"column":90}},"58":{"start":{"line":310,"column":45},"end":{"line":310,"column":88}},"59":{"start":{"line":311,"column":44},"end":{"line":311,"column":90}},"60":{"start":{"line":314,"column":10},"end":{"line":316,"column":60}},"61":{"start":{"line":318,"column":36},"end":{"line":318,"column":80}},"62":{"start":{"line":321,"column":4},"end":{"line":321,"column":19}},"63":{"start":{"line":54,"column":13},"end":{"line":54,"column":28}},"64":{"start":{"line":54,"column":13},"end":{"line":323,"column":null}}},"fnMap":{"0":{"name":"(anonymous_2)","decl":{"start":{"line":4,"column":0},"end":{"line":4,"column":12}},"loc":{"start":{"line":4,"column":26},"end":{"line":39,"column":1}}},"1":{"name":"(anonymous_3)","decl":{"start":{"line":55,"column":2},"end":{"line":55,"column":22}},"loc":{"start":{"line":55,"column":43},"end":{"line":55,"column":47}}},"2":{"name":"(anonymous_4)","decl":{"start":{"line":61,"column":2},"end":{"line":61,"column":7}},"loc":{"start":{"line":61,"column":32},"end":{"line":94,"column":3}}},"3":{"name":"(anonymous_5)","decl":{"start":{"line":99,"column":2},"end":{"line":99,"column":7}},"loc":{"start":{"line":99,"column":78},"end":{"line":106,"column":3}}},"4":{"name":"(anonymous_6)","decl":{"start":{"line":111,"column":2},"end":{"line":111,"column":7}},"loc":{"start":{"line":111,"column":93},"end":{"line":118,"column":3}}},"5":{"name":"(anonymous_7)","decl":{"start":{"line":123,"column":2},"end":{"line":123,"column":7}},"loc":{"start":{"line":123,"column":52},"end":{"line":129,"column":3}}},"6":{"name":"(anonymous_8)","decl":{"start":{"line":134,"column":2},"end":{"line":134,"column":7}},"loc":{"start":{"line":134,"column":60},"end":{"line":140,"column":3}}},"7":{"name":"(anonymous_9)","decl":{"start":{"line":145,"column":2},"end":{"line":145,"column":7}},"loc":{"start":{"line":145,"column":82},"end":{"line":156,"column":3}}},"8":{"name":"(anonymous_10)","decl":{"start":{"line":161,"column":2},"end":{"line":161,"column":7}},"loc":{"start":{"line":161,"column":87},"end":{"line":171,"column":3}}},"9":{"name":"(anonymous_11)","decl":{"start":{"line":176,"column":2},"end":{"line":176,"column":7}},"loc":{"start":{"line":176,"column":56},"end":{"line":185,"column":3}}},"10":{"name":"(anonymous_12)","decl":{"start":{"line":190,"column":2},"end":{"line":190,"column":7}},"loc":{"start":{"line":190,"column":76},"end":{"line":201,"column":3}}},"11":{"name":"(anonymous_13)","decl":{"start":{"line":206,"column":2},"end":{"line":206,"column":7}},"loc":{"start":{"line":211,"column":19},"end":{"line":221,"column":3}}},"12":{"name":"(anonymous_14)","decl":{"start":{"line":226,"column":2},"end":{"line":226,"column":7}},"loc":{"start":{"line":229,"column":22},"end":{"line":240,"column":3}}},"13":{"name":"(anonymous_15)","decl":{"start":{"line":247,"column":2},"end":{"line":247,"column":7}},"loc":{"start":{"line":255,"column":23},"end":{"line":289,"column":3}}},"14":{"name":"(anonymous_16)","decl":{"start":{"line":285,"column":25},"end":{"line":285,"column":26}},"loc":{"start":{"line":285,"column":39},"end":{"line":285,"column":84}}},"15":{"name":"(anonymous_17)","decl":{"start":{"line":294,"column":2},"end":{"line":294,"column":7}},"loc":{"start":{"line":294,"column":45},"end":{"line":322,"column":3}}},"16":{"name":"(anonymous_18)","decl":{"start":{"line":309,"column":39},"end":{"line":309,"column":40}},"loc":{"start":{"line":309,"column":46},"end":{"line":309,"column":90}}},"17":{"name":"(anonymous_19)","decl":{"start":{"line":310,"column":38},"end":{"line":310,"column":39}},"loc":{"start":{"line":310,"column":45},"end":{"line":310,"column":88}}},"18":{"name":"(anonymous_20)","decl":{"start":{"line":311,"column":37},"end":{"line":311,"column":38}},"loc":{"start":{"line":311,"column":44},"end":{"line":311,"column":90}}},"19":{"name":"(anonymous_21)","decl":{"start":{"line":313,"column":8},"end":{"line":313,"column":9}},"loc":{"start":{"line":314,"column":10},"end":{"line":316,"column":60}}},"20":{"name":"(anonymous_22)","decl":{"start":{"line":318,"column":29},"end":{"line":318,"column":30}},"loc":{"start":{"line":318,"column":36},"end":{"line":318,"column":80}}}},"branchMap":{"0":{"loc":{"start":{"line":4,"column":12},"end":{"line":4,"column":null}},"type":"binary-expr","locations":[{"start":{"line":4,"column":12},"end":{"line":4,"column":26}},{"start":{"line":4,"column":26},"end":{"line":4,"column":null}}]},"1":{"loc":{"start":{"line":64,"column":6},"end":{"line":89,"column":7}},"type":"if","locations":[{"start":{"line":64,"column":6},"end":{"line":89,"column":7}},{"start":{"line":81,"column":13},"end":{"line":89,"column":7}}]},"2":{"loc":{"start":{"line":255,"column":4},"end":{"line":255,"column":23}},"type":"default-arg","locations":[{"start":{"line":255,"column":20},"end":{"line":255,"column":23}}]},"3":{"loc":{"start":{"line":259,"column":4},"end":{"line":261,"column":5}},"type":"if","locations":[{"start":{"line":259,"column":4},"end":{"line":261,"column":5}}]},"4":{"loc":{"start":{"line":263,"column":4},"end":{"line":265,"column":5}},"type":"if","locations":[{"start":{"line":263,"column":4},"end":{"line":265,"column":5}}]},"5":{"loc":{"start":{"line":267,"column":4},"end":{"line":275,"column":5}},"type":"if","locations":[{"start":{"line":267,"column":4},"end":{"line":275,"column":5}}]},"6":{"loc":{"start":{"line":267,"column":8},"end":{"line":267,"column":44}},"type":"binary-expr","locations":[{"start":{"line":267,"column":8},"end":{"line":267,"column":25}},{"start":{"line":267,"column":29},"end":{"line":267,"column":44}}]},"7":{"loc":{"start":{"line":269,"column":6},"end":{"line":271,"column":7}},"type":"if","locations":[{"start":{"line":269,"column":6},"end":{"line":271,"column":7}}]},"8":{"loc":{"start":{"line":272,"column":6},"end":{"line":274,"column":7}},"type":"if","locations":[{"start":{"line":272,"column":6},"end":{"line":274,"column":7}}]},"9":{"loc":{"start":{"line":284,"column":4},"end":{"line":286,"column":5}},"type":"if","locations":[{"start":{"line":284,"column":4},"end":{"line":286,"column":5}}]},"10":{"loc":{"start":{"line":314,"column":10},"end":{"line":316,"column":60}},"type":"binary-expr","locations":[{"start":{"line":314,"column":10},"end":{"line":314,"column":61}},{"start":{"line":315,"column":10},"end":{"line":315,"column":55}},{"start":{"line":316,"column":10},"end":{"line":316,"column":60}}]}},"s":{"0":2,"1":2,"2":2,"3":2,"4":2,"5":2,"6":2,"7":2,"8":2,"9":2,"10":2,"11":2,"12":2,"13":2,"14":2,"15":2,"16":2,"17":2,"18":2,"19":2,"20":2,"21":2,"22":2,"23":0,"24":0,"25":0,"26":0,"27":0,"28":0,"29":0,"30":0,"31":0,"32":0,"33":0,"34":0,"35":0,"36":0,"37":0,"38":0,"39":0,"40":0,"41":0,"42":0,"43":0,"44":0,"45":0,"46":0,"47":0,"48":0,"49":0,"50":0,"51":0,"52":0,"53":0,"54":0,"55":0,"56":0,"57":0,"58":0,"59":0,"60":0,"61":0,"62":0,"63":2,"64":2},"f":{"0":2,"1":0,"2":0,"3":0,"4":0,"5":0,"6":0,"7":0,"8":0,"9":0,"10":0,"11":0,"12":0,"13":0,"14":0,"15":0,"16":0,"17":0,"18":0,"19":0,"20":0},"b":{"0":[2,2],"1":[0,0],"2":[0],"3":[0],"4":[0],"5":[0],"6":[0,0],"7":[0],"8":[0],"9":[0],"10":[0,0,0]}}
,"/home/dev/Development/arQ/backend/src/common/middleware/security-headers.middleware.ts": {"path":"/home/dev/Development/arQ/backend/src/common/middleware/security-headers.middleware.ts","statementMap":{"0":{"start":{"line":1,"column":0},"end":{"line":1,"column":60}},"1":{"start":{"line":5,"column":7},"end":{"line":92,"column":null}},"2":{"start":{"line":9,"column":26},"end":{"line":23,"column":6}},"3":{"start":{"line":25,"column":4},"end":{"line":25,"column":71}},"4":{"start":{"line":29,"column":4},"end":{"line":32,"column":6}},"5":{"start":{"line":36,"column":4},"end":{"line":36,"column":45}},"6":{"start":{"line":40,"column":4},"end":{"line":40,"column":55}},"7":{"start":{"line":44,"column":4},"end":{"line":44,"column":55}},"8":{"start":{"line":48,"column":4},"end":{"line":48,"column":72}},"9":{"start":{"line":52,"column":40},"end":{"line":62,"column":6}},"10":{"start":{"line":64,"column":4},"end":{"line":64,"column":80}},"11":{"start":{"line":68,"column":4},"end":{"line":68,"column":37}},"12":{"start":{"line":72,"column":4},"end":{"line":72,"column":51}},"13":{"start":{"line":76,"column":4},"end":{"line":76,"column":50}},"14":{"start":{"line":80,"column":4},"end":{"line":80,"column":66}},"15":{"start":{"line":84,"column":4},"end":{"line":84,"column":63}},"16":{"start":{"line":88,"column":4},"end":{"line":88,"column":65}},"17":{"start":{"line":90,"column":4},"end":{"line":90,"column":11}},"18":{"start":{"line":5,"column":13},"end":{"line":5,"column":38}},"19":{"start":{"line":5,"column":13},"end":{"line":92,"column":null}}},"fnMap":{"0":{"name":"(anonymous_1)","decl":{"start":{"line":6,"column":2},"end":{"line":6,"column":5}},"loc":{"start":{"line":6,"column":53},"end":{"line":91,"column":3}}}},"branchMap":{},"s":{"0":0,"1":0,"2":0,"3":0,"4":0,"5":0,"6":0,"7":0,"8":0,"9":0,"10":0,"11":0,"12":0,"13":0,"14":0,"15":0,"16":0,"17":0,"18":0,"19":0},"f":{"0":0},"b":{}}
,"/home/dev/Development/arQ/backend/src/modules/achievements/achievements.controller.ts": {"path":"/home/dev/Development/arQ/backend/src/modules/achievements/achievements.controller.ts","statementMap":{"0":{"start":{"line":1,"column":0},"end":{"line":1,"column":null}},"1":{"start":{"line":8,"column":0},"end":{"line":8,"column":84}},"2":{"start":{"line":9,"column":0},"end":{"line":9,"column":61}},"3":{"start":{"line":10,"column":0},"end":{"line":10,"column":61}},"4":{"start":{"line":11,"column":0},"end":{"line":11,"column":72}},"5":{"start":{"line":15,"column":7},"end":{"line":57,"column":null}},"6":{"start":{"line":16,"column":31},"end":{"line":16,"column":52}},"7":{"start":{"line":22,"column":4},"end":{"line":22,"column":46}},"8":{"start":{"line":29,"column":4},"end":{"line":29,"column":58}},"9":{"start":{"line":37,"column":4},"end":{"line":37,"column":48}},"10":{"start":{"line":46,"column":4},"end":{"line":46,"column":64}},"11":{"start":{"line":55,"column":4},"end":{"line":55,"column":71}},"12":{"start":{"line":15,"column":13},"end":{"line":15,"column":35}},"13":{"start":{"line":21,"column":8},"end":{"line":23,"column":null}},"14":{"start":{"line":28,"column":8},"end":{"line":30,"column":null}},"15":{"start":{"line":36,"column":8},"end":{"line":38,"column":null}},"16":{"start":{"line":45,"column":8},"end":{"line":47,"column":null}},"17":{"start":{"line":54,"column":8},"end":{"line":56,"column":null}},"18":{"start":{"line":15,"column":13},"end":{"line":57,"column":null}}},"fnMap":{"0":{"name":"(anonymous_4)","decl":{"start":{"line":16,"column":2},"end":{"line":16,"column":31}},"loc":{"start":{"line":16,"column":71},"end":{"line":16,"column":75}}},"1":{"name":"(anonymous_5)","decl":{"start":{"line":21,"column":2},"end":{"line":21,"column":7}},"loc":{"start":{"line":21,"column":15},"end":{"line":23,"column":3}}},"2":{"name":"(anonymous_6)","decl":{"start":{"line":28,"column":2},"end":{"line":28,"column":7}},"loc":{"start":{"line":28,"column":16},"end":{"line":30,"column":3}}},"3":{"name":"(anonymous_7)","decl":{"start":{"line":36,"column":2},"end":{"line":36,"column":7}},"loc":{"start":{"line":36,"column":39},"end":{"line":38,"column":3}}},"4":{"name":"(anonymous_8)","decl":{"start":{"line":45,"column":2},"end":{"line":45,"column":7}},"loc":{"start":{"line":45,"column":60},"end":{"line":47,"column":3}}},"5":{"name":"(anonymous_9)","decl":{"start":{"line":54,"column":2},"end":{"line":54,"column":7}},"loc":{"start":{"line":54,"column":60},"end":{"line":56,"column":3}}}},"branchMap":{},"s":{"0":0,"1":0,"2":0,"3":0,"4":0,"5":0,"6":0,"7":0,"8":0,"9":0,"10":0,"11":0,"12":0,"13":0,"14":0,"15":0,"16":0,"17":0,"18":0},"f":{"0":0,"1":0,"2":0,"3":0,"4":0,"5":0},"b":{}}
,"/home/dev/Development/arQ/backend/src/modules/achievements/achievements.module.ts": {"path":"/home/dev/Development/arQ/backend/src/modules/achievements/achievements.module.ts","statementMap":{"0":{"start":{"line":1,"column":0},"end":{"line":1,"column":40}},"1":{"start":{"line":2,"column":0},"end":{"line":2,"column":67}},"2":{"start":{"line":3,"column":0},"end":{"line":3,"column":61}},"3":{"start":{"line":4,"column":0},"end":{"line":4,"column":58}},"4":{"start":{"line":12,"column":7},"end":{"line":12,"column":null}},"5":{"start":{"line":12,"column":13},"end":{"line":12,"column":31}},"6":{"start":{"line":12,"column":13},"end":{"line":12,"column":null}}},"fnMap":{},"branchMap":{},"s":{"0":0,"1":0,"2":0,"3":0,"4":0,"5":0,"6":0},"f":{},"b":{}}
,"/home/dev/Development/arQ/backend/src/modules/achievements/achievements.service.ts": {"path":"/home/dev/Development/arQ/backend/src/modules/achievements/achievements.service.ts","statementMap":{"0":{"start":{"line":1,"column":0},"end":{"line":1,"column":63}},"1":{"start":{"line":2,"column":0},"end":{"line":2,"column":60}},"2":{"start":{"line":5,"column":7},"end":{"line":176,"column":null}},"3":{"start":{"line":6,"column":22},"end":{"line":6,"column":30}},"4":{"start":{"line":9,"column":25},"end":{"line":11,"column":6}},"5":{"start":{"line":13,"column":4},"end":{"line":13,"column":24}},"6":{"start":{"line":17,"column":24},"end":{"line":19,"column":6}},"7":{"start":{"line":21,"column":4},"end":{"line":23,"column":5}},"8":{"start":{"line":22,"column":6},"end":{"line":22,"column":73}},"9":{"start":{"line":25,"column":4},"end":{"line":25,"column":23}},"10":{"start":{"line":29,"column":29},"end":{"line":35,"column":6}},"11":{"start":{"line":37,"column":4},"end":{"line":37,"column":28}},"12":{"start":{"line":42,"column":21},"end":{"line":44,"column":6}},"13":{"start":{"line":46,"column":4},"end":{"line":48,"column":5}},"14":{"start":{"line":47,"column":6},"end":{"line":47,"column":16}},"15":{"start":{"line":51,"column":24},"end":{"line":54,"column":6}},"16":{"start":{"line":56,"column":26},"end":{"line":56,"column":76}},"17":{"start":{"line":56,"column":58},"end":{"line":56,"column":74}},"18":{"start":{"line":58,"column":28},"end":{"line":58,"column":68}},"19":{"start":{"line":59,"column":31},"end":{"line":60,"column":null}},"20":{"start":{"line":60,"column":13},"end":{"line":60,"column":37}},"21":{"start":{"line":64,"column":26},"end":{"line":64,"column":28}},"22":{"start":{"line":66,"column":4},"end":{"line":93,"column":5}},"23":{"start":{"line":67,"column":26},"end":{"line":69,"column":33}},"24":{"start":{"line":71,"column":6},"end":{"line":92,"column":7}},"25":{"start":{"line":73,"column":32},"end":{"line":78,"column":10}},"26":{"start":{"line":81,"column":8},"end":{"line":86,"column":11}},"27":{"start":{"line":88,"column":8},"end":{"line":91,"column":11}},"28":{"start":{"line":95,"column":4},"end":{"line":95,"column":25}},"29":{"start":{"line":99,"column":4},"end":{"line":124,"column":5}},"30":{"start":{"line":101,"column":8},"end":{"line":101,"column":62}},"31":{"start":{"line":104,"column":8},"end":{"line":104,"column":64}},"32":{"start":{"line":107,"column":8},"end":{"line":107,"column":59}},"33":{"start":{"line":110,"column":8},"end":{"line":110,"column":58}},"34":{"start":{"line":113,"column":8},"end":{"line":113,"column":52}},"35":{"start":{"line":116,"column":27},"end":{"line":116,"column":57}},"36":{"start":{"line":117,"column":8},"end":{"line":117,"column":47}},"37":{"start":{"line":120,"column":8},"end":{"line":120,"column":61}},"38":{"start":{"line":123,"column":8},"end":{"line":123,"column":21}},"39":{"start":{"line":128,"column":30},"end":{"line":128,"column":67}},"40":{"start":{"line":129,"column":26},"end":{"line":129,"column":67}},"41":{"start":{"line":131,"column":25},"end":{"line":146,"column":6}},"42":{"start":{"line":148,"column":19},"end":{"line":160,"column":6}},"43":{"start":{"line":162,"column":4},"end":{"line":174,"column":6}},"44":{"start":{"line":165,"column":48},"end":{"line":169,"column":8}},"45":{"start":{"line":170,"column":45},"end":{"line":173,"column":8}},"46":{"start":{"line":5,"column":13},"end":{"line":5,"column":32}},"47":{"start":{"line":5,"column":13},"end":{"line":176,"column":null}}},"fnMap":{"0":{"name":"(anonymous_2)","decl":{"start":{"line":6,"column":2},"end":{"line":6,"column":22}},"loc":{"start":{"line":6,"column":43},"end":{"line":6,"column":47}}},"1":{"name":"(anonymous_3)","decl":{"start":{"line":8,"column":2},"end":{"line":8,"column":7}},"loc":{"start":{"line":8,"column":15},"end":{"line":14,"column":3}}},"2":{"name":"(anonymous_4)","decl":{"start":{"line":16,"column":2},"end":{"line":16,"column":7}},"loc":{"start":{"line":16,"column":26},"end":{"line":26,"column":3}}},"3":{"name":"(anonymous_5)","decl":{"start":{"line":28,"column":2},"end":{"line":28,"column":7}},"loc":{"start":{"line":28,"column":42},"end":{"line":38,"column":3}}},"4":{"name":"(anonymous_6)","decl":{"start":{"line":40,"column":2},"end":{"line":40,"column":7}},"loc":{"start":{"line":40,"column":49},"end":{"line":96,"column":3}}},"5":{"name":"(anonymous_7)","decl":{"start":{"line":56,"column":50},"end":{"line":56,"column":51}},"loc":{"start":{"line":56,"column":58},"end":{"line":56,"column":74}}},"6":{"name":"(anonymous_8)","decl":{"start":{"line":60,"column":6},"end":{"line":60,"column":7}},"loc":{"start":{"line":60,"column":13},"end":{"line":60,"column":37}}},"7":{"name":"(anonymous_9)","decl":{"start":{"line":98,"column":10},"end":{"line":98,"column":26}},"loc":{"start":{"line":98,"column":58},"end":{"line":125,"column":3}}},"8":{"name":"(anonymous_10)","decl":{"start":{"line":127,"column":2},"end":{"line":127,"column":7}},"loc":{"start":{"line":127,"column":27},"end":{"line":175,"column":3}}},"9":{"name":"(anonymous_11)","decl":{"start":{"line":165,"column":37},"end":{"line":165,"column":38}},"loc":{"start":{"line":165,"column":48},"end":{"line":169,"column":8}}},"10":{"name":"(anonymous_12)","decl":{"start":{"line":170,"column":37},"end":{"line":170,"column":38}},"loc":{"start":{"line":170,"column":45},"end":{"line":173,"column":8}}}},"branchMap":{"0":{"loc":{"start":{"line":21,"column":4},"end":{"line":23,"column":5}},"type":"if","locations":[{"start":{"line":21,"column":4},"end":{"line":23,"column":5}}]},"1":{"loc":{"start":{"line":46,"column":4},"end":{"line":48,"column":5}},"type":"if","locations":[{"start":{"line":46,"column":4},"end":{"line":48,"column":5}}]},"2":{"loc":{"start":{"line":67,"column":26},"end":{"line":69,"column":33}},"type":"cond-expr","locations":[{"start":{"line":68,"column":10},"end":{"line":68,"column":45}},{"start":{"line":69,"column":10},"end":{"line":69,"column":33}}]},"3":{"loc":{"start":{"line":71,"column":6},"end":{"line":92,"column":7}},"type":"if","locations":[{"start":{"line":71,"column":6},"end":{"line":92,"column":7}}]},"4":{"loc":{"start":{"line":99,"column":4},"end":{"line":124,"column":5}},"type":"switch","locations":[{"start":{"line":100,"column":6},"end":{"line":101,"column":62}},{"start":{"line":103,"column":6},"end":{"line":104,"column":64}},{"start":{"line":106,"column":6},"end":{"line":107,"column":59}},{"start":{"line":109,"column":6},"end":{"line":110,"column":58}},{"start":{"line":112,"column":6},"end":{"line":113,"column":52}},{"start":{"line":115,"column":6},"end":{"line":117,"column":47}},{"start":{"line":119,"column":6},"end":{"line":120,"column":61}},{"start":{"line":122,"column":6},"end":{"line":123,"column":21}}]}},"s":{"0":1,"1":1,"2":1,"3":17,"4":1,"5":1,"6":3,"7":3,"8":2,"9":1,"10":1,"11":1,"12":11,"13":11,"14":1,"15":10,"16":10,"17":1,"18":10,"19":10,"20":11,"21":10,"22":10,"23":10,"24":10,"25":9,"26":9,"27":9,"28":10,"29":10,"30":3,"31":2,"32":1,"33":1,"34":1,"35":1,"36":1,"37":1,"38":0,"39":1,"40":1,"41":1,"42":1,"43":1,"44":2,"45":2,"46":1,"47":1},"f":{"0":17,"1":1,"2":3,"3":1,"4":11,"5":1,"6":11,"7":10,"8":1,"9":2,"10":2},"b":{"0":[2],"1":[1],"2":[1,9],"3":[9],"4":[3,2,1,1,1,1,1,0]}}
,"/home/dev/Development/arQ/backend/src/modules/analytics/analytics.controller.ts": {"path":"/home/dev/Development/arQ/backend/src/modules/analytics/analytics.controller.ts","statementMap":{"0":{"start":{"line":1,"column":0},"end":{"line":1,"column":null}},"1":{"start":{"line":10,"column":0},"end":{"line":10,"column":84}},"2":{"start":{"line":11,"column":0},"end":{"line":11,"column":55}},"3":{"start":{"line":12,"column":0},"end":{"line":12,"column":61}},"4":{"start":{"line":13,"column":0},"end":{"line":13,"column":56}},"5":{"start":{"line":14,"column":0},"end":{"line":14,"column":59}},"6":{"start":{"line":15,"column":0},"end":{"line":15,"column":72}},"7":{"start":{"line":21,"column":7},"end":{"line":65,"column":null}},"8":{"start":{"line":22,"column":31},"end":{"line":22,"column":49}},"9":{"start":{"line":31,"column":4},"end":{"line":35,"column":6}},"10":{"start":{"line":45,"column":4},"end":{"line":45,"column":70}},"11":{"start":{"line":54,"column":4},"end":{"line":54,"column":61}},"12":{"start":{"line":63,"column":4},"end":{"line":63,"column":53}},"13":{"start":{"line":21,"column":13},"end":{"line":21,"column":32}},"14":{"start":{"line":27,"column":8},"end":{"line":36,"column":null}},"15":{"start":{"line":41,"column":8},"end":{"line":46,"column":null}},"16":{"start":{"line":51,"column":8},"end":{"line":55,"column":null}},"17":{"start":{"line":62,"column":8},"end":{"line":64,"column":null}},"18":{"start":{"line":21,"column":13},"end":{"line":65,"column":null}}},"fnMap":{"0":{"name":"(anonymous_4)","decl":{"start":{"line":22,"column":2},"end":{"line":22,"column":31}},"loc":{"start":{"line":22,"column":65},"end":{"line":22,"column":69}}},"1":{"name":"(anonymous_5)","decl":{"start":{"line":27,"column":2},"end":{"line":27,"column":7}},"loc":{"start":{"line":29,"column":56},"end":{"line":36,"column":3}}},"2":{"name":"(anonymous_6)","decl":{"start":{"line":41,"column":2},"end":{"line":41,"column":7}},"loc":{"start":{"line":43,"column":70},"end":{"line":46,"column":3}}},"3":{"name":"(anonymous_7)","decl":{"start":{"line":51,"column":2},"end":{"line":51,"column":7}},"loc":{"start":{"line":52,"column":72},"end":{"line":55,"column":3}}},"4":{"name":"(anonymous_8)","decl":{"start":{"line":62,"column":2},"end":{"line":62,"column":7}},"loc":{"start":{"line":62,"column":25},"end":{"line":64,"column":3}}}},"branchMap":{"0":{"loc":{"start":{"line":45,"column":58},"end":{"line":45,"column":68}},"type":"binary-expr","locations":[{"start":{"line":45,"column":58},"end":{"line":45,"column":62}},{"start":{"line":45,"column":66},"end":{"line":45,"column":68}}]},"1":{"loc":{"start":{"line":54,"column":48},"end":{"line":54,"column":59}},"type":"binary-expr","locations":[{"start":{"line":54,"column":48},"end":{"line":54,"column":53}},{"start":{"line":54,"column":57},"end":{"line":54,"column":59}}]}},"s":{"0":0,"1":0,"2":0,"3":0,"4":0,"5":0,"6":0,"7":0,"8":0,"9":0,"10":0,"11":0,"12":0,"13":0,"14":0,"15":0,"16":0,"17":0,"18":0},"f":{"0":0,"1":0,"2":0,"3":0,"4":0},"b":{"0":[0,0],"1":[0,0]}}
,"/home/dev/Development/arQ/backend/src/modules/analytics/analytics.module.ts": {"path":"/home/dev/Development/arQ/backend/src/modules/analytics/analytics.module.ts","statementMap":{"0":{"start":{"line":1,"column":0},"end":{"line":1,"column":40}},"1":{"start":{"line":2,"column":0},"end":{"line":2,"column":61}},"2":{"start":{"line":3,"column":0},"end":{"line":3,"column":55}},"3":{"start":{"line":4,"column":0},"end":{"line":4,"column":58}},"4":{"start":{"line":12,"column":7},"end":{"line":12,"column":null}},"5":{"start":{"line":12,"column":13},"end":{"line":12,"column":28}},"6":{"start":{"line":12,"column":13},"end":{"line":12,"column":null}}},"fnMap":{},"branchMap":{},"s":{"0":0,"1":0,"2":0,"3":0,"4":0,"5":0,"6":0},"f":{},"b":{}}
,"/home/dev/Development/arQ/backend/src/modules/analytics/analytics.service.ts": {"path":"/home/dev/Development/arQ/backend/src/modules/analytics/analytics.service.ts","statementMap":{"0":{"start":{"line":1,"column":0},"end":{"line":1,"column":44}},"1":{"start":{"line":2,"column":0},"end":{"line":2,"column":60}},"2":{"start":{"line":5,"column":7},"end":{"line":263,"column":null}},"3":{"start":{"line":6,"column":22},"end":{"line":6,"column":30}},"4":{"start":{"line":13,"column":18},"end":{"line":19,"column":6}},"5":{"start":{"line":21,"column":4},"end":{"line":21,"column":17}},"6":{"start":{"line":25,"column":18},"end":{"line":25,"column":28}},"7":{"start":{"line":26,"column":4},"end":{"line":26,"column":42}},"8":{"start":{"line":29,"column":19},"end":{"line":37,"column":6}},"9":{"start":{"line":40,"column":26},"end":{"line":40,"column":49}},"10":{"start":{"line":43,"column":27},"end":{"line":43,"column":56}},"11":{"start":{"line":46,"column":23},"end":{"line":46,"column":67}},"12":{"start":{"line":49,"column":23},"end":{"line":49,"column":62}},"13":{"start":{"line":51,"column":4},"end":{"line":57,"column":6}},"14":{"start":{"line":62,"column":23},"end":{"line":62,"column":53}},"15":{"start":{"line":65,"column":26},"end":{"line":65,"column":36}},"16":{"start":{"line":66,"column":4},"end":{"line":66,"column":56}},"17":{"start":{"line":68,"column":24},"end":{"line":76,"column":6}},"18":{"start":{"line":79,"column":34},"end":{"line":81,"column":6}},"19":{"start":{"line":84,"column":36},"end":{"line":86,"column":6}},"20":{"start":{"line":89,"column":25},"end":{"line":89,"column":63}},"21":{"start":{"line":90,"column":29},"end":{"line":92,"column":6}},"22":{"start":{"line":94,"column":6},"end":{"line":94,"column":68}},"23":{"start":{"line":97,"column":23},"end":{"line":103,"column":6}},"24":{"start":{"line":106,"column":27},"end":{"line":118,"column":6}},"25":{"start":{"line":121,"column":30},"end":{"line":121,"column":67}},"26":{"start":{"line":123,"column":4},"end":{"line":139,"column":6}},"27":{"start":{"line":132,"column":49},"end":{"line":137,"column":8}},"28":{"start":{"line":143,"column":18},"end":{"line":154,"column":6}},"29":{"start":{"line":156,"column":4},"end":{"line":166,"column":10}},"30":{"start":{"line":157,"column":21},"end":{"line":157,"column":31}},"31":{"start":{"line":158,"column":29},"end":{"line":166,"column":8}},"32":{"start":{"line":171,"column":44},"end":{"line":171,"column":46}},"33":{"start":{"line":173,"column":4},"end":{"line":176,"column":7}},"34":{"start":{"line":174,"column":19},"end":{"line":174,"column":62}},"35":{"start":{"line":175,"column":6},"end":{"line":175,"column":47}},"36":{"start":{"line":178,"column":4},"end":{"line":181,"column":8}},"37":{"start":{"line":178,"column":59},"end":{"line":181,"column":6}},"38":{"start":{"line":185,"column":43},"end":{"line":185,"column":45}},"39":{"start":{"line":187,"column":4},"end":{"line":189,"column":7}},"40":{"start":{"line":188,"column":6},"end":{"line":188,"column":67}},"41":{"start":{"line":191,"column":4},"end":{"line":194,"column":8}},"42":{"start":{"line":191,"column":63},"end":{"line":194,"column":6}},"43":{"start":{"line":198,"column":27},"end":{"line":205,"column":6}},"44":{"start":{"line":207,"column":44},"end":{"line":207,"column":46}},"45":{"start":{"line":209,"column":4},"end":{"line":214,"column":7}},"46":{"start":{"line":210,"column":6},"end":{"line":213,"column":7}},"47":{"start":{"line":211,"column":21},"end":{"line":211,"column":61}},"48":{"start":{"line":212,"column":8},"end":{"line":212,"column":60}},"49":{"start":{"line":216,"column":4},"end":{"line":219,"column":8}},"50":{"start":{"line":216,"column":63},"end":{"line":219,"column":6}},"51":{"start":{"line":224,"column":22},"end":{"line":232,"column":6}},"52":{"start":{"line":234,"column":44},"end":{"line":234,"column":46}},"53":{"start":{"line":236,"column":4},"end":{"line":239,"column":7}},"54":{"start":{"line":237,"column":19},"end":{"line":237,"column":61}},"55":{"start":{"line":238,"column":6},"end":{"line":238,"column":57}},"56":{"start":{"line":241,"column":4},"end":{"line":244,"column":8}},"57":{"start":{"line":241,"column":56},"end":{"line":244,"column":6}},"58":{"start":{"line":248,"column":18},"end":{"line":256,"column":6}},"59":{"start":{"line":258,"column":4},"end":{"line":261,"column":8}},"60":{"start":{"line":258,"column":29},"end":{"line":261,"column":6}},"61":{"start":{"line":5,"column":13},"end":{"line":5,"column":29}},"62":{"start":{"line":5,"column":13},"end":{"line":263,"column":null}}},"fnMap":{"0":{"name":"(anonymous_2)","decl":{"start":{"line":6,"column":2},"end":{"line":6,"column":22}},"loc":{"start":{"line":6,"column":43},"end":{"line":6,"column":47}}},"1":{"name":"(anonymous_3)","decl":{"start":{"line":8,"column":2},"end":{"line":8,"column":7}},"loc":{"start":{"line":11,"column":19},"end":{"line":22,"column":3}}},"2":{"name":"(anonymous_4)","decl":{"start":{"line":24,"column":2},"end":{"line":24,"column":7}},"loc":{"start":{"line":24,"column":58},"end":{"line":58,"column":3}}},"3":{"name":"(anonymous_5)","decl":{"start":{"line":60,"column":2},"end":{"line":60,"column":7}},"loc":{"start":{"line":60,"column":25},"end":{"line":140,"column":3}}},"4":{"name":"(anonymous_6)","decl":{"start":{"line":132,"column":41},"end":{"line":132,"column":42}},"loc":{"start":{"line":132,"column":49},"end":{"line":137,"column":8}}},"5":{"name":"(anonymous_7)","decl":{"start":{"line":142,"column":2},"end":{"line":142,"column":7}},"loc":{"start":{"line":142,"column":41},"end":{"line":167,"column":3}}},"6":{"name":"(anonymous_8)","decl":{"start":{"line":157,"column":14},"end":{"line":157,"column":15}},"loc":{"start":{"line":157,"column":21},"end":{"line":157,"column":31}}},"7":{"name":"(anonymous_9)","decl":{"start":{"line":158,"column":11},"end":{"line":158,"column":12}},"loc":{"start":{"line":158,"column":29},"end":{"line":166,"column":8}}},"8":{"name":"(anonymous_10)","decl":{"start":{"line":170,"column":10},"end":{"line":170,"column":20}},"loc":{"start":{"line":170,"column":34},"end":{"line":182,"column":3}}},"9":{"name":"(anonymous_11)","decl":{"start":{"line":173,"column":19},"end":{"line":173,"column":20}},"loc":{"start":{"line":173,"column":29},"end":{"line":176,"column":5}}},"10":{"name":"(anonymous_12)","decl":{"start":{"line":178,"column":39},"end":{"line":178,"column":40}},"loc":{"start":{"line":178,"column":59},"end":{"line":181,"column":6}}},"11":{"name":"(anonymous_13)","decl":{"start":{"line":184,"column":10},"end":{"line":184,"column":26}},"loc":{"start":{"line":184,"column":40},"end":{"line":195,"column":3}}},"12":{"name":"(anonymous_14)","decl":{"start":{"line":187,"column":19},"end":{"line":187,"column":20}},"loc":{"start":{"line":187,"column":29},"end":{"line":189,"column":5}}},"13":{"name":"(anonymous_15)","decl":{"start":{"line":191,"column":38},"end":{"line":191,"column":39}},"loc":{"start":{"line":191,"column":63},"end":{"line":194,"column":6}}},"14":{"name":"(anonymous_16)","decl":{"start":{"line":197,"column":10},"end":{"line":197,"column":15}},"loc":{"start":{"line":197,"column":62},"end":{"line":220,"column":3}}},"15":{"name":"(anonymous_17)","decl":{"start":{"line":209,"column":27},"end":{"line":209,"column":28}},"loc":{"start":{"line":209,"column":34},"end":{"line":214,"column":5}}},"16":{"name":"(anonymous_18)","decl":{"start":{"line":216,"column":39},"end":{"line":216,"column":40}},"loc":{"start":{"line":216,"column":63},"end":{"line":219,"column":6}}},"17":{"name":"(anonymous_19)","decl":{"start":{"line":222,"column":10},"end":{"line":222,"column":15}},"loc":{"start":{"line":222,"column":57},"end":{"line":245,"column":3}}},"18":{"name":"(anonymous_20)","decl":{"start":{"line":236,"column":22},"end":{"line":236,"column":23}},"loc":{"start":{"line":236,"column":29},"end":{"line":239,"column":5}}},"19":{"name":"(anonymous_21)","decl":{"start":{"line":241,"column":39},"end":{"line":241,"column":40}},"loc":{"start":{"line":241,"column":56},"end":{"line":244,"column":6}}},"20":{"name":"(anonymous_22)","decl":{"start":{"line":247,"column":10},"end":{"line":247,"column":15}},"loc":{"start":{"line":247,"column":40},"end":{"line":262,"column":3}}},"21":{"name":"(anonymous_23)","decl":{"start":{"line":258,"column":21},"end":{"line":258,"column":22}},"loc":{"start":{"line":258,"column":29},"end":{"line":261,"column":6}}}},"branchMap":{"0":{"loc":{"start":{"line":17,"column":18},"end":{"line":17,"column":35}},"type":"binary-expr","locations":[{"start":{"line":17,"column":18},"end":{"line":17,"column":27}},{"start":{"line":17,"column":31},"end":{"line":17,"column":35}}]},"1":{"loc":{"start":{"line":24,"column":41},"end":{"line":24,"column":58}},"type":"default-arg","locations":[{"start":{"line":24,"column":56},"end":{"line":24,"column":58}}]},"2":{"loc":{"start":{"line":94,"column":6},"end":{"line":94,"column":68}},"type":"cond-expr","locations":[{"start":{"line":94,"column":25},"end":{"line":94,"column":64}},{"start":{"line":94,"column":67},"end":{"line":94,"column":68}}]},"3":{"loc":{"start":{"line":142,"column":23},"end":{"line":142,"column":41}},"type":"default-arg","locations":[{"start":{"line":142,"column":39},"end":{"line":142,"column":41}}]},"4":{"loc":{"start":{"line":175,"column":23},"end":{"line":175,"column":41}},"type":"binary-expr","locations":[{"start":{"line":175,"column":23},"end":{"line":175,"column":36}},{"start":{"line":175,"column":40},"end":{"line":175,"column":41}}]},"5":{"loc":{"start":{"line":188,"column":33},"end":{"line":188,"column":61}},"type":"binary-expr","locations":[{"start":{"line":188,"column":33},"end":{"line":188,"column":56}},{"start":{"line":188,"column":60},"end":{"line":188,"column":61}}]},"6":{"loc":{"start":{"line":210,"column":6},"end":{"line":213,"column":7}},"type":"if","locations":[{"start":{"line":210,"column":6},"end":{"line":213,"column":7}}]},"7":{"loc":{"start":{"line":212,"column":25},"end":{"line":212,"column":43}},"type":"binary-expr","locations":[{"start":{"line":212,"column":25},"end":{"line":212,"column":38}},{"start":{"line":212,"column":42},"end":{"line":212,"column":43}}]},"8":{"loc":{"start":{"line":238,"column":23},"end":{"line":238,"column":41}},"type":"binary-expr","locations":[{"start":{"line":238,"column":23},"end":{"line":238,"column":36}},{"start":{"line":238,"column":40},"end":{"line":238,"column":41}}]}},"s":{"0":1,"1":1,"2":1,"3":16,"4":2,"5":2,"6":5,"7":5,"8":5,"9":5,"10":5,"11":5,"12":5,"13":5,"14":3,"15":3,"16":3,"17":3,"18":3,"19":3,"20":3,"21":3,"22":3,"23":3,"24":3,"25":3,"26":3,"27":3,"28":5,"29":5,"30":4,"31":3,"32":5,"33":5,"34":9,"35":9,"36":5,"37":5,"38":5,"39":5,"40":9,"41":5,"42":8,"43":5,"44":5,"45":5,"46":4,"47":4,"48":4,"49":5,"50":3,"51":5,"52":5,"53":5,"54":5,"55":5,"56":5,"57":4,"58":3,"59":3,"60":2,"61":1,"62":1},"f":{"0":16,"1":2,"2":5,"3":3,"4":3,"5":5,"6":4,"7":3,"8":5,"9":9,"10":5,"11":5,"12":9,"13":8,"14":5,"15":4,"16":3,"17":5,"18":5,"19":4,"20":3,"21":2},"b":{"0":[2,1],"1":[0],"2":[1,2],"3":[0],"4":[9,5],"5":[9,8],"6":[4],"7":[4,3],"8":[5,4]}}
,"/home/dev/Development/arQ/backend/src/modules/auth/auth.controller.ts": {"path":"/home/dev/Development/arQ/backend/src/modules/auth/auth.controller.ts","statementMap":{"0":{"start":{"line":1,"column":0},"end":{"line":1,"column":138}},"1":{"start":{"line":2,"column":0},"end":{"line":2,"column":84}},"2":{"start":{"line":4,"column":0},"end":{"line":4,"column":45}},"3":{"start":{"line":5,"column":0},"end":{"line":5,"column":43}},"4":{"start":{"line":6,"column":0},"end":{"line":6,"column":49}},"5":{"start":{"line":7,"column":0},"end":{"line":7,"column":62}},"6":{"start":{"line":9,"column":0},"end":{"line":9,"column":55}},"7":{"start":{"line":10,"column":0},"end":{"line":10,"column":66}},"8":{"start":{"line":14,"column":7},"end":{"line":211,"column":null}},"9":{"start":{"line":15,"column":22},"end":{"line":15,"column":35}},"10":{"start":{"line":23,"column":19},"end":{"line":23,"column":55}},"11":{"start":{"line":26,"column":4},"end":{"line":26,"column":75}},"12":{"start":{"line":28,"column":4},"end":{"line":33,"column":6}},"13":{"start":{"line":47,"column":22},"end":{"line":47,"column":43}},"14":{"start":{"line":48,"column":19},"end":{"line":48,"column":63}},"15":{"start":{"line":51,"column":4},"end":{"line":51,"column":75}},"16":{"start":{"line":53,"column":4},"end":{"line":58,"column":6}},"17":{"start":{"line":66,"column":22},"end":{"line":66,"column":52}},"18":{"start":{"line":67,"column":4},"end":{"line":71,"column":5}},"19":{"start":{"line":69,"column":18},"end":{"line":69,"column":87}},"20":{"start":{"line":70,"column":6},"end":{"line":70,"column":27}},"21":{"start":{"line":73,"column":19},"end":{"line":73,"column":43}},"22":{"start":{"line":74,"column":4},"end":{"line":76,"column":5}},"23":{"start":{"line":75,"column":6},"end":{"line":75,"column":61}},"24":{"start":{"line":79,"column":4},"end":{"line":79,"column":59}},"25":{"start":{"line":89,"column":25},"end":{"line":89,"column":50}},"26":{"start":{"line":91,"column":4},"end":{"line":93,"column":5}},"27":{"start":{"line":92,"column":6},"end":{"line":92,"column":65}},"28":{"start":{"line":95,"column":19},"end":{"line":95,"column":69}},"29":{"start":{"line":98,"column":4},"end":{"line":98,"column":75}},"30":{"start":{"line":100,"column":4},"end":{"line":103,"column":6}},"31":{"start":{"line":113,"column":4},"end":{"line":116,"column":6}},"32":{"start":{"line":128,"column":24},"end":{"line":128,"column":48}},"33":{"start":{"line":129,"column":4},"end":{"line":131,"column":5}},"34":{"start":{"line":130,"column":6},"end":{"line":130,"column":49}},"35":{"start":{"line":134,"column":4},"end":{"line":134,"column":36}},"36":{"start":{"line":136,"column":4},"end":{"line":139,"column":6}},"37":{"start":{"line":156,"column":22},"end":{"line":156,"column":43}},"38":{"start":{"line":157,"column":4},"end":{"line":157,"column":66}},"39":{"start":{"line":160,"column":4},"end":{"line":160,"column":36}},"40":{"start":{"line":162,"column":4},"end":{"line":165,"column":6}},"41":{"start":{"line":172,"column":25},"end":{"line":172,"column":62}},"42":{"start":{"line":175,"column":4},"end":{"line":181,"column":7}},"43":{"start":{"line":184,"column":4},"end":{"line":190,"column":7}},"44":{"start":{"line":197,"column":4},"end":{"line":202,"column":7}},"45":{"start":{"line":204,"column":4},"end":{"line":209,"column":7}},"46":{"start":{"line":14,"column":13},"end":{"line":14,"column":27}},"47":{"start":{"line":22,"column":8},"end":{"line":34,"column":null}},"48":{"start":{"line":41,"column":8},"end":{"line":59,"column":null}},"49":{"start":{"line":87,"column":8},"end":{"line":104,"column":null}},"50":{"start":{"line":112,"column":8},"end":{"line":117,"column":null}},"51":{"start":{"line":126,"column":8},"end":{"line":140,"column":null}},"52":{"start":{"line":150,"column":8},"end":{"line":166,"column":null}},"53":{"start":{"line":14,"column":13},"end":{"line":211,"column":null}}},"fnMap":{"0":{"name":"(anonymous_4)","decl":{"start":{"line":15,"column":2},"end":{"line":15,"column":22}},"loc":{"start":{"line":15,"column":46},"end":{"line":15,"column":50}}},"1":{"name":"(anonymous_5)","decl":{"start":{"line":22,"column":2},"end":{"line":22,"column":7}},"loc":{"start":{"line":22,"column":89},"end":{"line":34,"column":3}}},"2":{"name":"(anonymous_6)","decl":{"start":{"line":41,"column":2},"end":{"line":41,"column":7}},"loc":{"start":{"line":44,"column":50},"end":{"line":59,"column":3}}},"3":{"name":"(anonymous_7)","decl":{"start":{"line":64,"column":10},"end":{"line":64,"column":21}},"loc":{"start":{"line":64,"column":34},"end":{"line":80,"column":3}}},"4":{"name":"(anonymous_8)","decl":{"start":{"line":87,"column":2},"end":{"line":87,"column":7}},"loc":{"start":{"line":87,"column":83},"end":{"line":104,"column":3}}},"5":{"name":"(anonymous_9)","decl":{"start":{"line":112,"column":2},"end":{"line":112,"column":7}},"loc":{"start":{"line":112,"column":42},"end":{"line":117,"column":3}}},"6":{"name":"(anonymous_10)","decl":{"start":{"line":126,"column":2},"end":{"line":126,"column":7}},"loc":{"start":{"line":126,"column":82},"end":{"line":140,"column":3}}},"7":{"name":"(anonymous_11)","decl":{"start":{"line":150,"column":2},"end":{"line":150,"column":7}},"loc":{"start":{"line":154,"column":50},"end":{"line":166,"column":3}}},"8":{"name":"(anonymous_12)","decl":{"start":{"line":171,"column":10},"end":{"line":171,"column":24}},"loc":{"start":{"line":171,"column":86},"end":{"line":191,"column":3}}},"9":{"name":"(anonymous_13)","decl":{"start":{"line":196,"column":10},"end":{"line":196,"column":26}},"loc":{"start":{"line":196,"column":45},"end":{"line":210,"column":3}}}},"branchMap":{"0":{"loc":{"start":{"line":67,"column":4},"end":{"line":71,"column":5}},"type":"if","locations":[{"start":{"line":67,"column":4},"end":{"line":71,"column":5}}]},"1":{"loc":{"start":{"line":69,"column":19},"end":{"line":69,"column":75}},"type":"cond-expr","locations":[{"start":{"line":69,"column":51},"end":{"line":69,"column":60}},{"start":{"line":69,"column":63},"end":{"line":69,"column":75}}]},"2":{"loc":{"start":{"line":74,"column":4},"end":{"line":76,"column":5}},"type":"if","locations":[{"start":{"line":74,"column":4},"end":{"line":76,"column":5}}]},"3":{"loc":{"start":{"line":75,"column":13},"end":{"line":75,"column":60}},"type":"cond-expr","locations":[{"start":{"line":75,"column":42},"end":{"line":75,"column":48}},{"start":{"line":75,"column":51},"end":{"line":75,"column":60}}]},"4":{"loc":{"start":{"line":79,"column":11},"end":{"line":79,"column":58}},"type":"binary-expr","locations":[{"start":{"line":79,"column":11},"end":{"line":79,"column":17}},{"start":{"line":79,"column":21},"end":{"line":79,"column":45}},{"start":{"line":79,"column":49},"end":{"line":79,"column":58}}]},"5":{"loc":{"start":{"line":91,"column":4},"end":{"line":93,"column":5}},"type":"if","locations":[{"start":{"line":91,"column":4},"end":{"line":93,"column":5}}]},"6":{"loc":{"start":{"line":129,"column":4},"end":{"line":131,"column":5}},"type":"if","locations":[{"start":{"line":129,"column":4},"end":{"line":131,"column":5}}]}},"s":{"0":0,"1":0,"2":0,"3":0,"4":0,"5":0,"6":0,"7":0,"8":0,"9":0,"10":0,"11":0,"12":0,"13":0,"14":0,"15":0,"16":0,"17":0,"18":0,"19":0,"20":0,"21":0,"22":0,"23":0,"24":0,"25":0,"26":0,"27":0,"28":0,"29":0,"30":0,"31":0,"32":0,"33":0,"34":0,"35":0,"36":0,"37":0,"38":0,"39":0,"40":0,"41":0,"42":0,"43":0,"44":0,"45":0,"46":0,"47":0,"48":0,"49":0,"50":0,"51":0,"52":0,"53":0},"f":{"0":0,"1":0,"2":0,"3":0,"4":0,"5":0,"6":0,"7":0,"8":0,"9":0},"b":{"0":[0],"1":[0,0],"2":[0],"3":[0,0],"4":[0,0,0],"5":[0],"6":[0]}}
,"/home/dev/Development/arQ/backend/src/modules/auth/auth.module.ts": {"path":"/home/dev/Development/arQ/backend/src/modules/auth/auth.module.ts","statementMap":{"0":{"start":{"line":1,"column":0},"end":{"line":1,"column":40}},"1":{"start":{"line":2,"column":0},"end":{"line":2,"column":40}},"2":{"start":{"line":3,"column":0},"end":{"line":3,"column":50}},"3":{"start":{"line":4,"column":0},"end":{"line":4,"column":47}},"4":{"start":{"line":5,"column":0},"end":{"line":5,"column":51}},"5":{"start":{"line":6,"column":0},"end":{"line":6,"column":45}},"6":{"start":{"line":7,"column":0},"end":{"line":7,"column":56}},"7":{"start":{"line":8,"column":0},"end":{"line":8,"column":75}},"8":{"start":{"line":9,"column":0},"end":{"line":9,"column":75}},"9":{"start":{"line":10,"column":0},"end":{"line":10,"column":71}},"10":{"start":{"line":11,"column":0},"end":{"line":11,"column":52}},"11":{"start":{"line":37,"column":7},"end":{"line":37,"column":null}},"12":{"start":{"line":37,"column":13},"end":{"line":37,"column":23}},"13":{"start":{"line":37,"column":13},"end":{"line":37,"column":null}},"14":{"start":{"line":18,"column":46},"end":{"line":23,"column":8}}},"fnMap":{"0":{"name":"(anonymous_1)","decl":{"start":{"line":18,"column":18},"end":{"line":18,"column":19}},"loc":{"start":{"line":18,"column":46},"end":{"line":23,"column":8}}}},"branchMap":{},"s":{"0":0,"1":0,"2":0,"3":0,"4":0,"5":0,"6":0,"7":0,"8":0,"9":0,"10":0,"11":0,"12":0,"13":0,"14":0},"f":{"0":0},"b":{}}
,"/home/dev/Development/arQ/backend/src/modules/auth/auth.service.ts": {"path":"/home/dev/Development/arQ/backend/src/modules/auth/auth.service.ts","statementMap":{"0":{"start":{"line":1,"column":0},"end":{"line":1,"column":88}},"1":{"start":{"line":2,"column":0},"end":{"line":2,"column":41}},"2":{"start":{"line":3,"column":0},"end":{"line":3,"column":47}},"3":{"start":{"line":4,"column":0},"end":{"line":4,"column":33}},"4":{"start":{"line":5,"column":0},"end":{"line":5,"column":60}},"5":{"start":{"line":9,"column":0},"end":{"line":9,"column":75}},"6":{"start":{"line":10,"column":0},"end":{"line":10,"column":75}},"7":{"start":{"line":11,"column":0},"end":{"line":11,"column":71}},"8":{"start":{"line":12,"column":0},"end":{"line":12,"column":76}},"9":{"start":{"line":15,"column":7},"end":{"line":250,"column":null}},"10":{"start":{"line":17,"column":12},"end":{"line":17,"column":20}},"11":{"start":{"line":18,"column":12},"end":{"line":18,"column":24}},"12":{"start":{"line":19,"column":12},"end":{"line":19,"column":20}},"13":{"start":{"line":20,"column":12},"end":{"line":20,"column":28}},"14":{"start":{"line":21,"column":12},"end":{"line":21,"column":28}},"15":{"start":{"line":22,"column":12},"end":{"line":22,"column":33}},"16":{"start":{"line":23,"column":12},"end":{"line":23,"column":22}},"17":{"start":{"line":28,"column":19},"end":{"line":30,"column":6}},"18":{"start":{"line":32,"column":4},"end":{"line":34,"column":5}},"19":{"start":{"line":33,"column":6},"end":{"line":33,"column":66}},"20":{"start":{"line":37,"column":27},"end":{"line":37,"column":62}},"21":{"start":{"line":40,"column":17},"end":{"line":57,"column":6}},"22":{"start":{"line":59,"column":19},"end":{"line":59,"column":76}},"23":{"start":{"line":61,"column":4},"end":{"line":64,"column":6}},"24":{"start":{"line":69,"column":23},"end":{"line":69,"column":74}},"25":{"start":{"line":72,"column":26},"end":{"line":72,"column":72}},"26":{"start":{"line":73,"column":4},"end":{"line":81,"column":5}},"27":{"start":{"line":74,"column":31},"end":{"line":76,"column":11}},"28":{"start":{"line":78,"column":6},"end":{"line":80,"column":8}},"29":{"start":{"line":83,"column":17},"end":{"line":88,"column":6}},"30":{"start":{"line":90,"column":4},"end":{"line":98,"column":5}},"31":{"start":{"line":92,"column":6},"end":{"line":92,"column":64}},"32":{"start":{"line":95,"column":6},"end":{"line":95,"column":92}},"33":{"start":{"line":97,"column":6},"end":{"line":97,"column":61}},"34":{"start":{"line":100,"column":18},"end":{"line":100,"column":67}},"35":{"start":{"line":101,"column":4},"end":{"line":127,"column":5}},"36":{"start":{"line":103,"column":21},"end":{"line":103,"column":78}},"37":{"start":{"line":106,"column":6},"end":{"line":106,"column":94}},"38":{"start":{"line":108,"column":6},"end":{"line":119,"column":7}},"39":{"start":{"line":109,"column":33},"end":{"line":111,"column":13}},"40":{"start":{"line":114,"column":8},"end":{"line":114,"column":90}},"41":{"start":{"line":116,"column":8},"end":{"line":118,"column":10}},"42":{"start":{"line":122,"column":26},"end":{"line":124,"column":12}},"43":{"start":{"line":126,"column":6},"end":{"line":126,"column":76}},"44":{"start":{"line":130,"column":4},"end":{"line":130,"column":56}},"45":{"start":{"line":133,"column":4},"end":{"line":133,"column":60}},"46":{"start":{"line":135,"column":19},"end":{"line":135,"column":76}},"47":{"start":{"line":137,"column":4},"end":{"line":140,"column":6}},"48":{"start":{"line":145,"column":29},"end":{"line":145,"column":96}},"49":{"start":{"line":148,"column":19},"end":{"line":152,"column":null}},"50":{"start":{"line":155,"column":4},"end":{"line":155,"column":18}},"51":{"start":{"line":160,"column":24},"end":{"line":165,"column":null}},"52":{"start":{"line":169,"column":54},"end":{"line":173,"column":null}},"53":{"start":{"line":176,"column":4},"end":{"line":176,"column":66}},"54":{"start":{"line":180,"column":39},"end":{"line":180,"column":43}},"55":{"start":{"line":181,"column":4},"end":{"line":181,"column":21}},"56":{"start":{"line":185,"column":4},"end":{"line":187,"column":5}},"57":{"start":{"line":186,"column":6},"end":{"line":186,"column":59}},"58":{"start":{"line":189,"column":4},"end":{"line":206,"column":5}},"59":{"start":{"line":191,"column":22},"end":{"line":191,"column":58}},"60":{"start":{"line":193,"column":6},"end":{"line":195,"column":7}},"61":{"start":{"line":194,"column":8},"end":{"line":194,"column":57}},"62":{"start":{"line":198,"column":24},"end":{"line":198,"column":67}},"63":{"start":{"line":200,"column":6},"end":{"line":203,"column":7}},"64":{"start":{"line":202,"column":8},"end":{"line":202,"column":67}},"65":{"start":{"line":205,"column":6},"end":{"line":205,"column":55}},"66":{"start":{"line":211,"column":17},"end":{"line":213,"column":6}},"67":{"start":{"line":215,"column":4},"end":{"line":217,"column":5}},"68":{"start":{"line":216,"column":6},"end":{"line":216,"column":56}},"69":{"start":{"line":220,"column":18},"end":{"line":220,"column":74}},"70":{"start":{"line":221,"column":4},"end":{"line":223,"column":5}},"71":{"start":{"line":222,"column":6},"end":{"line":222,"column":69}},"72":{"start":{"line":226,"column":25},"end":{"line":226,"column":77}},"73":{"start":{"line":227,"column":4},"end":{"line":229,"column":5}},"74":{"start":{"line":228,"column":6},"end":{"line":228,"column":92}},"75":{"start":{"line":232,"column":27},"end":{"line":232,"column":65}},"76":{"start":{"line":235,"column":4},"end":{"line":238,"column":7}},"77":{"start":{"line":241,"column":4},"end":{"line":241,"column":63}},"78":{"start":{"line":245,"column":4},"end":{"line":245,"column":69}},"79":{"start":{"line":248,"column":4},"end":{"line":248,"column":61}},"80":{"start":{"line":15,"column":13},"end":{"line":15,"column":24}},"81":{"start":{"line":15,"column":13},"end":{"line":250,"column":null}}},"fnMap":{"0":{"name":"(anonymous_2)","decl":{"start":{"line":16,"column":2},"end":{"line":16,"column":null}},"loc":{"start":{"line":23,"column":37},"end":{"line":24,"column":6}}},"1":{"name":"(anonymous_3)","decl":{"start":{"line":26,"column":2},"end":{"line":26,"column":7}},"loc":{"start":{"line":26,"column":33},"end":{"line":65,"column":3}}},"2":{"name":"(anonymous_4)","decl":{"start":{"line":67,"column":2},"end":{"line":67,"column":7}},"loc":{"start":{"line":67,"column":47},"end":{"line":141,"column":3}}},"3":{"name":"(anonymous_5)","decl":{"start":{"line":143,"column":2},"end":{"line":143,"column":7}},"loc":{"start":{"line":143,"column":42},"end":{"line":156,"column":3}}},"4":{"name":"(anonymous_6)","decl":{"start":{"line":158,"column":10},"end":{"line":158,"column":15}},"loc":{"start":{"line":158,"column":93},"end":{"line":177,"column":3}}},"5":{"name":"(anonymous_7)","decl":{"start":{"line":179,"column":10},"end":{"line":179,"column":22}},"loc":{"start":{"line":179,"column":32},"end":{"line":182,"column":3}}},"6":{"name":"(anonymous_8)","decl":{"start":{"line":184,"column":2},"end":{"line":184,"column":7}},"loc":{"start":{"line":184,"column":28},"end":{"line":207,"column":3}}},"7":{"name":"(anonymous_9)","decl":{"start":{"line":209,"column":2},"end":{"line":209,"column":7}},"loc":{"start":{"line":209,"column":81},"end":{"line":249,"column":3}}}},"branchMap":{"0":{"loc":{"start":{"line":32,"column":4},"end":{"line":34,"column":5}},"type":"if","locations":[{"start":{"line":32,"column":4},"end":{"line":34,"column":5}}]},"1":{"loc":{"start":{"line":69,"column":23},"end":{"line":69,"column":74}},"type":"cond-expr","locations":[{"start":{"line":69,"column":35},"end":{"line":69,"column":62}},{"start":{"line":69,"column":65},"end":{"line":69,"column":74}}]},"2":{"loc":{"start":{"line":73,"column":4},"end":{"line":81,"column":5}},"type":"if","locations":[{"start":{"line":73,"column":4},"end":{"line":81,"column":5}}]},"3":{"loc":{"start":{"line":74,"column":31},"end":{"line":76,"column":11}},"type":"cond-expr","locations":[{"start":{"line":75,"column":10},"end":{"line":75,"column":84}},{"start":{"line":76,"column":10},"end":{"line":76,"column":11}}]},"4":{"loc":{"start":{"line":90,"column":4},"end":{"line":98,"column":5}},"type":"if","locations":[{"start":{"line":90,"column":4},"end":{"line":98,"column":5}}]},"5":{"loc":{"start":{"line":101,"column":4},"end":{"line":127,"column":5}},"type":"if","locations":[{"start":{"line":101,"column":4},"end":{"line":127,"column":5}}]},"6":{"loc":{"start":{"line":108,"column":6},"end":{"line":119,"column":7}},"type":"if","locations":[{"start":{"line":108,"column":6},"end":{"line":119,"column":7}}]},"7":{"loc":{"start":{"line":109,"column":33},"end":{"line":111,"column":13}},"type":"cond-expr","locations":[{"start":{"line":110,"column":12},"end":{"line":110,"column":79}},{"start":{"line":111,"column":12},"end":{"line":111,"column":13}}]},"8":{"loc":{"start":{"line":122,"column":26},"end":{"line":124,"column":12}},"type":"cond-expr","locations":[{"start":{"line":123,"column":10},"end":{"line":123,"column":85}},{"start":{"line":124,"column":10},"end":{"line":124,"column":12}}]},"9":{"loc":{"start":{"line":185,"column":4},"end":{"line":187,"column":5}},"type":"if","locations":[{"start":{"line":185,"column":4},"end":{"line":187,"column":5}}]},"10":{"loc":{"start":{"line":193,"column":6},"end":{"line":195,"column":7}},"type":"if","locations":[{"start":{"line":193,"column":6},"end":{"line":195,"column":7}}]},"11":{"loc":{"start":{"line":193,"column":10},"end":{"line":193,"column":34}},"type":"binary-expr","locations":[{"start":{"line":193,"column":10},"end":{"line":193,"column":18}},{"start":{"line":193,"column":22},"end":{"line":193,"column":34}}]},"12":{"loc":{"start":{"line":200,"column":6},"end":{"line":203,"column":7}},"type":"if","locations":[{"start":{"line":200,"column":6},"end":{"line":203,"column":7}}]},"13":{"loc":{"start":{"line":215,"column":4},"end":{"line":217,"column":5}},"type":"if","locations":[{"start":{"line":215,"column":4},"end":{"line":217,"column":5}}]},"14":{"loc":{"start":{"line":221,"column":4},"end":{"line":223,"column":5}},"type":"if","locations":[{"start":{"line":221,"column":4},"end":{"line":223,"column":5}}]},"15":{"loc":{"start":{"line":227,"column":4},"end":{"line":229,"column":5}},"type":"if","locations":[{"start":{"line":227,"column":4},"end":{"line":229,"column":5}}]}},"s":{"0":1,"1":1,"2":1,"3":1,"4":1,"5":1,"6":1,"7":1,"8":1,"9":1,"10":17,"11":17,"12":17,"13":17,"14":17,"15":17,"16":17,"17":3,"18":3,"19":2,"20":1,"21":1,"22":1,"23":1,"24":9,"25":9,"26":9,"27":2,"28":2,"29":7,"30":7,"31":2,"32":2,"33":2,"34":5,"35":5
[...]
"33":{"loc":{"start":{"line":246,"column":4},"end":{"line":252,"column":5}},"type":"if","locations":[{"start":{"line":246,"column":4},"end":{"line":252,"column":5}}]},"34":{"loc":{"start":{"line":246,"column":8},"end":{"line":246,"column":48}},"type":"binary-expr","locations":[{"start":{"line":246,"column":8},"end":{"line":246,"column":25}},{"start":{"line":246,"column":29},"end":{"line":246,"column":48}}]},"35":{"loc":{"start":{"line":248,"column":6},"end":{"line":250,"column":7}},"type":"if","locations":[{"start":{"line":248,"column":6},"end":{"line":250,"column":7}}]},"36":{"loc":{"start":{"line":254,"column":4},"end":{"line":256,"column":5}},"type":"if","locations":[{"start":{"line":254,"column":4},"end":{"line":256,"column":5}}]},"37":{"loc":{"start":{"line":254,"column":8},"end":{"line":254,"column":49}},"type":"binary-expr","locations":[{"start":{"line":254,"column":8},"end":{"line":254,"column":27}},{"start":{"line":254,"column":31},"end":{"line":254,"column":49}}]},"38":{"loc":{"start":{"line":270,"column":4},"end":{"line":272,"column":5}},"type":"if","locations":[{"start":{"line":270,"column":4},"end":{"line":272,"column":5}}]},"39":{"loc":{"start":{"line":270,"column":8},"end":{"line":270,"column":67}},"type":"binary-expr","locations":[{"start":{"line":270,"column":8},"end":{"line":270,"column":36}},{"start":{"line":270,"column":40},"end":{"line":270,"column":67}}]},"40":{"loc":{"start":{"line":275,"column":4},"end":{"line":277,"column":5}},"type":"if","locations":[{"start":{"line":275,"column":4},"end":{"line":277,"column":5}}]},"41":{"loc":{"start":{"line":279,"column":4},"end":{"line":279,"column":32}},"type":"if","locations":[{"start":{"line":279,"column":4},"end":{"line":279,"column":32}}]},"42":{"loc":{"start":{"line":283,"column":4},"end":{"line":285,"column":5}},"type":"if","locations":[{"start":{"line":283,"column":4},"end":{"line":285,"column":5}}]},"43":{"loc":{"start":{"line":283,"column":8},"end":{"line":283,"column":48}},"type":"binary-expr","locations":[{"start":{"line":283,"column":8},"end":{"line":283,"column":25}},{"start":{"line":283,"column":29},"end":{"line":283,"column":48}}]},"44":{"loc":{"start":{"line":287,"column":4},"end":{"line":289,"column":5}},"type":"if","locations":[{"start":{"line":287,"column":4},"end":{"line":289,"column":5}}]},"45":{"loc":{"start":{"line":287,"column":8},"end":{"line":287,"column":48}},"type":"binary-expr","locations":[{"start":{"line":287,"column":8},"end":{"line":287,"column":25}},{"start":{"line":287,"column":29},"end":{"line":287,"column":48}}]},"46":{"loc":{"start":{"line":291,"column":4},"end":{"line":293,"column":5}},"type":"if","locations":[{"start":{"line":291,"column":4},"end":{"line":293,"column":5}}]},"47":{"loc":{"start":{"line":291,"column":8},"end":{"line":291,"column":48}},"type":"binary-expr","locations":[{"start":{"line":291,"column":8},"end":{"line":291,"column":25}},{"start":{"line":291,"column":29},"end":{"line":291,"column":48}}]},"48":{"loc":{"start":{"line":295,"column":4},"end":{"line":297,"column":5}},"type":"if","locations":[{"start":{"line":295,"column":4},"end":{"line":297,"column":5}}]},"49":{"loc":{"start":{"line":295,"column":8},"end":{"line":295,"column":48}},"type":"binary-expr","locations":[{"start":{"line":295,"column":8},"end":{"line":295,"column":25}},{"start":{"line":295,"column":29},"end":{"line":295,"column":48}}]},"50":{"loc":{"start":{"line":309,"column":4},"end":{"line":309,"column":31}},"type":"if","locations":[{"start":{"line":309,"column":4},"end":{"line":309,"column":31}}]},"51":{"loc":{"start":{"line":313,"column":4},"end":{"line":317,"column":5}},"type":"if","locations":[{"start":{"line":313,"column":4},"end":{"line":317,"column":5}}]},"52":{"loc":{"start":{"line":313,"column":8},"end":{"line":313,"column":61}},"type":"binary-expr","locations":[{"start":{"line":313,"column":8},"end":{"line":313,"column":27}},{"start":{"line":313,"column":31},"end":{"line":313,"column":48}},{"start":{"line":313,"column":52},"end":{"line":313,"column":61}}]},"53":{"loc":{"start":{"line":314,"column":25},"end":{"line":314,"column":77}},"type":"cond-expr","locations":[{"start":{"line":314,"column":38},"end":{"line":314,"column":48}},{"start":{"line":314,"column":51},"end":{"line":314,"column":77}}]},"54":{"loc":{"start":{"line":315,"column":21},"end":{"line":315,"column":87}},"type":"cond-expr","locations":[{"start":{"line":315,"column":34},"end":{"line":315,"column":61}},{"start":{"line":315,"column":64},"end":{"line":315,"column":87}}]},"55":{"loc":{"start":{"line":319,"column":4},"end":{"line":323,"column":5}},"type":"if","locations":[{"start":{"line":319,"column":4},"end":{"line":323,"column":5}}]},"56":{"loc":{"start":{"line":319,"column":8},"end":{"line":319,"column":62}},"type":"binary-expr","locations":[{"start":{"line":319,"column":8},"end":{"line":319,"column":27}},{"start":{"line":319,"column":31},"end":{"line":319,"column":49}},{"start":{"line":319,"column":53},"end":{"line":319,"column":62}}]},"57":{"loc":{"start":{"line":320,"column":25},"end":{"line":320,"column":78}},"type":"cond-expr","locations":[{"start":{"line":320,"column":38},"end":{"line":320,"column":49}},{"start":{"line":320,"column":52},"end":{"line":320,"column":78}}]},"58":{"loc":{"start":{"line":321,"column":21},"end":{"line":321,"column":87}},"type":"cond-expr","locations":[{"start":{"line":321,"column":34},"end":{"line":321,"column":61}},{"start":{"line":321,"column":64},"end":{"line":321,"column":87}}]},"59":{"loc":{"start":{"line":325,"column":4},"end":{"line":329,"column":5}},"type":"if","locations":[{"start":{"line":325,"column":4},"end":{"line":329,"column":5}}]},"60":{"loc":{"start":{"line":325,"column":8},"end":{"line":325,"column":62}},"type":"binary-expr","locations":[{"start":{"line":325,"column":8},"end":{"line":325,"column":27}},{"start":{"line":325,"column":31},"end":{"line":325,"column":49}},{"start":{"line":325,"column":53},"end":{"line":325,"column":62}}]},"61":{"loc":{"start":{"line":326,"column":25},"end":{"line":326,"column":78}},"type":"cond-expr","locations":[{"start":{"line":326,"column":38},"end":{"line":326,"column":49}},{"start":{"line":326,"column":52},"end":{"line":326,"column":78}}]},"62":{"loc":{"start":{"line":327,"column":21},"end":{"line":327,"column":87}},"type":"cond-expr","locations":[{"start":{"line":327,"column":34},"end":{"line":327,"column":61}},{"start":{"line":327,"column":64},"end":{"line":327,"column":87}}]},"63":{"loc":{"start":{"line":331,"column":4},"end":{"line":337,"column":5}},"type":"if","locations":[{"start":{"line":331,"column":4},"end":{"line":337,"column":5}}]},"64":{"loc":{"start":{"line":331,"column":8},"end":{"line":331,"column":49}},"type":"binary-expr","locations":[{"start":{"line":331,"column":8},"end":{"line":331,"column":27}},{"start":{"line":331,"column":31},"end":{"line":331,"column":49}}]},"65":{"loc":{"start":{"line":339,"column":4},"end":{"line":341,"column":5}},"type":"if","locations":[{"start":{"line":339,"column":4},"end":{"line":341,"column":5}}]},"66":{"loc":{"start":{"line":339,"column":8},"end":{"line":339,"column":47}},"type":"binary-expr","locations":[{"start":{"line":339,"column":8},"end":{"line":339,"column":26}},{"start":{"line":339,"column":30},"end":{"line":339,"column":47}}]},"67":{"loc":{"start":{"line":343,"column":4},"end":{"line":345,"column":5}},"type":"if","locations":[{"start":{"line":343,"column":4},"end":{"line":345,"column":5}}]},"68":{"loc":{"start":{"line":343,"column":8},"end":{"line":343,"column":45}},"type":"binary-expr","locations":[{"start":{"line":343,"column":8},"end":{"line":343,"column":24}},{"start":{"line":343,"column":28},"end":{"line":343,"column":45}}]},"69":{"loc":{"start":{"line":347,"column":4},"end":{"line":349,"column":5}},"type":"if","locations":[{"start":{"line":347,"column":4},"end":{"line":349,"column":5}}]},"70":{"loc":{"start":{"line":347,"column":8},"end":{"line":347,"column":46}},"type":"binary-expr","locations":[{"start":{"line":347,"column":8},"end":{"line":347,"column":25}},{"start":{"line":347,"column":29},"end":{"line":347,"column":46}}]},"71":{"loc":{"start":{"line":361,"column":4},"end":{"line":361,"column":36}},"type":"if","locations":[{"start":{"line":361,"column":4},"end":{"line":361,"column":36}}]},"72":{"loc":{"start":{"line":365,"column":4},"end":{"line":367,"column":5}},"type":"if","locations":[{"start":{"line":365,"column":4},"end":{"line":367,"column":5}}]},"73":{"loc":{"start":{"line":365,"column":8},"end":{"line":365,"column":50}},"type":"binary-expr","locations":[{"start":{"line":365,"column":8},"end":{"line":365,"column":28}},{"start":{"line":365,"column":32},"end":{"line":365,"column":50}}]},"74":{"loc":{"start":{"line":369,"column":4},"end":{"line":377,"column":5}},"type":"if","locations":[{"start":{"line":369,"column":4},"end":{"line":377,"column":5}}]},"75":{"loc":{"start":{"line":369,"column":8},"end":{"line":369,"column":50}},"type":"binary-expr","locations":[{"start":{"line":369,"column":8},"end":{"line":369,"column":27}},{"start":{"line":369,"column":31},"end":{"line":369,"column":50}}]},"76":{"loc":{"start":{"line":371,"column":6},"end":{"line":375,"column":7}},"type":"if","locations":[{"start":{"line":371,"column":6},"end":{"line":375,"column":7}},{"start":{"line":373,"column":13},"end":{"line":375,"column":7}}]},"77":{"loc":{"start":{"line":371,"column":10},"end":{"line":371,"column":88}},"type":"binary-expr","locations":[{"start":{"line":371,"column":10},"end":{"line":371,"column":48}},{"start":{"line":371,"column":52},"end":{"line":371,"column":88}}]},"78":{"loc":{"start":{"line":373,"column":13},"end":{"line":375,"column":7}},"type":"if","locations":[{"start":{"line":373,"column":13},"end":{"line":375,"column":7}}]},"79":{"loc":{"start":{"line":373,"column":17},"end":{"line":373,"column":84}},"type":"binary-expr","locations":[{"start":{"line":373,"column":17},"end":{"line":373,"column":49}},{"start":{"line":373,"column":53},"end":{"line":373,"column":84}}]},"80":{"loc":{"start":{"line":379,"column":4},"end":{"line":381,"column":5}},"type":"if","locations":[{"start":{"line":379,"column":4},"end":{"line":381,"column":5}}]},"81":{"loc":{"start":{"line":379,"column":8},"end":{"line":379,"column":47}},"type":"binary-expr","locations":[{"start":{"line":379,"column":8},"end":{"line":379,"column":26}},{"start":{"line":379,"column":30},"end":{"line":379,"column":47}}]},"82":{"loc":{"start":{"line":383,"column":4},"end":{"line":385,"column":5}},"type":"if","locations":[{"start":{"line":383,"column":4},"end":{"line":385,"column":5}}]},"83":{"loc":{"start":{"line":383,"column":8},"end":{"line":383,"column":46}},"type":"binary-expr","locations":[{"start":{"line":383,"column":8},"end":{"line":383,"column":25}},{"start":{"line":383,"column":29},"end":{"line":383,"column":46}}]}},"s":{"0":1,"1":7,"2":4,"3":4,"4":4,"5":4,"6":5,"7":36,"8":36,"9":36,"10":36,"11":36,"12":36,"13":36,"14":36,"15":36,"16":36,"17":36,"18":7,"19":1,"20":6,"21":0,"22":6,"23":1,"24":5,"25":1,"26":80,"27":0,"28":80,"29":8,"30":36,"31":36,"32":25,"33":11,"34":5,"35":6,"36":6,"37":0,"38":36,"39":26,"40":10,"41":10,"42":6,"43":4,"44":4,"45":0,"46":36,"47":28,"48":8,"49":8,"50":4,"51":4,"52":2,"53":2,"54":2,"55":0,"56":36,"57":34,"58":2,"59":2,"60":2,"61":2,"62":1,"63":2,"64":0,"65":0,"66":0,"67":36,"68":0,"69":36,"70":6,"71":30,"72":27,"73":3,"74":3,"75":1,"76":2,"77":0,"78":2,"79":2,"80":0,"81":0,"82":0,"83":36,"84":32,"85":4,"86":4,"87":2,"88":2,"89":2,"90":2,"91":0,"92":0,"93":0,"94":2,"95":2,"96":2,"97":2,"98":0,"99":0,"100":0,"101":0,"102":0,"103":0,"104":0,"105":0,"106":0,"107":36,"108":34,"109":2,"110":2,"111":2,"112":0,"113":0,"114":0,"115":0,"116":0,"117":0,"118":0,"119":0,"120":0,"121":0,"122":0,"123":0,"124":1,"125":1,"126":1,"127":2,"128":2,"129":2,"130":2,"131":1,"132":1,"133":1},"f":{"0":7,"1":4,"2":5,"3":36,"4":7,"5":80,"6":8,"7":36,"8":36,"9":36,"10":36,"11":36,"12":36,"13":36,"14":1},"b":{"0":[4,0],"1":[4,0],"2":[36,0],"3":[36,0],"4":[1],"5":[7,6,6],"6":[0],"7":[6,6],"8":[1],"9":[6,5],"10":[1],"11":[5,5],"12":[0],"13":[36,0,0],"14":[25],"15":[36,13,12],"16":[5],"17":[11,8,7],"18":[6],"19":[6,2,1],"20":[26],"21":[6],"22":[10,6,5],"23":[4],"24":[4,2,1],"25":[28],"26":[4],"27":[8,5,4],"28":[2],"29":[4,3,2],"30":[2],"31":[2,1,0],"32":[34],"33":[2],"34":[2,0],"35":[1],"36":[0],"37":[0,0],"38":[0],"39":[36,36],"40":[6],"41":[27],"42":[1],"43":[3,2],"44":[0],"45":[2,2],"46":[2],"47":[2,0],"48":[0],"49":[0,0],"50":[32],"51":[2],"52":[4,2,2],"53":[1,1],"54":[1,1],"55":[0],"56":[2,2,2],"57":[0,0],"58":[0,0],"59":[2],"60":[2,0,0],"61":[0,2],"62":[0,2],"63":[0],"64":[0,0],"65":[0],"66":[0,0],"67":[0],"68":[0,0],"69":[0],"70":[0,0],"71":[34],"72":[2],"73":[2,0],"74":[0],"75":[0,0],"76":[0,0],"77":[0,0],"78":[0],"79":[0,0],"80":[0],"81":[0,0],"82":[0],"83":[0,0]}}
,"/home/dev/Development/arQ/backend/src/scripts/types/corpus-morphology.types.ts": {"path":"/home/dev/Development/arQ/backend/src/scripts/types/corpus-morphology.types.ts","statementMap":{"0":{"start":{"line":89,"column":13},"end":{"line":128,"column":2}}},"fnMap":{},"branchMap":{},"s":{"0":0},"f":{},"b":{}}
,"/home/dev/Development/arQ/backend/src/scripts/types/quran-corpus.types.ts": {"path":"/home/dev/Development/arQ/backend/src/scripts/types/quran-corpus.types.ts","statementMap":{"0":{"start":{"line":139,"column":13},"end":{"line":145,"column":2}},"1":{"start":{"line":150,"column":13},"end":{"line":190,"column":2}},"2":{"start":{"line":195,"column":13},"end":{"line":203,"column":2}},"3":{"start":{"line":210,"column":4},"end":{"line":210,"column":19}},"4":{"start":{"line":211,"column":4},"end":{"line":211,"column":33}},"5":{"start":{"line":208,"column":0},"end":{"line":208,"column":13}},"6":{"start":{"line":217,"column":4},"end":{"line":217,"column":94}},"7":{"start":{"line":218,"column":4},"end":{"line":218,"column":41}},"8":{"start":{"line":215,"column":0},"end":{"line":215,"column":13}},"9":{"start":{"line":224,"column":4},"end":{"line":224,"column":74}},"10":{"start":{"line":223,"column":38},"end":{"line":223,"column":51}},"11":{"start":{"line":223,"column":60},"end":{"line":223,"column":70}},"12":{"start":{"line":225,"column":4},"end":{"line":225,"column":43}},"13":{"start":{"line":222,"column":0},"end":{"line":222,"column":13}}},"fnMap":{"0":{"name":"(anonymous_0)","decl":{"start":{"line":209,"column":2},"end":{"line":209,"column":14}},"loc":{"start":{"line":209,"column":29},"end":{"line":212,"column":3}}},"1":{"name":"(anonymous_1)","decl":{"start":{"line":216,"column":2},"end":{"line":216,"column":14}},"loc":{"start":{"line":216,"column":77},"end":{"line":219,"column":3}}},"2":{"name":"(anonymous_2)","decl":{"start":{"line":223,"column":2},"end":{"line":223,"column":14}},"loc":{"start":{"line":223,"column":70},"end":{"line":226,"column":3}}}},"branchMap":{},"s":{"0":1,"1":1,"2":1,"3":3,"4":3,"5":1,"6":0,"7":0,"8":1,"9":3,"10":3,"11":3,"12":3,"13":1},"f":{"0":3,"1":0,"2":3},"b":{}}
,"/home/dev/Development/arQ/backend/src/scripts/utils/rate-limiter.ts": {"path":"/home/dev/Development/arQ/backend/src/scripts/utils/rate-limiter.ts","statementMap":{"0":{"start":{"line":13,"column":10},"end":{"line":13,"column":38}},"1":{"start":{"line":23,"column":4},"end":{"line":23,"column":53}},"2":{"start":{"line":24,"column":4},"end":{"line":24,"column":53}},"3":{"start":{"line":25,"column":4},"end":{"line":25,"column":41}},"4":{"start":{"line":33,"column":16},"end":{"line":33,"column":26}},"5":{"start":{"line":36,"column":4},"end":{"line":38,"column":6}},"6":{"start":{"line":37,"column":16},"end":{"line":37,"column":34}},"7":{"start":{"line":41,"column":4},"end":{"line":48,"column":5}},"8":{"start":{"line":42,"column":28},"end":{"line":42,"column":48}},"9":{"start":{"line":43,"column":23},"end":{"line":43,"column":74}},"10":{"start":{"line":44,"column":6},"end":{"line":46,"column":8}},"11":{"start":{"line":47,"column":6},"end":{"line":47,"column":33}},"12":{"start":{"line":51,"column":27},"end":{"line":52,"column":null}},"13":{"start":{"line":54,"column":4},"end":{"line":60,"column":5}},"14":{"start":{"line":55,"column":27},"end":{"line":55,"column":44}},"15":{"start":{"line":56,"column":23},"end":{"line":56,"column":72}},"16":{"start":{"line":57,"column":6},"end":{"line":59,"column":7}},"17":{"start":{"line":58,"column":8},"end":{"line":58,"column":35}},"18":{"start":{"line":63,"column":4},"end":{"line":63,"column":42}},"19":{"start":{"line":66,"column":4},"end":{"line":66,"column":39}},"20":{"start":{"line":77,"column":16},"end":{"line":77,"column":26}},"21":{"start":{"line":78,"column":31},"end":{"line":80,"column":12}},"22":{"start":{"line":79,"column":16},"end":{"line":79,"column":33}},"23":{"start":{"line":81,"column":31},"end":{"line":83,"column":12}},"24":{"start":{"line":82,"column":16},"end":{"line":82,"column":34}},"25":{"start":{"line":85,"column":4},"end":{"line":89,"column":6}},"26":{"start":{"line":96,"column":4},"end":{"line":96,"column":61}},"27":{"start":{"line":96,"column":36},"end":{"line":96,"column":59}},"28":{"start":{"line":103,"column":4},"end":{"line":103,"column":27}},"29":{"start":{"line":12,"column":0},"end":{"line":12,"column":13}}},"fnMap":{"0":{"name":"(anonymous_0)","decl":{"start":{"line":18,"column":2},"end":{"line":18,"column":null}},"loc":{"start":{"line":21,"column":32},"end":{"line":26,"column":3}}},"1":{"name":"(anonymous_1)","decl":{"start":{"line":32,"column":2},"end":{"line":32,"column":7}},"loc":{"start":{"line":32,"column":16},"end":{"line":67,"column":3}}},"2":{"name":"(anonymous_2)","decl":{"start":{"line":37,"column":6},"end":{"line":37,"column":7}},"loc":{"start":{"line":37,"column":16},"end":{"line":37,"column":34}}},"3":{"name":"(anonymous_3)","decl":{"start":{"line":72,"column":2},"end":{"line":72,"column":10}},"loc":{"start":{"line":72,"column":10},"end":{"line":90,"column":3}}},"4":{"name":"(anonymous_4)","decl":{"start":{"line":79,"column":6},"end":{"line":79,"column":7}},"loc":{"start":{"line":79,"column":16},"end":{"line":79,"column":33}}},"5":{"name":"(anonymous_5)","decl":{"start":{"line":82,"column":6},"end":{"line":82,"column":7}},"loc":{"start":{"line":82,"column":16},"end":{"line":82,"column":34}}},"6":{"name":"(anonymous_6)","decl":{"start":{"line":95,"column":10},"end":{"line":95,"column":15}},"loc":{"start":{"line":95,"column":26},"end":{"line":97,"column":3}}},"7":{"name":"(anonymous_7)","decl":{"start":{"line":96,"column":23},"end":{"line":96,"column":24}},"loc":{"start":{"line":96,"column":36},"end":{"line":96,"column":59}}},"8":{"name":"(anonymous_8)","decl":{"start":{"line":102,"column":2},"end":{"line":102,"column":7}},"loc":{"start":{"line":102,"column":7},"end":{"line":104,"column":3}}}},"branchMap":{"0":{"loc":{"start":{"line":19,"column":4},"end":{"line":19,"column":37}},"type":"default-arg","locations":[{"start":{"line":19,"column":35},"end":{"line":19,"column":37}}]},"1":{"loc":{"start":{"line":20,"column":4},"end":{"line":20,"column":38}},"type":"default-arg","locations":[{"start":{"line":20,"column":35},"end":{"line":20,"column":38}}]},"2":{"loc":{"start":{"line":21,"column":4},"end":{"line":21,"column":32}},"type":"default-arg","locations":[{"start":{"line":21,"column":29},"end":{"line":21,"column":32}}]},"3":{"loc":{"start":{"line":41,"column":4},"end":{"line":48,"column":5}},"type":"if","locations":[{"start":{"line":41,"column":4},"end":{"line":48,"column":5}}]},"4":{"loc":{"start":{"line":54,"column":4},"end":{"line":60,"column":5}},"type":"if","locations":[{"start":{"line":54,"column":4},"end":{"line":60,"column":5}}]},"5":{"loc":{"start":{"line":57,"column":6},"end":{"line":59,"column":7}},"type":"if","locations":[{"start":{"line":57,"column":6},"end":{"line":59,"column":7}}]}},"s":{"0":0,"1":0,"2":0,"3":0,"4":0,"5":0,"6":0,"7":0,"8":0,"9":0,"10":0,"11":0,"12":0,"13":0,"14":0,"15":0,"16":0,"17":0,"18":0,"19":0,"20":0,"21":0,"22":0,"23":0,"24":0,"25":0,"26":0,"27":0,"28":0,"29":0},"f":{"0":0,"1":0,"2":0,"3":0,"4":0,"5":0,"6":0,"7":0,"8":0},"b":{"0":[0],"1":[0],"2":[0],"3":[0],"4":[0],"5":[0]}}
}
