TN:
SF:src/app.module.ts
FN:64,(anonymous_1)
FNF:1
FNH:0
FNDA:0,(anonymous_1)
DA:1,0
DA:2,0
DA:3,0
DA:4,0
DA:5,0
DA:6,0
DA:7,0
DA:8,0
DA:9,0
DA:10,0
DA:11,0
DA:12,0
DA:13,0
DA:14,0
DA:15,0
DA:16,0
DA:17,0
DA:18,0
DA:19,0
DA:20,0
DA:21,0
DA:22,0
DA:63,0
DA:65,0
LF:24
LH:0
BRDA:29,0,0,0
BRDA:29,0,1,0
BRF:2
BRH:0
end_of_record
TN:
SF:src/main.ts
FN:12,validateJwtSecrets
FN:44,(anonymous_1)
FN:53,(anonymous_2)
FN:99,bootstrap
FNF:4
FNH:0
FNDA:0,validateJwtSecrets
FNDA:0,(anonymous_1)
FNDA:0,(anonymous_2)
FNDA:0,bootstrap
DA:1,0
DA:2,0
DA:3,0
DA:4,0
DA:5,0
DA:6,0
DA:13,0
DA:14,0
DA:15,0
DA:16,0
DA:19,0
DA:30,0
DA:31,0
DA:32,0
DA:33,0
DA:37,0
DA:38,0
DA:39,0
DA:40,0
DA:44,0
DA:45,0
DA:46,0
DA:49,0
DA:53,0
DA:54,0
DA:55,0
DA:58,0
DA:62,0
DA:63,0
DA:64,0
DA:67,0
DA:70,0
DA:74,0
DA:75,0
DA:78,0
DA:81,0
DA:85,0
DA:86,0
DA:87,0
DA:88,0
DA:92,0
DA:93,0
DA:95,0
DA:101,0
DA:103,0
DA:106,0
DA:109,0
DA:167,0
DA:181,0
DA:190,0
DA:193,0
DA:200,0
DA:201,0
DA:203,0
DA:204,0
DA:206,0
DA:207,0
DA:210,0
LF:58
LH:0
BRDA:15,0,0,0
BRDA:15,0,1,0
BRDA:30,1,0,0
BRDA:37,2,0,0
BRDA:44,3,0,0
BRDA:53,4,0,0
BRDA:62,5,0,0
BRDA:62,5,1,0
BRDA:63,6,0,0
BRDA:65,7,0,0
BRDA:65,7,1,0
BRDA:74,8,0,0
BRDA:76,9,0,0
BRDA:76,9,1,0
BRDA:85,10,0,0
BRDA:92,11,0,0
BRDA:92,11,1,0
BRDA:169,12,0,0
BRDA:169,12,1,0
BRDA:203,13,0,0
BRDA:203,13,1,0
BRF:21
BRH:0
end_of_record
TN:
SF:src/common/cache/cache.module.ts
FNF:0
FNH:0
DA:1,0
DA:2,0
DA:9,0
LF:3
LH:0
BRF:0
BRH:0
end_of_record
TN:
SF:src/common/cache/cache.service.ts
FN:9,(anonymous_2)
FN:11,(anonymous_3)
FN:19,(anonymous_4)
FN:23,(anonymous_5)
FN:27,(anonymous_6)
FN:38,(anonymous_7)
FN:51,(anonymous_8)
FN:60,(anonymous_9)
FN:64,(anonymous_10)
FN:74,(anonymous_11)
FNF:10
FNH:0
FNDA:0,(anonymous_2)
FNDA:0,(anonymous_3)
FNDA:0,(anonymous_4)
FNDA:0,(anonymous_5)
FNDA:0,(anonymous_6)
FNDA:0,(anonymous_7)
FNDA:0,(anonymous_8)
FNDA:0,(anonymous_9)
FNDA:0,(anonymous_10)
FNDA:0,(anonymous_11)
DA:1,0
DA:2,0
DA:3,0
DA:6,0
DA:9,0
DA:12,0
DA:20,0
DA:24,0
DA:28,0
DA:29,0
DA:31,0
DA:39,0
DA:40,0
DA:41,0
DA:42,0
DA:44,0
DA:52,0
DA:53,0
DA:54,0
DA:56,0
DA:61,0
DA:65,0
DA:66,0
DA:67,0
DA:75,0
DA:76,0
LF:26
LH:0
BRDA:28,0,0,0
BRDA:28,0,1,0
BRDA:40,1,0,0
BRDA:53,2,0,0
BRDA:53,2,1,0
BRDA:66,3,0,0
BRF:6
BRH:0
end_of_record
TN:
SF:src/common/filters/http-exception.filter.ts
FN:6,(anonymous_1)
FNF:1
FNH:0
FNDA:0,(anonymous_1)
DA:1,0
DA:5,0
DA:7,0
DA:8,0
DA:9,0
DA:12,0
DA:15,0
DA:17,0
LF:8
LH:0
BRDA:12,0,0,0
BRDA:12,0,1,0
BRDA:15,1,0,0
BRDA:15,1,1,0
BRDA:23,2,0,0
BRDA:23,2,1,0
BRF:6
BRH:0
end_of_record
TN:
SF:src/common/interceptors/audit-log.interceptor.ts
FN:8,(anonymous_2)
FN:10,(anonymous_3)
FN:21,(anonymous_4)
FN:58,(anonymous_5)
FN:85,(anonymous_6)
FN:96,(anonymous_7)
FN:102,(anonymous_8)
FN:137,(anonymous_9)
FNF:8
FNH:0
FNDA:0,(anonymous_2)
FNDA:0,(anonymous_3)
FNDA:0,(anonymous_4)
FNDA:0,(anonymous_5)
FNDA:0,(anonymous_6)
FNDA:0,(anonymous_7)
FNDA:0,(anonymous_8)
FNDA:0,(anonymous_9)
DA:1,0
DA:3,0
DA:4,0
DA:7,0
DA:8,0
DA:11,0
DA:12,0
DA:14,0
DA:15,0
DA:16,0
DA:18,0
DA:20,0
DA:22,0
DA:23,0
DA:26,0
DA:27,0
DA:42,0
DA:43,0
DA:59,0
DA:62,0
DA:77,0
DA:86,0
DA:96,0
DA:103,0
DA:104,0
DA:107,0
DA:108,0
DA:111,0
DA:112,0
DA:115,0
DA:116,0
DA:119,0
DA:120,0
DA:123,0
DA:124,0
DA:127,0
DA:128,0
DA:131,0
DA:138,0
DA:139,0
DA:140,0
DA:141,0
DA:144,0
DA:145,0
DA:146,0
DA:149,0
LF:46
LH:0
BRDA:15,0,0,0
BRDA:15,0,1,0
BRDA:16,1,0,0
BRDA:16,1,1,0
BRDA:26,2,0,0
BRDA:42,3,0,0
BRDA:45,4,0,0
BRDA:45,4,1,0
BRDA:45,5,0,0
BRDA:45,5,1,0
BRDA:69,6,0,0
BRDA:69,6,1,0
BRDA:73,7,0,0
BRDA:73,7,1,0
BRDA:103,8,0,0
BRDA:104,9,0,0
BRDA:104,9,1,0
BRDA:107,10,0,0
BRDA:111,11,0,0
BRDA:115,12,0,0
BRDA:119,13,0,0
BRDA:123,14,0,0
BRDA:127,15,0,0
BRDA:139,16,0,0
BRDA:140,17,0,0
BRDA:140,17,1,0
BRDA:145,18,0,0
BRDA:146,19,0,0
BRDA:146,19,1,0
BRDA:149,20,0,0
BRDA:149,20,1,0
BRDA:149,20,2,0
BRF:32
BRH:0
end_of_record
TN:
SF:src/common/interceptors/transform.interceptor.ts
FN:7,(anonymous_1)
FN:9,(anonymous_2)
FNF:2
FNH:0
FNDA:0,(anonymous_1)
FNDA:0,(anonymous_2)
DA:1,0
DA:3,0
DA:6,0
DA:8,0
DA:10,0
DA:11,0
DA:13,0
LF:7
LH:0
BRDA:10,0,0,0
BRDA:10,1,0,0
BRDA:10,1,1,0
BRDA:10,1,2,0
BRF:4
BRH:0
end_of_record
TN:
SF:src/common/logger/logger.module.ts
FNF:0
FNH:0
DA:1,0
DA:2,0
DA:9,0
LF:3
LH:0
BRF:0
BRH:0
end_of_record
TN:
SF:src/common/logger/logger.service.ts
FN:9,(anonymous_2)
FN:22,(anonymous_3)
FN:65,(anonymous_4)
FN:69,(anonymous_5)
FN:73,(anonymous_6)
FN:77,(anonymous_7)
FN:81,(anonymous_8)
FN:86,(anonymous_9)
FN:90,(anonymous_10)
FN:95,(anonymous_11)
FNF:10
FNH:0
FNDA:0,(anonymous_2)
FNDA:0,(anonymous_3)
FNDA:0,(anonymous_4)
FNDA:0,(anonymous_5)
FNDA:0,(anonymous_6)
FNDA:0,(anonymous_7)
FNDA:0,(anonymous_8)
FNDA:0,(anonymous_9)
FNDA:0,(anonymous_10)
FNDA:0,(anonymous_11)
DA:1,0
DA:2,0
DA:3,0
DA:6,0
DA:9,0
DA:10,0
DA:11,0
DA:14,0
DA:23,0
DA:24,0
DA:25,0
DA:26,0
DA:32,0
DA:40,0
DA:41,0
DA:57,0
DA:66,0
DA:70,0
DA:74,0
DA:78,0
DA:82,0
DA:87,0
DA:91,0
DA:96,0
LF:24
LH:0
BRDA:18,0,0,0
BRDA:18,0,1,0
BRDA:23,1,0,0
BRDA:23,1,1,0
BRDA:24,2,0,0
BRDA:24,2,1,0
BRDA:25,3,0,0
BRDA:25,3,1,0
BRDA:35,4,0,0
BRDA:35,4,1,0
BRDA:40,5,0,0
BRDA:58,6,0,0
BRDA:58,6,1,0
BRF:13
BRH:0
end_of_record
TN:
SF:src/common/middleware/audit-log.module.ts
FNF:0
FNH:0
DA:1,0
DA:2,0
DA:3,0
DA:4,0
DA:17,0
LF:5
LH:0
BRF:0
BRH:0
end_of_record
TN:
SF:src/common/middleware/audit-log.service.ts
FN:4,(anonymous_2)
FN:55,(anonymous_3)
FN:61,(anonymous_4)
FN:99,(anonymous_5)
FN:111,(anonymous_6)
FN:128,(anonymous_7)
FN:139,(anonymous_8)
FN:150,(anonymous_9)
FN:166,(anonymous_10)
FN:185,(anonymous_11)
FN:199,(anonymous_12)
FN:215,(anonymous_13)
FN:235,(anonymous_14)
FN:256,(anonymous_15)
FN:294,(anonymous_16)
FN:303,(anonymous_17)
FN:318,(anonymous_18)
FN:319,(anonymous_19)
FN:320,(anonymous_20)
FN:322,(anonymous_21)
FN:327,(anonymous_22)
FNF:21
FNH:0
FNDA:0,(anonymous_2)
FNDA:0,(anonymous_3)
FNDA:0,(anonymous_4)
FNDA:0,(anonymous_5)
FNDA:0,(anonymous_6)
FNDA:0,(anonymous_7)
FNDA:0,(anonymous_8)
FNDA:0,(anonymous_9)
FNDA:0,(anonymous_10)
FNDA:0,(anonymous_11)
FNDA:0,(anonymous_12)
FNDA:0,(anonymous_13)
FNDA:0,(anonymous_14)
FNDA:0,(anonymous_15)
FNDA:0,(anonymous_16)
FNDA:0,(anonymous_17)
FNDA:0,(anonymous_18)
FNDA:0,(anonymous_19)
FNDA:0,(anonymous_20)
FNDA:0,(anonymous_21)
FNDA:0,(anonymous_22)
DA:1,0
DA:2,0
DA:4,0
DA:6,0
DA:7,0
DA:8,0
DA:9,0
DA:12,0
DA:13,0
DA:16,0
DA:17,0
DA:18,0
DA:21,0
DA:22,0
DA:25,0
DA:26,0
DA:29,0
DA:30,0
DA:33,0
DA:34,0
DA:37,0
DA:38,0
DA:54,0
DA:55,0
DA:62,0
DA:64,0
DA:65,0
DA:85,0
DA:92,0
DA:100,0
DA:117,0
DA:129,0
DA:140,0
DA:151,0
DA:171,0
DA:186,0
DA:200,0
DA:222,0
DA:240,0
DA:266,0
DA:268,0
DA:269,0
DA:272,0
DA:273,0
DA:276,0
DA:277,0
DA:278,0
DA:279,0
DA:281,0
DA:282,0
DA:286,0
DA:293,0
DA:294,0
DA:297,0
DA:311,0
DA:316,0
DA:318,0
DA:319,0
DA:320,0
DA:323,0
DA:327,0
DA:330,0
LF:62
LH:0
BRDA:4,0,0,0
BRDA:4,0,1,0
BRDA:64,1,0,0
BRDA:64,1,1,0
BRDA:264,2,0,0
BRDA:268,3,0,0
BRDA:272,4,0,0
BRDA:276,5,0,0
BRDA:276,6,0,0
BRDA:276,6,1,0
BRDA:278,7,0,0
BRDA:281,8,0,0
BRDA:293,9,0,0
BRDA:323,10,0,0
BRDA:323,10,1,0
BRDA:323,10,2,0
BRF:16
BRH:0
end_of_record
TN:
SF:src/common/middleware/http-logger.middleware.ts
FN:7,(anonymous_2)
FN:9,(anonymous_3)
FN:23,(anonymous_4)
FNF:3
FNH:0
FNDA:0,(anonymous_2)
FNDA:0,(anonymous_3)
FNDA:0,(anonymous_4)
DA:1,0
DA:3,0
DA:6,0
DA:7,0
DA:10,0
DA:11,0
DA:12,0
DA:15,0
DA:23,0
DA:24,0
DA:25,0
DA:27,0
DA:29,0
DA:39,0
LF:14
LH:0
BRDA:11,0,0,0
BRDA:11,0,1,0
BRDA:27,1,0,0
BRDA:27,1,1,0
BRDA:27,2,0,0
BRDA:27,2,1,0
BRF:6
BRH:0
end_of_record
TN:
SF:src/common/middleware/security-headers.middleware.ts
FN:6,(anonymous_1)
FNF:1
FNH:0
FNDA:0,(anonymous_1)
DA:1,0
DA:5,0
DA:9,0
DA:25,0
DA:29,0
DA:33,0
DA:37,0
DA:41,0
DA:45,0
DA:49,0
DA:61,0
DA:65,0
DA:69,0
DA:73,0
DA:77,0
DA:81,0
DA:85,0
DA:87,0
LF:18
LH:0
BRF:0
BRH:0
end_of_record
TN:
SF:src/health/health.controller.ts
FN:8,(anonymous_2)
FN:23,(anonymous_3)
FN:58,(anonymous_4)
FNF:3
FNH:0
FNDA:0,(anonymous_2)
FNDA:0,(anonymous_3)
FNDA:0,(anonymous_4)
DA:1,0
DA:2,0
DA:3,0
DA:7,0
DA:8,0
DA:23,0
DA:24,0
DA:58,0
DA:59,0
LF:9
LH:0
BRF:0
BRH:0
end_of_record
TN:
SF:src/health/health.module.ts
FNF:0
FNH:0
DA:1,0
DA:2,0
DA:3,0
DA:4,0
DA:5,0
DA:6,0
DA:13,0
LF:7
LH:0
BRF:0
BRH:0
end_of_record
TN:
SF:src/health/health.service.ts
FN:7,(anonymous_2)
FN:16,(anonymous_3)
FN:28,(anonymous_4)
FNF:3
FNH:0
FNDA:0,(anonymous_2)
FNDA:0,(anonymous_3)
FNDA:0,(anonymous_4)
DA:1,0
DA:2,0
DA:3,0
DA:6,0
DA:8,0
DA:9,0
DA:17,0
DA:29,0
DA:30,0
DA:31,0
DA:34,0
DA:35,0
DA:36,0
DA:38,0
DA:39,0
DA:40,0
DA:44,0
DA:45,0
DA:46,0
DA:48,0
DA:49,0
DA:50,0
DA:53,0
DA:60,0
DA:61,0
DA:67,0
LF:26
LH:0
BRDA:54,0,0,0
BRDA:54,0,1,0
BRDA:57,1,0,0
BRDA:57,1,1,0
BRDA:60,2,0,0
BRF:5
BRH:0
end_of_record
TN:
SF:src/modules/achievements/achievements.controller.ts
FN:10,(anonymous_4)
FN:15,(anonymous_5)
FN:22,(anonymous_6)
FN:29,(anonymous_7)
FN:37,(anonymous_8)
FN:45,(anonymous_9)
FN:54,(anonymous_10)
FN:63,(anonymous_11)
FNF:8
FNH:0
FNDA:0,(anonymous_4)
FNDA:0,(anonymous_5)
FNDA:0,(anonymous_6)
FNDA:0,(anonymous_7)
FNDA:0,(anonymous_8)
FNDA:0,(anonymous_9)
FNDA:0,(anonymous_10)
FNDA:0,(anonymous_11)
DA:1,0
DA:2,0
DA:3,0
DA:4,0
DA:5,0
DA:9,0
DA:10,0
DA:15,0
DA:16,0
DA:22,0
DA:23,0
DA:29,0
DA:30,0
DA:37,0
DA:38,0
DA:45,0
DA:46,0
DA:54,0
DA:55,0
DA:63,0
DA:64,0
LF:21
LH:0
BRF:0
BRH:0
end_of_record
TN:
SF:src/modules/achievements/achievements.module.ts
FNF:0
FNH:0
DA:1,0
DA:2,0
DA:3,0
DA:4,0
DA:12,0
LF:5
LH:0
BRF:0
BRH:0
end_of_record
TN:
SF:src/modules/achievements/achievements.service.ts
FN:6,(anonymous_2)
FN:8,(anonymous_3)
FN:16,(anonymous_4)
FN:28,(anonymous_5)
FN:48,(anonymous_6)
FN:51,(anonymous_7)
FN:53,(anonymous_8)
FN:88,(anonymous_9)
FN:104,(anonymous_10)
FN:107,(anonymous_11)
FN:145,(anonymous_12)
FN:201,(anonymous_13)
FN:230,(anonymous_14)
FN:243,(anonymous_15)
FN:250,(anonymous_16)
FN:253,(anonymous_17)
FN:306,(anonymous_18)
FN:326,(anonymous_19)
FN:328,(anonymous_20)
FN:338,(anonymous_21)
FN:343,(anonymous_22)
FNF:21
FNH:0
FNDA:0,(anonymous_2)
FNDA:0,(anonymous_3)
FNDA:0,(anonymous_4)
FNDA:0,(anonymous_5)
FNDA:0,(anonymous_6)
FNDA:0,(anonymous_7)
FNDA:0,(anonymous_8)
FNDA:0,(anonymous_9)
FNDA:0,(anonymous_10)
FNDA:0,(anonymous_11)
FNDA:0,(anonymous_12)
FNDA:0,(anonymous_13)
FNDA:0,(anonymous_14)
FNDA:0,(anonymous_15)
FNDA:0,(anonymous_16)
FNDA:0,(anonymous_17)
FNDA:0,(anonymous_18)
FNDA:0,(anonymous_19)
FNDA:0,(anonymous_20)
FNDA:0,(anonymous_21)
FNDA:0,(anonymous_22)
DA:1,0
DA:2,0
DA:5,0
DA:6,0
DA:9,0
DA:13,0
DA:17,0
DA:21,0
DA:22,0
DA:25,0
DA:30,0
DA:35,0
DA:44,0
DA:48,0
DA:51,0
DA:52,0
DA:53,0
DA:55,0
DA:57,0
DA:69,0
DA:73,0
DA:75,0
DA:85,0
DA:90,0
DA:94,0
DA:95,0
DA:99,0
DA:104,0
DA:106,0
DA:107,0
DA:110,0
DA:112,0
DA:114,0
DA:118,0
DA:120,0
DA:128,0
DA:135,0
DA:142,0
DA:149,0
DA:150,0
DA:153,0
DA:154,0
DA:156,0
DA:158,0
DA:159,0
DA:160,0
DA:163,0
DA:164,0
DA:165,0
DA:168,0
DA:169,0
DA:170,0
DA:173,0
DA:174,0
DA:175,0
DA:178,0
DA:179,0
DA:180,0
DA:183,0
DA:184,0
DA:185,0
DA:188,0
DA:189,0
DA:190,0
DA:193,0
DA:196,0
DA:198,0
DA:202,0
DA:204,0
DA:207,0
DA:210,0
DA:213,0
DA:216,0
DA:219,0
DA:220,0
DA:223,0
DA:226,0
DA:231,0
DA:236,0
DA:237,0
DA:240,0
DA:244,0
DA:250,0
DA:254,0
DA:255,0
DA:257,0
DA:274,0
DA:289,0
DA:298,0
DA:306,0
DA:308,0
DA:310,0
DA:311,0
DA:312,0
DA:313,0
DA:314,0
DA:315,0
DA:317,0
DA:322,0
DA:323,0
DA:325,0
DA:326,0
DA:327,0
DA:328,0
DA:330,0
DA:333,0
DA:338,0
DA:343,0
LF:108
LH:0
BRDA:21,0,0,0
BRDA:55,1,0,0
BRDA:69,2,0,0
BRDA:69,2,1,0
BRDA:94,3,0,0
BRDA:114,4,0,0
BRDA:114,4,1,0
BRDA:118,5,0,0
BRDA:149,6,0,0
BRDA:156,7,0,0
BRDA:156,7,1,0
BRDA:156,7,2,0
BRDA:156,7,3,0
BRDA:156,7,4,0
BRDA:156,7,5,0
BRDA:156,7,6,0
BRDA:156,7,7,0
BRDA:196,8,0,0
BRDA:196,8,1,0
BRDA:202,9,0,0
BRDA:202,9,1,0
BRDA:202,9,2,0
BRDA:202,9,3,0
BRDA:202,9,4,0
BRDA:202,9,5,0
BRDA:202,9,6,0
BRDA:202,9,7,0
BRDA:236,10,0,0
BRDA:308,11,0,0
BRDA:308,11,1,0
BRDA:310,12,0,0
BRDA:310,12,1,0
BRDA:312,13,0,0
BRDA:312,13,1,0
BRDA:314,14,0,0
BRDA:314,14,1,0
BRF:36
BRH:0
end_of_record
TN:
SF:src/modules/analytics/analytics.controller.ts
FN:14,(anonymous_4)
FN:19,(anonymous_5)
FN:29,(anonymous_6)
FN:39,(anonymous_7)
FN:48,(anonymous_8)
FNF:5
FNH:0
FNDA:0,(anonymous_4)
FNDA:0,(anonymous_5)
FNDA:0,(anonymous_6)
FNDA:0,(anonymous_7)
FNDA:0,(anonymous_8)
DA:1,0
DA:2,0
DA:3,0
DA:4,0
DA:5,0
DA:6,0
DA:7,0
DA:13,0
DA:14,0
DA:19,0
DA:23,0
DA:29,0
DA:33,0
DA:39,0
DA:40,0
DA:48,0
DA:49,0
LF:17
LH:0
BRDA:33,0,0,0
BRDA:33,0,1,0
BRDA:40,1,0,0
BRDA:40,1,1,0
BRF:4
BRH:0
end_of_record
TN:
SF:src/modules/analytics/analytics.module.ts
FNF:0
FNH:0
DA:1,0
DA:2,0
DA:3,0
DA:4,0
DA:12,0
LF:5
LH:0
BRF:0
BRH:0
end_of_record
TN:
SF:src/modules/analytics/analytics.service.ts
FN:6,(anonymous_2)
FN:8,(anonymous_3)
FN:20,(anonymous_4)
FN:56,(anonymous_5)
FN:127,(anonymous_6)
FN:137,(anonymous_7)
FN:152,(anonymous_8)
FN:153,(anonymous_9)
FN:165,(anonymous_10)
FN:168,(anonymous_11)
FN:173,(anonymous_12)
FN:179,(anonymous_13)
FN:182,(anonymous_14)
FN:186,(anonymous_15)
FN:192,(anonymous_16)
FN:204,(anonymous_17)
FN:211,(anonymous_18)
FN:217,(anonymous_19)
FN:231,(anonymous_20)
FN:236,(anonymous_21)
FN:242,(anonymous_22)
FN:253,(anonymous_23)
FNF:22
FNH:0
FNDA:0,(anonymous_2)
FNDA:0,(anonymous_3)
FNDA:0,(anonymous_4)
FNDA:0,(anonymous_5)
FNDA:0,(anonymous_6)
FNDA:0,(anonymous_7)
FNDA:0,(anonymous_8)
FNDA:0,(anonymous_9)
FNDA:0,(anonymous_10)
FNDA:0,(anonymous_11)
FNDA:0,(anonymous_12)
FNDA:0,(anonymous_13)
FNDA:0,(anonymous_14)
FNDA:0,(anonymous_15)
FNDA:0,(anonymous_16)
FNDA:0,(anonymous_17)
FNDA:0,(anonymous_18)
FNDA:0,(anonymous_19)
FNDA:0,(anonymous_20)
FNDA:0,(anonymous_21)
FNDA:0,(anonymous_22)
FNDA:0,(anonymous_23)
DA:1,0
DA:2,0
DA:5,0
DA:6,0
DA:9,0
DA:17,0
DA:21,0
DA:22,0
DA:25,0
DA:36,0
DA:39,0
DA:42,0
DA:45,0
DA:47,0
DA:58,0
DA:61,0
DA:62,0
DA:64,0
DA:75,0
DA:80,0
DA:85,0
DA:86,0
DA:89,0
DA:92,0
DA:101,0
DA:116,0
DA:118,0
DA:127,0
DA:138,0
DA:151,0
DA:152,0
DA:153,0
DA:166,0
DA:168,0
DA:169,0
DA:170,0
DA:173,0
DA:180,0
DA:182,0
DA:183,0
DA:186,0
DA:193,0
DA:202,0
DA:204,0
DA:205,0
DA:206,0
DA:207,0
DA:211,0
DA:219,0
DA:229,0
DA:231,0
DA:232,0
DA:233,0
DA:236,0
DA:243,0
DA:253,0
LF:56
LH:0
BRDA:13,0,0,0
BRDA:13,0,1,0
BRDA:20,1,0,0
BRDA:89,2,0,0
BRDA:89,2,1,0
BRDA:137,3,0,0
BRDA:170,4,0,0
BRDA:170,4,1,0
BRDA:183,5,0,0
BRDA:183,5,1,0
BRDA:205,6,0,0
BRDA:207,7,0,0
BRDA:207,7,1,0
BRDA:233,8,0,0
BRDA:233,8,1,0
BRF:15
BRH:0
end_of_record
TN:
SF:src/modules/auth/auth.controller.ts
FN:26,(anonymous_4)
FN:33,(anonymous_5)
FN:52,(anonymous_6)
FN:75,(anonymous_7)
FN:98,(anonymous_8)
FN:123,(anonymous_9)
FN:137,(anonymous_10)
FN:161,(anonymous_11)
FN:182,(anonymous_12)
FN:207,(anonymous_13)
FNF:10
FNH:0
FNDA:0,(anonymous_4)
FNDA:0,(anonymous_5)
FNDA:0,(anonymous_6)
FNDA:0,(anonymous_7)
FNDA:0,(anonymous_8)
FNDA:0,(anonymous_9)
FNDA:0,(anonymous_10)
FNDA:0,(anonymous_11)
FNDA:0,(anonymous_12)
FNDA:0,(anonymous_13)
DA:1,0
DA:14,0
DA:16,0
DA:17,0
DA:18,0
DA:19,0
DA:20,0
DA:21,0
DA:25,0
DA:26,0
DA:33,0
DA:34,0
DA:37,0
DA:39,0
DA:52,0
DA:58,0
DA:59,0
DA:62,0
DA:64,0
DA:77,0
DA:78,0
DA:80,0
DA:81,0
DA:84,0
DA:85,0
DA:86,0
DA:90,0
DA:98,0
DA:100,0
DA:102,0
DA:103,0
DA:106,0
DA:109,0
DA:111,0
DA:123,0
DA:124,0
DA:137,0
DA:139,0
DA:140,0
DA:141,0
DA:145,0
DA:147,0
DA:161,0
DA:167,0
DA:168,0
DA:171,0
DA:173,0
DA:183,0
DA:186,0
DA:195,0
DA:208,0
DA:215,0
LF:52
LH:0
BRDA:78,0,0,0
BRDA:80,1,0,0
BRDA:80,1,1,0
BRDA:85,2,0,0
BRDA:86,3,0,0
BRDA:86,3,1,0
BRDA:90,4,0,0
BRDA:90,4,1,0
BRDA:90,4,2,0
BRDA:102,5,0,0
BRDA:140,6,0,0
BRF:11
BRH:0
end_of_record
TN:
SF:src/modules/auth/auth.module.ts
FN:18,(anonymous_1)
FNF:1
FNH:0
FNDA:0,(anonymous_1)
DA:1,0
DA:2,0
DA:3,0
DA:4,0
DA:5,0
DA:6,0
DA:7,0
DA:8,0
DA:9,0
DA:10,0
DA:11,0
DA:18,0
DA:37,0
LF:13
LH:0
BRF:0
BRH:0
end_of_record
TN:
SF:src/modules/auth/auth.service.ts
FN:16,(anonymous_2)
FN:26,(anonymous_3)
FN:67,(anonymous_4)
FN:143,(anonymous_5)
FN:158,(anonymous_6)
FN:175,(anonymous_7)
FN:181,(anonymous_8)
FN:206,(anonymous_9)
FNF:8
FNH:0
FNDA:0,(anonymous_2)
FNDA:0,(anonymous_3)
FNDA:0,(anonymous_4)
FNDA:0,(anonymous_5)
FNDA:0,(anonymous_6)
FNDA:0,(anonymous_7)
FNDA:0,(anonymous_8)
FNDA:0,(anonymous_9)
DA:1,0
DA:2,0
DA:3,0
DA:4,0
DA:5,0
DA:9,0
DA:10,0
DA:11,0
DA:12,0
DA:15,0
DA:17,0
DA:18,0
DA:19,0
DA:20,0
DA:21,0
DA:22,0
DA:23,0
DA:28,0
DA:32,0
DA:33,0
DA:37,0
DA:40,0
DA:59,0
DA:61,0
DA:69,0
DA:72,0
DA:73,0
DA:74,0
DA:78,0
DA:83,0
DA:90,0
DA:92,0
DA:95,0
DA:97,0
DA:100,0
DA:101,0
DA:103,0
DA:106,0
DA:108,0
DA:109,0
DA:114,0
DA:116,0
DA:122,0
DA:126,0
DA:130,0
DA:133,0
DA:135,0
DA:137,0
DA:145,0
DA:148,0
DA:155,0
DA:160,0
DA:170,0
DA:172,0
DA:177,0
DA:178,0
DA:182,0
DA:183,0
DA:186,0
DA:188,0
DA:190,0
DA:191,0
DA:195,0
DA:197,0
DA:199,0
DA:202,0
DA:208,0
DA:212,0
DA:213,0
DA:217,0
DA:218,0
DA:219,0
DA:223,0
DA:224,0
DA:225,0
DA:229,0
DA:232,0
DA:238,0
DA:242,0
DA:245,0
LF:80
LH:0
BRDA:32,0,0,0
BRDA:69,1,0,0
BRDA:69,1,1,0
BRDA:73,2,0,0
BRDA:74,3,0,0
BRDA:74,3,1,0
BRDA:90,4,0,0
BRDA:101,5,0,0
BRDA:108,6,0,0
BRDA:109,7,0,0
BRDA:109,7,1,0
BRDA:122,8,0,0
BRDA:122,8,1,0
BRDA:182,9,0,0
BRDA:190,10,0,0
BRDA:190,11,0,0
BRDA:190,11,1,0
BRDA:197,12,0,0
BRDA:212,13,0,0
BRDA:218,14,0,0
BRDA:224,15,0,0
BRF:21
BRH:0
end_of_record
TN:
SF:src/modules/auth/decorators/current-user.decorator.ts
FN:4,(anonymous_0)
FNF:1
FNH:0
FNDA:0,(anonymous_0)
DA:1,0
DA:3,0
DA:5,0
DA:6,0
DA:10,0
LF:5
LH:0
BRDA:10,0,0,0
BRDA:10,0,1,0
BRF:2
BRH:0
end_of_record
TN:
SF:src/modules/auth/decorators/roles.decorator.ts
FN:4,(anonymous_0)
FNF:1
FNH:0
FNDA:0,(anonymous_0)
DA:1,0
DA:3,0
DA:4,0
LF:3
LH:0
BRF:0
BRH:0
end_of_record
TN:
SF:src/modules/auth/dto/change-password.dto.ts
FNF:0
FNH:0
DA:1,0
DA:2,0
DA:3,0
DA:5,0
DA:9,0
DA:19,0
LF:6
LH:0
BRF:0
BRH:0
end_of_record
TN:
SF:src/modules/auth/dto/login.dto.ts
FNF:0
FNH:0
DA:1,0
DA:2,0
DA:4,0
DA:7,0
DA:12,0
LF:5
LH:0
BRF:0
BRH:0
end_of_record
TN:
SF:src/modules/auth/dto/refresh-token.dto.ts
FNF:0
FNH:0
DA:1,0
DA:2,0
DA:4,0
DA:11,0
LF:4
LH:0
BRF:0
BRH:0
end_of_record
TN:
SF:src/modules/auth/dto/register.dto.ts
FNF:0
FNH:0
DA:1,0
DA:2,0
DA:3,0
DA:5,0
DA:10,0
DA:14,0
DA:24,0
LF:7
LH:0
BRF:0
BRH:0
end_of_record
TN:
SF:src/modules/auth/guards/jwt-auth.guard.ts
FNF:0
FNH:0
DA:1,0
DA:2,0
DA:5,0
LF:3
LH:0
BRF:0
BRH:0
end_of_record
TN:
SF:src/modules/auth/guards/roles.guard.ts
FN:6,(anonymous_2)
FN:8,(anonymous_3)
FNF:2
FNH:0
FNDA:0,(anonymous_2)
FNDA:0,(anonymous_3)
DA:1,0
DA:2,0
DA:5,0
DA:6,0
DA:9,0
DA:10,0
DA:11,0
DA:14,0
DA:15,0
DA:17,0
LF:10
LH:0
BRDA:10,0,0,0
BRF:1
BRH:0
end_of_record
TN:
SF:src/modules/auth/services/account-lockout.service.ts
FN:20,(anonymous_2)
FN:40,(anonymous_3)
FN:87,(anonymous_4)
FN:116,(anonymous_5)
FN:125,(anonymous_6)
FN:138,(anonymous_7)
FN:161,(anonymous_8)
FN:177,(anonymous_9)
FN:186,(anonymous_10)
FN:194,(anonymous_11)
FNF:10
FNH:0
FNDA:0,(anonymous_2)
FNDA:0,(anonymous_3)
FNDA:0,(anonymous_4)
FNDA:0,(anonymous_5)
FNDA:0,(anonymous_6)
FNDA:0,(anonymous_7)
FNDA:0,(anonymous_8)
FNDA:0,(anonymous_9)
FNDA:0,(anonymous_10)
FNDA:0,(anonymous_11)
DA:1,0
DA:2,0
DA:3,0
DA:4,0
DA:14,0
DA:20,0
DA:22,0
DA:30,0
DA:31,0
DA:32,0
DA:41,0
DA:42,0
DA:45,0
DA:46,0
DA:47,0
DA:51,0
DA:54,0
DA:55,0
DA:59,0
DA:60,0
DA:63,0
DA:65,0
DA:67,0
DA:75,0
DA:88,0
DA:89,0
DA:91,0
DA:92,0
DA:94,0
DA:101,0
DA:102,0
DA:103,0
DA:105,0
DA:117,0
DA:118,0
DA:126,0
DA:127,0
DA:129,0
DA:130,0
DA:146,0
DA:148,0
DA:165,0
DA:166,0
DA:168,0
DA:179,0
DA:180,0
DA:187,0
DA:188,0
DA:195,0
LF:49
LH:0
BRDA:25,0,0,0
BRDA:25,0,1,0
BRDA:46,1,0,0
BRDA:54,2,0,0
BRDA:59,3,0,0
BRDA:91,4,0,0
BRDA:103,5,0,0
BRDA:103,5,1,0
BRDA:150,6,0,0
BRDA:150,6,1,0
BRDA:151,7,0,0
BRDA:151,7,1,0
BRF:12
BRH:0
end_of_record
TN:
SF:src/modules/auth/services/refresh-token.service.ts
FN:21,(anonymous_2)
FN:35,(anonymous_3)
FN:79,(anonymous_4)
FN:147,(anonymous_5)
FN:161,(anonymous_6)
FN:175,(anonymous_7)
FN:188,(anonymous_8)
FN:205,(anonymous_9)
FN:222,(anonymous_10)
FN:231,(anonymous_11)
FNF:10
FNH:0
FNDA:0,(anonymous_2)
FNDA:0,(anonymous_3)
FNDA:0,(anonymous_4)
FNDA:0,(anonymous_5)
FNDA:0,(anonymous_6)
FNDA:0,(anonymous_7)
FNDA:0,(anonymous_8)
FNDA:0,(anonymous_9)
FNDA:0,(anonymous_10)
FNDA:0,(anonymous_11)
DA:1,0
DA:2,0
DA:3,0
DA:4,0
DA:5,0
DA:20,0
DA:22,0
DA:23,0
DA:24,0
DA:42,0
DA:45,0
DA:54,0
DA:57,0
DA:58,0
DA:61,0
DA:70,0
DA:80,0
DA:83,0
DA:87,0
DA:90,0
DA:95,0
DA:96,0
DA:100,0
DA:101,0
DA:102,0
DA:106,0
DA:107,0
DA:111,0
DA:113,0
DA:114,0
DA:120,0
DA:129,0
DA:136,0
DA:137,0
DA:139,0
DA:148,0
DA:162,0
DA:176,0
DA:189,0
DA:197,0
DA:206,0
DA:223,0
DA:232,0
DA:233,0
DA:234,0
DA:237,0
DA:238,0
DA:240,0
DA:241,0
DA:243,0
DA:245,0
DA:247,0
DA:249,0
DA:251,0
LF:54
LH:0
BRDA:42,0,0,0
BRDA:42,0,1,0
BRDA:95,1,0,0
BRDA:100,2,0,0
BRDA:106,3,0,0
BRDA:111,4,0,0
BRDA:136,5,0,0
BRDA:233,6,0,0
BRDA:241,7,0,0
BRDA:241,7,1,0
BRDA:241,7,2,0
BRDA:241,7,3,0
BRDA:241,7,4,0
BRF:13
BRH:0
end_of_record
TN:
SF:src/modules/auth/services/token-blacklist.service.ts
FN:10,(anonymous_2)
FN:25,(anonymous_3)
FN:38,(anonymous_4)
FN:48,(anonymous_5)
FN:59,(anonymous_6)
FN:71,(anonymous_7)
FN:81,(anonymous_8)
FN:89,(anonymous_9)
FN:102,(anonymous_10)
FN:111,(anonymous_11)
FN:118,(anonymous_12)
FNF:11
FNH:0
FNDA:0,(anonymous_2)
FNDA:0,(anonymous_3)
FNDA:0,(anonymous_4)
FNDA:0,(anonymous_5)
FNDA:0,(anonymous_6)
FNDA:0,(anonymous_7)
FNDA:0,(anonymous_8)
FNDA:0,(anonymous_9)
FNDA:0,(anonymous_10)
FNDA:0,(anonymous_11)
FNDA:0,(anonymous_12)
DA:1,0
DA:2,0
DA:3,0
DA:4,0
DA:7,0
DA:10,0
DA:12,0
DA:26,0
DA:30,0
DA:39,0
DA:40,0
DA:41,0
DA:49,0
DA:50,0
DA:60,0
DA:63,0
DA:72,0
DA:73,0
DA:74,0
DA:82,0
DA:83,0
DA:90,0
DA:91,0
DA:93,0
DA:104,0
DA:105,0
DA:112,0
DA:119,0
LF:28
LH:0
BRDA:15,0,0,0
BRDA:15,0,1,0
BRDA:59,1,0,0
BRF:3
BRH:0
end_of_record
TN:
SF:src/modules/auth/strategies/jwt.strategy.ts
FN:11,(anonymous_2)
FN:19,(anonymous_3)
FN:30,(anonymous_4)
FNF:3
FNH:0
FNDA:0,(anonymous_2)
FNDA:0,(anonymous_3)
FNDA:0,(anonymous_4)
DA:1,0
DA:2,0
DA:3,0
DA:4,0
DA:5,0
DA:6,0
DA:10,0
DA:12,0
DA:13,0
DA:14,0
DA:16,0
DA:20,0
DA:32,0
DA:34,0
DA:35,0
DA:39,0
DA:40,0
DA:41,0
DA:45,0
DA:46,0
DA:47,0
DA:51,0
DA:58,0
DA:59,0
DA:63,0
DA:65,0
LF:26
LH:0
BRDA:32,0,0,0
BRDA:32,0,1,0
BRDA:34,1,0,0
BRDA:40,2,0,0
BRDA:46,3,0,0
BRDA:58,4,0,0
BRF:6
BRH:0
end_of_record
TN:
SF:src/modules/auth/validators/password-strength.validator.ts
FN:10,(anonymous_1)
FN:43,(anonymous_2)
FN:48,IsStrongPassword
FN:49,(anonymous_4)
FNF:4
FNH:0
FNDA:0,(anonymous_1)
FNDA:0,(anonymous_2)
FNDA:0,IsStrongPassword
FNDA:0,(anonymous_4)
DA:1,0
DA:9,0
DA:11,0
DA:12,0
DA:16,0
DA:17,0
DA:21,0
DA:22,0
DA:26,0
DA:27,0
DA:31,0
DA:32,0
DA:36,0
DA:37,0
DA:40,0
DA:44,0
DA:48,0
DA:49,0
DA:50,0
LF:19
LH:0
BRDA:11,0,0,0
BRDA:16,1,0,0
BRDA:21,2,0,0
BRDA:26,3,0,0
BRDA:31,4,0,0
BRDA:36,5,0,0
BRF:6
BRH:0
end_of_record
TN:
SF:src/modules/exam/exam.controller.ts
FN:39,(anonymous_4)
FN:55,(anonymous_5)
FN:72,(anonymous_6)
FN:88,(anonymous_7)
FN:104,(anonymous_8)
FN:118,(anonymous_9)
FN:133,(anonymous_10)
FN:150,(anonymous_11)
FN:171,(anonymous_12)
FN:193,(anonymous_13)
FN:210,(anonymous_14)
FNF:11
FNH:0
FNDA:0,(anonymous_4)
FNDA:0,(anonymous_5)
FNDA:0,(anonymous_6)
FNDA:0,(anonymous_7)
FNDA:0,(anonymous_8)
FNDA:0,(anonymous_9)
FNDA:0,(anonymous_10)
FNDA:0,(anonymous_11)
FNDA:0,(anonymous_12)
FNDA:0,(anonymous_13)
FNDA:0,(anonymous_14)
DA:1,0
DA:14,0
DA:15,0
DA:16,0
DA:17,0
DA:18,0
DA:19,0
DA:20,0
DA:38,0
DA:39,0
DA:55,0
DA:56,0
DA:72,0
DA:73,0
DA:88,0
DA:89,0
DA:104,0
DA:105,0
DA:118,0
DA:122,0
DA:133,0
DA:137,0
DA:150,0
DA:154,0
DA:171,0
DA:175,0
DA:193,0
DA:198,0
DA:210,0
DA:214,0
LF:30
LH:0
BRF:0
BRH:0
end_of_record
TN:
SF:src/modules/exam/exam.module.ts
FNF:0
FNH:0
DA:1,0
DA:2,0
DA:3,0
DA:4,0
DA:12,0
LF:5
LH:0
BRF:0
BRH:0
end_of_record
TN:
SF:src/modules/exam/exam.service.ts
FN:36,(anonymous_2)
FN:43,(anonymous_3)
FN:93,(anonymous_4)
FN:133,(anonymous_5)
FN:163,(anonymous_6)
FN:197,(anonymous_7)
FN:232,(anonymous_8)
FN:242,(anonymous_9)
FN:248,(anonymous_10)
FN:272,(anonymous_11)
FN:336,(anonymous_12)
FN:338,(anonymous_13)
FN:354,(anonymous_14)
FN:425,(anonymous_15)
FN:456,(anonymous_16)
FN:489,(anonymous_17)
FN:512,(anonymous_18)
FN:529,(anonymous_19)
FN:582,(anonymous_20)
FN:610,(anonymous_21)
FN:612,(anonymous_22)
FN:623,(anonymous_23)
FN:626,(anonymous_24)
FN:629,(anonymous_25)
FN:640,(anonymous_26)
FN:672,(anonymous_27)
FN:673,(anonymous_28)
FN:689,(anonymous_29)
FN:700,(anonymous_30)
FN:701,(anonymous_31)
FN:704,(anonymous_32)
FN:734,(anonymous_33)
FNF:32
FNH:29
FNDA:43,(anonymous_2)
FNDA:3,(anonymous_3)
FNDA:3,(anonymous_4)
FNDA:4,(anonymous_5)
FNDA:4,(anonymous_6)
FNDA:5,(anonymous_7)
FNDA:2,(anonymous_8)
FNDA:2,(anonymous_9)
FNDA:5,(anonymous_10)
FNDA:10,(anonymous_11)
FNDA:1,(anonymous_12)
FNDA:1,(anonymous_13)
FNDA:14,(anonymous_14)
FNDA:6,(anonymous_15)
FNDA:6,(anonymous_16)
FNDA:2,(anonymous_17)
FNDA:1,(anonymous_18)
FNDA:10,(anonymous_19)
FNDA:2,(anonymous_20)
FNDA:6,(anonymous_21)
FNDA:12,(anonymous_22)
FNDA:0,(anonymous_23)
FNDA:0,(anonymous_24)
FNDA:0,(anonymous_25)
FNDA:4,(anonymous_26)
FNDA:5,(anonymous_27)
FNDA:2,(anonymous_28)
FNDA:2,(anonymous_29)
FNDA:2,(anonymous_30)
FNDA:2,(anonymous_31)
FNDA:2,(anonymous_32)
FNDA:6,(anonymous_33)
DA:1,1
DA:7,1
DA:35,1
DA:36,43
DA:44,3
DA:59,3
DA:69,3
DA:70,1
DA:71,1
DA:75,1
DA:84,1
DA:87,2
DA:94,3
DA:98,3
DA:99,2
DA:102,1
DA:117,1
DA:127,1
DA:134,4
DA:141,4
DA:142,2
DA:146,2
DA:148,1
DA:154,1
DA:164,4
DA:168,4
DA:169,1
DA:172,3
DA:189,3
DA:198,5
DA:202,5
DA:203,1
DA:206,5
DA:207,1
DA:210,5
DA:211,1
DA:214,5
DA:231,5
DA:233,2
DA:234,2
DA:235,1
DA:236,1
DA:238,2
DA:242,5
DA:249,5
DA:258,5
DA:259,2
DA:262,3
DA:263,2
DA:266,1
DA:273,10
DA:282,10
DA:283,1
DA:286,9
DA:287,2
DA:290,7
DA:291,2
DA:295,5
DA:296,5
DA:297,2
DA:303,3
DA:314,3
DA:315,2
DA:321,1
DA:336,1
DA:338,1
DA:340,1
DA:356,14
DA:369,14
DA:370,1
DA:373,13
DA:374,2
DA:377,11
DA:378,2
DA:382,9
DA:383,9
DA:385,9
DA:387,2
DA:391,7
DA:392,7
DA:394,7
DA:395,2
DA:401,5
DA:402,5
DA:403,5
DA:405,5
DA:406,6
DA:407,6
DA:408,0
DA:411,6
DA:412,6
DA:414,6
DA:420,6
DA:421,6
DA:425,6
DA:426,5
DA:427,5
DA:428,5
DA:432,5
DA:433,1
DA:437,5
DA:451,5
DA:452,4
DA:456,5
DA:457,6
DA:458,6
DA:469,5
DA:490,2
DA:495,2
DA:496,1
DA:499,2
DA:512,2
DA:530,10
DA:534,10
DA:535,1
DA:539,9
DA:549,9
DA:550,4
DA:556,5
DA:557,5
DA:558,5
DA:561,5
DA:562,3
DA:563,3
DA:565,3
DA:573,2
DA:595,2
DA:602,2
DA:612,6
DA:613,12
DA:616,6
DA:617,6
DA:620,6
DA:621,0
DA:623,0
DA:624,0
DA:626,0
DA:628,0
DA:629,0
DA:634,6
DA:646,4
DA:650,4
DA:651,2
DA:659,2
DA:673,5
DA:675,5
DA:689,2
DA:701,2
DA:703,2
DA:704,2
DA:706,2
DA:707,2
DA:709,2
DA:735,6
DA:750,6
DA:751,2
DA:754,6
LF:157
LH:150
BRDA:51,0,0,3
BRDA:51,0,1,2
BRDA:53,1,0,3
BRDA:53,1,1,2
BRDA:55,2,0,3
BRDA:55,2,1,2
BRDA:56,3,0,3
BRDA:56,3,1,2
BRDA:69,4,0,1
BRDA:69,5,0,3
BRDA:69,5,1,1
BRDA:98,6,0,2
BRDA:141,7,0,2
BRDA:146,8,0,1
BRDA:146,8,1,1
BRDA:168,9,0,1
BRDA:185,10,0,3
BRDA:185,10,1,1
BRDA:199,11,0,5
BRDA:199,11,1,5
BRDA:202,12,0,1
BRDA:206,13,0,1
BRDA:210,14,0,1
BRDA:220,15,0,1
BRDA:220,15,1,4
BRDA:234,16,0,1
BRDA:258,17,0,2
BRDA:262,18,0,2
BRDA:262,19,0,3
BRDA:262,19,1,2
BRDA:282,20,0,1
BRDA:286,21,0,2
BRDA:290,22,0,2
BRDA:296,23,0,2
BRDA:314,24,0,2
BRDA:369,25,0,1
BRDA:373,26,0,2
BRDA:377,27,0,2
BRDA:385,28,0,2
BRDA:394,29,0,2
BRDA:407,30,0,0
BRDA:412,31,0,5
BRDA:412,31,1,1
BRDA:421,32,0,5
BRDA:426,33,0,5
BRDA:426,33,1,0
BRDA:428,34,0,4
BRDA:428,34,1,1
BRDA:432,35,0,1
BRDA:432,36,0,5
BRDA:432,36,1,4
BRDA:451,37,0,4
BRDA:465,38,0,6
BRDA:465,38,1,6
BRDA:495,39,0,1
BRDA:520,40,0,1
BRDA:520,40,1,0
BRDA:522,41,0,1
BRDA:522,41,1,0
BRDA:534,42,0,1
BRDA:549,43,0,4
BRDA:561,44,0,3
BRDA:620,45,0,0
BRDA:620,46,0,6
BRDA:620,46,1,6
BRDA:621,47,0,0
BRDA:621,47,1,0
BRDA:624,48,0,0
BRDA:624,48,1,0
BRDA:629,49,0,0
BRDA:629,49,1,0
BRDA:650,50,0,2
BRDA:650,50,1,2
BRDA:673,51,0,5
BRDA:673,51,1,3
BRDA:678,52,0,5
BRDA:678,52,1,4
BRDA:679,53,0,5
BRDA:679,53,1,4
BRDA:686,54,0,5
BRDA:686,54,1,4
BRDA:689,55,0,5
BRDA:689,55,1,0
BRDA:690,56,0,5
BRDA:690,56,1,3
BRDA:701,57,0,2
BRDA:701,57,1,0
BRDA:703,58,0,1
BRDA:703,58,1,1
BRDA:703,59,0,2
BRDA:703,59,1,1
BRDA:706,60,0,1
BRDA:706,60,1,1
BRDA:706,61,0,1
BRDA:706,61,1,0
BRDA:707,62,0,2
BRDA:707,62,1,0
BRDA:712,63,0,2
BRDA:712,63,1,2
BRDA:713,64,0,2
BRDA:713,64,1,2
BRDA:722,65,0,2
BRDA:722,65,1,0
BRDA:738,66,0,6
BRDA:738,66,1,4
BRDA:740,67,0,6
BRDA:740,67,1,2
BRDA:741,68,0,6
BRDA:741,68,1,4
BRDA:742,69,0,6
BRDA:742,69,1,4
BRDA:743,70,0,6
BRDA:743,70,1,4
BRDA:744,71,0,6
BRDA:744,71,1,4
BRDA:750,72,0,2
BRF:116
BRH:100
end_of_record
TN:
SF:src/modules/exam/dto/exam.dto.ts
FN:18,(anonymous_2)
FN:27,(anonymous_3)
FN:35,(anonymous_4)
FN:197,(anonymous_5)
FN:507,(anonymous_6)
FN:520,(anonymous_7)
FNF:6
FNH:3
FNDA:1,(anonymous_2)
FNDA:1,(anonymous_3)
FNDA:1,(anonymous_4)
FNDA:0,(anonymous_5)
FNDA:0,(anonymous_6)
FNDA:0,(anonymous_7)
DA:1,1
DA:12,1
DA:13,1
DA:18,1
DA:19,1
DA:20,1
DA:21,1
DA:27,1
DA:28,1
DA:29,1
DA:35,1
DA:36,1
DA:37,1
DA:38,1
DA:39,1
DA:40,1
DA:41,1
DA:42,1
DA:43,1
DA:44,1
DA:45,1
DA:46,1
DA:47,1
DA:48,1
DA:49,1
DA:50,1
DA:51,1
DA:52,1
DA:58,1
DA:61,1
DA:66,1
DA:70,1
DA:81,1
DA:85,1
DA:92,1
DA:97,1
DA:102,1
DA:107,1
DA:112,1
DA:118,1
DA:124,1
DA:127,1
DA:132,1
DA:137,1
DA:141,1
DA:147,1
DA:151,1
DA:158,1
DA:163,1
DA:169,1
DA:177,1
DA:186,1
DA:191,1
DA:197,0
DA:198,1
DA:204,1
DA:209,1
DA:211,1
DA:214,1
DA:217,1
DA:220,1
DA:223,1
DA:226,1
DA:229,1
DA:232,1
DA:235,1
DA:238,1
DA:241,1
DA:245,1
DA:251,1
DA:253,1
DA:256,1
DA:259,1
DA:262,1
DA:265,1
DA:268,1
DA:271,1
DA:274,1
DA:277,1
DA:280,1
DA:283,1
DA:286,1
DA:289,1
DA:292,1
DA:295,1
DA:298,1
DA:301,1
DA:304,1
DA:310,1
DA:312,1
DA:315,1
DA:318,1
DA:321,1
DA:324,1
DA:327,1
DA:330,1
DA:333,1
DA:336,1
DA:339,1
DA:342,1
DA:345,1
DA:348,1
DA:351,1
DA:354,1
DA:357,1
DA:360,1
DA:363,1
DA:369,1
DA:371,1
DA:374,1
DA:377,1
DA:380,1
DA:383,1
DA:386,1
DA:389,1
DA:395,1
DA:405,1
DA:411,1
DA:413,1
DA:416,1
DA:419,1
DA:422,1
DA:425,1
DA:428,1
DA:431,1
DA:434,1
DA:437,1
DA:440,1
DA:443,1
DA:446,1
DA:449,1
DA:463,1
DA:465,1
DA:468,1
DA:471,1
DA:474,1
DA:477,1
DA:480,1
DA:483,1
DA:486,1
DA:489,1
DA:492,1
DA:498,1
DA:502,1
DA:507,0
DA:510,1
DA:515,1
DA:520,0
DA:521,1
DA:527,1
DA:529,1
DA:532,1
DA:535,1
DA:538,1
LF:154
LH:151
BRDA:18,0,0,1
BRDA:18,0,1,1
BRDA:27,1,0,1
BRDA:27,1,1,1
BRDA:35,2,0,1
BRDA:35,2,1,1
BRF:6
BRH:6
end_of_record
TN:
SF:src/modules/exercises/exercise-generator.service.ts
FN:17,(anonymous_2)
FN:23,(anonymous_3)
FN:68,(anonymous_4)
FN:113,(anonymous_5)
FN:134,(anonymous_6)
FN:151,(anonymous_7)
FN:178,(anonymous_8)
FN:179,(anonymous_9)
FN:186,(anonymous_10)
FN:201,(anonymous_11)
FN:247,(anonymous_12)
FN:284,(anonymous_13)
FN:334,(anonymous_14)
FN:356,(anonymous_15)
FN:358,(anonymous_16)
FN:369,(anonymous_17)
FN:372,(anonymous_18)
FN:387,(anonymous_19)
FN:400,(anonymous_20)
FN:401,(anonymous_21)
FN:407,(anonymous_22)
FN:411,(anonymous_23)
FN:420,(anonymous_24)
FN:425,(anonymous_25)
FNF:24
FNH:0
FNDA:0,(anonymous_2)
FNDA:0,(anonymous_3)
FNDA:0,(anonymous_4)
FNDA:0,(anonymous_5)
FNDA:0,(anonymous_6)
FNDA:0,(anonymous_7)
FNDA:0,(anonymous_8)
FNDA:0,(anonymous_9)
FNDA:0,(anonymous_10)
FNDA:0,(anonymous_11)
FNDA:0,(anonymous_12)
FNDA:0,(anonymous_13)
FNDA:0,(anonymous_14)
FNDA:0,(anonymous_15)
FNDA:0,(anonymous_16)
FNDA:0,(anonymous_17)
FNDA:0,(anonymous_18)
FNDA:0,(anonymous_19)
FNDA:0,(anonymous_20)
FNDA:0,(anonymous_21)
FNDA:0,(anonymous_22)
FNDA:0,(anonymous_23)
FNDA:0,(anonymous_24)
FNDA:0,(anonymous_25)
DA:1,0
DA:2,0
DA:3,0
DA:16,0
DA:17,0
DA:24,0
DA:27,0
DA:28,0
DA:32,0
DA:33,0
DA:34,0
DA:37,0
DA:43,0
DA:69,0
DA:72,0
DA:73,0
DA:78,0
DA:79,0
DA:82,0
DA:88,0
DA:118,0
DA:120,0
DA:121,0
DA:125,0
DA:127,0
DA:134,0
DA:156,0
DA:157,0
DA:159,0
DA:160,0
DA:164,0
DA:166,0
DA:167,0
DA:170,0
DA:178,0
DA:179,0
DA:186,0
DA:202,0
DA:204,0
DA:205,0
DA:208,0
DA:209,0
DA:211,0
DA:224,0
DA:252,0
DA:254,0
DA:255,0
DA:258,0
DA:289,0
DA:290,0
DA:293,0
DA:295,0
DA:296,0
DA:299,0
DA:300,0
DA:301,0
DA:302,0
DA:303,0
DA:305,0
DA:306,0
DA:309,0
DA:335,0
DA:349,0
DA:350,0
DA:353,0
DA:357,0
DA:358,0
DA:360,0
DA:361,0
DA:366,0
DA:372,0
DA:373,0
DA:375,0
DA:376,0
DA:377,0
DA:378,0
DA:379,0
DA:380,0
DA:384,0
DA:389,0
DA:399,0
DA:400,0
DA:401,0
DA:404,0
DA:409,0
DA:410,0
DA:411,0
DA:412,0
DA:413,0
DA:419,0
DA:420,0
DA:424,0
DA:425,0
DA:426,0
DA:427,0
DA:431,0
LF:96
LH:0
BRDA:27,0,0,0
BRDA:33,1,0,0
BRDA:72,2,0,0
BRDA:78,3,0,0
BRDA:120,4,0,0
BRDA:159,5,0,0
BRDA:166,6,0,0
BRDA:204,7,0,0
BRDA:204,8,0,0
BRDA:204,8,1,0
BRDA:209,9,0,0
BRDA:209,9,1,0
BRDA:254,10,0,0
BRDA:270,11,0,0
BRDA:270,11,1,0
BRDA:295,12,0,0
BRDA:300,13,0,0
BRDA:300,14,0,0
BRDA:300,14,1,0
BRDA:301,15,0,0
BRDA:301,16,0,0
BRDA:301,16,1,0
BRDA:302,17,0,0
BRDA:302,18,0,0
BRDA:302,18,1,0
BRDA:303,19,0,0
BRDA:303,20,0,0
BRDA:303,20,1,0
BRDA:305,21,0,0
BRDA:349,22,0,0
BRDA:360,23,0,0
BRDA:377,24,0,0
BRDA:377,24,1,0
BRDA:377,25,0,0
BRDA:377,25,1,0
BRDA:377,25,2,0
BRDA:379,26,0,0
BRDA:409,27,0,0
BRDA:412,28,0,0
BRDA:412,29,0,0
BRDA:412,29,1,0
BRDA:412,29,2,0
BRDA:419,30,0,0
BRDA:420,31,0,0
BRDA:420,31,1,0
BRDA:424,32,0,0
BRDA:424,33,0,0
BRDA:424,33,1,0
BRDA:426,34,0,0
BRDA:426,35,0,0
BRDA:426,35,1,0
BRF:51
BRH:0
end_of_record
TN:
SF:src/modules/exercises/exercises.controller.ts
FN:23,(anonymous_4)
FN:28,(anonymous_5)
FN:36,(anonymous_6)
FN:43,(anonymous_7)
FN:52,(anonymous_8)
FN:63,(anonymous_9)
FN:70,(anonymous_10)
FNF:7
FNH:0
FNDA:0,(anonymous_4)
FNDA:0,(anonymous_5)
FNDA:0,(anonymous_6)
FNDA:0,(anonymous_7)
FNDA:0,(anonymous_8)
FNDA:0,(anonymous_9)
FNDA:0,(anonymous_10)
DA:1,0
DA:12,0
DA:13,0
DA:14,0
DA:15,0
DA:16,0
DA:22,0
DA:23,0
DA:28,0
DA:29,0
DA:36,0
DA:37,0
DA:43,0
DA:44,0
DA:52,0
DA:57,0
DA:63,0
DA:64,0
DA:70,0
DA:71,0
LF:20
LH:0
BRF:0
BRH:0
end_of_record
TN:
SF:src/modules/exercises/exercises.module.ts
FNF:0
FNH:0
DA:1,0
DA:2,0
DA:3,0
DA:4,0
DA:5,0
DA:13,0
LF:6
LH:0
BRF:0
BRH:0
end_of_record
TN:
SF:src/modules/exercises/exercises.service.ts
FN:12,(anonymous_2)
FN:17,(anonymous_3)
FN:58,(anonymous_4)
FN:94,(anonymous_5)
FN:115,(anonymous_6)
FN:175,(anonymous_7)
FN:187,(anonymous_8)
FN:193,(anonymous_9)
FN:196,(anonymous_10)
FN:206,(anonymous_11)
FN:250,(anonymous_12)
FNF:11
FNH:0
FNDA:0,(anonymous_2)
FNDA:0,(anonymous_3)
FNDA:0,(anonymous_4)
FNDA:0,(anonymous_5)
FNDA:0,(anonymous_6)
FNDA:0,(anonymous_7)
FNDA:0,(anonymous_8)
FNDA:0,(anonymous_9)
FNDA:0,(anonymous_10)
FNDA:0,(anonymous_11)
FNDA:0,(anonymous_12)
DA:1,0
DA:2,0
DA:3,0
DA:7,0
DA:9,0
DA:10,0
DA:13,0
DA:14,0
DA:18,0
DA:19,0
DA:21,0
DA:22,0
DA:23,0
DA:24,0
DA:26,0
DA:47,0
DA:60,0
DA:63,0
DA:64,0
DA:65,0
DA:68,0
DA:84,0
DA:85,0
DA:89,0
DA:91,0
DA:96,0
DA:99,0
DA:100,0
DA:101,0
DA:104,0
DA:110,0
DA:112,0
DA:116,0
DA:119,0
DA:122,0
DA:125,0
DA:126,0
DA:129,0
DA:137,0
DA:140,0
DA:154,0
DA:155,0
DA:165,0
DA:176,0
DA:184,0
DA:188,0
DA:192,0
DA:193,0
DA:194,0
DA:196,0
DA:198,0
DA:207,0
DA:208,0
DA:211,0
DA:212,0
DA:216,0
DA:217,0
DA:221,0
DA:223,0
DA:224,0
DA:225,0
DA:229,0
DA:230,0
DA:231,0
DA:232,0
DA:235,0
DA:243,0
DA:247,0
DA:252,0
LF:69
LH:0
BRDA:18,0,0,0
BRDA:18,1,0,0
BRDA:22,2,0,0
BRDA:23,3,0,0
BRDA:24,4,0,0
BRDA:64,5,0,0
BRDA:84,6,0,0
BRDA:100,7,0,0
BRDA:122,8,0,0
BRDA:122,8,1,0
BRDA:125,9,0,0
BRDA:125,9,1,0
BRDA:125,10,0,0
BRDA:125,10,1,0
BRDA:137,11,0,0
BRDA:137,11,1,0
BRDA:154,12,0,0
BRDA:194,13,0,0
BRDA:194,13,1,0
BRDA:196,14,0,0
BRDA:196,14,1,0
BRDA:211,15,0,0
BRDA:216,16,0,0
BRDA:221,17,0,0
BRDA:229,18,0,0
BRDA:236,19,0,0
BRDA:236,19,1,0
BRDA:236,19,2,0
BRDA:236,19,3,0
BRDA:236,19,4,0
BRF:30
BRH:0
end_of_record
TN:
SF:src/modules/exercises/dto/exercise-attempt.dto.ts
FNF:0
FNH:0
DA:1,0
LF:1
LH:0
BRF:0
BRH:0
end_of_record
TN:
SF:src/modules/exercises/dto/find-exercises.dto.ts
FN:8,(anonymous_2)
FN:15,(anonymous_3)
FNF:2
FNH:0
FNDA:0,(anonymous_2)
FNDA:0,(anonymous_3)
DA:1,0
DA:2,0
DA:3,0
DA:5,0
DA:8,0
DA:11,0
DA:15,0
DA:18,0
DA:23,0
DA:37,0
DA:42,0
LF:11
LH:0
BRF:0
BRH:0
end_of_record
TN:
SF:src/modules/exercises/dto/index.ts
FNF:0
FNH:0
DA:1,0
DA:2,0
DA:3,0
LF:3
LH:0
BRF:0
BRH:0
end_of_record
TN:
SF:src/modules/exercises/dto/submit-exercise.dto.ts
FNF:0
FNH:0
DA:1,0
DA:2,0
DA:4,0
DA:7,0
DA:12,0
LF:5
LH:0
BRF:0
BRH:0
end_of_record
TN:
SF:src/modules/gdpr/gdpr.controller.ts
FN:12,(anonymous_4)
FN:47,(anonymous_5)
FN:67,(anonymous_6)
FN:103,(anonymous_7)
FNF:4
FNH:0
FNDA:0,(anonymous_4)
FNDA:0,(anonymous_5)
FNDA:0,(anonymous_6)
FNDA:0,(anonymous_7)
DA:1,0
DA:2,0
DA:3,0
DA:4,0
DA:5,0
DA:11,0
DA:12,0
DA:47,0
DA:48,0
DA:50,0
DA:67,0
DA:68,0
DA:70,0
DA:103,0
DA:104,0
DA:106,0
LF:16
LH:0
BRF:0
BRH:0
end_of_record
TN:
SF:src/modules/gdpr/gdpr.module.ts
FNF:0
FNH:0
DA:1,0
DA:2,0
DA:3,0
DA:10,0
LF:4
LH:0
BRF:0
BRH:0
end_of_record
TN:
SF:src/modules/gdpr/gdpr.service.ts
FN:25,(anonymous_2)
FN:36,(anonymous_3)
FN:143,(anonymous_4)
FN:154,(anonymous_5)
FN:162,(anonymous_6)
FN:173,(anonymous_7)
FN:181,(anonymous_8)
FN:201,(anonymous_9)
FN:235,(anonymous_10)
FNF:9
FNH:0
FNDA:0,(anonymous_2)
FNDA:0,(anonymous_3)
FNDA:0,(anonymous_4)
FNDA:0,(anonymous_5)
FNDA:0,(anonymous_6)
FNDA:0,(anonymous_7)
FNDA:0,(anonymous_8)
FNDA:0,(anonymous_9)
FNDA:0,(anonymous_10)
DA:1,0
DA:2,0
DA:3,0
DA:24,0
DA:26,0
DA:27,0
DA:38,0
DA:41,0
DA:121,0
DA:122,0
DA:125,0
DA:143,0
DA:154,0
DA:162,0
DA:173,0
DA:181,0
DA:192,0
DA:206,0
DA:211,0
DA:212,0
DA:216,0
DA:220,0
DA:224,0
DA:246,0
DA:263,0
DA:264,0
DA:267,0
LF:27
LH:0
BRDA:121,0,0,0
BRDA:142,1,0,0
BRDA:142,1,1,0
BRDA:170,2,0,0
BRDA:170,2,1,0
BRDA:171,3,0,0
BRDA:171,3,1,0
BRDA:185,4,0,0
BRDA:185,4,1,0
BRDA:211,5,0,0
BRDA:263,6,0,0
BRF:11
BRH:0
end_of_record
TN:
SF:src/modules/lessons/lessons.controller.ts
FN:18,(anonymous_4)
FN:23,(anonymous_5)
FN:35,(anonymous_6)
FN:46,(anonymous_7)
FN:57,(anonymous_8)
FN:68,(anonymous_9)
FN:85,(anonymous_10)
FN:98,(anonymous_11)
FN:111,(anonymous_12)
FNF:9
FNH:0
FNDA:0,(anonymous_4)
FNDA:0,(anonymous_5)
FNDA:0,(anonymous_6)
FNDA:0,(anonymous_7)
FNDA:0,(anonymous_8)
FNDA:0,(anonymous_9)
FNDA:0,(anonymous_10)
FNDA:0,(anonymous_11)
FNDA:0,(anonymous_12)
DA:1,0
DA:2,0
DA:3,0
DA:4,0
DA:5,0
DA:6,0
DA:7,0
DA:8,0
DA:9,0
DA:10,0
DA:11,0
DA:17,0
DA:18,0
DA:23,0
DA:24,0
DA:25,0
DA:35,0
DA:36,0
DA:37,0
DA:46,0
DA:47,0
DA:48,0
DA:57,0
DA:58,0
DA:59,0
DA:68,0
DA:73,0
DA:74,0
DA:85,0
DA:86,0
DA:87,0
DA:98,0
DA:99,0
DA:100,0
DA:111,0
DA:112,0
DA:113,0
LF:37
LH:0
BRF:0
BRH:0
end_of_record
TN:
SF:src/modules/lessons/lessons.module.ts
FNF:0
FNH:0
DA:1,0
DA:2,0
DA:3,0
DA:10,0
LF:4
LH:0
BRF:0
BRH:0
end_of_record
TN:
SF:src/modules/lessons/lessons.service.ts
FN:9,(anonymous_2)
FN:11,(anonymous_3)
FN:19,(anonymous_4)
FN:54,(anonymous_5)
FN:76,(anonymous_6)
FN:87,(anonymous_7)
FN:97,(anonymous_8)
FN:120,(anonymous_9)
FN:145,(anonymous_10)
FNF:9
FNH:0
FNDA:0,(anonymous_2)
FNDA:0,(anonymous_3)
FNDA:0,(anonymous_4)
FNDA:0,(anonymous_5)
FNDA:0,(anonymous_6)
FNDA:0,(anonymous_7)
FNDA:0,(anonymous_8)
FNDA:0,(anonymous_9)
FNDA:0,(anonymous_10)
DA:1,0
DA:2,0
DA:8,0
DA:9,0
DA:12,0
DA:16,0
DA:20,0
DA:21,0
DA:23,0
DA:24,0
DA:25,0
DA:26,0
DA:28,0
DA:43,0
DA:55,0
DA:69,0
DA:70,0
DA:73,0
DA:77,0
DA:79,0
DA:84,0
DA:88,0
DA:90,0
DA:94,0
DA:98,0
DA:107,0
DA:108,0
DA:117,0
DA:121,0
DA:123,0
DA:142,0
DA:146,0
DA:148,0
DA:163,0
DA:178,0
LF:35
LH:0
BRDA:20,0,0,0
BRDA:20,1,0,0
BRDA:24,2,0,0
BRDA:25,3,0,0
BRDA:26,4,0,0
BRDA:69,5,0,0
BRDA:107,6,0,0
BRF:7
BRH:0
end_of_record
TN:
SF:src/modules/lessons/dto/complete-lesson.dto.ts
FNF:0
FNH:0
DA:1,0
DA:2,0
DA:4,0
DA:8,0
LF:4
LH:0
BRF:0
BRH:0
end_of_record
TN:
SF:src/modules/lessons/dto/create-lesson.dto.ts
FNF:0
FNH:0
DA:1,0
DA:11,0
DA:13,0
DA:18,0
DA:24,0
DA:30,0
DA:34,0
DA:39,0
DA:43,0
DA:49,0
DA:54,0
DA:58,0
DA:62,0
DA:68,0
DA:74,0
LF:15
LH:0
BRF:0
BRH:0
end_of_record
TN:
SF:src/modules/lessons/dto/find-lessons.dto.ts
FN:8,(anonymous_2)
FN:15,(anonymous_3)
FN:27,(anonymous_4)
FNF:3
FNH:0
FNDA:0,(anonymous_2)
FNDA:0,(anonymous_3)
FNDA:0,(anonymous_4)
DA:1,0
DA:2,0
DA:3,0
DA:5,0
DA:8,0
DA:11,0
DA:15,0
DA:18,0
DA:23,0
DA:27,0
DA:31,0
DA:36,0
LF:12
LH:0
BRF:0
BRH:0
end_of_record
TN:
SF:src/modules/lessons/dto/update-lesson.dto.ts
FNF:0
FNH:0
DA:1,0
DA:2,0
DA:4,0
LF:3
LH:0
BRF:0
BRH:0
end_of_record
TN:
SF:src/modules/practice/practice.controller.ts
FN:28,(anonymous_4)
FN:43,(anonymous_5)
FN:70,(anonymous_6)
FNF:3
FNH:0
FNDA:0,(anonymous_4)
FNDA:0,(anonymous_5)
FNDA:0,(anonymous_6)
DA:1,0
DA:11,0
DA:12,0
DA:13,0
DA:14,0
DA:15,0
DA:27,0
DA:28,0
DA:43,0
DA:51,0
DA:58,0
DA:70,0
DA:74,0
LF:13
LH:0
BRDA:55,0,0,0
BRDA:55,0,1,0
BRDA:56,1,0,0
BRDA:56,1,1,0
BRF:4
BRH:0
end_of_record
TN:
SF:src/modules/practice/practice.module.ts
FNF:0
FNH:0
DA:1,0
DA:2,0
DA:3,0
DA:4,0
DA:5,0
DA:6,0
DA:14,0
LF:7
LH:0
BRF:0
BRH:0
end_of_record
TN:
SF:src/modules/practice/practice.service.ts
FN:37,(anonymous_2)
FN:46,(anonymous_3)
FN:85,(anonymous_4)
FN:97,(anonymous_5)
FN:99,(anonymous_6)
FN:103,(anonymous_7)
FN:120,(anonymous_8)
FN:145,(anonymous_9)
FN:146,(anonymous_10)
FN:151,(anonymous_11)
FN:175,(anonymous_12)
FN:193,(anonymous_13)
FN:195,(anonymous_14)
FN:200,(anonymous_15)
FN:218,(anonymous_16)
FN:232,(anonymous_17)
FN:234,(anonymous_18)
FN:239,(anonymous_19)
FN:257,(anonymous_20)
FN:264,(anonymous_21)
FN:266,(anonymous_22)
FN:270,(anonymous_23)
FN:273,(anonymous_24)
FN:293,(anonymous_25)
FN:313,(anonymous_26)
FN:315,(anonymous_27)
FN:320,(anonymous_28)
FN:329,(anonymous_29)
FN:331,(anonymous_30)
FN:337,(anonymous_31)
FN:345,(anonymous_32)
FN:350,(anonymous_33)
FN:356,(anonymous_34)
FN:379,(anonymous_35)
FN:448,(anonymous_36)
FN:467,(anonymous_37)
FN:479,(anonymous_38)
FN:502,(anonymous_39)
FN:515,(anonymous_40)
FN:521,(anonymous_41)
FN:533,(anonymous_42)
FN:541,(anonymous_43)
FN:560,(anonymous_44)
FN:574,(anonymous_45)
FN:588,(anonymous_46)
FN:601,(anonymous_47)
FN:622,(anonymous_48)
FN:636,(anonymous_49)
FN:669,(anonymous_50)
FN:694,(anonymous_51)
FN:708,(anonymous_52)
FNF:51
FNH:0
FNDA:0,(anonymous_2)
FNDA:0,(anonymous_3)
FNDA:0,(anonymous_4)
FNDA:0,(anonymous_5)
FNDA:0,(anonymous_6)
FNDA:0,(anonymous_7)
FNDA:0,(anonymous_8)
FNDA:0,(anonymous_9)
FNDA:0,(anonymous_10)
FNDA:0,(anonymous_11)
FNDA:0,(anonymous_12)
FNDA:0,(anonymous_13)
FNDA:0,(anonymous_14)
FNDA:0,(anonymous_15)
FNDA:0,(anonymous_16)
FNDA:0,(anonymous_17)
FNDA:0,(anonymous_18)
FNDA:0,(anonymous_19)
FNDA:0,(anonymous_20)
FNDA:0,(anonymous_21)
FNDA:0,(anonymous_22)
FNDA:0,(anonymous_23)
FNDA:0,(anonymous_24)
FNDA:0,(anonymous_25)
FNDA:0,(anonymous_26)
FNDA:0,(anonymous_27)
FNDA:0,(anonymous_28)
FNDA:0,(anonymous_29)
FNDA:0,(anonymous_30)
FNDA:0,(anonymous_31)
FNDA:0,(anonymous_32)
FNDA:0,(anonymous_33)
FNDA:0,(anonymous_34)
FNDA:0,(anonymous_35)
FNDA:0,(anonymous_36)
FNDA:0,(anonymous_37)
FNDA:0,(anonymous_38)
FNDA:0,(anonymous_39)
FNDA:0,(anonymous_40)
FNDA:0,(anonymous_41)
FNDA:0,(anonymous_42)
FNDA:0,(anonymous_43)
FNDA:0,(anonymous_44)
FNDA:0,(anonymous_45)
FNDA:0,(anonymous_46)
FNDA:0,(anonymous_47)
FNDA:0,(anonymous_48)
FNDA:0,(anonymous_49)
FNDA:0,(anonymous_50)
FNDA:0,(anonymous_51)
FNDA:0,(anonymous_52)
DA:1,0
DA:2,0
DA:3,0
DA:4,0
DA:5,0
DA:32,0
DA:34,0
DA:35,0
DA:38,0
DA:39,0
DA:40,0
DA:47,0
DA:49,0
DA:51,0
DA:54,0
DA:55,0
DA:57,0
DA:60,0
DA:61,0
DA:63,0
DA:66,0
DA:69,0
DA:72,0
DA:75,0
DA:90,0
DA:91,0
DA:94,0
DA:97,0
DA:98,0
DA:99,0
DA:102,0
DA:103,0
DA:104,0
DA:106,0
DA:125,0
DA:135,0
DA:136,0
DA:142,0
DA:145,0
DA:146,0
DA:149,0
DA:150,0
DA:151,0
DA:154,0
DA:155,0
DA:160,0
DA:180,0
DA:181,0
DA:184,0
DA:186,0
DA:187,0
DA:190,0
DA:193,0
DA:194,0
DA:195,0
DA:198,0
DA:199,0
DA:200,0
DA:203,0
DA:222,0
DA:224,0
DA:226,0
DA:229,0
DA:232,0
DA:233,0
DA:234,0
DA:237,0
DA:238,0
DA:239,0
DA:242,0
DA:258,0
DA:261,0
DA:264,0
DA:265,0
DA:266,0
DA:269,0
DA:270,0
DA:273,0
DA:279,0
DA:294,0
DA:297,0
DA:298,0
DA:301,0
DA:304,0
DA:306,0
DA:309,0
DA:310,0
DA:313,0
DA:314,0
DA:315,0
DA:318,0
DA:319,0
DA:320,0
DA:325,0
DA:326,0
DA:329,0
DA:330,0
DA:331,0
DA:334,0
DA:335,0
DA:337,0
DA:342,0
DA:345,0
DA:347,0
DA:350,0
DA:353,0
DA:354,0
DA:356,0
DA:361,0
DA:363,0
DA:385,0
DA:386,0
DA:390,0
DA:393,0
DA:396,0
DA:398,0
DA:401,0
DA:402,0
DA:406,0
DA:407,0
DA:418,0
DA:427,0
DA:429,0
DA:449,0
DA:452,0
DA:454,0
DA:455,0
DA:459,0
DA:460,0
DA:461,0
DA:462,0
DA:466,0
DA:468,0
DA:474,0
DA:479,0
DA:482,0
DA:493,0
DA:503,0
DA:515,0
DA:522,0
DA:523,0
DA:524,0
DA:525,0
DA:527,0
DA:534,0
DA:546,0
DA:549,0
DA:550,0
DA:551,0
DA:554,0
DA:557,0
DA:560,0
DA:561,0
DA:563,0
DA:568,0
DA:573,0
DA:574,0
DA:576,0
DA:578,0
DA:583,0
DA:588,0
DA:589,0
DA:591,0
DA:596,0
DA:601,0
DA:602,0
DA:604,0
DA:609,0
DA:613,0
DA:617,0
DA:622,0
DA:623,0
DA:625,0
DA:630,0
DA:635,0
DA:636,0
DA:638,0
DA:640,0
DA:645,0
DA:649,0
DA:652,0
DA:655,0
DA:656,0
DA:659,0
DA:662,0
DA:671,0
DA:673,0
DA:702,0
DA:713,0
DA:722,0
DA:723,0
DA:724,0
DA:725,0
DA:727,0
DA:742,0
LF:195
LH:0
BRDA:47,0,0,0
BRDA:47,0,1,0
BRDA:49,1,0,0
BRDA:49,1,1,0
BRDA:49,1,2,0
BRDA:49,1,3,0
BRDA:49,1,4,0
BRDA:49,1,5,0
BRDA:49,1,6,0
BRDA:54,2,0,0
BRDA:60,3,0,0
BRDA:87,4,0,0
BRDA:98,5,0,0
BRDA:98,5,1,0
BRDA:123,6,0,0
BRDA:135,7,0,0
BRDA:154,8,0,0
BRDA:178,9,0,0
BRDA:180,10,0,0
BRDA:180,11,0,0
BRDA:180,11,1,0
BRDA:186,12,0,0
BRDA:220,13,0,0
BRDA:224,14,0,0
BRDA:257,15,0,0
BRDA:309,16,0,0
BRDA:347,17,0,0
BRDA:347,17,1,0
BRDA:368,18,0,0
BRDA:368,18,1,0
BRDA:393,19,0,0
BRDA:393,19,1,0
BRDA:396,20,0,0
BRDA:396,20,1,0
BRDA:396,21,0,0
BRDA:396,21,1,0
BRDA:401,22,0,0
BRDA:406,23,0,0
BRDA:422,24,0,0
BRDA:422,24,1,0
BRDA:427,25,0,0
BRDA:427,25,1,0
BRDA:427,26,0,0
BRDA:427,26,1,0
BRDA:449,27,0,0
BRDA:449,27,1,0
BRDA:454,28,0,0
BRDA:502,29,0,0
BRDA:550,30,0,0
BRDA:557,31,0,0
BRDA:557,31,1,0
BRDA:557,31,2,0
BRDA:557,31,3,0
BRDA:557,31,4,0
BRDA:557,31,5,0
BRDA:557,31,6,0
BRDA:557,31,7,0
BRDA:561,32,0,0
BRDA:574,33,0,0
BRDA:574,33,1,0
BRDA:576,34,0,0
BRDA:589,35,0,0
BRDA:602,36,0,0
BRDA:623,37,0,0
BRDA:636,38,0,0
BRDA:636,38,1,0
BRDA:638,39,0,0
BRDA:655,40,0,0
BRDA:671,41,0,0
BRDA:671,41,1,0
BRDA:722,42,0,0
BRDA:722,42,1,0
BRDA:724,43,0,0
BRDA:724,43,1,0
BRDA:747,44,0,0
BRDA:747,44,1,0
BRDA:748,45,0,0
BRDA:748,45,1,0
BRF:78
BRH:0
end_of_record
TN:
SF:src/modules/practice/dto/index.ts
FNF:0
FNH:0
DA:1,0
LF:1
LH:0
BRF:0
BRH:0
end_of_record
TN:
SF:src/modules/practice/dto/practice.dto.ts
FN:4,(anonymous_2)
FNF:1
FNH:0
FNDA:0,(anonymous_2)
DA:1,0
DA:2,0
DA:4,0
DA:5,0
DA:6,0
DA:7,0
DA:8,0
DA:9,0
DA:10,0
DA:13,0
DA:16,0
DA:23,0
DA:28,0
DA:35,0
DA:40,0
DA:43,0
DA:46,0
DA:50,0
DA:55,0
DA:58,0
DA:70,0
DA:72,0
DA:75,0
DA:78,0
DA:81,0
DA:84,0
DA:87,0
DA:90,0
DA:93,0
DA:95,0
DA:98,0
DA:101,0
DA:104,0
DA:107,0
DA:110,0
DA:113,0
LF:36
LH:0
BRDA:4,0,0,0
BRDA:4,0,1,0
BRF:2
BRH:0
end_of_record
TN:
SF:src/modules/progress/progress.controller.ts
FN:12,(anonymous_4)
FN:17,(anonymous_5)
FN:24,(anonymous_6)
FN:31,(anonymous_7)
FN:38,(anonymous_8)
FN:45,(anonymous_9)
FN:52,(anonymous_10)
FN:59,(anonymous_11)
FN:72,(anonymous_12)
FN:80,(anonymous_13)
FNF:10
FNH:0
FNDA:0,(anonymous_4)
FNDA:0,(anonymous_5)
FNDA:0,(anonymous_6)
FNDA:0,(anonymous_7)
FNDA:0,(anonymous_8)
FNDA:0,(anonymous_9)
FNDA:0,(anonymous_10)
FNDA:0,(anonymous_11)
FNDA:0,(anonymous_12)
FNDA:0,(anonymous_13)
DA:1,0
DA:2,0
DA:3,0
DA:4,0
DA:5,0
DA:11,0
DA:12,0
DA:17,0
DA:18,0
DA:24,0
DA:25,0
DA:31,0
DA:32,0
DA:38,0
DA:39,0
DA:45,0
DA:46,0
DA:52,0
DA:53,0
DA:59,0
DA:60,0
DA:72,0
DA:73,0
DA:74,0
DA:80,0
DA:81,0
LF:26
LH:0
BRDA:73,0,0,0
BRDA:73,0,1,0
BRF:2
BRH:0
end_of_record
TN:
SF:src/modules/progress/progress.module.ts
FNF:0
FNH:0
DA:1,0
DA:2,0
DA:3,0
DA:4,0
DA:12,0
LF:5
LH:0
BRF:0
BRH:0
end_of_record
TN:
SF:src/modules/progress/progress.service.ts
FN:18,(anonymous_2)
FN:20,(anonymous_3)
FN:45,(anonymous_4)
FN:69,(anonymous_5)
FN:120,(anonymous_6)
FN:146,(anonymous_7)
FN:159,(anonymous_8)
FN:160,(anonymous_9)
FN:160,(anonymous_10)
FN:171,(anonymous_11)
FN:214,(anonymous_12)
FN:255,(anonymous_13)
FN:256,(anonymous_14)
FN:270,(anonymous_15)
FN:273,(anonymous_16)
FN:277,(anonymous_17)
FN:278,(anonymous_18)
FN:300,(anonymous_19)
FN:335,(anonymous_20)
FN:354,(anonymous_21)
FN:376,(anonymous_22)
FN:463,(anonymous_23)
FN:477,(anonymous_24)
FN:596,(anonymous_25)
FN:620,(anonymous_26)
FN:635,(anonymous_27)
FN:646,(anonymous_28)
FN:654,(anonymous_29)
FNF:28
FNH:0
FNDA:0,(anonymous_2)
FNDA:0,(anonymous_3)
FNDA:0,(anonymous_4)
FNDA:0,(anonymous_5)
FNDA:0,(anonymous_6)
FNDA:0,(anonymous_7)
FNDA:0,(anonymous_8)
FNDA:0,(anonymous_9)
FNDA:0,(anonymous_10)
FNDA:0,(anonymous_11)
FNDA:0,(anonymous_12)
FNDA:0,(anonymous_13)
FNDA:0,(anonymous_14)
FNDA:0,(anonymous_15)
FNDA:0,(anonymous_16)
FNDA:0,(anonymous_17)
FNDA:0,(anonymous_18)
FNDA:0,(anonymous_19)
FNDA:0,(anonymous_20)
FNDA:0,(anonymous_21)
FNDA:0,(anonymous_22)
FNDA:0,(anonymous_23)
FNDA:0,(anonymous_24)
FNDA:0,(anonymous_25)
FNDA:0,(anonymous_26)
FNDA:0,(anonymous_27)
FNDA:0,(anonymous_28)
FNDA:0,(anonymous_29)
DA:1,0
DA:2,0
DA:17,0
DA:18,0
DA:21,0
DA:25,0
DA:26,0
DA:30,0
DA:31,0
DA:32,0
DA:33,0
DA:34,0
DA:36,0
DA:46,0
DA:47,0
DA:50,0
DA:51,0
DA:53,0
DA:61,0
DA:70,0
DA:74,0
DA:75,0
DA:78,0
DA:79,0
DA:82,0
DA:83,0
DA:93,0
DA:95,0
DA:96,0
DA:98,0
DA:100,0
DA:101,0
DA:103,0
DA:104,0
DA:107,0
DA:110,0
DA:121,0
DA:143,0
DA:147,0
DA:155,0
DA:159,0
DA:160,0
DA:162,0
DA:172,0
DA:180,0
DA:192,0
DA:193,0
DA:196,0
DA:198,0
DA:216,0
DA:219,0
DA:220,0
DA:223,0
DA:235,0
DA:251,0
DA:255,0
DA:256,0
DA:257,0
DA:260,0
DA:261,0
DA:263,0
DA:264,0
DA:265,0
DA:266,0
DA:269,0
DA:270,0
DA:272,0
DA:273,0
DA:277,0
DA:278,0
DA:280,0
DA:282,0
DA:290,0
DA:291,0
DA:293,0
DA:294,0
DA:297,0
DA:298,0
DA:300,0
DA:301,0
DA:304,0
DA:312,0
DA:313,0
DA:314,0
DA:315,0
DA:316,0
DA:319,0
DA:327,0
DA:335,0
DA:338,0
DA:346,0
DA:354,0
DA:357,0
DA:359,0
DA:378,0
DA:394,0
DA:395,0
DA:404,0
DA:413,0
DA:414,0
DA:416,0
DA:417,0
DA:424,0
DA:425,0
DA:426,0
DA:427,0
DA:430,0
DA:431,0
DA:436,0
DA:437,0
DA:439,0
DA:440,0
DA:441,0
DA:444,0
DA:445,0
DA:446,0
DA:447,0
DA:449,0
DA:452,0
DA:463,0
DA:465,0
DA:466,0
DA:467,0
DA:469,0
DA:482,0
DA:483,0
DA:486,0
DA:487,0
DA:490,0
DA:504,0
DA:520,0
DA:531,0
DA:532,0
DA:533,0
DA:534,0
DA:535,0
DA:544,0
DA:545,0
DA:546,0
DA:548,0
DA:549,0
DA:550,0
DA:551,0
DA:555,0
DA:556,0
DA:557,0
DA:558,0
DA:560,0
DA:561,0
DA:562,0
DA:563,0
DA:567,0
DA:568,0
DA:570,0
DA:571,0
DA:575,0
DA:576,0
DA:577,0
DA:578,0
DA:579,0
DA:580,0
DA:582,0
DA:585,0
DA:596,0
DA:597,0
DA:600,0
DA:603,0
DA:604,0
DA:606,0
DA:607,0
DA:608,0
DA:609,0
DA:611,0
DA:612,0
DA:613,0
DA:615,0
DA:620,0
DA:621,0
DA:623,0
DA:642,0
DA:643,0
DA:647,0
DA:648,0
DA:649,0
DA:651,0
DA:655,0
DA:656,0
DA:657,0
LF:188
LH:0
BRDA:25,0,0,0
BRDA:74,1,0,0
BRDA:82,2,0,0
BRDA:98,3,0,0
BRDA:98,3,1,0
BRDA:101,4,0,0
BRDA:101,4,1,0
BRDA:196,5,0,0
BRDA:196,5,1,0
BRDA:273,6,0,0
BRDA:273,6,1,0
BRDA:298,7,0,0
BRDA:301,8,0,0
BRDA:301,8,1,0
BRDA:357,9,0,0
BRDA:357,9,1,0
BRDA:394,10,0,0
BRDA:416,11,0,0
BRDA:426,12,0,0
BRDA:430,13,0,0
BRDA:444,14,0,0
BRDA:444,14,1,0
BRDA:446,15,0,0
BRDA:446,15,1,0
BRDA:466,16,0,0
BRDA:466,16,1,0
BRDA:467,17,0,0
BRDA:467,17,1,0
BRDA:479,18,0,0
BRDA:482,19,0,0
BRDA:482,20,0,0
BRDA:482,20,1,0
BRDA:546,21,0,0
BRDA:556,22,0,0
BRDA:558,23,0,0
BRDA:575,24,0,0
BRDA:575,24,1,0
BRDA:577,25,0,0
BRDA:577,25,1,0
BRDA:579,26,0,0
BRDA:579,26,1,0
BRDA:611,27,0,0
BRDA:611,27,1,0
BRDA:621,28,0,0
BRDA:621,28,1,0
BRDA:642,29,0,0
BRF:46
BRH:0
end_of_record
TN:
SF:src/modules/progress/dto/activity-calendar-response.dto.ts
FNF:0
FNH:0
DA:1,0
DA:5,0
DA:7,0
DA:10,0
DA:13,0
DA:16,0
DA:19,0
DA:26,0
DA:29,0
DA:31,0
DA:34,0
DA:37,0
DA:40,0
DA:43,0
DA:48,0
DA:54,0
LF:16
LH:0
BRF:0
BRH:0
end_of_record
TN:
SF:src/modules/progress/dto/analytics-response.dto.ts
FNF:0
FNH:0
DA:1,0
DA:3,0
DA:5,0
DA:8,0
DA:11,0
DA:14,0
DA:16,0
DA:19,0
DA:26,0
DA:29,0
DA:31,0
DA:34,0
DA:37,0
DA:39,0
DA:42,0
DA:45,0
DA:48,0
DA:53,0
DA:59,0
DA:65,0
LF:20
LH:0
BRF:0
BRH:0
end_of_record
TN:
SF:src/modules/progress/dto/index.ts
FNF:0
FNH:0
DA:1,0
DA:2,0
DA:3,0
DA:4,0
DA:5,0
LF:5
LH:0
BRF:0
BRH:0
end_of_record
TN:
SF:src/modules/progress/dto/topic-mastery-response.dto.ts
FNF:0
FNH:0
DA:1,0
DA:5,0
DA:7,0
DA:10,0
DA:13,0
DA:16,0
DA:22,0
DA:29,0
DA:32,0
DA:37,0
DA:43,0
DA:50,0
DA:57,0
LF:13
LH:0
BRF:0
BRH:0
end_of_record
TN:
SF:src/modules/progress/dto/update-streak.dto.ts
FNF:0
FNH:0
DA:1,0
LF:1
LH:0
BRF:0
BRH:0
end_of_record
TN:
SF:src/modules/progress/dto/user-progress-response.dto.ts
FNF:0
FNH:0
DA:1,0
LF:1
LH:0
BRF:0
BRH:0
end_of_record
TN:
SF:src/modules/quiz/quiz.controller.ts
FN:41,(anonymous_4)
FN:57,(anonymous_5)
FN:74,(anonymous_6)
FN:90,(anonymous_7)
FN:106,(anonymous_8)
FN:122,(anonymous_9)
FN:136,(anonymous_10)
FN:151,(anonymous_11)
FN:168,(anonymous_12)
FN:186,(anonymous_13)
FN:205,(anonymous_14)
FN:225,(anonymous_15)
FN:241,(anonymous_16)
FNF:13
FNH:0
FNDA:0,(anonymous_4)
FNDA:0,(anonymous_5)
FNDA:0,(anonymous_6)
FNDA:0,(anonymous_7)
FNDA:0,(anonymous_8)
FNDA:0,(anonymous_9)
FNDA:0,(anonymous_10)
FNDA:0,(anonymous_11)
FNDA:0,(anonymous_12)
FNDA:0,(anonymous_13)
FNDA:0,(anonymous_14)
FNDA:0,(anonymous_15)
FNDA:0,(anonymous_16)
DA:1,0
DA:14,0
DA:15,0
DA:16,0
DA:17,0
DA:18,0
DA:19,0
DA:20,0
DA:40,0
DA:41,0
DA:57,0
DA:58,0
DA:74,0
DA:75,0
DA:90,0
DA:91,0
DA:106,0
DA:107,0
DA:122,0
DA:123,0
DA:136,0
DA:140,0
DA:151,0
DA:155,0
DA:168,0
DA:172,0
DA:186,0
DA:190,0
DA:205,0
DA:210,0
DA:225,0
DA:229,0
DA:241,0
DA:245,0
DA:246,0
LF:35
LH:0
BRDA:245,0,0,0
BRDA:245,0,1,0
BRF:2
BRH:0
end_of_record
TN:
SF:src/modules/quiz/quiz.module.ts
FNF:0
FNH:0
DA:1,0
DA:2,0
DA:3,0
DA:4,0
DA:5,0
DA:6,0
DA:14,0
LF:7
LH:0
BRF:0
BRH:0
end_of_record
TN:
SF:src/modules/quiz/quiz.service.ts
FN:44,(anonymous_2)
FN:55,(anonymous_3)
FN:115,(anonymous_4)
FN:168,(anonymous_5)
FN:198,(anonymous_6)
FN:230,(anonymous_7)
FN:291,(anonymous_8)
FN:328,(anonymous_9)
FN:334,(anonymous_10)
FN:358,(anonymous_11)
FN:413,(anonymous_12)
FN:415,(anonymous_13)
FN:431,(anonymous_14)
FN:467,(anonymous_15)
FN:501,(anonymous_16)
FN:519,(anonymous_17)
FN:557,(anonymous_18)
FN:565,(anonymous_19)
FN:590,(anonymous_20)
FN:622,(anonymous_21)
FN:646,(anonymous_22)
FN:654,(anonymous_23)
FN:671,(anonymous_24)
FN:733,(anonymous_25)
FN:740,(anonymous_26)
FN:756,(anonymous_27)
FN:772,(anonymous_28)
FN:785,(anonymous_29)
FN:798,(anonymous_30)
FN:810,(anonymous_31)
FN:830,(anonymous_32)
FN:843,(anonymous_33)
FN:885,(anonymous_34)
FN:901,(anonymous_35)
FN:915,(anonymous_36)
FN:921,(anonymous_37)
FN:923,(anonymous_38)
FN:934,(anonymous_39)
FN:937,(anonymous_40)
FN:940,(anonymous_41)
FN:951,(anonymous_42)
FN:968,(anonymous_43)
FN:969,(anonymous_44)
FN:984,(anonymous_45)
FN:995,(anonymous_46)
FN:996,(anonymous_47)
FN:999,(anonymous_48)
FN:1027,(anonymous_49)
FNF:48
FNH:0
FNDA:0,(anonymous_2)
FNDA:0,(anonymous_3)
FNDA:0,(anonymous_4)
FNDA:0,(anonymous_5)
FNDA:0,(anonymous_6)
FNDA:0,(anonymous_7)
FNDA:0,(anonymous_8)
FNDA:0,(anonymous_9)
FNDA:0,(anonymous_10)
FNDA:0,(anonymous_11)
FNDA:0,(anonymous_12)
FNDA:0,(anonymous_13)
FNDA:0,(anonymous_14)
FNDA:0,(anonymous_15)
FNDA:0,(anonymous_16)
FNDA:0,(anonymous_17)
FNDA:0,(anonymous_18)
FNDA:0,(anonymous_19)
FNDA:0,(anonymous_20)
FNDA:0,(anonymous_21)
FNDA:0,(anonymous_22)
FNDA:0,(anonymous_23)
FNDA:0,(anonymous_24)
FNDA:0,(anonymous_25)
FNDA:0,(anonymous_26)
FNDA:0,(anonymous_27)
FNDA:0,(anonymous_28)
FNDA:0,(anonymous_29)
FNDA:0,(anonymous_30)
FNDA:0,(anonymous_31)
FNDA:0,(anonymous_32)
FNDA:0,(anonymous_33)
FNDA:0,(anonymous_34)
FNDA:0,(anonymous_35)
FNDA:0,(anonymous_36)
FNDA:0,(anonymous_37)
FNDA:0,(anonymous_38)
FNDA:0,(anonymous_39)
FNDA:0,(anonymous_40)
FNDA:0,(anonymous_41)
FNDA:0,(anonymous_42)
FNDA:0,(anonymous_43)
FNDA:0,(anonymous_44)
FNDA:0,(anonymous_45)
FNDA:0,(anonymous_46)
FNDA:0,(anonymous_47)
FNDA:0,(anonymous_48)
FNDA:0,(anonymous_49)
DA:1,0
DA:7,0
DA:8,0
DA:9,0
DA:26,0
DA:41,0
DA:42,0
DA:45,0
DA:46,0
DA:47,0
DA:56,0
DA:70,0
DA:72,0
DA:75,0
DA:76,0
DA:78,0
DA:81,0
DA:91,0
DA:92,0
DA:93,0
DA:97,0
DA:106,0
DA:109,0
DA:116,0
DA:120,0
DA:121,0
DA:124,0
DA:138,0
DA:139,0
DA:140,0
DA:143,0
DA:144,0
DA:146,0
DA:148,0
DA:152,0
DA:162,0
DA:169,0
DA:176,0
DA:177,0
DA:181,0
DA:183,0
DA:189,0
DA:199,0
DA:203,0
DA:204,0
DA:207,0
DA:224,0
DA:231,0
DA:233,0
DA:237,0
DA:251,0
DA:253,0
DA:255,0
DA:256,0
DA:262,0
DA:263,0
DA:274,0
DA:283,0
DA:292,0
DA:296,0
DA:297,0
DA:300,0
DA:301,0
DA:304,0
DA:305,0
DA:308,0
DA:309,0
DA:312,0
DA:328,0
DA:335,0
DA:344,0
DA:345,0
DA:348,0
DA:349,0
DA:352,0
DA:359,0
DA:368,0
DA:369,0
DA:372,0
DA:373,0
DA:376,0
DA:377,0
DA:381,0
DA:382,0
DA:392,0
DA:393,0
DA:399,0
DA:413,0
DA:415,0
DA:417,0
DA:437,0
DA:448,0
DA:449,0
DA:452,0
DA:453,0
DA:457,0
DA:458,0
DA:459,0
DA:461,0
DA:463,0
DA:467,0
DA:468,0
DA:469,0
DA:473,0
DA:474,0
DA:477,0
DA:478,0
DA:485,0
DA:493,0
DA:496,0
DA:497,0
DA:498,0
DA:501,0
DA:502,0
DA:504,0
DA:520,0
DA:533,0
DA:534,0
DA:537,0
DA:538,0
DA:541,0
DA:542,0
DA:543,0
DA:546,0
DA:547,0
DA:548,0
DA:551,0
DA:552,0
DA:557,0
DA:560,0
DA:561,0
DA:562,0
DA:565,0
DA:566,0
DA:567,0
DA:568,0
DA:571,0
DA:583,0
DA:584,0
DA:586,0
DA:590,0
DA:591,0
DA:592,0
DA:603,0
DA:623,0
DA:627,0
DA:628,0
DA:632,0
DA:646,0
DA:647,0
DA:648,0
DA:649,0
DA:651,0
DA:654,0
DA:672,0
DA:675,0
DA:676,0
DA:677,0
DA:680,0
DA:684,0
DA:685,0
DA:689,0
DA:706,0
DA:708,0
DA:709,0
DA:710,0
DA:712,0
DA:722,0
DA:727,0
DA:732,0
DA:734,0
DA:735,0
DA:737,0
DA:740,0
DA:746,0
DA:748,0
DA:761,0
DA:762,0
DA:764,0
DA:765,0
DA:767,0
DA:770,0
DA:772,0
DA:773,0
DA:775,0
DA:780,0
DA:784,0
DA:785,0
DA:787,0
DA:789,0
DA:794,0
DA:798,0
DA:799,0
DA:801,0
DA:806,0
DA:810,0
DA:811,0
DA:813,0
DA:818,0
DA:822,0
DA:826,0
DA:830,0
DA:831,0
DA:833,0
DA:838,0
DA:842,0
DA:843,0
DA:845,0
DA:847,0
DA:852,0
DA:856,0
DA:859,0
DA:860,0
DA:871,0
DA:875,0
DA:879,0
DA:886,0
DA:888,0
DA:889,0
DA:893,0
DA:894,0
DA:895,0
DA:896,0
DA:900,0
DA:902,0
DA:911,0
DA:915,0
DA:923,0
DA:924,0
DA:927,0
DA:928,0
DA:931,0
DA:932,0
DA:934,0
DA:935,0
DA:937,0
DA:939,0
DA:940,0
DA:945,0
DA:956,0
DA:969,0
DA:971,0
DA:984,0
DA:996,0
DA:998,0
DA:999,0
DA:1001,0
DA:1003,0
DA:1028,0
DA:1043,0
DA:1044,0
DA:1047,0
LF:252
LH:0
BRDA:61,0,0,0
BRDA:61,0,1,0
BRDA:63,1,0,0
BRDA:63,1,1,0
BRDA:64,2,0,0
BRDA:64,2,1,0
BRDA:70,3,0,0
BRDA:75,4,0,0
BRDA:91,5,0,0
BRDA:91,6,0,0
BRDA:91,6,1,0
BRDA:120,7,0,0
BRDA:138,8,0,0
BRDA:139,9,0,0
BRDA:139,9,1,0
BRDA:143,10,0,0
BRDA:176,11,0,0
BRDA:181,12,0,0
BRDA:181,12,1,0
BRDA:203,13,0,0
BRDA:220,14,0,0
BRDA:220,14,1,0
BRDA:231,15,0,0
BRDA:231,15,1,0
BRDA:233,16,0,0
BRDA:233,16,1,0
BRDA:243,17,0,0
BRDA:243,17,1,0
BRDA:244,18,0,0
BRDA:244,18,1,0
BRDA:253,19,0,0
BRDA:293,20,0,0
BRDA:293,20,1,0
BRDA:296,21,0,0
BRDA:300,22,0,0
BRDA:304,23,0,0
BRDA:308,24,0,0
BRDA:318,25,0,0
BRDA:318,25,1,0
BRDA:344,26,0,0
BRDA:348,27,0,0
BRDA:348,28,0,0
BRDA:348,28,1,0
BRDA:368,29,0,0
BRDA:372,30,0,0
BRDA:376,31,0,0
BRDA:392,32,0,0
BRDA:421,33,0,0
BRDA:421,33,1,0
BRDA:448,34,0,0
BRDA:452,35,0,0
BRDA:461,36,0,0
BRDA:468,37,0,0
BRDA:474,38,0,0
BRDA:474,38,1,0
BRDA:477,39,0,0
BRDA:477,39,1,0
BRDA:498,40,0,0
BRDA:498,40,1,0
BRDA:502,41,0,0
BRDA:502,41,1,0
BRDA:508,42,0,0
BRDA:508,42,1,0
BRDA:533,43,0,0
BRDA:537,44,0,0
BRDA:546,45,0,0
BRDA:546,45,1,0
BRDA:551,46,0,0
BRDA:562,47,0,0
BRDA:562,47,1,0
BRDA:566,48,0,0
BRDA:566,48,1,0
BRDA:568,49,0,0
BRDA:568,49,1,0
BRDA:583,50,0,0
BRDA:595,51,0,0
BRDA:595,51,1,0
BRDA:597,52,0,0
BRDA:597,52,1,0
BRDA:598,53,0,0
BRDA:598,53,1,0
BRDA:599,54,0,0
BRDA:599,54,1,0
BRDA:627,55,0,0
BRDA:647,56,0,0
BRDA:671,57,0,0
BRDA:676,58,0,0
BRDA:684,59,0,0
BRDA:722,60,0,0
BRDA:723,61,0,0
BRDA:723,61,1,0
BRDA:723,61,2,0
BRDA:723,61,3,0
BRDA:734,62,0,0
BRDA:765,63,0,0
BRDA:770,64,0,0
BRDA:770,64,1,0
BRDA:770,64,2,0
BRDA:770,64,3,0
BRDA:770,64,4,0
BRDA:770,64,5,0
BRDA:770,64,6,0
BRDA:770,64,7,0
BRDA:773,65,0,0
BRDA:785,66,0,0
BRDA:785,66,1,0
BRDA:787,67,0,0
BRDA:799,68,0,0
BRDA:811,69,0,0
BRDA:831,70,0,0
BRDA:843,71,0,0
BRDA:843,71,1,0
BRDA:845,72,0,0
BRDA:859,73,0,0
BRDA:869,74,0,0
BRDA:869,74,1,0
BRDA:888,75,0,0
BRDA:931,76,0,0
BRDA:931,77,0,0
BRDA:931,77,1,0
BRDA:932,78,0,0
BRDA:932,78,1,0
BRDA:935,79,0,0
BRDA:935,79,1,0
BRDA:940,80,0,0
BRDA:940,80,1,0
BRDA:969,81,0,0
BRDA:969,81,1,0
BRDA:974,82,0,0
BRDA:974,82,1,0
BRDA:975,83,0,0
BRDA:975,83,1,0
BRDA:977,84,0,0
BRDA:977,84,1,0
BRDA:978,85,0,0
BRDA:978,85,1,0
BRDA:979,86,0,0
BRDA:979,86,1,0
BRDA:981,87,0,0
BRDA:981,87,1,0
BRDA:984,88,0,0
BRDA:984,88,1,0
BRDA:985,89,0,0
BRDA:985,89,1,0
BRDA:996,90,0,0
BRDA:996,90,1,0
BRDA:998,91,0,0
BRDA:998,91,1,0
BRDA:998,92,0,0
BRDA:998,92,1,0
BRDA:1001,93,0,0
BRDA:1001,93,1,0
BRDA:1001,94,0,0
BRDA:1001,94,1,0
BRDA:1006,95,0,0
BRDA:1006,95,1,0
BRDA:1007,96,0,0
BRDA:1007,96,1,0
BRDA:1009,97,0,0
BRDA:1009,97,1,0
BRDA:1010,98,0,0
BRDA:1010,98,1,0
BRDA:1011,99,0,0
BRDA:1011,99,1,0
BRDA:1013,100,0,0
BRDA:1013,100,1,0
BRDA:1016,101,0,0
BRDA:1016,101,1,0
BRDA:1031,102,0,0
BRDA:1031,102,1,0
BRDA:1033,103,0,0
BRDA:1033,103,1,0
BRDA:1034,104,0,0
BRDA:1034,104,1,0
BRDA:1035,105,0,0
BRDA:1035,105,1,0
BRDA:1036,106,0,0
BRDA:1036,106,1,0
BRDA:1037,107,0,0
BRDA:1037,107,1,0
BRDA:1043,108,0,0
BRF:181
BRH:0
end_of_record
TN:
SF:src/modules/quiz/dto/quiz.dto.ts
FN:18,(anonymous_2)
FN:28,(anonymous_3)
FN:36,(anonymous_4)
FN:186,(anonymous_5)
FNF:4
FNH:0
FNDA:0,(anonymous_2)
FNDA:0,(anonymous_3)
FNDA:0,(anonymous_4)
FNDA:0,(anonymous_5)
DA:1,0
DA:12,0
DA:13,0
DA:18,0
DA:19,0
DA:20,0
DA:21,0
DA:22,0
DA:28,0
DA:29,0
DA:30,0
DA:36,0
DA:37,0
DA:38,0
DA:39,0
DA:40,0
DA:41,0
DA:42,0
DA:43,0
DA:44,0
DA:45,0
DA:46,0
DA:47,0
DA:48,0
DA:49,0
DA:50,0
DA:51,0
DA:52,0
DA:53,0
DA:59,0
DA:62,0
DA:67,0
DA:71,0
DA:81,0
DA:85,0
DA:90,0
DA:95,0
DA:100,0
DA:105,0
DA:110,0
DA:116,0
DA:122,0
DA:125,0
DA:130,0
DA:135,0
DA:139,0
DA:144,0
DA:151,0
DA:156,0
DA:163,0
DA:169,0
DA:175,0
DA:180,0
DA:186,0
DA:187,0
DA:193,0
DA:198,0
DA:200,0
DA:203,0
DA:206,0
DA:209,0
DA:212,0
DA:215,0
DA:218,0
DA:221,0
DA:224,0
DA:227,0
DA:230,0
DA:234,0
DA:240,0
DA:242,0
DA:245,0
DA:248,0
DA:251,0
DA:254,0
DA:257,0
DA:260,0
DA:263,0
DA:266,0
DA:269,0
DA:272,0
DA:275,0
DA:278,0
DA:281,0
DA:284,0
DA:287,0
DA:290,0
DA:296,0
DA:298,0
DA:301,0
DA:304,0
DA:307,0
DA:310,0
DA:313,0
DA:316,0
DA:319,0
DA:322,0
DA:325,0
DA:328,0
DA:331,0
DA:334,0
DA:337,0
DA:340,0
DA:343,0
DA:346,0
DA:352,0
DA:354,0
DA:357,0
DA:360,0
DA:363,0
DA:366,0
DA:369,0
DA:372,0
DA:378,0
DA:381,0
DA:385,0
DA:389,0
DA:395,0
DA:397,0
DA:400,0
DA:403,0
DA:406,0
DA:409,0
DA:412,0
DA:415,0
DA:418,0
DA:424,0
DA:426,0
DA:429,0
DA:432,0
DA:435,0
DA:438,0
DA:441,0
DA:444,0
DA:447,0
DA:450,0
DA:453,0
DA:456,0
DA:459,0
DA:473,0
DA:475,0
DA:478,0
DA:481,0
DA:484,0
DA:487,0
DA:490,0
DA:493,0
DA:496,0
DA:502,0
DA:505,0
DA:512,0
DA:517,0
DA:524,0
DA:530,0
DA:536,0
DA:540,0
DA:547,0
DA:552,0
DA:557,0
DA:562,0
DA:568,0
DA:570,0
DA:573,0
DA:576,0
DA:579,0
DA:582,0
DA:585,0
LF:167
LH:0
BRDA:18,0,0,0
BRDA:18,0,1,0
BRDA:28,1,0,0
BRDA:28,1,1,0
BRDA:36,2,0,0
BRDA:36,2,1,0
BRF:6
BRH:0
end_of_record
TN:
SF:src/modules/users/users.module.ts
FNF:0
FNH:0
DA:1,0
DA:8,0
LF:2
LH:0
BRF:0
BRH:0
end_of_record
TN:
SF:src/modules/verses/verses.controller.ts
FN:20,(anonymous_4)
FN:25,(anonymous_5)
FN:32,(anonymous_6)
FN:39,(anonymous_7)
FN:47,(anonymous_8)
FN:58,(anonymous_9)
FN:67,(anonymous_10)
FN:80,(anonymous_11)
FN:93,(anonymous_12)
FN:104,(anonymous_13)
FN:118,(anonymous_14)
FN:132,(anonymous_15)
FNF:12
FNH:0
FNDA:0,(anonymous_4)
FNDA:0,(anonymous_5)
FNDA:0,(anonymous_6)
FNDA:0,(anonymous_7)
FNDA:0,(anonymous_8)
FNDA:0,(anonymous_9)
FNDA:0,(anonymous_10)
FNDA:0,(anonymous_11)
FNDA:0,(anonymous_12)
FNDA:0,(anonymous_13)
FNDA:0,(anonymous_14)
FNDA:0,(anonymous_15)
DA:1,0
DA:11,0
DA:12,0
DA:13,0
DA:14,0
DA:15,0
DA:19,0
DA:20,0
DA:25,0
DA:26,0
DA:32,0
DA:33,0
DA:39,0
DA:40,0
DA:47,0
DA:51,0
DA:58,0
DA:59,0
DA:67,0
DA:72,0
DA:80,0
DA:85,0
DA:93,0
DA:94,0
DA:104,0
DA:108,0
DA:118,0
DA:122,0
DA:132,0
DA:137,0
LF:30
LH:0
BRF:0
BRH:0
end_of_record
TN:
SF:src/modules/verses/verses.module.ts
FNF:0
FNH:0
DA:1,0
DA:2,0
DA:3,0
DA:4,0
DA:12,0
LF:5
LH:0
BRF:0
BRH:0
end_of_record
TN:
SF:src/modules/verses/verses.service.ts
FN:12,(anonymous_2)
FN:17,(anonymous_3)
FN:64,(anonymous_4)
FN:98,(anonymous_5)
FN:144,(anonymous_6)
FN:199,(anonymous_7)
FN:229,(anonymous_8)
FN:242,(anonymous_9)
FN:255,(anonymous_10)
FN:270,(anonymous_11)
FN:277,(anonymous_12)
FN:300,(anonymous_13)
FN:320,(anonymous_14)
FN:325,(anonymous_15)
FN:336,(anonymous_16)
FN:347,(anonymous_17)
FN:358,(anonymous_18)
FN:372,(anonymous_19)
FN:391,(anonymous_20)
FN:469,(anonymous_21)
FN:471,(anonymous_22)
FN:559,(anonymous_23)
FN:564,(anonymous_24)
FN:573,(anonymous_25)
FN:578,(anonymous_26)
FN:587,(anonymous_27)
FNF:26
FNH:0
FNDA:0,(anonymous_2)
FNDA:0,(anonymous_3)
FNDA:0,(anonymous_4)
FNDA:0,(anonymous_5)
FNDA:0,(anonymous_6)
FNDA:0,(anonymous_7)
FNDA:0,(anonymous_8)
FNDA:0,(anonymous_9)
FNDA:0,(anonymous_10)
FNDA:0,(anonymous_11)
FNDA:0,(anonymous_12)
FNDA:0,(anonymous_13)
FNDA:0,(anonymous_14)
FNDA:0,(anonymous_15)
FNDA:0,(anonymous_16)
FNDA:0,(anonymous_17)
FNDA:0,(anonymous_18)
FNDA:0,(anonymous_19)
FNDA:0,(anonymous_20)
FNDA:0,(anonymous_21)
FNDA:0,(anonymous_22)
FNDA:0,(anonymous_23)
FNDA:0,(anonymous_24)
FNDA:0,(anonymous_25)
FNDA:0,(anonymous_26)
FNDA:0,(anonymous_27)
DA:1,0
DA:2,0
DA:3,0
DA:7,0
DA:9,0
DA:10,0
DA:13,0
DA:14,0
DA:18,0
DA:19,0
DA:22,0
DA:25,0
DA:26,0
DA:27,0
DA:30,0
DA:31,0
DA:33,0
DA:48,0
DA:59,0
DA:61,0
DA:66,0
DA:69,0
DA:70,0
DA:71,0
DA:74,0
DA:88,0
DA:89,0
DA:93,0
DA:95,0
DA:100,0
DA:103,0
DA:104,0
DA:105,0
DA:108,0
DA:121,0
DA:122,0
DA:125,0
DA:139,0
DA:141,0
DA:145,0
DA:146,0
DA:148,0
DA:150,0
DA:152,0
DA:159,0
DA:161,0
DA:170,0
DA:186,0
DA:200,0
DA:202,0
DA:203,0
DA:211,0
DA:226,0
DA:230,0
DA:232,0
DA:239,0
DA:243,0
DA:245,0
DA:252,0
DA:256,0
DA:270,0
DA:278,0
DA:280,0
DA:281,0
DA:284,0
DA:285,0
DA:288,0
DA:290,0
DA:301,0
DA:302,0
DA:310,0
DA:321,0
DA:323,0
DA:325,0
DA:326,0
DA:327,0
DA:335,0
DA:336,0
DA:338,0
DA:339,0
DA:347,0
DA:348,0
DA:349,0
DA:357,0
DA:359,0
DA:361,0
DA:362,0
DA:371,0
DA:372,0
DA:374,0
DA:375,0
DA:384,0
DA:392,0
DA:393,0
DA:396,0
DA:397,0
DA:398,0
DA:401,0
DA:406,0
DA:432,0
DA:433,0
DA:434,0
DA:436,0
DA:437,0
DA:462,0
DA:470,0
DA:471,0
DA:473,0
DA:474,0
DA:478,0
DA:480,0
DA:481,0
DA:492,0
DA:495,0
DA:496,0
DA:507,0
DA:508,0
DA:519,0
DA:520,0
DA:531,0
DA:532,0
DA:542,0
DA:561,0
DA:563,0
DA:564,0
DA:565,0
DA:566,0
DA:572,0
DA:573,0
DA:577,0
DA:578,0
DA:579,0
DA:580,0
DA:584,0
DA:588,0
DA:589,0
DA:591,0
DA:592,0
DA:594,0
LF:139
LH:0
BRDA:18,0,0,0
BRDA:18,1,0,0
BRDA:22,2,0,0
BRDA:22,2,1,0
BRDA:26,3,0,0
BRDA:31,4,0,0
BRDA:70,5,0,0
BRDA:88,6,0,0
BRDA:104,7,0,0
BRDA:121,8,0,0
BRDA:145,9,0,0
BRDA:145,10,0,0
BRDA:145,11,0,0
BRDA:150,12,0,0
BRDA:150,12,1,0
BRDA:159,13,0,0
BRDA:178,14,0,0
BRDA:178,14,1,0
BRDA:202,15,0,0
BRDA:202,16,0,0
BRDA:202,16,1,0
BRDA:205,17,0,0
BRDA:205,17,1,0
BRDA:206,18,0,0
BRDA:206,18,1,0
BRDA:217,19,0,0
BRDA:217,19,1,0
BRDA:218,20,0,0
BRDA:218,20,1,0
BRDA:280,21,0,0
BRDA:280,22,0,0
BRDA:280,22,1,0
BRDA:301,23,0,0
BRDA:301,23,1,0
BRDA:323,24,0,0
BRDA:323,24,1,0
BRDA:326,25,0,0
BRDA:336,26,0,0
BRDA:336,26,1,0
BRDA:336,26,2,0
BRDA:338,27,0,0
BRDA:348,28,0,0
BRDA:359,29,0,0
BRDA:359,29,1,0
BRDA:359,29,2,0
BRDA:361,30,0,0
BRDA:372,31,0,0
BRDA:372,31,1,0
BRDA:372,31,2,0
BRDA:374,32,0,0
BRDA:401,33,0,0
BRDA:402,34,0,0
BRDA:402,34,1,0
BRDA:402,34,2,0
BRDA:402,34,3,0
BRDA:402,34,4,0
BRDA:436,35,0,0
BRDA:436,36,0,0
BRDA:436,36,1,0
BRDA:473,37,0,0
BRDA:480,38,0,0
BRDA:495,39,0,0
BRDA:495,40,0,0
BRDA:495,40,1,0
BRDA:507,41,0,0
BRDA:507,42,0,0
BRDA:507,42,1,0
BRDA:519,43,0,0
BRDA:519,44,0,0
BRDA:519,44,1,0
BRDA:531,45,0,0
BRDA:531,46,0,0
BRDA:531,46,1,0
BRDA:561,47,0,0
BRDA:565,48,0,0
BRDA:565,49,0,0
BRDA:565,49,1,0
BRDA:565,49,2,0
BRDA:572,50,0,0
BRDA:573,51,0,0
BRDA:573,51,1,0
BRDA:577,52,0,0
BRDA:577,53,0,0
BRDA:577,53,1,0
BRDA:579,54,0,0
BRDA:579,55,0,0
BRDA:579,55,1,0
BRDA:588,56,0,0
BRDA:588,57,0,0
BRDA:588,57,1,0
BRDA:588,57,2,0
BRDA:591,58,0,0
BRDA:591,59,0,0
BRDA:591,59,1,0
BRF:94
BRH:0
end_of_record
TN:
SF:src/modules/verses/dto/find-verses.dto.ts
FN:8,(anonymous_2)
FN:15,(anonymous_3)
FN:22,(anonymous_4)
FNF:3
FNH:0
FNDA:0,(anonymous_2)
FNDA:0,(anonymous_3)
FNDA:0,(anonymous_4)
DA:1,0
DA:2,0
DA:3,0
DA:5,0
DA:8,0
DA:11,0
DA:15,0
DA:18,0
DA:22,0
DA:25,0
LF:10
LH:0
BRF:0
BRH:0
end_of_record
TN:
SF:src/modules/verses/dto/index.ts
FNF:0
FNH:0
DA:1,0
DA:2,0
LF:2
LH:0
BRF:0
BRH:0
end_of_record
TN:
SF:src/modules/verses/dto/search-verses.dto.ts
FN:17,(anonymous_2)
FN:24,(anonymous_3)
FNF:2
FNH:0
FNDA:0,(anonymous_2)
FNDA:0,(anonymous_3)
DA:1,0
DA:2,0
DA:3,0
DA:5,0
DA:8,0
DA:13,0
DA:17,0
DA:20,0
DA:24,0
DA:27,0
LF:10
LH:0
BRF:0
BRH:0
end_of_record
TN:
SF:src/prisma/prisma.module.ts
FNF:0
FNH:0
DA:1,0
DA:2,0
DA:9,0
LF:3
LH:0
BRF:0
BRH:0
end_of_record
TN:
SF:src/prisma/prisma.service.ts
FN:6,(anonymous_1)
FN:10,(anonymous_2)
FN:14,(anonymous_3)
FN:20,(anonymous_4)
FN:24,(anonymous_5)
FNF:5
FNH:0
FNDA:0,(anonymous_1)
FNDA:0,(anonymous_2)
FNDA:0,(anonymous_3)
FNDA:0,(anonymous_4)
FNDA:0,(anonymous_5)
DA:1,1
DA:2,1
DA:5,1
DA:7,0
DA:11,0
DA:15,0
DA:16,0
DA:19,0
DA:20,0
DA:23,0
DA:24,0
LF:11
LH:3
BRDA:15,0,0,0
BRDA:20,1,0,0
BRDA:20,1,1,0
BRDA:20,1,2,0
BRF:4
BRH:0
end_of_record
TN:
SF:src/redis/redis.module.ts
FNF:0
FNH:0
DA:1,0
DA:2,0
DA:9,0
LF:3
LH:0
BRF:0
BRH:0
end_of_record
TN:
SF:src/redis/redis.service.ts
FN:9,(anonymous_2)
FN:11,(anonymous_3)
FN:15,(anonymous_4)
FN:21,(anonymous_5)
FN:25,(anonymous_6)
FN:30,(anonymous_7)
FN:34,(anonymous_8)
FN:38,(anonymous_9)
FN:42,(anonymous_10)
FN:46,(anonymous_11)
FN:53,(anonymous_12)
FN:57,(anonymous_13)
FN:61,(anonymous_14)
FN:65,(anonymous_15)
FN:69,(anonymous_16)
FNF:15
FNH:0
FNDA:0,(anonymous_2)
FNDA:0,(anonymous_3)
FNDA:0,(anonymous_4)
FNDA:0,(anonymous_5)
FNDA:0,(anonymous_6)
FNDA:0,(anonymous_7)
FNDA:0,(anonymous_8)
FNDA:0,(anonymous_9)
FNDA:0,(anonymous_10)
FNDA:0,(anonymous_11)
FNDA:0,(anonymous_12)
FNDA:0,(anonymous_13)
FNDA:0,(anonymous_14)
FNDA:0,(anonymous_15)
FNDA:0,(anonymous_16)
DA:1,0
DA:2,0
DA:3,0
DA:6,0
DA:9,0
DA:12,0
DA:16,0
DA:17,0
DA:21,0
DA:22,0
DA:25,0
DA:26,0
DA:31,0
DA:35,0
DA:39,0
DA:43,0
DA:47,0
DA:48,0
DA:50,0
DA:54,0
DA:58,0
DA:62,0
DA:66,0
DA:70,0
LF:24
LH:0
BRDA:47,0,0,0
BRF:1
BRH:0
end_of_record
TN:
SF:src/scripts/fix-grammar-data.ts
FN:36,parseMorphologyFeatures
FN:108,fixGrammarData
FN:178,(anonymous_2)
FN:182,(anonymous_3)
FNF:4
FNH:0
FNDA:0,parseMorphologyFeatures
FNDA:0,fixGrammarData
FNDA:0,(anonymous_2)
FNDA:0,(anonymous_3)
DA:8,0
DA:10,0
DA:13,0
DA:19,0
DA:26,0
DA:44,0
DA:46,0
DA:49,0
DA:50,0
DA:51,0
DA:52,0
DA:53,0
DA:54,0
DA:55,0
DA:57,0
DA:58,0
DA:59,0
DA:60,0
DA:61,0
DA:63,0
DA:64,0
DA:65,0
DA:66,0
DA:67,0
DA:69,0
DA:70,0
DA:71,0
DA:72,0
DA:73,0
DA:75,0
DA:76,0
DA:77,0
DA:78,0
DA:79,0
DA:81,0
DA:82,0
DA:83,0
DA:84,0
DA:85,0
DA:87,0
DA:88,0
DA:89,0
DA:90,0
DA:94,0
DA:95,0
DA:96,0
DA:97,0
DA:98,0
DA:99,0
DA:100,0
DA:101,0
DA:102,0
DA:105,0
DA:109,0
DA:112,0
DA:120,0
DA:122,0
DA:123,0
DA:125,0
DA:126,0
DA:127,0
DA:129,0
DA:130,0
DA:131,0
DA:135,0
DA:138,0
DA:143,0
DA:145,0
DA:146,0
DA:152,0
DA:153,0
DA:154,0
DA:157,0
DA:160,0
DA:164,0
DA:165,0
DA:168,0
DA:172,0
DA:176,0
DA:177,0
DA:179,0
DA:180,0
DA:183,0
DA:184,0
DA:188,0
LF:85
LH:0
BRDA:46,0,0,0
BRDA:49,1,0,0
BRDA:49,1,1,0
BRDA:49,2,0,0
BRDA:49,2,1,0
BRDA:52,3,0,0
BRDA:52,3,1,0
BRDA:52,4,0,0
BRDA:52,4,1,0
BRDA:55,5,0,0
BRDA:55,5,1,0
BRDA:61,6,0,0
BRDA:61,6,1,0
BRDA:67,7,0,0
BRDA:67,7,1,0
BRDA:73,8,0,0
BRDA:73,8,1,0
BRDA:79,9,0,0
BRDA:79,9,1,0
BRDA:85,10,0,0
BRDA:94,11,0,0
BRDA:94,11,1,0
BRDA:97,12,0,0
BRDA:97,12,1,0
BRDA:100,13,0,0
BRDA:129,14,0,0
BRDA:145,15,0,0
BRDA:176,16,0,0
BRF:28
BRH:0
end_of_record
TN:
SF:src/scripts/import-quran-complete.ts
FN:27,(anonymous_0)
FN:30,(anonymous_1)
FN:35,(anonymous_2)
FN:40,(anonymous_3)
FN:48,(anonymous_4)
FN:62,removeDiacritics
FN:99,importQuranData
FN:122,(anonymous_7)
FN:132,(anonymous_8)
FN:134,(anonymous_9)
FN:141,(anonymous_10)
FN:225,(anonymous_11)
FN:226,(anonymous_12)
FNF:13
FNH:0
FNDA:0,(anonymous_0)
FNDA:0,(anonymous_1)
FNDA:0,(anonymous_2)
FNDA:0,(anonymous_3)
FNDA:0,(anonymous_4)
FNDA:0,removeDiacritics
FNDA:0,importQuranData
FNDA:0,(anonymous_7)
FNDA:0,(anonymous_8)
FNDA:0,(anonymous_9)
FNDA:0,(anonymous_10)
FNDA:0,(anonymous_11)
FNDA:0,(anonymous_12)
DA:11,0
DA:12,0
DA:13,0
DA:15,0
DA:20,0
DA:28,0
DA:31,0
DA:32,0
DA:36,0
DA:37,0
DA:41,0
DA:42,0
DA:43,0
DA:44,0
DA:49,0
DA:50,0
DA:51,0
DA:52,0
DA:57,0
DA:63,0
DA:69,0
DA:79,0
DA:84,0
DA:90,0
DA:100,0
DA:101,0
DA:104,0
DA:105,0
DA:106,0
DA:107,0
DA:110,0
DA:111,0
DA:112,0
DA:113,0
DA:116,0
DA:118,0
DA:120,0
DA:122,0
DA:126,0
DA:132,0
DA:134,0
DA:141,0
DA:191,0
DA:193,0
DA:195,0
DA:199,0
DA:200,0
DA:201,0
DA:203,0
DA:204,0
DA:206,0
DA:207,0
DA:209,0
DA:210,0
DA:211,0
DA:214,0
DA:216,0
DA:217,0
DA:219,0
DA:223,0
DA:224,0
DA:225,0
DA:227,0
DA:228,0
DA:232,0
LF:65
LH:0
BRDA:43,0,0,0
BRDA:49,1,0,0
BRDA:49,2,0,0
BRDA:49,2,1,0
BRDA:146,3,0,0
BRDA:146,3,1,0
BRDA:147,4,0,0
BRDA:147,4,1,0
BRDA:149,5,0,0
BRDA:149,5,1,0
BRDA:151,6,0,0
BRDA:151,6,1,0
BRDA:151,7,0,0
BRDA:151,7,1,0
BRDA:155,8,0,0
BRDA:155,8,1,0
BRDA:155,9,0,0
BRDA:155,9,1,0
BRDA:159,10,0,0
BRDA:159,10,1,0
BRDA:159,11,0,0
BRDA:159,11,1,0
BRDA:163,12,0,0
BRDA:163,12,1,0
BRDA:163,13,0,0
BRDA:163,13,1,0
BRDA:167,14,0,0
BRDA:167,14,1,0
BRDA:167,15,0,0
BRDA:167,15,1,0
BRDA:171,16,0,0
BRDA:171,16,1,0
BRDA:171,17,0,0
BRDA:171,17,1,0
BRDA:175,18,0,0
BRDA:175,18,1,0
BRDA:175,19,0,0
BRDA:175,19,1,0
BRDA:179,20,0,0
BRDA:179,20,1,0
BRDA:180,21,0,0
BRDA:180,21,1,0
BRDA:206,22,0,0
BRDA:206,22,1,0
BRDA:206,23,0,0
BRDA:206,23,1,0
BRDA:223,24,0,0
BRF:47
BRH:0
end_of_record
TN:
SF:src/scripts/import-quran-data.ts
FN:19,(anonymous_0)
FN:34,(anonymous_1)
FN:39,(anonymous_2)
FN:44,(anonymous_3)
FN:49,(anonymous_4)
FN:61,(anonymous_5)
FN:68,(anonymous_6)
FN:73,(anonymous_7)
FN:91,(anonymous_8)
FN:99,(anonymous_9)
FN:149,(anonymous_10)
FN:158,(anonymous_11)
FN:196,(anonymous_12)
FN:245,(anonymous_13)
FN:262,(anonymous_14)
FN:276,(anonymous_15)
FN:295,(anonymous_16)
FN:322,(anonymous_17)
FN:336,(anonymous_18)
FN:343,(anonymous_19)
FN:360,(anonymous_20)
FN:361,(anonymous_21)
FNF:22
FNH:0
FNDA:0,(anonymous_0)
FNDA:0,(anonymous_1)
FNDA:0,(anonymous_2)
FNDA:0,(anonymous_3)
FNDA:0,(anonymous_4)
FNDA:0,(anonymous_5)
FNDA:0,(anonymous_6)
FNDA:0,(anonymous_7)
FNDA:0,(anonymous_8)
FNDA:0,(anonymous_9)
FNDA:0,(anonymous_10)
FNDA:0,(anonymous_11)
FNDA:0,(anonymous_12)
FNDA:0,(anonymous_13)
FNDA:0,(anonymous_14)
FNDA:0,(anonymous_15)
FNDA:0,(anonymous_16)
FNDA:0,(anonymous_17)
FNDA:0,(anonymous_18)
FNDA:0,(anonymous_19)
FNDA:0,(anonymous_20)
FNDA:0,(anonymous_21)
DA:11,0
DA:13,0
DA:14,0
DA:15,0
DA:20,0
DA:21,0
DA:25,0
DA:35,0
DA:36,0
DA:37,0
DA:40,0
DA:41,0
DA:45,0
DA:46,0
DA:50,0
DA:51,0
DA:52,0
DA:53,0
DA:55,0
DA:56,0
DA:57,0
DA:62,0
DA:63,0
DA:64,0
DA:65,0
DA:69,0
DA:70,0
DA:74,0
DA:82,0
DA:87,0
DA:92,0
DA:93,0
DA:100,0
DA:102,0
DA:104,0
DA:105,0
DA:106,0
DA:110,0
DA:111,0
DA:114,0
DA:115,0
DA:117,0
DA:118,0
DA:119,0
DA:121,0
DA:122,0
DA:123,0
DA:126,0
DA:128,0
DA:129,0
DA:130,0
DA:131,0
DA:133,0
DA:137,0
DA:138,0
DA:142,0
DA:143,0
DA:154,0
DA:155,0
DA:158,0
DA:159,0
DA:161,0
DA:162,0
DA:165,0
DA:166,0
DA:170,0
DA:179,0
DA:180,0
DA:181,0
DA:185,0
DA:196,0
DA:227,0
DA:228,0
DA:230,0
DA:238,0
DA:251,0
DA:252,0
DA:256,0
DA:263,0
DA:265,0
DA:270,0
DA:281,0
DA:282,0
DA:284,0
DA:294,0
DA:296,0
DA:304,0
DA:312,0
DA:323,0
DA:330,0
DA:331,0
DA:332,0
DA:333,0
DA:334,0
DA:336,0
DA:337,0
DA:339,0
DA:340,0
DA:341,0
DA:342,0
DA:343,0
DA:344,0
DA:346,0
DA:349,0
DA:355,0
DA:356,0
DA:357,0
DA:358,0
DA:359,0
DA:360,0
DA:361,0
DA:362,0
DA:365,0
DA:366,0
DA:367,0
DA:368,0
DA:371,0
DA:372,0
DA:375,0
DA:376,0
DA:378,0
DA:379,0
DA:381,0
LF:123
LH:0
BRDA:55,0,0,0
BRDA:99,1,0,0
BRDA:100,2,0,0
BRDA:100,3,0,0
BRDA:104,4,0,0
BRDA:121,5,0,0
BRDA:165,6,0,0
BRDA:179,7,0,0
BRDA:251,8,0,0
BRDA:251,9,0,0
BRDA:251,9,1,0
BRDA:330,10,0,0
BRDA:340,11,0,0
BRDA:366,12,0,0
BRDA:371,13,0,0
BRF:15
BRH:0
end_of_record
TN:
SF:src/scripts/run-import.ts
FN:6,main
FN:18,(anonymous_1)
FN:26,(anonymous_2)
FN:28,(anonymous_3)
FN:35,(anonymous_4)
FN:60,(anonymous_5)
FNF:6
FNH:0
FNDA:0,main
FNDA:0,(anonymous_1)
FNDA:0,(anonymous_2)
FNDA:0,(anonymous_3)
FNDA:0,(anonymous_4)
FNDA:0,(anonymous_5)
DA:1,0
DA:2,0
DA:4,0
DA:7,0
DA:8,0
DA:10,0
DA:11,0
DA:12,0
DA:14,0
DA:16,0
DA:17,0
DA:18,0
DA:20,0
DA:26,0
DA:28,0
DA:34,0
DA:35,0
DA:49,0
DA:52,0
DA:53,0
DA:54,0
DA:55,0
DA:58,0
DA:60,0
LF:24
LH:0
BRDA:40,0,0,0
BRDA:40,0,1,0
BRDA:41,1,0,0
BRDA:41,1,1,0
BRDA:42,2,0,0
BRDA:42,2,1,0
BRDA:49,3,0,0
BRF:7
BRH:0
end_of_record
TN:
SF:src/scripts/verify-data.ts
FN:5,verify
FN:29,(anonymous_1)
FN:45,(anonymous_2)
FN:59,(anonymous_3)
FNF:4
FNH:0
FNDA:0,verify
FNDA:0,(anonymous_1)
FNDA:0,(anonymous_2)
FNDA:0,(anonymous_3)
DA:1,0
DA:3,0
DA:6,0
DA:9,0
DA:10,0
DA:11,0
DA:12,0
DA:13,0
DA:18,0
DA:19,0
DA:24,0
DA:25,0
DA:26,0
DA:27,0
DA:28,0
DA:29,0
DA:30,0
DA:37,0
DA:38,0
DA:45,0
DA:46,0
DA:50,0
DA:51,0
DA:52,0
DA:54,0
DA:57,0
DA:59,0
LF:27
LH:0
BRDA:14,0,0,0
BRDA:14,0,1,0
BRDA:14,1,0,0
BRDA:14,1,1,0
BRDA:24,2,0,0
BRDA:31,3,0,0
BRDA:31,3,1,0
BRF:7
BRH:0
end_of_record
TN:
SF:src/scripts/verify-quran-data.ts
FN:64,(anonymous_0)
FN:71,(anonymous_1)
FN:86,(anonymous_2)
FN:98,(anonymous_3)
FN:142,(anonymous_4)
FN:185,(anonymous_5)
FN:221,(anonymous_6)
FN:258,(anonymous_7)
FN:306,(anonymous_8)
FN:317,(anonymous_9)
FN:332,(anonymous_10)
FN:348,(anonymous_11)
FN:354,(anonymous_12)
FN:398,(anonymous_13)
FN:404,(anonymous_14)
FN:412,(anonymous_15)
FN:427,(anonymous_16)
FN:442,(anonymous_17)
FN:468,(anonymous_18)
FN:477,(anonymous_19)
FNF:20
FNH:0
FNDA:0,(anonymous_0)
FNDA:0,(anonymous_1)
FNDA:0,(anonymous_2)
FNDA:0,(anonymous_3)
FNDA:0,(anonymous_4)
FNDA:0,(anonymous_5)
FNDA:0,(anonymous_6)
FNDA:0,(anonymous_7)
FNDA:0,(anonymous_8)
FNDA:0,(anonymous_9)
FNDA:0,(anonymous_10)
FNDA:0,(anonymous_11)
FNDA:0,(anonymous_12)
FNDA:0,(anonymous_13)
FNDA:0,(anonymous_14)
FNDA:0,(anonymous_15)
FNDA:0,(anonymous_16)
FNDA:0,(anonymous_17)
FNDA:0,(anonymous_18)
FNDA:0,(anonymous_19)
DA:14,0
DA:15,0
DA:17,0
DA:62,0
DA:65,0
DA:72,0
DA:75,0
DA:76,0
DA:77,0
DA:78,0
DA:79,0
DA:80,0
DA:83,0
DA:86,0
DA:88,0
DA:99,0
DA:101,0
DA:103,0
DA:104,0
DA:108,0
DA:109,0
DA:115,0
DA:121,0
DA:122,0
DA:128,0
DA:130,0
DA:135,0
DA:143,0
DA:145,0
DA:147,0
DA:148,0
DA:149,0
DA:158,0
DA:159,0
DA:164,0
DA:165,0
DA:171,0
DA:173,0
DA:178,0
DA:186,0
DA:188,0
DA:200,0
DA:201,0
DA:207,0
DA:209,0
DA:214,0
DA:222,0
DA:224,0
DA:227,0
DA:231,0
DA:236,0
DA:238,0
DA:247,0
DA:248,0
DA:250,0
DA:252,0
DA:259,0
DA:261,0
DA:264,0
DA:270,0
DA:271,0
DA:275,0
DA:281,0
DA:282,0
DA:285,0
DA:286,0
DA:292,0
DA:294,0
DA:299,0
DA:307,0
DA:309,0
DA:317,0
DA:319,0
DA:320,0
DA:327,0
DA:328,0
DA:332,0
DA:334,0
DA:336,0
DA:341,0
DA:349,0
DA:350,0
DA:353,0
DA:355,0
DA:359,0
DA:365,0
DA:377,0
DA:387,0
DA:399,0
DA:400,0
DA:403,0
DA:404,0
DA:406,0
DA:413,0
DA:414,0
DA:415,0
DA:418,0
DA:419,0
DA:421,0
DA:425,0
DA:426,0
DA:427,0
DA:428,0
DA:429,0
DA:430,0
DA:431,0
DA:436,0
DA:437,0
DA:438,0
DA:439,0
DA:440,0
DA:441,0
DA:442,0
DA:443,0
DA:444,0
DA:449,0
DA:450,0
DA:451,0
DA:452,0
DA:453,0
DA:456,0
DA:457,0
DA:458,0
DA:462,0
DA:469,0
DA:476,0
DA:477,0
DA:478,0
DA:480,0
DA:481,0
DA:482,0
DA:484,0
DA:485,0
DA:487,0
DA:490,0
DA:491,0
DA:493,0
LF:137
LH:0
BRDA:108,0,0,0
BRDA:108,0,1,0
BRDA:121,1,0,0
BRDA:121,1,1,0
BRDA:158,2,0,0
BRDA:164,3,0,0
BRDA:164,3,1,0
BRDA:200,4,0,0
BRDA:200,4,1,0
BRDA:241,5,0,0
BRDA:241,5,1,0
BRDA:247,6,0,0
BRDA:247,6,1,0
BRDA:270,7,0,0
BRDA:281,8,0,0
BRDA:285,9,0,0
BRDA:285,9,1,0
BRDA:321,10,0,0
BRDA:321,10,1,0
BRDA:321,10,2,0
BRDA:327,11,0,0
BRDA:327,11,1,0
BRDA:404,12,0,0
BRDA:404,12,1,0
BRDA:418,13,0,0
BRDA:418,13,1,0
BRDA:428,14,0,0
BRDA:428,14,1,0
BRDA:430,15,0,0
BRDA:430,16,0,0
BRDA:430,16,1,0
BRDA:443,17,0,0
BRDA:443,17,1,0
BRDA:476,18,0,0
BRDA:484,19,0,0
BRDA:484,19,1,0
BRF:36
BRH:0
end_of_record
TN:
SF:src/scripts/fetchers/corpus-morphology-parser.ts
FN:35,(anonymous_0)
FN:38,(anonymous_1)
FN:43,(anonymous_2)
FN:48,(anonymous_3)
FN:56,(anonymous_4)
FN:74,(anonymous_5)
FN:108,(anonymous_6)
FN:142,(anonymous_7)
FN:173,(anonymous_8)
FN:191,(anonymous_9)
FN:205,(anonymous_10)
FN:209,(anonymous_11)
FN:212,(anonymous_12)
FN:231,(anonymous_13)
FN:233,(anonymous_14)
FN:238,(anonymous_15)
FN:276,(anonymous_16)
FN:285,(anonymous_17)
FN:311,(anonymous_18)
FN:319,(anonymous_19)
FN:335,(anonymous_20)
FN:345,(anonymous_21)
FN:366,(anonymous_22)
FN:384,(anonymous_23)
FN:387,(anonymous_24)
FNF:25
FNH:0
FNDA:0,(anonymous_0)
FNDA:0,(anonymous_1)
FNDA:0,(anonymous_2)
FNDA:0,(anonymous_3)
FNDA:0,(anonymous_4)
FNDA:0,(anonymous_5)
FNDA:0,(anonymous_6)
FNDA:0,(anonymous_7)
FNDA:0,(anonymous_8)
FNDA:0,(anonymous_9)
FNDA:0,(anonymous_10)
FNDA:0,(anonymous_11)
FNDA:0,(anonymous_12)
FNDA:0,(anonymous_13)
FNDA:0,(anonymous_14)
FNDA:0,(anonymous_15)
FNDA:0,(anonymous_16)
FNDA:0,(anonymous_17)
FNDA:0,(anonymous_18)
FNDA:0,(anonymous_19)
FNDA:0,(anonymous_20)
FNDA:0,(anonymous_21)
FNDA:0,(anonymous_22)
FNDA:0,(anonymous_23)
FNDA:0,(anonymous_24)
DA:13,0
DA:14,0
DA:15,0
DA:26,0
DA:36,0
DA:39,0
DA:40,0
DA:44,0
DA:45,0
DA:49,0
DA:50,0
DA:51,0
DA:52,0
DA:57,0
DA:58,0
DA:59,0
DA:60,0
DA:65,0
DA:70,0
DA:75,0
DA:77,0
DA:78,0
DA:81,0
DA:82,0
DA:84,0
DA:87,0
DA:88,0
DA:91,0
DA:92,0
DA:94,0
DA:109,0
DA:110,0
DA:112,0
DA:113,0
DA:116,0
DA:117,0
DA:120,0
DA:121,0
DA:122,0
DA:123,0
DA:126,0
DA:130,0
DA:131,0
DA:135,0
DA:143,0
DA:144,0
DA:145,0
DA:148,0
DA:151,0
DA:152,0
DA:153,0
DA:156,0
DA:158,0
DA:174,0
DA:177,0
DA:178,0
DA:180,0
DA:181,0
DA:184,0
DA:188,0
DA:189,0
DA:191,0
DA:192,0
DA:193,0
DA:195,0
DA:196,0
DA:199,0
DA:206,0
DA:209,0
DA:212,0
DA:215,0
DA:217,0
DA:233,0
DA:235,0
DA:237,0
DA:238,0
DA:243,0
DA:245,0
DA:246,0
DA:247,0
DA:249,0
DA:276,0
DA:286,0
DA:288,0
DA:289,0
DA:291,0
DA:292,0
DA:293,0
DA:295,0
DA:297,0
DA:298,0
DA:301,0
DA:305,0
DA:312,0
DA:313,0
DA:314,0
DA:318,0
DA:319,0
DA:320,0
DA:323,0
DA:328,0
DA:329,0
DA:341,0
DA:342,0
DA:343,0
DA:345,0
DA:346,0
DA:347,0
DA:349,0
DA:350,0
DA:353,0
DA:365,0
DA:366,0
DA:367,0
DA:368,0
DA:370,0
DA:373,0
DA:376,0
DA:377,0
DA:378,0
DA:379,0
DA:380,0
DA:382,0
DA:383,0
DA:384,0
DA:387,0
DA:388,0
DA:389,0
DA:393,0
DA:394,0
DA:396,0
DA:397,0
DA:398,0
DA:399,0
DA:400,0
DA:401,0
DA:403,0
DA:405,0
DA:406,0
LF:139
LH:0
BRDA:51,0,0,0
BRDA:57,1,0,0
BRDA:57,2,0,0
BRDA:57,2,1,0
BRDA:77,3,0,0
BRDA:116,4,0,0
BRDA:116,5,0,0
BRDA:116,5,1,0
BRDA:116,5,2,0
BRDA:122,6,0,0
BRDA:130,7,0,0
BRDA:144,8,0,0
BRDA:152,9,0,0
BRDA:180,10,0,0
BRDA:235,11,0,0
BRDA:245,12,0,0
BRDA:245,12,1,0
BRDA:246,13,0,0
BRDA:246,13,1,0
BRDA:247,14,0,0
BRDA:247,14,1,0
BRDA:251,15,0,0
BRDA:251,15,1,0
BRDA:251,16,0,0
BRDA:251,16,1,0
BRDA:254,17,0,0
BRDA:254,17,1,0
BRDA:254,18,0,0
BRDA:254,18,1,0
BRDA:255,19,0,0
BRDA:255,19,1,0
BRDA:255,20,0,0
BRDA:255,20,1,0
BRDA:255,21,0,0
BRDA:255,21,1,0
BRDA:256,22,0,0
BRDA:256,22,1,0
BRDA:256,23,0,0
BRDA:256,23,1,0
BRDA:256,24,0,0
BRDA:256,24,1,0
BRDA:257,25,0,0
BRDA:257,25,1,0
BRDA:257,26,0,0
BRDA:257,26,1,0
BRDA:257,27,0,0
BRDA:257,27,1,0
BRDA:258,28,0,0
BRDA:258,28,1,0
BRDA:258,29,0,0
BRDA:258,29,1,0
BRDA:259,30,0,0
BRDA:259,30,1,0
BRDA:261,31,0,0
BRDA:261,31,1,0
BRDA:261,32,0,0
BRDA:261,32,1,0
BRDA:261,32,2,0
BRDA:261,32,3,0
BRDA:261,32,4,0
BRDA:261,32,5,0
BRDA:268,33,0,0
BRDA:268,33,1,0
BRDA:268,34,0,0
BRDA:268,34,1,0
BRDA:268,34,2,0
BRDA:268,34,3,0
BRDA:268,34,4,0
BRDA:268,34,5,0
BRDA:293,35,0,0
BRDA:295,36,0,0
BRDA:295,36,1,0
BRDA:313,37,0,0
BRDA:349,38,0,0
BRDA:349,38,1,0
BRDA:350,39,0,0
BRDA:350,39,1,0
BRDA:365,40,0,0
BRDA:388,41,0,0
BRDA:388,41,1,0
BRF:80
BRH:0
end_of_record
TN:
SF:src/scripts/fetchers/data-merger.ts
FN:32,(anonymous_0)
FN:35,(anonymous_1)
FN:40,(anonymous_2)
FN:45,(anonymous_3)
FN:53,(anonymous_4)
FN:58,(anonymous_5)
FN:131,(anonymous_6)
FN:139,(anonymous_7)
FN:151,(anonymous_8)
FN:157,(anonymous_9)
FN:176,(anonymous_10)
FN:232,(anonymous_11)
FN:249,(anonymous_12)
FN:254,(anonymous_13)
FN:297,(anonymous_14)
FN:310,(anonymous_15)
FN:361,(anonymous_16)
FN:379,(anonymous_17)
FN:382,(anonymous_18)
FN:387,(anonymous_19)
FN:393,(anonymous_20)
FNF:21
FNH:0
FNDA:0,(anonymous_0)
FNDA:0,(anonymous_1)
FNDA:0,(anonymous_2)
FNDA:0,(anonymous_3)
FNDA:0,(anonymous_4)
FNDA:0,(anonymous_5)
FNDA:0,(anonymous_6)
FNDA:0,(anonymous_7)
FNDA:0,(anonymous_8)
FNDA:0,(anonymous_9)
FNDA:0,(anonymous_10)
FNDA:0,(anonymous_11)
FNDA:0,(anonymous_12)
FNDA:0,(anonymous_13)
FNDA:0,(anonymous_14)
FNDA:0,(anonymous_15)
FNDA:0,(anonymous_16)
FNDA:0,(anonymous_17)
FNDA:0,(anonymous_18)
FNDA:0,(anonymous_19)
FNDA:0,(anonymous_20)
DA:12,0
DA:13,0
DA:20,0
DA:33,0
DA:36,0
DA:37,0
DA:41,0
DA:42,0
DA:46,0
DA:47,0
DA:48,0
DA:49,0
DA:54,0
DA:55,0
DA:59,0
DA:60,0
DA:61,0
DA:62,0
DA:67,0
DA:127,0
DA:132,0
DA:134,0
DA:135,0
DA:137,0
DA:139,0
DA:140,0
DA:143,0
DA:145,0
DA:152,0
DA:154,0
DA:155,0
DA:157,0
DA:159,0
DA:160,0
DA:161,0
DA:162,0
DA:163,0
DA:165,0
DA:168,0
DA:170,0
DA:183,0
DA:186,0
DA:189,0
DA:226,0
DA:233,0
DA:236,0
DA:239,0
DA:242,0
DA:243,0
DA:244,0
DA:245,0
DA:247,0
DA:249,0
DA:250,0
DA:251,0
DA:254,0
DA:256,0
DA:257,0
DA:259,0
DA:261,0
DA:264,0
DA:265,0
DA:267,0
DA:268,0
DA:272,0
DA:282,0
DA:285,0
DA:286,0
DA:287,0
DA:288,0
DA:289,0
DA:291,0
DA:298,0
DA:299,0
DA:300,0
DA:303,0
DA:304,0
DA:318,0
DA:319,0
DA:320,0
DA:321,0
DA:323,0
DA:325,0
DA:326,0
DA:328,0
DA:329,0
DA:331,0
DA:332,0
DA:333,0
DA:336,0
DA:337,0
DA:340,0
DA:341,0
DA:346,0
DA:360,0
DA:361,0
DA:362,0
DA:363,0
DA:365,0
DA:368,0
DA:371,0
DA:372,0
DA:373,0
DA:374,0
DA:375,0
DA:377,0
DA:378,0
DA:379,0
DA:382,0
DA:383,0
DA:386,0
DA:387,0
DA:388,0
DA:389,0
DA:392,0
DA:393,0
DA:394,0
DA:395,0
DA:399,0
DA:400,0
DA:402,0
DA:403,0
DA:404,0
DA:405,0
DA:406,0
DA:408,0
DA:410,0
DA:411,0
LF:128
LH:0
BRDA:48,0,0,0
BRDA:59,1,0,0
BRDA:59,2,0,0
BRDA:59,2,1,0
BRDA:198,3,0,0
BRDA:198,3,1,0
BRDA:199,4,0,0
BRDA:199,4,1,0
BRDA:264,5,0,0
BRDA:264,5,1,0
BRDA:299,6,0,0
BRDA:331,7,0,0
BRDA:332,8,0,0
BRDA:332,8,1,0
BRDA:333,9,0,0
BRDA:333,9,1,0
BRDA:336,10,0,0
BRDA:337,11,0,0
BRDA:337,11,1,0
BRDA:340,12,0,0
BRDA:341,13,0,0
BRDA:341,13,1,0
BRDA:360,14,0,0
BRDA:388,15,0,0
BRDA:388,15,1,0
BRDA:394,16,0,0
BRDA:394,16,1,0
BRDA:394,17,0,0
BRDA:394,17,1,0
BRF:29
BRH:0
end_of_record
TN:
SF:src/scripts/fetchers/quran-api-fetcher.ts
FN:71,(anonymous_0)
FN:74,(anonymous_1)
FN:79,(anonymous_2)
FN:84,(anonymous_3)
FN:92,(anonymous_4)
FN:97,(anonymous_5)
FN:110,(anonymous_6)
FN:117,(anonymous_7)
FN:123,(anonymous_8)
FN:131,(anonymous_9)
FN:144,(anonymous_10)
FN:148,(anonymous_11)
FN:207,(anonymous_12)
FN:208,(anonymous_13)
FN:220,(anonymous_14)
FN:232,(anonymous_15)
FN:251,(anonymous_16)
FN:271,(anonymous_17)
FN:320,(anonymous_18)
FN:322,(anonymous_19)
FN:335,(anonymous_20)
FN:352,(anonymous_21)
FN:352,(anonymous_22)
FN:371,(anonymous_23)
FN:381,(anonymous_24)
FN:384,(anonymous_25)
FN:384,(anonymous_26)
FN:409,(anonymous_27)
FN:431,(anonymous_28)
FN:444,(anonymous_29)
FN:453,(anonymous_30)
FNF:31
FNH:0
FNDA:0,(anonymous_0)
FNDA:0,(anonymous_1)
FNDA:0,(anonymous_2)
FNDA:0,(anonymous_3)
FNDA:0,(anonymous_4)
FNDA:0,(anonymous_5)
FNDA:0,(anonymous_6)
FNDA:0,(anonymous_7)
FNDA:0,(anonymous_8)
FNDA:0,(anonymous_9)
FNDA:0,(anonymous_10)
FNDA:0,(anonymous_11)
FNDA:0,(anonymous_12)
FNDA:0,(anonymous_13)
FNDA:0,(anonymous_14)
FNDA:0,(anonymous_15)
FNDA:0,(anonymous_16)
FNDA:0,(anonymous_17)
FNDA:0,(anonymous_18)
FNDA:0,(anonymous_19)
FNDA:0,(anonymous_20)
FNDA:0,(anonymous_21)
FNDA:0,(anonymous_22)
FNDA:0,(anonymous_23)
FNDA:0,(anonymous_24)
FNDA:0,(anonymous_25)
FNDA:0,(anonymous_26)
FNDA:0,(anonymous_27)
FNDA:0,(anonymous_28)
FNDA:0,(anonymous_29)
FNDA:0,(anonymous_30)
DA:19,0
DA:20,0
DA:21,0
DA:34,0
DA:72,0
DA:75,0
DA:76,0
DA:80,0
DA:81,0
DA:85,0
DA:86,0
DA:87,0
DA:88,0
DA:93,0
DA:94,0
DA:98,0
DA:99,0
DA:100,0
DA:104,0
DA:111,0
DA:112,0
DA:113,0
DA:118,0
DA:119,0
DA:120,0
DA:124,0
DA:125,0
DA:127,0
DA:128,0
DA:132,0
DA:136,0
DA:145,0
DA:150,0
DA:152,0
DA:153,0
DA:154,0
DA:157,0
DA:158,0
DA:159,0
DA:160,0
DA:161,0
DA:162,0
DA:166,0
DA:167,0
DA:168,0
DA:171,0
DA:172,0
DA:175,0
DA:176,0
DA:180,0
DA:181,0
DA:185,0
DA:186,0
DA:189,0
DA:190,0
DA:192,0
DA:193,0
DA:197,0
DA:198,0
DA:199,0
DA:200,0
DA:204,0
DA:208,0
DA:215,0
DA:217,0
DA:221,0
DA:226,0
DA:233,0
DA:236,0
DA:237,0
DA:238,0
DA:239,0
DA:240,0
DA:241,0
DA:246,0
DA:247,0
DA:248,0
DA:251,0
DA:262,0
DA:263,0
DA:265,0
DA:272,0
DA:278,0
DA:279,0
DA:280,0
DA:281,0
DA:282,0
DA:283,0
DA:288,0
DA:289,0
DA:290,0
DA:291,0
DA:293,0
DA:294,0
DA:303,0
DA:306,0
DA:309,0
DA:310,0
DA:312,0
DA:320,0
DA:322,0
DA:326,0
DA:327,0
DA:329,0
DA:336,0
DA:337,0
DA:339,0
DA:341,0
DA:342,0
DA:343,0
DA:347,0
DA:348,0
DA:349,0
DA:351,0
DA:352,0
DA:355,0
DA:359,0
DA:360,0
DA:364,0
DA:365,0
DA:377,0
DA:378,0
DA:379,0
DA:381,0
DA:382,0
DA:383,0
DA:384,0
DA:388,0
DA:389,0
DA:391,0
DA:398,0
DA:410,0
DA:411,0
DA:412,0
DA:413,0
DA:414,0
DA:416,0
DA:417,0
DA:420,0
DA:421,0
DA:424,0
DA:432,0
DA:445,0
DA:452,0
DA:453,0
DA:454,0
DA:455,0
DA:457,0
DA:460,0
DA:463,0
DA:464,0
DA:465,0
DA:466,0
DA:467,0
DA:468,0
DA:469,0
DA:472,0
DA:473,0
DA:474,0
DA:475,0
DA:476,0
DA:478,0
DA:479,0
DA:480,0
DA:481,0
DA:482,0
DA:484,0
DA:486,0
DA:487,0
LF:169
LH:0
BRDA:87,0,0,0
BRDA:111,1,0,0
BRDA:124,2,0,0
BRDA:148,3,0,0
BRDA:157,4,0,0
BRDA:159,5,0,0
BRDA:159,5,1,0
BRDA:166,6,0,0
BRDA:167,7,0,0
BRDA:180,8,0,0
BRDA:185,9,0,0
BRDA:192,10,0,0
BRDA:232,11,0,0
BRDA:236,12,0,0
BRDA:236,13,0,0
BRDA:236,13,1,0
BRDA:239,14,0,0
BRDA:256,15,0,0
BRDA:256,15,1,0
BRDA:271,16,0,0
BRDA:278,17,0,0
BRDA:278,18,0,0
BRDA:278,18,1,0
BRDA:281,19,0,0
BRDA:310,20,0,0
BRDA:310,20,1,0
BRDA:335,21,0,0
BRDA:411,22,0,0
BRDA:411,22,1,0
BRDA:413,23,0,0
BRDA:413,23,1,0
BRDA:414,24,0,0
BRDA:414,24,1,0
BRDA:416,25,0,0
BRDA:416,26,0,0
BRDA:416,26,1,0
BRDA:420,27,0,0
BRDA:452,28,0,0
BRF:38
BRH:0
end_of_record
TN:
SF:src/scripts/fetchers/quran-corpus-fetcher.ts
FN:50,(anonymous_0)
FN:53,(anonymous_1)
FN:58,(anonymous_2)
FN:63,(anonymous_3)
FN:74,(anonymous_4)
FN:79,(anonymous_5)
FN:91,(anonymous_6)
FN:96,(anonymous_7)
FN:108,(anonymous_8)
FN:109,(anonymous_9)
FN:119,(anonymous_10)
FN:147,(anonymous_11)
FN:148,(anonymous_12)
FN:158,(anonymous_13)
FN:165,(anonymous_14)
FN:172,(anonymous_15)
FN:181,(anonymous_16)
FN:191,(anonymous_17)
FN:198,(anonymous_18)
FN:214,(anonymous_19)
FN:242,(anonymous_20)
FN:279,(anonymous_21)
FN:285,(anonymous_22)
FN:287,(anonymous_23)
FN:313,(anonymous_24)
FN:321,(anonymous_25)
FN:331,(anonymous_26)
FN:342,(anonymous_27)
FN:357,(anonymous_28)
FN:385,(anonymous_29)
FN:397,(anonymous_30)
FN:422,(anonymous_31)
FN:438,(anonymous_32)
FN:439,(anonymous_33)
FNF:34
FNH:0
FNDA:0,(anonymous_0)
FNDA:0,(anonymous_1)
FNDA:0,(anonymous_2)
FNDA:0,(anonymous_3)
FNDA:0,(anonymous_4)
FNDA:0,(anonymous_5)
FNDA:0,(anonymous_6)
FNDA:0,(anonymous_7)
FNDA:0,(anonymous_8)
FNDA:0,(anonymous_9)
FNDA:0,(anonymous_10)
FNDA:0,(anonymous_11)
FNDA:0,(anonymous_12)
FNDA:0,(anonymous_13)
FNDA:0,(anonymous_14)
FNDA:0,(anonymous_15)
FNDA:0,(anonymous_16)
FNDA:0,(anonymous_17)
FNDA:0,(anonymous_18)
FNDA:0,(anonymous_19)
FNDA:0,(anonymous_20)
FNDA:0,(anonymous_21)
FNDA:0,(anonymous_22)
FNDA:0,(anonymous_23)
FNDA:0,(anonymous_24)
FNDA:0,(anonymous_25)
FNDA:0,(anonymous_26)
FNDA:0,(anonymous_27)
FNDA:0,(anonymous_28)
FNDA:0,(anonymous_29)
FNDA:0,(anonymous_30)
FNDA:0,(anonymous_31)
FNDA:0,(anonymous_32)
FNDA:0,(anonymous_33)
DA:16,0
DA:17,0
DA:18,0
DA:23,0
DA:51,0
DA:54,0
DA:55,0
DA:59,0
DA:60,0
DA:64,0
DA:65,0
DA:66,0
DA:67,0
DA:68,0
DA:69,0
DA:75,0
DA:76,0
DA:80,0
DA:81,0
DA:82,0
DA:86,0
DA:92,0
DA:93,0
DA:94,0
DA:97,0
DA:98,0
DA:100,0
DA:101,0
DA:102,0
DA:105,0
DA:109,0
DA:113,0
DA:120,0
DA:122,0
DA:123,0
DA:124,0
DA:126,0
DA:127,0
DA:130,0
DA:131,0
DA:133,0
DA:134,0
DA:138,0
DA:139,0
DA:140,0
DA:144,0
DA:148,0
DA:152,0
DA:159,0
DA:160,0
DA:161,0
DA:166,0
DA:167,0
DA:168,0
DA:169,0
DA:173,0
DA:174,0
DA:177,0
DA:178,0
DA:182,0
DA:186,0
DA:191,0
DA:192,0
DA:193,0
DA:199,0
DA:201,0
DA:204,0
DA:205,0
DA:206,0
DA:207,0
DA:208,0
DA:209,0
DA:214,0
DA:215,0
DA:216,0
DA:219,0
DA:221,0
DA:222,0
DA:228,0
DA:229,0
DA:233,0
DA:235,0
DA:236,0
DA:244,0
DA:245,0
DA:246,0
DA:249,0
DA:250,0
DA:251,0
DA:254,0
DA:255,0
DA:256,0
DA:259,0
DA:261,0
DA:285,0
DA:287,0
DA:289,0
DA:291,0
DA:307,0
DA:314,0
DA:322,0
DA:325,0
DA:326,0
DA:327,0
DA:331,0
DA:332,0
DA:336,0
DA:343,0
DA:358,0
DA:360,0
DA:362,0
DA:363,0
DA:364,0
DA:368,0
DA:369,0
DA:370,0
DA:371,0
DA:373,0
DA:374,0
DA:378,0
DA:379,0
DA:391,0
DA:392,0
DA:393,0
DA:395,0
DA:396,0
DA:397,0
DA:399,0
DA:400,0
DA:402,0
DA:409,0
DA:421,0
DA:422,0
DA:423,0
DA:424,0
DA:426,0
DA:429,0
DA:432,0
DA:433,0
DA:434,0
DA:435,0
DA:436,0
DA:437,0
DA:438,0
DA:439,0
DA:440,0
DA:445,0
DA:446,0
DA:448,0
DA:449,0
LF:150
LH:0
BRDA:66,0,0,0
BRDA:68,1,0,0
BRDA:100,2,0,0
BRDA:119,3,0,0
BRDA:126,4,0,0
BRDA:133,5,0,0
BRDA:159,6,0,0
BRDA:173,7,0,0
BRDA:198,8,0,0
BRDA:204,9,0,0
BRDA:204,10,0,0
BRDA:204,10,1,0
BRDA:207,11,0,0
BRDA:215,12,0,0
BRDA:326,13,0,0
BRDA:331,14,0,0
BRDA:331,15,0,0
BRDA:331,15,1,0
BRDA:347,16,0,0
BRDA:347,16,1,0
BRDA:357,17,0,0
BRDA:421,18,0,0
BRF:22
BRH:0
end_of_record
TN:
SF:src/scripts/mappers/quran-corpus-mapper.ts
FN:30,(anonymous_0)
FN:55,(anonymous_1)
FN:56,(anonymous_2)
FN:62,(anonymous_3)
FN:136,(anonymous_4)
FN:157,(anonymous_5)
FN:165,(anonymous_6)
FN:172,(anonymous_7)
FN:198,(anonymous_8)
FN:217,(anonymous_9)
FN:240,(anonymous_10)
FN:266,(anonymous_11)
FN:307,(anonymous_12)
FN:359,(anonymous_13)
FN:395,(anonymous_14)
FNF:15
FNH:0
FNDA:0,(anonymous_0)
FNDA:0,(anonymous_1)
FNDA:0,(anonymous_2)
FNDA:0,(anonymous_3)
FNDA:0,(anonymous_4)
FNDA:0,(anonymous_5)
FNDA:0,(anonymous_6)
FNDA:0,(anonymous_7)
FNDA:0,(anonymous_8)
FNDA:0,(anonymous_9)
FNDA:0,(anonymous_10)
FNDA:0,(anonymous_11)
FNDA:0,(anonymous_12)
FNDA:0,(anonymous_13)
FNDA:0,(anonymous_14)
DA:13,0
DA:26,0
DA:32,0
DA:35,0
DA:36,0
DA:40,0
DA:56,0
DA:63,0
DA:66,0
DA:67,0
DA:70,0
DA:73,0
DA:76,0
DA:79,0
DA:82,0
DA:85,0
DA:88,0
DA:90,0
DA:137,0
DA:138,0
DA:141,0
DA:142,0
DA:145,0
DA:146,0
DA:149,0
DA:150,0
DA:158,0
DA:159,0
DA:166,0
DA:176,0
DA:179,0
DA:180,0
DA:183,0
DA:184,0
DA:187,0
DA:188,0
DA:192,0
DA:199,0
DA:201,0
DA:203,0
DA:204,0
DA:207,0
DA:208,0
DA:211,0
DA:218,0
DA:220,0
DA:222,0
DA:223,0
DA:226,0
DA:227,0
DA:230,0
DA:231,0
DA:234,0
DA:244,0
DA:246,0
DA:248,0
DA:249,0
DA:250,0
DA:251,0
DA:253,0
DA:256,0
DA:257,0
DA:260,0
DA:272,0
DA:273,0
DA:277,0
DA:278,0
DA:281,0
DA:283,0
DA:285,0
DA:286,0
DA:289,0
DA:290,0
DA:293,0
DA:294,0
DA:297,0
DA:298,0
DA:301,0
DA:311,0
DA:313,0
DA:315,0
DA:316,0
DA:317,0
DA:318,0
DA:321,0
DA:322,0
DA:323,0
DA:324,0
DA:327,0
DA:328,0
DA:329,0
DA:330,0
DA:333,0
DA:334,0
DA:341,0
DA:342,0
DA:345,0
DA:346,0
DA:349,0
DA:350,0
DA:353,0
DA:363,0
DA:365,0
DA:367,0
DA:368,0
DA:371,0
DA:372,0
DA:373,0
DA:374,0
DA:375,0
DA:376,0
DA:378,0
DA:381,0
DA:382,0
DA:385,0
DA:386,0
DA:389,0
DA:399,0
DA:400,0
DA:402,0
DA:403,0
DA:404,0
DA:406,0
DA:407,0
DA:410,0
DA:417,0
LF:126
LH:0
BRDA:45,0,0,0
BRDA:45,0,1,0
BRDA:48,1,0,0
BRDA:48,1,1,0
BRDA:63,2,0,0
BRDA:63,2,1,0
BRDA:94,3,0,0
BRDA:94,3,1,0
BRDA:137,4,0,0
BRDA:137,5,0,0
BRDA:137,5,1,0
BRDA:137,5,2,0
BRDA:141,6,0,0
BRDA:141,7,0,0
BRDA:141,7,1,0
BRDA:145,8,0,0
BRDA:145,9,0,0
BRDA:145,9,1,0
BRDA:149,10,0,0
BRDA:149,11,0,0
BRDA:149,11,1,0
BRDA:158,12,0,0
BRDA:176,13,0,0
BRDA:176,13,1,0
BRDA:176,13,2,0
BRDA:179,14,0,0
BRDA:179,15,0,0
BRDA:179,15,1,0
BRDA:179,15,2,0
BRDA:183,16,0,0
BRDA:183,17,0,0
BRDA:183,17,1,0
BRDA:183,17,2,0
BRDA:187,18,0,0
BRDA:187,19,0,0
BRDA:187,19,1,0
BRDA:187,19,2,0
BRDA:199,20,0,0
BRDA:203,21,0,0
BRDA:203,22,0,0
BRDA:203,22,1,0
BRDA:203,22,2,0
BRDA:207,23,0,0
BRDA:207,24,0,0
BRDA:207,24,1,0
BRDA:207,24,2,0
BRDA:218,25,0,0
BRDA:222,26,0,0
BRDA:222,27,0,0
BRDA:222,27,1,0
BRDA:222,27,2,0
BRDA:226,28,0,0
BRDA:226,29,0,0
BRDA:226,29,1,0
BRDA:226,29,2,0
BRDA:230,30,0,0
BRDA:230,31,0,0
BRDA:230,31,1,0
BRDA:230,31,2,0
BRDA:244,32,0,0
BRDA:248,33,0,0
BRDA:248,34,0,0
BRDA:248,34,1,0
BRDA:250,35,0,0
BRDA:256,36,0,0
BRDA:256,37,0,0
BRDA:256,37,1,0
BRDA:272,38,0,0
BRDA:272,39,0,0
BRDA:272,39,1,0
BRDA:277,40,0,0
BRDA:281,41,0,0
BRDA:285,42,0,0
BRDA:285,43,0,0
BRDA:285,43,1,0
BRDA:289,44,0,0
BRDA:289,45,0,0
BRDA:289,45,1,0
BRDA:293,46,0,0
BRDA:293,47,0,0
BRDA:293,47,1,0
BRDA:297,48,0,0
BRDA:297,49,0,0
BRDA:297,49,1,0
BRDA:311,50,0,0
BRDA:315,51,0,0
BRDA:315,52,0,0
BRDA:315,52,1,0
BRDA:315,52,2,0
BRDA:316,53,0,0
BRDA:316,53,1,0
BRDA:317,54,0,0
BRDA:317,54,1,0
BRDA:321,55,0,0
BRDA:321,56,0,0
BRDA:321,56,1,0
BRDA:321,56,2,0
BRDA:322,57,0,0
BRDA:322,57,1,0
BRDA:323,58,0,0
BRDA:323,58,1,0
BRDA:327,59,0,0
BRDA:327,60,0,0
BRDA:327,60,1,0
BRDA:327,60,2,0
BRDA:328,61,0,0
BRDA:328,61,1,0
BRDA:329,62,0,0
BRDA:329,62,1,0
BRDA:333,63,0,0
BRDA:333,64,0,0
BRDA:333,64,1,0
BRDA:341,65,0,0
BRDA:341,66,0,0
BRDA:341,66,1,0
BRDA:345,67,0,0
BRDA:345,68,0,0
BRDA:345,68,1,0
BRDA:349,69,0,0
BRDA:349,70,0,0
BRDA:349,70,1,0
BRDA:363,71,0,0
BRDA:367,72,0,0
BRDA:367,73,0,0
BRDA:367,73,1,0
BRDA:371,74,0,0
BRDA:371,75,0,0
BRDA:371,75,1,0
BRDA:373,76,0,0
BRDA:373,76,1,0
BRDA:373,77,0,0
BRDA:373,77,1,0
BRDA:375,78,0,0
BRDA:375,79,0,0
BRDA:375,79,1,0
BRDA:381,80,0,0
BRDA:381,81,0,0
BRDA:381,81,1,0
BRDA:385,82,0,0
BRDA:385,83,0,0
BRDA:385,83,1,0
BRF:141
BRH:0
end_of_record
TN:
SF:src/scripts/types/corpus-morphology.types.ts
FNF:0
FNH:0
DA:89,0
LF:1
LH:0
BRF:0
BRH:0
end_of_record
TN:
SF:src/scripts/types/quran-corpus.types.ts
FN:244,(anonymous_0)
FN:251,(anonymous_1)
FN:258,(anonymous_2)
FNF:3
FNH:0
FNDA:0,(anonymous_0)
FNDA:0,(anonymous_1)
FNDA:0,(anonymous_2)
DA:139,0
DA:185,0
DA:230,0
DA:243,0
DA:245,0
DA:246,0
DA:250,0
DA:252,0
DA:253,0
DA:257,0
DA:260,0
DA:261,0
DA:263,0
DA:264,0
LF:14
LH:0
BRF:0
BRH:0
end_of_record
TN:
SF:src/scripts/utils/rate-limiter.ts
FN:18,(anonymous_0)
FN:32,(anonymous_1)
FN:36,(anonymous_2)
FN:68,(anonymous_3)
FN:74,(anonymous_4)
FN:75,(anonymous_5)
FN:87,(anonymous_6)
FN:88,(anonymous_7)
FN:94,(anonymous_8)
FNF:9
FNH:0
FNDA:0,(anonymous_0)
FNDA:0,(anonymous_1)
FNDA:0,(anonymous_2)
FNDA:0,(anonymous_3)
FNDA:0,(anonymous_4)
FNDA:0,(anonymous_5)
FNDA:0,(anonymous_6)
FNDA:0,(anonymous_7)
FNDA:0,(anonymous_8)
DA:12,0
DA:13,0
DA:23,0
DA:24,0
DA:25,0
DA:33,0
DA:36,0
DA:39,0
DA:40,0
DA:41,0
DA:42,0
DA:45,0
DA:49,0
DA:50,0
DA:51,0
DA:52,0
DA:53,0
DA:54,0
DA:59,0
DA:62,0
DA:73,0
DA:74,0
DA:75,0
DA:77,0
DA:88,0
DA:95,0
LF:26
LH:0
BRDA:19,0,0,0
BRDA:20,1,0,0
BRDA:21,2,0,0
BRDA:39,3,0,0
BRDA:50,4,0,0
BRDA:53,5,0,0
BRF:6
BRH:0
end_of_record
