TN:
SF:src/app.module.ts
FNF:0
FNH:0
DA:1,0
DA:2,0
DA:3,0
DA:4,0
DA:5,0
DA:6,0
DA:7,0
DA:8,0
DA:9,0
DA:10,0
DA:11,0
DA:12,0
DA:13,0
DA:14,0
DA:15,0
DA:50,0
LF:16
LH:0
BRDA:22,0,0,0
BRDA:22,0,1,0
BRF:2
BRH:0
end_of_record
TN:
SF:src/main.ts
FN:8,bootstrap
FNF:1
FNH:0
FNDA:0,bootstrap
DA:1,0
DA:2,0
DA:3,0
DA:4,0
DA:5,0
DA:6,0
DA:9,0
DA:12,0
DA:15,0
DA:67,0
DA:77,0
DA:86,0
DA:89,0
DA:96,0
DA:97,0
DA:99,0
DA:100,0
DA:102,0
DA:103,0
DA:106,0
LF:20
LH:0
BRDA:68,0,0,0
BRDA:68,0,1,0
BRDA:99,1,0,0
BRDA:99,1,1,0
BRF:4
BRH:0
end_of_record
TN:
SF:src/common/cache/cache.module.ts
FNF:0
FNH:0
DA:1,0
DA:2,0
DA:9,0
LF:3
LH:0
BRF:0
BRH:0
end_of_record
TN:
SF:src/common/cache/cache.service.ts
FN:9,(anonymous_2)
FN:11,(anonymous_3)
FN:19,(anonymous_4)
FN:23,(anonymous_5)
FN:27,(anonymous_6)
FN:35,(anonymous_7)
FN:39,(anonymous_8)
FNF:7
FNH:0
FNDA:0,(anonymous_2)
FNDA:0,(anonymous_3)
FNDA:0,(anonymous_4)
FNDA:0,(anonymous_5)
FNDA:0,(anonymous_6)
FNDA:0,(anonymous_7)
FNDA:0,(anonymous_8)
DA:1,0
DA:2,0
DA:3,0
DA:6,0
DA:9,0
DA:12,0
DA:20,0
DA:24,0
DA:28,0
DA:29,0
DA:31,0
DA:36,0
DA:40,0
DA:41,0
DA:42,0
LF:15
LH:0
BRDA:28,0,0,0
BRDA:28,0,1,0
BRDA:41,1,0,0
BRF:3
BRH:0
end_of_record
TN:
SF:src/common/filters/http-exception.filter.ts
FN:12,(anonymous_1)
FNF:1
FNH:0
FNDA:0,(anonymous_1)
DA:1,0
DA:11,0
DA:13,0
DA:14,0
DA:15,0
DA:18,0
DA:23,0
DA:27,0
LF:8
LH:0
BRDA:18,0,0,0
BRDA:18,0,1,0
BRDA:23,1,0,0
BRDA:23,1,1,0
BRDA:33,2,0,0
BRDA:33,2,1,0
BRF:6
BRH:0
end_of_record
TN:
SF:src/common/interceptors/audit-log.interceptor.ts
FN:13,(anonymous_2)
FN:15,(anonymous_3)
FN:26,(anonymous_4)
FN:63,(anonymous_5)
FN:90,(anonymous_6)
FN:101,(anonymous_7)
FN:107,(anonymous_8)
FN:142,(anonymous_9)
FNF:8
FNH:0
FNDA:0,(anonymous_2)
FNDA:0,(anonymous_3)
FNDA:0,(anonymous_4)
FNDA:0,(anonymous_5)
FNDA:0,(anonymous_6)
FNDA:0,(anonymous_7)
FNDA:0,(anonymous_8)
FNDA:0,(anonymous_9)
DA:1,0
DA:8,0
DA:9,0
DA:12,0
DA:13,0
DA:16,0
DA:17,0
DA:19,0
DA:20,0
DA:21,0
DA:23,0
DA:25,0
DA:27,0
DA:28,0
DA:31,0
DA:32,0
DA:47,0
DA:48,0
DA:64,0
DA:67,0
DA:82,0
DA:91,0
DA:101,0
DA:108,0
DA:109,0
DA:112,0
DA:113,0
DA:116,0
DA:117,0
DA:120,0
DA:121,0
DA:124,0
DA:125,0
DA:128,0
DA:129,0
DA:132,0
DA:133,0
DA:136,0
DA:143,0
DA:144,0
DA:145,0
DA:146,0
DA:149,0
DA:150,0
DA:151,0
DA:154,0
LF:46
LH:0
BRDA:20,0,0,0
BRDA:20,0,1,0
BRDA:21,1,0,0
BRDA:21,1,1,0
BRDA:31,2,0,0
BRDA:47,3,0,0
BRDA:50,4,0,0
BRDA:50,4,1,0
BRDA:50,5,0,0
BRDA:50,5,1,0
BRDA:74,6,0,0
BRDA:74,6,1,0
BRDA:78,7,0,0
BRDA:78,7,1,0
BRDA:108,8,0,0
BRDA:109,9,0,0
BRDA:109,9,1,0
BRDA:112,10,0,0
BRDA:116,11,0,0
BRDA:120,12,0,0
BRDA:124,13,0,0
BRDA:128,14,0,0
BRDA:132,15,0,0
BRDA:144,16,0,0
BRDA:145,17,0,0
BRDA:145,17,1,0
BRDA:150,18,0,0
BRDA:151,19,0,0
BRDA:151,19,1,0
BRDA:154,20,0,0
BRDA:154,20,1,0
BRDA:154,20,2,0
BRF:32
BRH:0
end_of_record
TN:
SF:src/common/interceptors/transform.interceptor.ts
FN:12,(anonymous_1)
FN:14,(anonymous_2)
FNF:2
FNH:0
FNDA:0,(anonymous_1)
FNDA:0,(anonymous_2)
DA:1,0
DA:8,0
DA:11,0
DA:13,0
DA:15,0
DA:16,0
DA:18,0
LF:7
LH:0
BRDA:15,0,0,0
BRDA:15,1,0,0
BRDA:15,1,1,0
BRDA:15,1,2,0
BRF:4
BRH:0
end_of_record
TN:
SF:src/common/middleware/audit-log.module.ts
FNF:0
FNH:0
DA:1,0
DA:2,0
DA:3,0
DA:4,0
DA:17,0
LF:5
LH:0
BRF:0
BRH:0
end_of_record
TN:
SF:src/common/middleware/audit-log.service.ts
FN:4,(anonymous_2)
FN:55,(anonymous_3)
FN:61,(anonymous_4)
FN:99,(anonymous_5)
FN:111,(anonymous_6)
FN:123,(anonymous_7)
FN:134,(anonymous_8)
FN:145,(anonymous_9)
FN:161,(anonymous_10)
FN:176,(anonymous_11)
FN:190,(anonymous_12)
FN:206,(anonymous_13)
FN:226,(anonymous_14)
FN:247,(anonymous_15)
FN:285,(anonymous_16)
FN:294,(anonymous_17)
FN:309,(anonymous_18)
FN:310,(anonymous_19)
FN:311,(anonymous_20)
FN:313,(anonymous_21)
FN:318,(anonymous_22)
FNF:21
FNH:1
FNDA:2,(anonymous_2)
FNDA:0,(anonymous_3)
FNDA:0,(anonymous_4)
FNDA:0,(anonymous_5)
FNDA:0,(anonymous_6)
FNDA:0,(anonymous_7)
FNDA:0,(anonymous_8)
FNDA:0,(anonymous_9)
FNDA:0,(anonymous_10)
FNDA:0,(anonymous_11)
FNDA:0,(anonymous_12)
FNDA:0,(anonymous_13)
FNDA:0,(anonymous_14)
FNDA:0,(anonymous_15)
FNDA:0,(anonymous_16)
FNDA:0,(anonymous_17)
FNDA:0,(anonymous_18)
FNDA:0,(anonymous_19)
FNDA:0,(anonymous_20)
FNDA:0,(anonymous_21)
FNDA:0,(anonymous_22)
DA:1,2
DA:2,2
DA:4,2
DA:6,2
DA:7,2
DA:8,2
DA:9,2
DA:12,2
DA:13,2
DA:16,2
DA:17,2
DA:18,2
DA:21,2
DA:22,2
DA:25,2
DA:26,2
DA:29,2
DA:30,2
DA:33,2
DA:34,2
DA:37,2
DA:38,2
DA:54,2
DA:55,0
DA:62,0
DA:64,0
DA:65,0
DA:85,0
DA:92,0
DA:100,0
DA:112,0
DA:124,0
DA:135,0
DA:146,0
DA:162,0
DA:177,0
DA:191,0
DA:213,0
DA:231,0
DA:257,0
DA:259,0
DA:260,0
DA:263,0
DA:264,0
DA:267,0
DA:268,0
DA:269,0
DA:270,0
DA:272,0
DA:273,0
DA:277,0
DA:284,0
DA:285,0
DA:288,0
DA:302,0
DA:307,0
DA:309,0
DA:310,0
DA:311,0
DA:314,0
DA:318,0
DA:321,0
LF:62
LH:23
BRDA:4,0,0,2
BRDA:4,0,1,2
BRDA:64,1,0,0
BRDA:64,1,1,0
BRDA:255,2,0,0
BRDA:259,3,0,0
BRDA:263,4,0,0
BRDA:267,5,0,0
BRDA:267,6,0,0
BRDA:267,6,1,0
BRDA:269,7,0,0
BRDA:272,8,0,0
BRDA:284,9,0,0
BRDA:314,10,0,0
BRDA:314,10,1,0
BRDA:314,10,2,0
BRF:16
BRH:2
end_of_record
TN:
SF:src/common/middleware/security-headers.middleware.ts
FN:6,(anonymous_1)
FNF:1
FNH:0
FNDA:0,(anonymous_1)
DA:1,0
DA:5,0
DA:9,0
DA:25,0
DA:29,0
DA:36,0
DA:40,0
DA:44,0
DA:48,0
DA:52,0
DA:64,0
DA:68,0
DA:72,0
DA:76,0
DA:80,0
DA:84,0
DA:88,0
DA:90,0
LF:18
LH:0
BRF:0
BRH:0
end_of_record
TN:
SF:src/modules/achievements/achievements.controller.ts
FN:16,(anonymous_4)
FN:21,(anonymous_5)
FN:28,(anonymous_6)
FN:36,(anonymous_7)
FN:45,(anonymous_8)
FN:54,(anonymous_9)
FNF:6
FNH:0
FNDA:0,(anonymous_4)
FNDA:0,(anonymous_5)
FNDA:0,(anonymous_6)
FNDA:0,(anonymous_7)
FNDA:0,(anonymous_8)
FNDA:0,(anonymous_9)
DA:1,0
DA:8,0
DA:9,0
DA:10,0
DA:11,0
DA:15,0
DA:16,0
DA:21,0
DA:22,0
DA:28,0
DA:29,0
DA:36,0
DA:37,0
DA:45,0
DA:46,0
DA:54,0
DA:55,0
LF:17
LH:0
BRF:0
BRH:0
end_of_record
TN:
SF:src/modules/achievements/achievements.module.ts
FNF:0
FNH:0
DA:1,0
DA:2,0
DA:3,0
DA:4,0
DA:12,0
LF:5
LH:0
BRF:0
BRH:0
end_of_record
TN:
SF:src/modules/achievements/achievements.service.ts
FN:6,(anonymous_2)
FN:8,(anonymous_3)
FN:16,(anonymous_4)
FN:28,(anonymous_5)
FN:40,(anonymous_6)
FN:56,(anonymous_7)
FN:60,(anonymous_8)
FN:98,(anonymous_9)
FN:127,(anonymous_10)
FN:165,(anonymous_11)
FN:170,(anonymous_12)
FNF:11
FNH:11
FNDA:17,(anonymous_2)
FNDA:1,(anonymous_3)
FNDA:3,(anonymous_4)
FNDA:1,(anonymous_5)
FNDA:11,(anonymous_6)
FNDA:1,(anonymous_7)
FNDA:11,(anonymous_8)
FNDA:10,(anonymous_9)
FNDA:1,(anonymous_10)
FNDA:2,(anonymous_11)
FNDA:2,(anonymous_12)
DA:1,1
DA:2,1
DA:5,1
DA:6,17
DA:9,1
DA:13,1
DA:17,3
DA:21,3
DA:22,2
DA:25,1
DA:29,1
DA:37,1
DA:42,11
DA:46,11
DA:47,1
DA:51,10
DA:56,10
DA:58,10
DA:59,10
DA:60,11
DA:64,10
DA:66,10
DA:67,10
DA:71,10
DA:73,9
DA:81,9
DA:88,9
DA:95,10
DA:99,10
DA:101,3
DA:104,2
DA:107,1
DA:110,1
DA:113,1
DA:116,1
DA:117,1
DA:120,1
DA:123,0
DA:128,1
DA:129,1
DA:131,1
DA:148,1
DA:162,1
DA:165,2
DA:170,2
LF:45
LH:44
BRDA:21,0,0,2
BRDA:46,1,0,1
BRDA:67,2,0,1
BRDA:67,2,1,9
BRDA:71,3,0,9
BRDA:99,4,0,3
BRDA:99,4,1,2
BRDA:99,4,2,1
BRDA:99,4,3,1
BRDA:99,4,4,1
BRDA:99,4,5,1
BRDA:99,4,6,1
BRDA:99,4,7,0
BRF:13
BRH:12
end_of_record
TN:
SF:src/modules/analytics/analytics.controller.ts
FN:22,(anonymous_4)
FN:27,(anonymous_5)
FN:41,(anonymous_6)
FN:51,(anonymous_7)
FN:62,(anonymous_8)
FNF:5
FNH:0
FNDA:0,(anonymous_4)
FNDA:0,(anonymous_5)
FNDA:0,(anonymous_6)
FNDA:0,(anonymous_7)
FNDA:0,(anonymous_8)
DA:1,0
DA:10,0
DA:11,0
DA:12,0
DA:13,0
DA:14,0
DA:15,0
DA:21,0
DA:22,0
DA:27,0
DA:31,0
DA:41,0
DA:45,0
DA:51,0
DA:54,0
DA:62,0
DA:63,0
LF:17
LH:0
BRDA:45,0,0,0
BRDA:45,0,1,0
BRDA:54,1,0,0
BRDA:54,1,1,0
BRF:4
BRH:0
end_of_record
TN:
SF:src/modules/analytics/analytics.module.ts
FNF:0
FNH:0
DA:1,0
DA:2,0
DA:3,0
DA:4,0
DA:12,0
LF:5
LH:0
BRF:0
BRH:0
end_of_record
TN:
SF:src/modules/analytics/analytics.service.ts
FN:6,(anonymous_2)
FN:8,(anonymous_3)
FN:24,(anonymous_4)
FN:60,(anonymous_5)
FN:132,(anonymous_6)
FN:142,(anonymous_7)
FN:157,(anonymous_8)
FN:158,(anonymous_9)
FN:170,(anonymous_10)
FN:173,(anonymous_11)
FN:178,(anonymous_12)
FN:184,(anonymous_13)
FN:187,(anonymous_14)
FN:191,(anonymous_15)
FN:197,(anonymous_16)
FN:209,(anonymous_17)
FN:216,(anonymous_18)
FN:222,(anonymous_19)
FN:236,(anonymous_20)
FN:241,(anonymous_21)
FN:247,(anonymous_22)
FN:258,(anonymous_23)
FNF:22
FNH:22
FNDA:16,(anonymous_2)
FNDA:2,(anonymous_3)
FNDA:5,(anonymous_4)
FNDA:3,(anonymous_5)
FNDA:3,(anonymous_6)
FNDA:5,(anonymous_7)
FNDA:4,(anonymous_8)
FNDA:3,(anonymous_9)
FNDA:5,(anonymous_10)
FNDA:9,(anonymous_11)
FNDA:5,(anonymous_12)
FNDA:5,(anonymous_13)
FNDA:9,(anonymous_14)
FNDA:8,(anonymous_15)
FNDA:5,(anonymous_16)
FNDA:4,(anonymous_17)
FNDA:3,(anonymous_18)
FNDA:5,(anonymous_19)
FNDA:5,(anonymous_20)
FNDA:4,(anonymous_21)
FNDA:3,(anonymous_22)
FNDA:2,(anonymous_23)
DA:1,1
DA:2,1
DA:5,1
DA:6,16
DA:13,2
DA:21,2
DA:25,5
DA:26,5
DA:29,5
DA:40,5
DA:43,5
DA:46,5
DA:49,5
DA:51,5
DA:62,3
DA:65,3
DA:66,3
DA:68,3
DA:79,3
DA:84,3
DA:89,3
DA:90,3
DA:94,3
DA:97,3
DA:106,3
DA:121,3
DA:123,3
DA:132,3
DA:143,5
DA:156,5
DA:157,4
DA:158,3
DA:171,5
DA:173,5
DA:174,9
DA:175,9
DA:178,5
DA:185,5
DA:187,5
DA:188,9
DA:191,8
DA:198,5
DA:207,5
DA:209,5
DA:210,4
DA:211,4
DA:212,4
DA:216,5
DA:224,5
DA:234,5
DA:236,5
DA:237,5
DA:238,5
DA:241,5
DA:248,3
DA:258,3
LF:56
LH:56
BRDA:17,0,0,2
BRDA:17,0,1,1
BRDA:24,1,0,0
BRDA:94,2,0,1
BRDA:94,2,1,2
BRDA:142,3,0,0
BRDA:175,4,0,9
BRDA:175,4,1,5
BRDA:188,5,0,9
BRDA:188,5,1,8
BRDA:210,6,0,4
BRDA:212,7,0,4
BRDA:212,7,1,3
BRDA:238,8,0,5
BRDA:238,8,1,4
BRF:15
BRH:13
end_of_record
TN:
SF:src/modules/auth/auth.controller.ts
FN:15,(anonymous_4)
FN:22,(anonymous_5)
FN:41,(anonymous_6)
FN:64,(anonymous_7)
FN:87,(anonymous_8)
FN:112,(anonymous_9)
FN:126,(anonymous_10)
FN:150,(anonymous_11)
FN:171,(anonymous_12)
FN:196,(anonymous_13)
FNF:10
FNH:0
FNDA:0,(anonymous_4)
FNDA:0,(anonymous_5)
FNDA:0,(anonymous_6)
FNDA:0,(anonymous_7)
FNDA:0,(anonymous_8)
FNDA:0,(anonymous_9)
FNDA:0,(anonymous_10)
FNDA:0,(anonymous_11)
FNDA:0,(anonymous_12)
FNDA:0,(anonymous_13)
DA:1,0
DA:2,0
DA:4,0
DA:5,0
DA:6,0
DA:7,0
DA:9,0
DA:10,0
DA:14,0
DA:15,0
DA:22,0
DA:23,0
DA:26,0
DA:28,0
DA:41,0
DA:47,0
DA:48,0
DA:51,0
DA:53,0
DA:66,0
DA:67,0
DA:69,0
DA:70,0
DA:73,0
DA:74,0
DA:75,0
DA:79,0
DA:87,0
DA:89,0
DA:91,0
DA:92,0
DA:95,0
DA:98,0
DA:100,0
DA:112,0
DA:113,0
DA:126,0
DA:128,0
DA:129,0
DA:130,0
DA:134,0
DA:136,0
DA:150,0
DA:156,0
DA:157,0
DA:160,0
DA:162,0
DA:172,0
DA:175,0
DA:184,0
DA:197,0
DA:204,0
LF:52
LH:0
BRDA:67,0,0,0
BRDA:69,1,0,0
BRDA:69,1,1,0
BRDA:74,2,0,0
BRDA:75,3,0,0
BRDA:75,3,1,0
BRDA:79,4,0,0
BRDA:79,4,1,0
BRDA:79,4,2,0
BRDA:91,5,0,0
BRDA:129,6,0,0
BRF:11
BRH:0
end_of_record
TN:
SF:src/modules/auth/auth.module.ts
FN:18,(anonymous_1)
FNF:1
FNH:0
FNDA:0,(anonymous_1)
DA:1,0
DA:2,0
DA:3,0
DA:4,0
DA:5,0
DA:6,0
DA:7,0
DA:8,0
DA:9,0
DA:10,0
DA:11,0
DA:18,0
DA:37,0
LF:13
LH:0
BRF:0
BRH:0
end_of_record
TN:
SF:src/modules/auth/auth.service.ts
FN:16,(anonymous_2)
FN:26,(anonymous_3)
FN:67,(anonymous_4)
FN:143,(anonymous_5)
FN:158,(anonymous_6)
FN:179,(anonymous_7)
FN:184,(anonymous_8)
FN:209,(anonymous_9)
FNF:8
FNH:8
FNDA:17,(anonymous_2)
FNDA:3,(anonymous_3)
FNDA:9,(anonymous_4)
FNDA:1,(anonymous_5)
FNDA:3,(anonymous_6)
FNDA:2,(anonymous_7)
FNDA:6,(anonymous_8)
FNDA:6,(anonymous_9)
DA:1,1
DA:2,1
DA:3,1
DA:4,1
DA:5,1
DA:9,1
DA:10,1
DA:11,1
DA:12,1
DA:15,1
DA:17,17
DA:18,17
DA:19,17
DA:20,17
DA:21,17
DA:22,17
DA:23,17
DA:28,3
DA:32,3
DA:33,2
DA:37,1
DA:40,1
DA:59,1
DA:61,1
DA:69,9
DA:72,9
DA:73,9
DA:74,2
DA:78,2
DA:83,7
DA:90,7
DA:92,2
DA:95,2
DA:97,2
DA:100,5
DA:101,5
DA:103,4
DA:106,4
DA:108,4
DA:109,2
DA:114,2
DA:116,2
DA:122,2
DA:126,2
DA:130,1
DA:133,1
DA:135,1
DA:137,1
DA:145,1
DA:148,1
DA:155,1
DA:160,3
DA:169,3
DA:176,3
DA:180,2
DA:181,2
DA:185,6
DA:186,2
DA:189,4
DA:191,4
DA:193,4
DA:194,2
DA:198,2
DA:200,2
DA:202,1
DA:205,2
DA:211,6
DA:215,6
DA:216,2
DA:220,4
DA:221,4
DA:222,2
DA:226,2
DA:227,2
DA:228,1
DA:232,1
DA:235,1
DA:241,1
DA:245,1
DA:248,1
LF:80
LH:80
BRDA:32,0,0,2
BRDA:69,1,0,9
BRDA:69,1,1,0
BRDA:73,2,0,2
BRDA:74,3,0,2
BRDA:74,3,1,0
BRDA:90,4,0,2
BRDA:101,5,0,4
BRDA:108,6,0,2
BRDA:109,7,0,2
BRDA:109,7,1,0
BRDA:122,8,0,2
BRDA:122,8,1,0
BRDA:185,9,0,2
BRDA:193,10,0,2
BRDA:193,11,0,4
BRDA:193,11,1,2
BRDA:200,12,0,1
BRDA:215,13,0,2
BRDA:221,14,0,2
BRDA:227,15,0,1
BRF:21
BRH:17
end_of_record
TN:
SF:src/modules/auth/decorators/current-user.decorator.ts
FN:4,(anonymous_0)
FNF:1
FNH:0
FNDA:0,(anonymous_0)
DA:1,0
DA:3,0
DA:5,0
DA:6,0
DA:10,0
LF:5
LH:0
BRDA:10,0,0,0
BRDA:10,0,1,0
BRF:2
BRH:0
end_of_record
TN:
SF:src/modules/auth/decorators/roles.decorator.ts
FN:4,(anonymous_0)
FNF:1
FNH:0
FNDA:0,(anonymous_0)
DA:1,0
DA:3,0
DA:4,0
LF:3
LH:0
BRF:0
BRH:0
end_of_record
TN:
SF:src/modules/auth/dto/change-password.dto.ts
FNF:0
FNH:0
DA:1,0
DA:2,0
DA:3,0
DA:5,0
DA:9,0
DA:18,0
LF:6
LH:0
BRF:0
BRH:0
end_of_record
TN:
SF:src/modules/auth/dto/login.dto.ts
FNF:0
FNH:0
DA:1,0
DA:2,0
DA:4,0
DA:7,0
DA:12,0
LF:5
LH:0
BRF:0
BRH:0
end_of_record
TN:
SF:src/modules/auth/dto/refresh-token.dto.ts
FNF:0
FNH:0
DA:1,0
DA:2,0
DA:4,0
DA:11,0
LF:4
LH:0
BRF:0
BRH:0
end_of_record
TN:
SF:src/modules/auth/dto/register.dto.ts
FNF:0
FNH:0
DA:1,0
DA:2,0
DA:3,0
DA:5,0
DA:10,0
DA:14,0
DA:23,0
LF:7
LH:0
BRF:0
BRH:0
end_of_record
TN:
SF:src/modules/auth/guards/jwt-auth.guard.ts
FNF:0
FNH:0
DA:1,0
DA:2,0
DA:5,0
LF:3
LH:0
BRF:0
BRH:0
end_of_record
TN:
SF:src/modules/auth/guards/roles.guard.ts
FN:6,(anonymous_2)
FN:8,(anonymous_3)
FNF:2
FNH:0
FNDA:0,(anonymous_2)
FNDA:0,(anonymous_3)
DA:1,0
DA:2,0
DA:5,0
DA:6,0
DA:9,0
DA:10,0
DA:11,0
DA:14,0
DA:15,0
DA:17,0
LF:10
LH:0
BRDA:10,0,0,0
BRF:1
BRH:0
end_of_record
TN:
SF:src/modules/auth/services/account-lockout.service.ts
FN:19,(anonymous_2)
FN:39,(anonymous_3)
FN:86,(anonymous_4)
FN:115,(anonymous_5)
FN:124,(anonymous_6)
FN:137,(anonymous_7)
FN:160,(anonymous_8)
FN:176,(anonymous_9)
FN:186,(anonymous_10)
FN:195,(anonymous_11)
FNF:10
FNH:10
FNDA:25,(anonymous_2)
FNDA:6,(anonymous_3)
FNDA:19,(anonymous_4)
FNDA:2,(anonymous_5)
FNDA:2,(anonymous_6)
FNDA:3,(anonymous_7)
FNDA:2,(anonymous_8)
FNDA:25,(anonymous_9)
FNDA:27,(anonymous_10)
FNDA:1,(anonymous_11)
DA:1,2
DA:2,2
DA:3,2
DA:13,2
DA:19,25
DA:21,25
DA:29,25
DA:30,25
DA:31,25
DA:40,6
DA:41,6
DA:44,6
DA:45,6
DA:46,1
DA:50,5
DA:53,5
DA:54,2
DA:58,5
DA:59,1
DA:62,1
DA:64,1
DA:66,1
DA:74,4
DA:87,19
DA:88,19
DA:90,19
DA:91,4
DA:93,4
DA:100,15
DA:101,15
DA:102,15
DA:104,15
DA:116,2
DA:117,2
DA:125,2
DA:126,2
DA:128,2
DA:129,2
DA:145,3
DA:147,3
DA:164,2
DA:165,2
DA:167,2
DA:178,25
DA:179,25
DA:180,25
DA:187,27
DA:188,27
DA:189,27
DA:196,1
LF:50
LH:50
BRDA:24,0,0,25
BRDA:24,0,1,25
BRDA:45,1,0,1
BRDA:53,2,0,2
BRDA:58,3,0,1
BRDA:90,4,0,4
BRDA:102,5,0,3
BRDA:102,5,1,12
BRDA:149,6,0,3
BRDA:149,6,1,2
BRDA:150,7,0,3
BRDA:150,7,1,1
BRF:12
BRH:12
end_of_record
TN:
SF:src/modules/auth/services/refresh-token.service.ts
FN:21,(anonymous_2)
FN:35,(anonymous_3)
FN:79,(anonymous_4)
FN:146,(anonymous_5)
FN:160,(anonymous_6)
FN:174,(anonymous_7)
FN:187,(anonymous_8)
FN:204,(anonymous_9)
FN:221,(anonymous_10)
FN:230,(anonymous_11)
FNF:10
FNH:10
FNDA:26,(anonymous_2)
FNDA:4,(anonymous_3)
FNDA:13,(anonymous_4)
FNDA:5,(anonymous_5)
FNDA:4,(anonymous_6)
FNDA:2,(anonymous_7)
FNDA:3,(anonymous_8)
FNDA:4,(anonymous_9)
FNDA:15,(anonymous_10)
FNDA:4,(anonymous_11)
DA:1,2
DA:2,2
DA:3,2
DA:4,2
DA:5,2
DA:20,2
DA:22,26
DA:23,26
DA:24,26
DA:42,4
DA:45,4
DA:54,4
DA:57,4
DA:58,4
DA:61,4
DA:70,4
DA:80,13
DA:82,13
DA:86,11
DA:89,11
DA:94,11
DA:95,2
DA:99,9
DA:100,3
DA:101,3
DA:105,6
DA:106,2
DA:110,4
DA:112,2
DA:113,2
DA:119,2
DA:128,2
DA:135,11
DA:136,9
DA:138,2
DA:147,5
DA:161,4
DA:175,2
DA:188,3
DA:196,3
DA:205,4
DA:222,15
DA:231,4
DA:232,4
DA:233,0
DA:236,4
DA:237,4
DA:239,4
DA:240,4
DA:242,4
DA:244,0
DA:246,0
DA:248,0
DA:250,0
LF:54
LH:49
BRDA:42,0,0,4
BRDA:42,0,1,1
BRDA:94,1,0,2
BRDA:99,2,0,3
BRDA:105,3,0,2
BRDA:110,4,0,2
BRDA:135,5,0,9
BRDA:232,6,0,0
BRDA:240,7,0,4
BRDA:240,7,1,0
BRDA:240,7,2,0
BRDA:240,7,3,0
BRDA:240,7,4,0
BRF:13
BRH:8
end_of_record
TN:
SF:src/modules/auth/services/token-blacklist.service.ts
FN:9,(anonymous_2)
FN:24,(anonymous_3)
FN:37,(anonymous_4)
FN:47,(anonymous_5)
FN:58,(anonymous_6)
FN:70,(anonymous_7)
FN:80,(anonymous_8)
FN:88,(anonymous_9)
FN:101,(anonymous_10)
FN:111,(anonymous_11)
FN:118,(anonymous_12)
FNF:11
FNH:11
FNDA:29,(anonymous_2)
FNDA:4,(anonymous_3)
FNDA:9,(anonymous_4)
FNDA:3,(anonymous_5)
FNDA:4,(anonymous_6)
FNDA:4,(anonymous_7)
FNDA:2,(anonymous_8)
FNDA:3,(anonymous_9)
FNDA:16,(anonymous_10)
FNDA:10,(anonymous_11)
FNDA:1,(anonymous_12)
DA:1,2
DA:2,2
DA:3,2
DA:6,2
DA:9,29
DA:11,29
DA:25,4
DA:29,4
DA:38,9
DA:39,9
DA:40,9
DA:48,3
DA:49,3
DA:59,4
DA:62,4
DA:71,4
DA:72,4
DA:73,4
DA:81,2
DA:82,2
DA:89,3
DA:90,3
DA:92,3
DA:103,16
DA:104,16
DA:105,16
DA:112,10
DA:119,1
LF:28
LH:28
BRDA:14,0,0,29
BRDA:14,0,1,29
BRDA:58,1,0,1
BRF:3
BRH:3
end_of_record
TN:
SF:src/modules/auth/strategies/jwt.strategy.ts
FN:11,(anonymous_2)
FN:19,(anonymous_3)
FN:30,(anonymous_4)
FNF:3
FNH:0
FNDA:0,(anonymous_2)
FNDA:0,(anonymous_3)
FNDA:0,(anonymous_4)
DA:1,0
DA:2,0
DA:3,0
DA:4,0
DA:5,0
DA:6,0
DA:10,0
DA:12,0
DA:13,0
DA:14,0
DA:16,0
DA:20,0
DA:32,0
DA:34,0
DA:35,0
DA:39,0
DA:40,0
DA:41,0
DA:45,0
DA:46,0
DA:47,0
DA:51,0
DA:58,0
DA:59,0
DA:62,0
DA:63,0
LF:26
LH:0
BRDA:32,0,0,0
BRDA:32,0,1,0
BRDA:34,1,0,0
BRDA:40,2,0,0
BRDA:46,3,0,0
BRDA:58,4,0,0
BRF:6
BRH:0
end_of_record
TN:
SF:src/modules/auth/validators/password-strength.validator.ts
FN:10,(anonymous_1)
FN:43,(anonymous_2)
FN:48,IsStrongPassword
FN:49,(anonymous_4)
FNF:4
FNH:0
FNDA:0,(anonymous_1)
FNDA:0,(anonymous_2)
FNDA:0,IsStrongPassword
FNDA:0,(anonymous_4)
DA:1,0
DA:9,0
DA:11,0
DA:12,0
DA:16,0
DA:17,0
DA:21,0
DA:22,0
DA:26,0
DA:27,0
DA:31,0
DA:32,0
DA:36,0
DA:37,0
DA:40,0
DA:44,0
DA:48,0
DA:49,0
DA:50,0
LF:19
LH:0
BRDA:11,0,0,0
BRDA:16,1,0,0
BRDA:21,2,0,0
BRDA:26,3,0,0
BRDA:31,4,0,0
BRDA:36,5,0,0
BRF:6
BRH:0
end_of_record
TN:
SF:src/modules/exercises/exercises.controller.ts
FN:23,(anonymous_4)
FN:28,(anonymous_5)
FN:36,(anonymous_6)
FN:43,(anonymous_7)
FN:52,(anonymous_8)
FN:63,(anonymous_9)
FN:73,(anonymous_10)
FNF:7
FNH:0
FNDA:0,(anonymous_4)
FNDA:0,(anonymous_5)
FNDA:0,(anonymous_6)
FNDA:0,(anonymous_7)
FNDA:0,(anonymous_8)
FNDA:0,(anonymous_9)
FNDA:0,(anonymous_10)
DA:1,0
DA:12,0
DA:13,0
DA:14,0
DA:15,0
DA:16,0
DA:22,0
DA:23,0
DA:28,0
DA:29,0
DA:36,0
DA:37,0
DA:43,0
DA:44,0
DA:52,0
DA:57,0
DA:63,0
DA:67,0
DA:73,0
DA:74,0
LF:20
LH:0
BRF:0
BRH:0
end_of_record
TN:
SF:src/modules/exercises/exercises.module.ts
FNF:0
FNH:0
DA:1,0
DA:2,0
DA:3,0
DA:4,0
DA:12,0
LF:5
LH:0
BRF:0
BRH:0
end_of_record
TN:
SF:src/modules/exercises/exercises.service.ts
FN:7,(anonymous_2)
FN:9,(anonymous_3)
FN:50,(anonymous_4)
FN:74,(anonymous_5)
FN:83,(anonymous_6)
FN:143,(anonymous_7)
FN:155,(anonymous_8)
FN:161,(anonymous_9)
FN:165,(anonymous_10)
FN:176,(anonymous_11)
FN:220,(anonymous_12)
FNF:11
FNH:11
FNDA:17,(anonymous_2)
FNDA:3,(anonymous_3)
FNDA:9,(anonymous_4)
FNDA:1,(anonymous_5)
FNDA:6,(anonymous_6)
FNDA:1,(anonymous_7)
FNDA:3,(anonymous_8)
FNDA:7,(anonymous_9)
FNDA:7,(anonymous_10)
FNDA:6,(anonymous_11)
FNDA:2,(anonymous_12)
DA:1,1
DA:2,1
DA:6,1
DA:7,17
DA:10,3
DA:11,3
DA:13,3
DA:14,3
DA:15,3
DA:16,3
DA:18,3
DA:39,3
DA:51,9
DA:67,9
DA:68,2
DA:71,7
DA:75,1
DA:80,1
DA:84,6
DA:87,6
DA:90,6
DA:93,6
DA:94,6
DA:97,6
DA:105,6
DA:108,6
DA:122,6
DA:123,5
DA:133,6
DA:144,1
DA:152,1
DA:156,3
DA:160,3
DA:161,7
DA:162,3
DA:164,3
DA:165,7
DA:168,3
DA:177,6
DA:178,6
DA:181,6
DA:182,4
DA:186,2
DA:187,0
DA:191,2
DA:193,1
DA:194,1
DA:195,1
DA:199,1
DA:200,1
DA:201,1
DA:202,1
DA:205,1
DA:213,0
DA:217,0
DA:222,2
LF:56
LH:53
BRDA:10,0,0,0
BRDA:10,1,0,0
BRDA:14,2,0,1
BRDA:15,3,0,1
BRDA:16,4,0,1
BRDA:67,5,0,2
BRDA:90,6,0,5
BRDA:90,6,1,1
BRDA:93,7,0,1
BRDA:93,7,1,5
BRDA:93,8,0,6
BRDA:93,8,1,1
BRDA:105,9,0,5
BRDA:105,9,1,1
BRDA:122,10,0,5
BRDA:162,11,0,2
BRDA:162,11,1,1
BRDA:164,12,0,2
BRDA:164,12,1,1
BRDA:181,13,0,4
BRDA:186,14,0,0
BRDA:191,15,0,1
BRDA:199,16,0,1
BRDA:206,17,0,1
BRDA:206,17,1,1
BRDA:206,17,2,1
BRDA:206,17,3,1
BRDA:206,17,4,1
BRF:28
BRH:25
end_of_record
TN:
SF:src/modules/exercises/dto/exercise-attempt.dto.ts
FNF:0
FNH:0
DA:1,0
LF:1
LH:0
BRF:0
BRH:0
end_of_record
TN:
SF:src/modules/exercises/dto/find-exercises.dto.ts
FN:8,(anonymous_2)
FN:15,(anonymous_3)
FNF:2
FNH:0
FNDA:0,(anonymous_2)
FNDA:0,(anonymous_3)
DA:1,0
DA:2,0
DA:3,0
DA:5,0
DA:8,0
DA:11,0
DA:15,0
DA:18,0
DA:23,0
DA:28,0
DA:33,0
LF:11
LH:0
BRF:0
BRH:0
end_of_record
TN:
SF:src/modules/exercises/dto/index.ts
FNF:0
FNH:0
DA:1,0
DA:2,0
DA:3,0
LF:3
LH:0
BRF:0
BRH:0
end_of_record
TN:
SF:src/modules/exercises/dto/submit-exercise.dto.ts
FNF:0
FNH:0
DA:1,0
DA:2,0
DA:4,0
DA:7,0
DA:12,0
LF:5
LH:0
BRF:0
BRH:0
end_of_record
TN:
SF:src/modules/gdpr/gdpr.controller.ts
FN:12,(anonymous_4)
FN:47,(anonymous_5)
FN:66,(anonymous_6)
FN:102,(anonymous_7)
FNF:4
FNH:0
FNDA:0,(anonymous_4)
FNDA:0,(anonymous_5)
FNDA:0,(anonymous_6)
FNDA:0,(anonymous_7)
DA:1,0
DA:2,0
DA:3,0
DA:4,0
DA:5,0
DA:11,0
DA:12,0
DA:47,0
DA:48,0
DA:50,0
DA:66,0
DA:67,0
DA:69,0
DA:102,0
DA:103,0
DA:105,0
LF:16
LH:0
BRF:0
BRH:0
end_of_record
TN:
SF:src/modules/gdpr/gdpr.module.ts
FNF:0
FNH:0
DA:1,0
DA:2,0
DA:3,0
DA:10,0
LF:4
LH:0
BRF:0
BRH:0
end_of_record
TN:
SF:src/modules/gdpr/gdpr.service.ts
FN:25,(anonymous_2)
FN:36,(anonymous_3)
FN:142,(anonymous_4)
FN:153,(anonymous_5)
FN:161,(anonymous_6)
FN:172,(anonymous_7)
FN:180,(anonymous_8)
FN:200,(anonymous_9)
FN:231,(anonymous_10)
FNF:9
FNH:9
FNDA:12,(anonymous_2)
FNDA:5,(anonymous_3)
FNDA:1,(anonymous_4)
FNDA:1,(anonymous_5)
FNDA:1,(anonymous_6)
FNDA:1,(anonymous_7)
FNDA:1,(anonymous_8)
FNDA:3,(anonymous_9)
FNDA:3,(anonymous_10)
DA:1,1
DA:2,1
DA:3,1
DA:24,1
DA:26,12
DA:27,12
DA:38,5
DA:40,5
DA:120,5
DA:121,1
DA:124,4
DA:142,1
DA:153,1
DA:161,1
DA:172,1
DA:180,1
DA:191,4
DA:202,3
DA:207,3
DA:208,1
DA:212,2
DA:216,2
DA:220,2
DA:241,3
DA:258,3
DA:259,1
DA:262,2
LF:27
LH:27
BRDA:120,0,0,1
BRDA:141,1,0,4
BRDA:141,1,1,3
BRDA:169,2,0,1
BRDA:169,2,1,0
BRDA:170,3,0,1
BRDA:170,3,1,0
BRDA:184,4,0,1
BRDA:184,4,1,1
BRDA:207,5,0,1
BRDA:258,6,0,1
BRF:11
BRH:9
end_of_record
TN:
SF:src/modules/lessons/lessons.controller.ts
FN:26,(anonymous_4)
FN:31,(anonymous_5)
FN:43,(anonymous_6)
FN:54,(anonymous_7)
FN:68,(anonymous_8)
FN:79,(anonymous_9)
FN:98,(anonymous_10)
FN:109,(anonymous_11)
FN:120,(anonymous_12)
FNF:9
FNH:0
FNDA:0,(anonymous_4)
FNDA:0,(anonymous_5)
FNDA:0,(anonymous_6)
FNDA:0,(anonymous_7)
FNDA:0,(anonymous_8)
FNDA:0,(anonymous_9)
FNDA:0,(anonymous_10)
FNDA:0,(anonymous_11)
FNDA:0,(anonymous_12)
DA:1,0
DA:12,0
DA:13,0
DA:14,0
DA:15,0
DA:16,0
DA:17,0
DA:18,0
DA:19,0
DA:25,0
DA:26,0
DA:31,0
DA:32,0
DA:33,0
DA:43,0
DA:44,0
DA:45,0
DA:54,0
DA:55,0
DA:59,0
DA:68,0
DA:69,0
DA:70,0
DA:79,0
DA:84,0
DA:89,0
DA:98,0
DA:99,0
DA:100,0
DA:109,0
DA:110,0
DA:111,0
DA:120,0
DA:121,0
DA:122,0
LF:35
LH:0
BRF:0
BRH:0
end_of_record
TN:
SF:src/modules/lessons/lessons.module.ts
FNF:0
FNH:0
DA:1,0
DA:2,0
DA:3,0
DA:10,0
LF:4
LH:0
BRF:0
BRH:0
end_of_record
TN:
SF:src/modules/lessons/lessons.service.ts
FN:9,(anonymous_2)
FN:11,(anonymous_3)
FN:19,(anonymous_4)
FN:54,(anonymous_5)
FN:76,(anonymous_6)
FN:87,(anonymous_7)
FN:97,(anonymous_8)
FN:120,(anonymous_9)
FN:145,(anonymous_10)
FNF:9
FNH:6
FNDA:11,(anonymous_2)
FNDA:0,(anonymous_3)
FNDA:3,(anonymous_4)
FNDA:5,(anonymous_5)
FNDA:0,(anonymous_6)
FNDA:0,(anonymous_7)
FNDA:2,(anonymous_8)
FNDA:1,(anonymous_9)
FNDA:2,(anonymous_10)
DA:1,1
DA:2,1
DA:8,1
DA:9,11
DA:12,0
DA:16,0
DA:20,3
DA:21,3
DA:23,3
DA:24,3
DA:25,3
DA:26,3
DA:28,3
DA:43,3
DA:55,5
DA:69,5
DA:70,2
DA:73,3
DA:77,0
DA:79,0
DA:84,0
DA:88,0
DA:90,0
DA:94,0
DA:98,2
DA:107,2
DA:108,1
DA:117,2
DA:121,1
DA:123,1
DA:142,1
DA:146,2
DA:148,1
DA:163,1
DA:178,1
LF:35
LH:27
BRDA:20,0,0,0
BRDA:20,1,0,0
BRDA:24,2,0,1
BRDA:25,3,0,1
BRDA:26,4,0,1
BRDA:69,5,0,2
BRDA:107,6,0,1
BRF:7
BRH:5
end_of_record
TN:
SF:src/modules/lessons/dto/complete-lesson.dto.ts
FNF:0
FNH:0
DA:1,0
DA:2,0
DA:4,0
DA:8,0
LF:4
LH:0
BRF:0
BRH:0
end_of_record
TN:
SF:src/modules/lessons/dto/create-lesson.dto.ts
FNF:0
FNH:0
DA:1,0
DA:2,0
DA:4,0
DA:9,0
DA:15,0
DA:21,0
DA:25,0
DA:30,0
DA:34,0
DA:40,0
DA:45,0
DA:49,0
DA:53,0
DA:59,0
DA:65,0
LF:15
LH:0
BRF:0
BRH:0
end_of_record
TN:
SF:src/modules/lessons/dto/find-lessons.dto.ts
FN:8,(anonymous_2)
FN:15,(anonymous_3)
FN:27,(anonymous_4)
FNF:3
FNH:0
FNDA:0,(anonymous_2)
FNDA:0,(anonymous_3)
FNDA:0,(anonymous_4)
DA:1,0
DA:2,0
DA:3,0
DA:5,0
DA:8,0
DA:11,0
DA:15,0
DA:18,0
DA:23,0
DA:27,0
DA:31,0
DA:36,0
LF:12
LH:0
BRF:0
BRH:0
end_of_record
TN:
SF:src/modules/lessons/dto/update-lesson.dto.ts
FNF:0
FNH:0
DA:1,0
DA:2,0
DA:4,0
LF:3
LH:0
BRF:0
BRH:0
end_of_record
TN:
SF:src/modules/progress/progress.controller.ts
FN:18,(anonymous_4)
FN:23,(anonymous_5)
FN:30,(anonymous_6)
FN:37,(anonymous_7)
FN:44,(anonymous_8)
FN:51,(anonymous_9)
FN:58,(anonymous_10)
FNF:7
FNH:0
FNDA:0,(anonymous_4)
FNDA:0,(anonymous_5)
FNDA:0,(anonymous_6)
FNDA:0,(anonymous_7)
FNDA:0,(anonymous_8)
FNDA:0,(anonymous_9)
FNDA:0,(anonymous_10)
DA:1,0
DA:8,0
DA:9,0
DA:10,0
DA:11,0
DA:17,0
DA:18,0
DA:23,0
DA:24,0
DA:30,0
DA:31,0
DA:37,0
DA:38,0
DA:44,0
DA:45,0
DA:51,0
DA:52,0
DA:58,0
DA:59,0
LF:19
LH:0
BRF:0
BRH:0
end_of_record
TN:
SF:src/modules/progress/progress.module.ts
FNF:0
FNH:0
DA:1,0
DA:2,0
DA:3,0
DA:4,0
DA:12,0
LF:5
LH:0
BRF:0
BRH:0
end_of_record
TN:
SF:src/modules/progress/progress.service.ts
FN:7,(anonymous_2)
FN:9,(anonymous_3)
FN:34,(anonymous_4)
FN:58,(anonymous_5)
FN:109,(anonymous_6)
FN:135,(anonymous_7)
FN:148,(anonymous_8)
FN:150,(anonymous_9)
FN:150,(anonymous_10)
FN:162,(anonymous_11)
FN:206,(anonymous_12)
FN:217,(anonymous_13)
FN:225,(anonymous_14)
FNF:13
FNH:13
FNDA:13,(anonymous_2)
FNDA:7,(anonymous_3)
FNDA:2,(anonymous_4)
FNDA:4,(anonymous_5)
FNDA:1,(anonymous_6)
FNDA:1,(anonymous_7)
FNDA:1,(anonymous_8)
FNDA:2,(anonymous_9)
FNDA:2,(anonymous_10)
FNDA:1,(anonymous_11)
FNDA:13,(anonymous_12)
FNDA:2,(anonymous_13)
FNDA:2,(anonymous_14)
DA:1,1
DA:2,1
DA:6,1
DA:7,13
DA:10,7
DA:14,7
DA:15,2
DA:19,5
DA:20,5
DA:21,5
DA:22,5
DA:23,5
DA:25,5
DA:35,2
DA:36,2
DA:39,2
DA:40,2
DA:42,2
DA:50,2
DA:59,4
DA:63,4
DA:64,1
DA:67,3
DA:68,3
DA:71,3
DA:72,1
DA:82,2
DA:84,2
DA:85,2
DA:87,2
DA:89,1
DA:90,1
DA:92,0
DA:93,0
DA:96,1
DA:99,1
DA:110,1
DA:132,1
DA:136,1
DA:144,1
DA:148,1
DA:149,1
DA:150,2
DA:153,1
DA:163,1
DA:171,1
DA:183,1
DA:184,1
DA:187,1
DA:189,1
DA:213,13
DA:214,10
DA:218,2
DA:219,2
DA:220,1
DA:222,2
DA:226,2
DA:227,2
DA:230,2
LF:59
LH:57
BRDA:14,0,0,2
BRDA:63,1,0,1
BRDA:71,2,0,1
BRDA:87,3,0,1
BRDA:87,3,1,1
BRDA:90,4,0,0
BRDA:90,4,1,1
BRDA:187,5,0,1
BRDA:187,5,1,0
BRDA:213,6,0,3
BRF:10
BRH:8
end_of_record
TN:
SF:src/modules/progress/dto/index.ts
FNF:0
FNH:0
DA:1,0
DA:2,0
LF:2
LH:0
BRF:0
BRH:0
end_of_record
TN:
SF:src/modules/progress/dto/update-streak.dto.ts
FNF:0
FNH:0
DA:1,0
LF:1
LH:0
BRF:0
BRH:0
end_of_record
TN:
SF:src/modules/progress/dto/user-progress-response.dto.ts
FNF:0
FNH:0
DA:1,0
LF:1
LH:0
BRF:0
BRH:0
end_of_record
TN:
SF:src/modules/users/users.module.ts
FNF:0
FNH:0
DA:1,0
DA:8,0
LF:2
LH:0
BRF:0
BRH:0
end_of_record
TN:
SF:src/modules/verses/verses.controller.ts
FN:20,(anonymous_4)
FN:25,(anonymous_5)
FN:32,(anonymous_6)
FN:39,(anonymous_7)
FN:50,(anonymous_8)
FN:61,(anonymous_9)
FN:70,(anonymous_10)
FN:83,(anonymous_11)
FN:96,(anonymous_12)
FNF:9
FNH:0
FNDA:0,(anonymous_4)
FNDA:0,(anonymous_5)
FNDA:0,(anonymous_6)
FNDA:0,(anonymous_7)
FNDA:0,(anonymous_8)
FNDA:0,(anonymous_9)
FNDA:0,(anonymous_10)
FNDA:0,(anonymous_11)
FNDA:0,(anonymous_12)
DA:1,0
DA:11,0
DA:12,0
DA:13,0
DA:14,0
DA:15,0
DA:19,0
DA:20,0
DA:25,0
DA:26,0
DA:32,0
DA:33,0
DA:39,0
DA:43,0
DA:50,0
DA:54,0
DA:61,0
DA:62,0
DA:70,0
DA:75,0
DA:83,0
DA:88,0
DA:96,0
DA:97,0
LF:24
LH:0
BRF:0
BRH:0
end_of_record
TN:
SF:src/modules/verses/verses.module.ts
FNF:0
FNH:0
DA:1,0
DA:2,0
DA:3,0
DA:4,0
DA:12,0
LF:5
LH:0
BRF:0
BRH:0
end_of_record
TN:
SF:src/modules/verses/verses.service.ts
FN:7,(anonymous_2)
FN:9,(anonymous_3)
FN:42,(anonymous_4)
FN:64,(anonymous_5)
FN:96,(anonymous_6)
FN:151,(anonymous_7)
FN:181,(anonymous_8)
FN:194,(anonymous_9)
FN:207,(anonymous_10)
FN:222,(anonymous_11)
FNF:10
FNH:10
FNDA:17,(anonymous_2)
FNDA:3,(anonymous_3)
FNDA:6,(anonymous_4)
FNDA:2,(anonymous_5)
FNDA:2,(anonymous_6)
FNDA:3,(anonymous_7)
FNDA:2,(anonymous_8)
FNDA:1,(anonymous_9)
FNDA:1,(anonymous_10)
FNDA:1,(anonymous_11)
DA:1,1
DA:2,1
DA:6,1
DA:7,17
DA:10,3
DA:11,3
DA:13,3
DA:14,3
DA:16,3
DA:31,3
DA:43,6
DA:57,6
DA:58,3
DA:61,3
DA:65,2
DA:78,2
DA:79,1
DA:82,1
DA:97,2
DA:98,2
DA:100,2
DA:102,2
DA:104,1
DA:111,1
DA:113,1
DA:122,2
DA:138,2
DA:152,3
DA:154,3
DA:155,3
DA:163,3
DA:178,3
DA:182,2
DA:184,1
DA:191,1
DA:195,1
DA:197,1
DA:204,1
DA:208,1
DA:222,1
LF:40
LH:40
BRDA:10,0,0,0
BRDA:10,1,0,0
BRDA:14,2,0,1
BRDA:57,3,0,3
BRDA:78,4,0,1
BRDA:97,5,0,0
BRDA:97,6,0,0
BRDA:97,7,0,0
BRDA:102,8,0,1
BRDA:102,8,1,1
BRDA:111,9,0,1
BRDA:130,10,0,1
BRDA:130,10,1,1
BRDA:154,11,0,3
BRDA:154,12,0,3
BRDA:154,12,1,1
BRDA:157,13,0,3
BRDA:157,13,1,2
BRDA:158,14,0,3
BRDA:158,14,1,2
BRDA:169,15,0,3
BRDA:169,15,1,2
BRDA:170,16,0,3
BRDA:170,16,1,2
BRF:24
BRH:19
end_of_record
TN:
SF:src/modules/verses/dto/find-verses.dto.ts
FN:8,(anonymous_2)
FN:15,(anonymous_3)
FN:22,(anonymous_4)
FNF:3
FNH:0
FNDA:0,(anonymous_2)
FNDA:0,(anonymous_3)
FNDA:0,(anonymous_4)
DA:1,0
DA:2,0
DA:3,0
DA:5,0
DA:8,0
DA:11,0
DA:15,0
DA:18,0
DA:22,0
DA:25,0
LF:10
LH:0
BRF:0
BRH:0
end_of_record
TN:
SF:src/modules/verses/dto/index.ts
FNF:0
FNH:0
DA:1,0
DA:2,0
LF:2
LH:0
BRF:0
BRH:0
end_of_record
TN:
SF:src/modules/verses/dto/search-verses.dto.ts
FN:17,(anonymous_2)
FN:24,(anonymous_3)
FNF:2
FNH:0
FNDA:0,(anonymous_2)
FNDA:0,(anonymous_3)
DA:1,0
DA:2,0
DA:3,0
DA:5,0
DA:8,0
DA:13,0
DA:17,0
DA:20,0
DA:24,0
DA:27,0
LF:10
LH:0
BRF:0
BRH:0
end_of_record
TN:
SF:src/prisma/prisma.module.ts
FNF:0
FNH:0
DA:1,0
DA:2,0
DA:9,0
LF:3
LH:0
BRF:0
BRH:0
end_of_record
TN:
SF:src/prisma/prisma.service.ts
FN:6,(anonymous_1)
FN:10,(anonymous_2)
FN:14,(anonymous_3)
FN:20,(anonymous_4)
FN:24,(anonymous_5)
FNF:5
FNH:0
FNDA:0,(anonymous_1)
FNDA:0,(anonymous_2)
FNDA:0,(anonymous_3)
FNDA:0,(anonymous_4)
FNDA:0,(anonymous_5)
DA:1,9
DA:2,9
DA:5,9
DA:7,0
DA:11,0
DA:15,0
DA:16,0
DA:19,0
DA:20,0
DA:23,0
DA:24,0
LF:11
LH:3
BRDA:15,0,0,0
BRDA:20,1,0,0
BRDA:20,1,1,0
BRDA:20,1,2,0
BRF:4
BRH:0
end_of_record
TN:
SF:src/scripts/fix-grammar-data.ts
FN:36,parseMorphologyFeatures
FN:108,fixGrammarData
FN:172,(anonymous_2)
FN:176,(anonymous_3)
FNF:4
FNH:0
FNDA:0,parseMorphologyFeatures
FNDA:0,fixGrammarData
FNDA:0,(anonymous_2)
FNDA:0,(anonymous_3)
DA:8,0
DA:10,0
DA:13,0
DA:19,0
DA:26,0
DA:44,0
DA:46,0
DA:49,0
DA:50,0
DA:51,0
DA:52,0
DA:53,0
DA:54,0
DA:55,0
DA:57,0
DA:58,0
DA:59,0
DA:60,0
DA:61,0
DA:63,0
DA:64,0
DA:65,0
DA:66,0
DA:67,0
DA:69,0
DA:70,0
DA:71,0
DA:72,0
DA:73,0
DA:75,0
DA:76,0
DA:77,0
DA:78,0
DA:79,0
DA:81,0
DA:82,0
DA:83,0
DA:84,0
DA:85,0
DA:87,0
DA:88,0
DA:89,0
DA:90,0
DA:94,0
DA:95,0
DA:96,0
DA:97,0
DA:98,0
DA:99,0
DA:100,0
DA:101,0
DA:102,0
DA:105,0
DA:109,0
DA:112,0
DA:120,0
DA:122,0
DA:123,0
DA:125,0
DA:126,0
DA:127,0
DA:129,0
DA:130,0
DA:131,0
DA:135,0
DA:138,0
DA:143,0
DA:145,0
DA:146,0
DA:150,0
DA:151,0
DA:152,0
DA:155,0
DA:158,0
DA:162,0
DA:163,0
DA:164,0
DA:166,0
DA:170,0
DA:171,0
DA:173,0
DA:174,0
DA:177,0
DA:178,0
DA:182,0
LF:85
LH:0
BRDA:46,0,0,0
BRDA:49,1,0,0
BRDA:49,1,1,0
BRDA:49,2,0,0
BRDA:49,2,1,0
BRDA:52,3,0,0
BRDA:52,3,1,0
BRDA:52,4,0,0
BRDA:52,4,1,0
BRDA:55,5,0,0
BRDA:55,5,1,0
BRDA:61,6,0,0
BRDA:61,6,1,0
BRDA:67,7,0,0
BRDA:67,7,1,0
BRDA:73,8,0,0
BRDA:73,8,1,0
BRDA:79,9,0,0
BRDA:79,9,1,0
BRDA:85,10,0,0
BRDA:94,11,0,0
BRDA:94,11,1,0
BRDA:97,12,0,0
BRDA:97,12,1,0
BRDA:100,13,0,0
BRDA:129,14,0,0
BRDA:145,15,0,0
BRDA:170,16,0,0
BRF:28
BRH:0
end_of_record
TN:
SF:src/scripts/import-quran-complete.ts
FN:30,(anonymous_0)
FN:33,(anonymous_1)
FN:38,(anonymous_2)
FN:43,(anonymous_3)
FN:51,(anonymous_4)
FN:67,removeDiacritics
FN:104,importQuranData
FN:128,(anonymous_7)
FN:137,(anonymous_8)
FN:139,(anonymous_9)
FN:146,(anonymous_10)
FN:210,(anonymous_11)
FN:211,(anonymous_12)
FNF:13
FNH:0
FNDA:0,(anonymous_0)
FNDA:0,(anonymous_1)
FNDA:0,(anonymous_2)
FNDA:0,(anonymous_3)
FNDA:0,(anonymous_4)
FNDA:0,removeDiacritics
FNDA:0,importQuranData
FNDA:0,(anonymous_7)
FNDA:0,(anonymous_8)
FNDA:0,(anonymous_9)
FNDA:0,(anonymous_10)
FNDA:0,(anonymous_11)
FNDA:0,(anonymous_12)
DA:11,0
DA:12,0
DA:13,0
DA:15,0
DA:20,0
DA:31,0
DA:34,0
DA:35,0
DA:39,0
DA:40,0
DA:44,0
DA:45,0
DA:46,0
DA:47,0
DA:52,0
DA:53,0
DA:54,0
DA:55,0
DA:62,0
DA:68,0
DA:74,0
DA:84,0
DA:89,0
DA:95,0
DA:105,0
DA:106,0
DA:109,0
DA:110,0
DA:111,0
DA:112,0
DA:115,0
DA:116,0
DA:117,0
DA:118,0
DA:121,0
DA:123,0
DA:124,0
DA:126,0
DA:128,0
DA:131,0
DA:137,0
DA:139,0
DA:146,0
DA:175,0
DA:177,0
DA:178,0
DA:180,0
DA:184,0
DA:185,0
DA:186,0
DA:188,0
DA:189,0
DA:191,0
DA:192,0
DA:194,0
DA:195,0
DA:196,0
DA:199,0
DA:201,0
DA:202,0
DA:204,0
DA:208,0
DA:209,0
DA:210,0
DA:212,0
DA:213,0
DA:217,0
LF:67
LH:0
BRDA:46,0,0,0
BRDA:52,1,0,0
BRDA:52,2,0,0
BRDA:52,2,1,0
BRDA:151,3,0,0
BRDA:151,3,1,0
BRDA:152,4,0,0
BRDA:152,4,1,0
BRDA:154,5,0,0
BRDA:154,5,1,0
BRDA:155,6,0,0
BRDA:155,6,1,0
BRDA:155,7,0,0
BRDA:155,7,1,0
BRDA:156,8,0,0
BRDA:156,8,1,0
BRDA:156,9,0,0
BRDA:156,9,1,0
BRDA:157,10,0,0
BRDA:157,10,1,0
BRDA:157,11,0,0
BRDA:157,11,1,0
BRDA:158,12,0,0
BRDA:158,12,1,0
BRDA:158,13,0,0
BRDA:158,13,1,0
BRDA:159,14,0,0
BRDA:159,14,1,0
BRDA:159,15,0,0
BRDA:159,15,1,0
BRDA:160,16,0,0
BRDA:160,16,1,0
BRDA:160,17,0,0
BRDA:160,17,1,0
BRDA:161,18,0,0
BRDA:161,18,1,0
BRDA:161,19,0,0
BRDA:161,19,1,0
BRDA:163,20,0,0
BRDA:163,20,1,0
BRDA:164,21,0,0
BRDA:164,21,1,0
BRDA:191,22,0,0
BRDA:191,22,1,0
BRDA:191,23,0,0
BRDA:191,23,1,0
BRDA:208,24,0,0
BRF:47
BRH:0
end_of_record
TN:
SF:src/scripts/import-quran-data.ts
FN:20,(anonymous_0)
FN:41,(anonymous_1)
FN:46,(anonymous_2)
FN:51,(anonymous_3)
FN:56,(anonymous_4)
FN:68,(anonymous_5)
FN:75,(anonymous_6)
FN:80,(anonymous_7)
FN:98,(anonymous_8)
FN:106,(anonymous_9)
FN:154,(anonymous_10)
FN:163,(anonymous_11)
FN:201,(anonymous_12)
FN:246,(anonymous_13)
FN:263,(anonymous_14)
FN:277,(anonymous_15)
FN:296,(anonymous_16)
FN:323,(anonymous_17)
FN:337,(anonymous_18)
FN:344,(anonymous_19)
FN:361,(anonymous_20)
FN:362,(anonymous_21)
FNF:22
FNH:0
FNDA:0,(anonymous_0)
FNDA:0,(anonymous_1)
FNDA:0,(anonymous_2)
FNDA:0,(anonymous_3)
FNDA:0,(anonymous_4)
FNDA:0,(anonymous_5)
FNDA:0,(anonymous_6)
FNDA:0,(anonymous_7)
FNDA:0,(anonymous_8)
FNDA:0,(anonymous_9)
FNDA:0,(anonymous_10)
FNDA:0,(anonymous_11)
FNDA:0,(anonymous_12)
FNDA:0,(anonymous_13)
FNDA:0,(anonymous_14)
FNDA:0,(anonymous_15)
FNDA:0,(anonymous_16)
FNDA:0,(anonymous_17)
FNDA:0,(anonymous_18)
FNDA:0,(anonymous_19)
FNDA:0,(anonymous_20)
FNDA:0,(anonymous_21)
DA:11,0
DA:13,0
DA:14,0
DA:15,0
DA:16,0
DA:21,0
DA:22,0
DA:26,0
DA:31,0
DA:42,0
DA:43,0
DA:44,0
DA:47,0
DA:48,0
DA:52,0
DA:53,0
DA:57,0
DA:58,0
DA:59,0
DA:60,0
DA:62,0
DA:63,0
DA:64,0
DA:69,0
DA:70,0
DA:71,0
DA:72,0
DA:76,0
DA:77,0
DA:81,0
DA:89,0
DA:94,0
DA:99,0
DA:100,0
DA:107,0
DA:109,0
DA:111,0
DA:112,0
DA:113,0
DA:117,0
DA:118,0
DA:121,0
DA:122,0
DA:124,0
DA:125,0
DA:126,0
DA:128,0
DA:129,0
DA:130,0
DA:133,0
DA:135,0
DA:136,0
DA:137,0
DA:138,0
DA:140,0
DA:142,0
DA:143,0
DA:147,0
DA:148,0
DA:159,0
DA:160,0
DA:163,0
DA:164,0
DA:166,0
DA:167,0
DA:170,0
DA:171,0
DA:175,0
DA:184,0
DA:185,0
DA:186,0
DA:190,0
DA:201,0
DA:232,0
DA:233,0
DA:235,0
DA:239,0
DA:252,0
DA:253,0
DA:257,0
DA:264,0
DA:266,0
DA:271,0
DA:282,0
DA:283,0
DA:285,0
DA:295,0
DA:297,0
DA:305,0
DA:313,0
DA:324,0
DA:331,0
DA:332,0
DA:333,0
DA:334,0
DA:335,0
DA:337,0
DA:338,0
DA:340,0
DA:341,0
DA:342,0
DA:343,0
DA:344,0
DA:345,0
DA:347,0
DA:350,0
DA:356,0
DA:357,0
DA:358,0
DA:359,0
DA:360,0
DA:361,0
DA:362,0
DA:363,0
DA:366,0
DA:367,0
DA:368,0
DA:369,0
DA:372,0
DA:373,0
DA:376,0
DA:377,0
DA:379,0
DA:380,0
DA:382,0
LF:125
LH:0
BRDA:62,0,0,0
BRDA:106,1,0,0
BRDA:107,2,0,0
BRDA:107,3,0,0
BRDA:111,4,0,0
BRDA:128,5,0,0
BRDA:170,6,0,0
BRDA:184,7,0,0
BRDA:252,8,0,0
BRDA:252,9,0,0
BRDA:252,9,1,0
BRDA:331,10,0,0
BRDA:341,11,0,0
BRDA:367,12,0,0
BRDA:372,13,0,0
BRF:15
BRH:0
end_of_record
TN:
SF:src/scripts/run-import.ts
FN:6,main
FN:18,(anonymous_1)
FN:26,(anonymous_2)
FN:27,(anonymous_3)
FN:32,(anonymous_4)
FN:55,(anonymous_5)
FNF:6
FNH:0
FNDA:0,main
FNDA:0,(anonymous_1)
FNDA:0,(anonymous_2)
FNDA:0,(anonymous_3)
FNDA:0,(anonymous_4)
FNDA:0,(anonymous_5)
DA:1,0
DA:2,0
DA:4,0
DA:7,0
DA:8,0
DA:10,0
DA:11,0
DA:12,0
DA:14,0
DA:16,0
DA:17,0
DA:18,0
DA:20,0
DA:26,0
DA:27,0
DA:31,0
DA:32,0
DA:46,0
DA:49,0
DA:50,0
DA:51,0
DA:52,0
DA:55,0
LF:23
LH:0
BRDA:37,0,0,0
BRDA:37,0,1,0
BRDA:38,1,0,0
BRDA:38,1,1,0
BRDA:39,2,0,0
BRDA:39,2,1,0
BRDA:46,3,0,0
BRF:7
BRH:0
end_of_record
TN:
SF:src/scripts/verify-data.ts
FN:5,verify
FN:27,(anonymous_1)
FN:41,(anonymous_2)
FN:53,(anonymous_3)
FNF:4
FNH:0
FNDA:0,verify
FNDA:0,(anonymous_1)
FNDA:0,(anonymous_2)
FNDA:0,(anonymous_3)
DA:1,0
DA:3,0
DA:6,0
DA:9,0
DA:10,0
DA:11,0
DA:12,0
DA:13,0
DA:16,0
DA:17,0
DA:22,0
DA:23,0
DA:24,0
DA:25,0
DA:26,0
DA:27,0
DA:28,0
DA:33,0
DA:34,0
DA:41,0
DA:42,0
DA:46,0
DA:47,0
DA:48,0
DA:50,0
DA:53,0
LF:26
LH:0
BRDA:13,0,0,0
BRDA:13,0,1,0
BRDA:13,1,0,0
BRDA:13,1,1,0
BRDA:22,2,0,0
BRDA:28,3,0,0
BRDA:28,3,1,0
BRF:7
BRH:0
end_of_record
TN:
SF:src/scripts/verify-quran-data.ts
FN:64,(anonymous_0)
FN:71,(anonymous_1)
FN:86,(anonymous_2)
FN:98,(anonymous_3)
FN:140,(anonymous_4)
FN:183,(anonymous_5)
FN:219,(anonymous_6)
FN:256,(anonymous_7)
FN:310,(anonymous_8)
FN:321,(anonymous_9)
FN:336,(anonymous_10)
FN:352,(anonymous_11)
FN:358,(anonymous_12)
FN:402,(anonymous_13)
FN:407,(anonymous_14)
FN:414,(anonymous_15)
FN:429,(anonymous_16)
FN:444,(anonymous_17)
FN:466,(anonymous_18)
FN:475,(anonymous_19)
FNF:20
FNH:0
FNDA:0,(anonymous_0)
FNDA:0,(anonymous_1)
FNDA:0,(anonymous_2)
FNDA:0,(anonymous_3)
FNDA:0,(anonymous_4)
FNDA:0,(anonymous_5)
FNDA:0,(anonymous_6)
FNDA:0,(anonymous_7)
FNDA:0,(anonymous_8)
FNDA:0,(anonymous_9)
FNDA:0,(anonymous_10)
FNDA:0,(anonymous_11)
FNDA:0,(anonymous_12)
FNDA:0,(anonymous_13)
FNDA:0,(anonymous_14)
FNDA:0,(anonymous_15)
FNDA:0,(anonymous_16)
FNDA:0,(anonymous_17)
FNDA:0,(anonymous_18)
FNDA:0,(anonymous_19)
DA:14,0
DA:15,0
DA:17,0
DA:62,0
DA:65,0
DA:72,0
DA:75,0
DA:76,0
DA:77,0
DA:78,0
DA:79,0
DA:80,0
DA:83,0
DA:86,0
DA:88,0
DA:99,0
DA:101,0
DA:103,0
DA:104,0
DA:108,0
DA:109,0
DA:115,0
DA:119,0
DA:120,0
DA:126,0
DA:128,0
DA:133,0
DA:141,0
DA:143,0
DA:145,0
DA:146,0
DA:147,0
DA:156,0
DA:157,0
DA:162,0
DA:163,0
DA:169,0
DA:171,0
DA:176,0
DA:184,0
DA:186,0
DA:198,0
DA:199,0
DA:205,0
DA:207,0
DA:212,0
DA:220,0
DA:222,0
DA:225,0
DA:229,0
DA:234,0
DA:236,0
DA:245,0
DA:246,0
DA:248,0
DA:250,0
DA:257,0
DA:259,0
DA:262,0
DA:271,0
DA:272,0
DA:276,0
DA:285,0
DA:286,0
DA:289,0
DA:290,0
DA:296,0
DA:298,0
DA:303,0
DA:311,0
DA:313,0
DA:321,0
DA:323,0
DA:324,0
DA:331,0
DA:332,0
DA:336,0
DA:338,0
DA:340,0
DA:345,0
DA:353,0
DA:354,0
DA:357,0
DA:359,0
DA:363,0
DA:369,0
DA:381,0
DA:391,0
DA:403,0
DA:404,0
DA:407,0
DA:408,0
DA:415,0
DA:416,0
DA:417,0
DA:420,0
DA:421,0
DA:423,0
DA:427,0
DA:428,0
DA:429,0
DA:430,0
DA:431,0
DA:432,0
DA:433,0
DA:438,0
DA:439,0
DA:440,0
DA:441,0
DA:442,0
DA:443,0
DA:444,0
DA:445,0
DA:446,0
DA:451,0
DA:452,0
DA:453,0
DA:454,0
DA:455,0
DA:456,0
DA:457,0
DA:458,0
DA:460,0
DA:467,0
DA:474,0
DA:475,0
DA:476,0
DA:478,0
DA:479,0
DA:480,0
DA:482,0
DA:483,0
DA:485,0
DA:488,0
DA:489,0
DA:491,0
LF:136
LH:0
BRDA:108,0,0,0
BRDA:108,0,1,0
BRDA:119,1,0,0
BRDA:119,1,1,0
BRDA:156,2,0,0
BRDA:162,3,0,0
BRDA:162,3,1,0
BRDA:198,4,0,0
BRDA:198,4,1,0
BRDA:239,5,0,0
BRDA:239,5,1,0
BRDA:245,6,0,0
BRDA:245,6,1,0
BRDA:271,7,0,0
BRDA:285,8,0,0
BRDA:289,9,0,0
BRDA:289,9,1,0
BRDA:325,10,0,0
BRDA:325,10,1,0
BRDA:325,10,2,0
BRDA:331,11,0,0
BRDA:331,11,1,0
BRDA:407,12,0,0
BRDA:407,12,1,0
BRDA:420,13,0,0
BRDA:420,13,1,0
BRDA:430,14,0,0
BRDA:430,14,1,0
BRDA:432,15,0,0
BRDA:432,16,0,0
BRDA:432,16,1,0
BRDA:445,17,0,0
BRDA:445,17,1,0
BRDA:474,18,0,0
BRDA:482,19,0,0
BRDA:482,19,1,0
BRF:36
BRH:0
end_of_record
TN:
SF:src/scripts/fetchers/corpus-morphology-parser.ts
FN:34,(anonymous_0)
FN:37,(anonymous_1)
FN:42,(anonymous_2)
FN:47,(anonymous_3)
FN:55,(anonymous_4)
FN:75,(anonymous_5)
FN:109,(anonymous_6)
FN:143,(anonymous_7)
FN:174,(anonymous_8)
FN:192,(anonymous_9)
FN:206,(anonymous_10)
FN:213,(anonymous_11)
FN:216,(anonymous_12)
FN:235,(anonymous_13)
FN:237,(anonymous_14)
FN:242,(anonymous_15)
FN:264,(anonymous_16)
FN:273,(anonymous_17)
FN:299,(anonymous_18)
FN:307,(anonymous_19)
FN:323,(anonymous_20)
FN:333,(anonymous_21)
FN:354,(anonymous_22)
FN:372,(anonymous_23)
FN:375,(anonymous_24)
FNF:25
FNH:0
FNDA:0,(anonymous_0)
FNDA:0,(anonymous_1)
FNDA:0,(anonymous_2)
FNDA:0,(anonymous_3)
FNDA:0,(anonymous_4)
FNDA:0,(anonymous_5)
FNDA:0,(anonymous_6)
FNDA:0,(anonymous_7)
FNDA:0,(anonymous_8)
FNDA:0,(anonymous_9)
FNDA:0,(anonymous_10)
FNDA:0,(anonymous_11)
FNDA:0,(anonymous_12)
FNDA:0,(anonymous_13)
FNDA:0,(anonymous_14)
FNDA:0,(anonymous_15)
FNDA:0,(anonymous_16)
FNDA:0,(anonymous_17)
FNDA:0,(anonymous_18)
FNDA:0,(anonymous_19)
FNDA:0,(anonymous_20)
FNDA:0,(anonymous_21)
FNDA:0,(anonymous_22)
FNDA:0,(anonymous_23)
FNDA:0,(anonymous_24)
DA:13,0
DA:14,0
DA:15,0
DA:26,0
DA:35,0
DA:38,0
DA:39,0
DA:43,0
DA:44,0
DA:48,0
DA:49,0
DA:50,0
DA:51,0
DA:56,0
DA:57,0
DA:58,0
DA:59,0
DA:66,0
DA:71,0
DA:76,0
DA:78,0
DA:79,0
DA:82,0
DA:83,0
DA:85,0
DA:88,0
DA:89,0
DA:92,0
DA:93,0
DA:95,0
DA:110,0
DA:111,0
DA:113,0
DA:114,0
DA:117,0
DA:118,0
DA:121,0
DA:122,0
DA:123,0
DA:124,0
DA:127,0
DA:131,0
DA:132,0
DA:136,0
DA:144,0
DA:145,0
DA:146,0
DA:149,0
DA:152,0
DA:153,0
DA:154,0
DA:157,0
DA:159,0
DA:175,0
DA:178,0
DA:179,0
DA:181,0
DA:182,0
DA:185,0
DA:189,0
DA:190,0
DA:192,0
DA:193,0
DA:194,0
DA:196,0
DA:197,0
DA:200,0
DA:210,0
DA:213,0
DA:216,0
DA:219,0
DA:221,0
DA:237,0
DA:239,0
DA:241,0
DA:242,0
DA:247,0
DA:249,0
DA:250,0
DA:251,0
DA:253,0
DA:264,0
DA:274,0
DA:276,0
DA:277,0
DA:279,0
DA:280,0
DA:281,0
DA:283,0
DA:285,0
DA:286,0
DA:289,0
DA:293,0
DA:300,0
DA:301,0
DA:302,0
DA:306,0
DA:307,0
DA:308,0
DA:311,0
DA:316,0
DA:317,0
DA:329,0
DA:330,0
DA:331,0
DA:333,0
DA:334,0
DA:335,0
DA:337,0
DA:338,0
DA:341,0
DA:353,0
DA:354,0
DA:355,0
DA:356,0
DA:358,0
DA:361,0
DA:364,0
DA:365,0
DA:366,0
DA:367,0
DA:368,0
DA:370,0
DA:371,0
DA:372,0
DA:375,0
DA:376,0
DA:377,0
DA:381,0
DA:385,0
DA:387,0
DA:388,0
DA:389,0
DA:390,0
DA:391,0
DA:392,0
DA:394,0
DA:396,0
DA:397,0
LF:139
LH:0
BRDA:50,0,0,0
BRDA:56,1,0,0
BRDA:56,2,0,0
BRDA:56,2,1,0
BRDA:78,3,0,0
BRDA:117,4,0,0
BRDA:117,5,0,0
BRDA:117,5,1,0
BRDA:117,5,2,0
BRDA:123,6,0,0
BRDA:131,7,0,0
BRDA:145,8,0,0
BRDA:153,9,0,0
BRDA:181,10,0,0
BRDA:239,11,0,0
BRDA:249,12,0,0
BRDA:249,12,1,0
BRDA:250,13,0,0
BRDA:250,13,1,0
BRDA:251,14,0,0
BRDA:251,14,1,0
BRDA:255,15,0,0
BRDA:255,15,1,0
BRDA:255,16,0,0
BRDA:255,16,1,0
BRDA:258,17,0,0
BRDA:258,17,1,0
BRDA:258,18,0,0
BRDA:258,18,1,0
BRDA:259,19,0,0
BRDA:259,19,1,0
BRDA:259,20,0,0
BRDA:259,20,1,0
BRDA:259,21,0,0
BRDA:259,21,1,0
BRDA:260,22,0,0
BRDA:260,22,1,0
BRDA:260,23,0,0
BRDA:260,23,1,0
BRDA:260,24,0,0
BRDA:260,24,1,0
BRDA:261,25,0,0
BRDA:261,25,1,0
BRDA:261,26,0,0
BRDA:261,26,1,0
BRDA:261,27,0,0
BRDA:261,27,1,0
BRDA:262,28,0,0
BRDA:262,28,1,0
BRDA:262,29,0,0
BRDA:262,29,1,0
BRDA:263,30,0,0
BRDA:263,30,1,0
BRDA:263,31,0,0
BRDA:263,31,1,0
BRDA:263,32,0,0
BRDA:263,32,1,0
BRDA:263,32,2,0
BRDA:263,32,3,0
BRDA:263,32,4,0
BRDA:263,32,5,0
BRDA:263,33,0,0
BRDA:263,33,1,0
BRDA:263,34,0,0
BRDA:263,34,1,0
BRDA:263,34,2,0
BRDA:263,34,3,0
BRDA:263,34,4,0
BRDA:263,34,5,0
BRDA:281,35,0,0
BRDA:283,36,0,0
BRDA:283,36,1,0
BRDA:301,37,0,0
BRDA:337,38,0,0
BRDA:337,38,1,0
BRDA:338,39,0,0
BRDA:338,39,1,0
BRDA:353,40,0,0
BRDA:376,41,0,0
BRDA:376,41,1,0
BRF:80
BRH:0
end_of_record
TN:
SF:src/scripts/fetchers/data-merger.ts
FN:32,(anonymous_0)
FN:35,(anonymous_1)
FN:40,(anonymous_2)
FN:45,(anonymous_3)
FN:53,(anonymous_4)
FN:58,(anonymous_5)
FN:133,(anonymous_6)
FN:141,(anonymous_7)
FN:155,(anonymous_8)
FN:161,(anonymous_9)
FN:180,(anonymous_10)
FN:236,(anonymous_11)
FN:253,(anonymous_12)
FN:259,(anonymous_13)
FN:312,(anonymous_14)
FN:325,(anonymous_15)
FN:378,(anonymous_16)
FN:396,(anonymous_17)
FN:399,(anonymous_18)
FN:404,(anonymous_19)
FN:410,(anonymous_20)
FNF:21
FNH:0
FNDA:0,(anonymous_0)
FNDA:0,(anonymous_1)
FNDA:0,(anonymous_2)
FNDA:0,(anonymous_3)
FNDA:0,(anonymous_4)
FNDA:0,(anonymous_5)
FNDA:0,(anonymous_6)
FNDA:0,(anonymous_7)
FNDA:0,(anonymous_8)
FNDA:0,(anonymous_9)
FNDA:0,(anonymous_10)
FNDA:0,(anonymous_11)
FNDA:0,(anonymous_12)
FNDA:0,(anonymous_13)
FNDA:0,(anonymous_14)
FNDA:0,(anonymous_15)
FNDA:0,(anonymous_16)
FNDA:0,(anonymous_17)
FNDA:0,(anonymous_18)
FNDA:0,(anonymous_19)
FNDA:0,(anonymous_20)
DA:12,0
DA:13,0
DA:20,0
DA:33,0
DA:36,0
DA:37,0
DA:41,0
DA:42,0
DA:46,0
DA:47,0
DA:48,0
DA:49,0
DA:54,0
DA:55,0
DA:59,0
DA:60,0
DA:61,0
DA:62,0
DA:69,0
DA:129,0
DA:134,0
DA:136,0
DA:137,0
DA:139,0
DA:141,0
DA:142,0
DA:145,0
DA:149,0
DA:156,0
DA:158,0
DA:159,0
DA:161,0
DA:163,0
DA:164,0
DA:165,0
DA:166,0
DA:167,0
DA:169,0
DA:172,0
DA:174,0
DA:187,0
DA:190,0
DA:193,0
DA:230,0
DA:237,0
DA:240,0
DA:243,0
DA:246,0
DA:247,0
DA:248,0
DA:249,0
DA:251,0
DA:253,0
DA:254,0
DA:255,0
DA:258,0
DA:259,0
DA:262,0
DA:263,0
DA:265,0
DA:272,0
DA:275,0
DA:276,0
DA:278,0
DA:279,0
DA:285,0
DA:295,0
DA:298,0
DA:299,0
DA:300,0
DA:301,0
DA:302,0
DA:306,0
DA:313,0
DA:314,0
DA:315,0
DA:318,0
DA:319,0
DA:333,0
DA:334,0
DA:335,0
DA:336,0
DA:338,0
DA:340,0
DA:341,0
DA:343,0
DA:344,0
DA:346,0
DA:347,0
DA:348,0
DA:351,0
DA:352,0
DA:356,0
DA:357,0
DA:363,0
DA:377,0
DA:378,0
DA:379,0
DA:380,0
DA:382,0
DA:385,0
DA:388,0
DA:389,0
DA:390,0
DA:391,0
DA:392,0
DA:394,0
DA:395,0
DA:396,0
DA:399,0
DA:400,0
DA:403,0
DA:404,0
DA:405,0
DA:406,0
DA:409,0
DA:410,0
DA:412,0
DA:413,0
DA:417,0
DA:421,0
DA:423,0
DA:424,0
DA:425,0
DA:426,0
DA:427,0
DA:429,0
DA:431,0
DA:432,0
LF:129
LH:0
BRDA:48,0,0,0
BRDA:59,1,0,0
BRDA:59,2,0,0
BRDA:59,2,1,0
BRDA:202,3,0,0
BRDA:202,3,1,0
BRDA:203,4,0,0
BRDA:203,4,1,0
BRDA:275,5,0,0
BRDA:275,5,1,0
BRDA:314,6,0,0
BRDA:346,7,0,0
BRDA:347,8,0,0
BRDA:347,8,1,0
BRDA:348,9,0,0
BRDA:348,9,1,0
BRDA:351,10,0,0
BRDA:353,11,0,0
BRDA:353,11,1,0
BRDA:356,12,0,0
BRDA:358,13,0,0
BRDA:358,13,1,0
BRDA:377,14,0,0
BRDA:405,15,0,0
BRDA:405,15,1,0
BRDA:412,16,0,0
BRDA:412,16,1,0
BRDA:412,17,0,0
BRDA:412,17,1,0
BRF:29
BRH:0
end_of_record
TN:
SF:src/scripts/fetchers/quran-api-fetcher.ts
FN:71,(anonymous_0)
FN:74,(anonymous_1)
FN:79,(anonymous_2)
FN:84,(anonymous_3)
FN:92,(anonymous_4)
FN:97,(anonymous_5)
FN:112,(anonymous_6)
FN:119,(anonymous_7)
FN:125,(anonymous_8)
FN:133,(anonymous_9)
FN:146,(anonymous_10)
FN:150,(anonymous_11)
FN:222,(anonymous_12)
FN:223,(anonymous_13)
FN:235,(anonymous_14)
FN:247,(anonymous_15)
FN:266,(anonymous_16)
FN:287,(anonymous_17)
FN:341,(anonymous_18)
FN:343,(anonymous_19)
FN:358,(anonymous_20)
FN:375,(anonymous_21)
FN:375,(anonymous_22)
FN:394,(anonymous_23)
FN:404,(anonymous_24)
FN:407,(anonymous_25)
FN:407,(anonymous_26)
FN:432,(anonymous_27)
FN:454,(anonymous_28)
FN:467,(anonymous_29)
FN:476,(anonymous_30)
FNF:31
FNH:0
FNDA:0,(anonymous_0)
FNDA:0,(anonymous_1)
FNDA:0,(anonymous_2)
FNDA:0,(anonymous_3)
FNDA:0,(anonymous_4)
FNDA:0,(anonymous_5)
FNDA:0,(anonymous_6)
FNDA:0,(anonymous_7)
FNDA:0,(anonymous_8)
FNDA:0,(anonymous_9)
FNDA:0,(anonymous_10)
FNDA:0,(anonymous_11)
FNDA:0,(anonymous_12)
FNDA:0,(anonymous_13)
FNDA:0,(anonymous_14)
FNDA:0,(anonymous_15)
FNDA:0,(anonymous_16)
FNDA:0,(anonymous_17)
FNDA:0,(anonymous_18)
FNDA:0,(anonymous_19)
FNDA:0,(anonymous_20)
FNDA:0,(anonymous_21)
FNDA:0,(anonymous_22)
FNDA:0,(anonymous_23)
FNDA:0,(anonymous_24)
FNDA:0,(anonymous_25)
FNDA:0,(anonymous_26)
FNDA:0,(anonymous_27)
FNDA:0,(anonymous_28)
FNDA:0,(anonymous_29)
FNDA:0,(anonymous_30)
DA:19,0
DA:20,0
DA:21,0
DA:34,0
DA:72,0
DA:75,0
DA:76,0
DA:80,0
DA:81,0
DA:85,0
DA:86,0
DA:87,0
DA:88,0
DA:93,0
DA:94,0
DA:98,0
DA:99,0
DA:100,0
DA:106,0
DA:113,0
DA:114,0
DA:115,0
DA:120,0
DA:121,0
DA:122,0
DA:126,0
DA:127,0
DA:129,0
DA:130,0
DA:134,0
DA:138,0
DA:147,0
DA:155,0
DA:157,0
DA:158,0
DA:159,0
DA:162,0
DA:163,0
DA:164,0
DA:165,0
DA:168,0
DA:169,0
DA:173,0
DA:174,0
DA:175,0
DA:180,0
DA:182,0
DA:185,0
DA:186,0
DA:190,0
DA:191,0
DA:197,0
DA:198,0
DA:201,0
DA:202,0
DA:204,0
DA:205,0
DA:209,0
DA:211,0
DA:214,0
DA:215,0
DA:219,0
DA:223,0
DA:230,0
DA:232,0
DA:236,0
DA:241,0
DA:248,0
DA:251,0
DA:252,0
DA:253,0
DA:254,0
DA:255,0
DA:256,0
DA:261,0
DA:262,0
DA:263,0
DA:266,0
DA:278,0
DA:279,0
DA:281,0
DA:291,0
DA:297,0
DA:298,0
DA:299,0
DA:300,0
DA:301,0
DA:304,0
DA:309,0
DA:310,0
DA:311,0
DA:312,0
DA:314,0
DA:315,0
DA:324,0
DA:327,0
DA:330,0
DA:331,0
DA:333,0
DA:341,0
DA:343,0
DA:347,0
DA:348,0
DA:352,0
DA:359,0
DA:360,0
DA:362,0
DA:364,0
DA:365,0
DA:366,0
DA:370,0
DA:371,0
DA:372,0
DA:374,0
DA:375,0
DA:378,0
DA:382,0
DA:383,0
DA:387,0
DA:388,0
DA:400,0
DA:401,0
DA:402,0
DA:404,0
DA:405,0
DA:406,0
DA:407,0
DA:411,0
DA:412,0
DA:414,0
DA:421,0
DA:433,0
DA:434,0
DA:435,0
DA:436,0
DA:437,0
DA:439,0
DA:440,0
DA:443,0
DA:444,0
DA:447,0
DA:455,0
DA:468,0
DA:475,0
DA:476,0
DA:477,0
DA:478,0
DA:480,0
DA:483,0
DA:486,0
DA:487,0
DA:488,0
DA:489,0
DA:490,0
DA:491,0
DA:492,0
DA:495,0
DA:496,0
DA:497,0
DA:498,0
DA:499,0
DA:501,0
DA:502,0
DA:503,0
DA:504,0
DA:505,0
DA:507,0
DA:509,0
DA:510,0
LF:169
LH:0
BRDA:87,0,0,0
BRDA:113,1,0,0
BRDA:126,2,0,0
BRDA:152,3,0,0
BRDA:162,4,0,0
BRDA:164,5,0,0
BRDA:164,5,1,0
BRDA:173,6,0,0
BRDA:174,7,0,0
BRDA:190,8,0,0
BRDA:197,9,0,0
BRDA:204,10,0,0
BRDA:247,11,0,0
BRDA:251,12,0,0
BRDA:251,13,0,0
BRDA:251,13,1,0
BRDA:254,14,0,0
BRDA:272,15,0,0
BRDA:272,15,1,0
BRDA:289,16,0,0
BRDA:297,17,0,0
BRDA:297,18,0,0
BRDA:297,18,1,0
BRDA:300,19,0,0
BRDA:331,20,0,0
BRDA:331,20,1,0
BRDA:358,21,0,0
BRDA:434,22,0,0
BRDA:434,22,1,0
BRDA:436,23,0,0
BRDA:436,23,1,0
BRDA:437,24,0,0
BRDA:437,24,1,0
BRDA:439,25,0,0
BRDA:439,26,0,0
BRDA:439,26,1,0
BRDA:443,27,0,0
BRDA:475,28,0,0
BRF:38
BRH:0
end_of_record
TN:
SF:src/scripts/fetchers/quran-corpus-fetcher.ts
FN:50,(anonymous_0)
FN:53,(anonymous_1)
FN:58,(anonymous_2)
FN:63,(anonymous_3)
FN:74,(anonymous_4)
FN:79,(anonymous_5)
FN:91,(anonymous_6)
FN:96,(anonymous_7)
FN:108,(anonymous_8)
FN:109,(anonymous_9)
FN:119,(anonymous_10)
FN:146,(anonymous_11)
FN:147,(anonymous_12)
FN:157,(anonymous_13)
FN:164,(anonymous_14)
FN:171,(anonymous_15)
FN:180,(anonymous_16)
FN:190,(anonymous_17)
FN:197,(anonymous_18)
FN:213,(anonymous_19)
FN:237,(anonymous_20)
FN:274,(anonymous_21)
FN:276,(anonymous_22)
FN:278,(anonymous_23)
FN:304,(anonymous_24)
FN:312,(anonymous_25)
FN:322,(anonymous_26)
FN:333,(anonymous_27)
FN:348,(anonymous_28)
FN:374,(anonymous_29)
FN:386,(anonymous_30)
FN:411,(anonymous_31)
FN:427,(anonymous_32)
FN:428,(anonymous_33)
FNF:34
FNH:0
FNDA:0,(anonymous_0)
FNDA:0,(anonymous_1)
FNDA:0,(anonymous_2)
FNDA:0,(anonymous_3)
FNDA:0,(anonymous_4)
FNDA:0,(anonymous_5)
FNDA:0,(anonymous_6)
FNDA:0,(anonymous_7)
FNDA:0,(anonymous_8)
FNDA:0,(anonymous_9)
FNDA:0,(anonymous_10)
FNDA:0,(anonymous_11)
FNDA:0,(anonymous_12)
FNDA:0,(anonymous_13)
FNDA:0,(anonymous_14)
FNDA:0,(anonymous_15)
FNDA:0,(anonymous_16)
FNDA:0,(anonymous_17)
FNDA:0,(anonymous_18)
FNDA:0,(anonymous_19)
FNDA:0,(anonymous_20)
FNDA:0,(anonymous_21)
FNDA:0,(anonymous_22)
FNDA:0,(anonymous_23)
FNDA:0,(anonymous_24)
FNDA:0,(anonymous_25)
FNDA:0,(anonymous_26)
FNDA:0,(anonymous_27)
FNDA:0,(anonymous_28)
FNDA:0,(anonymous_29)
FNDA:0,(anonymous_30)
FNDA:0,(anonymous_31)
FNDA:0,(anonymous_32)
FNDA:0,(anonymous_33)
DA:16,0
DA:17,0
DA:18,0
DA:23,0
DA:51,0
DA:54,0
DA:55,0
DA:59,0
DA:60,0
DA:64,0
DA:65,0
DA:66,0
DA:67,0
DA:68,0
DA:69,0
DA:75,0
DA:76,0
DA:80,0
DA:81,0
DA:82,0
DA:86,0
DA:92,0
DA:93,0
DA:94,0
DA:97,0
DA:98,0
DA:100,0
DA:101,0
DA:102,0
DA:105,0
DA:109,0
DA:113,0
DA:120,0
DA:122,0
DA:123,0
DA:124,0
DA:126,0
DA:127,0
DA:130,0
DA:131,0
DA:133,0
DA:134,0
DA:137,0
DA:138,0
DA:139,0
DA:143,0
DA:147,0
DA:151,0
DA:158,0
DA:159,0
DA:160,0
DA:165,0
DA:166,0
DA:167,0
DA:168,0
DA:172,0
DA:173,0
DA:176,0
DA:177,0
DA:181,0
DA:185,0
DA:190,0
DA:191,0
DA:192,0
DA:198,0
DA:200,0
DA:203,0
DA:204,0
DA:205,0
DA:206,0
DA:207,0
DA:208,0
DA:213,0
DA:214,0
DA:215,0
DA:218,0
DA:220,0
DA:221,0
DA:223,0
DA:224,0
DA:228,0
DA:230,0
DA:231,0
DA:239,0
DA:240,0
DA:241,0
DA:244,0
DA:245,0
DA:246,0
DA:249,0
DA:250,0
DA:251,0
DA:254,0
DA:256,0
DA:276,0
DA:278,0
DA:280,0
DA:282,0
DA:298,0
DA:305,0
DA:313,0
DA:316,0
DA:317,0
DA:318,0
DA:322,0
DA:323,0
DA:327,0
DA:334,0
DA:349,0
DA:351,0
DA:353,0
DA:354,0
DA:355,0
DA:357,0
DA:358,0
DA:359,0
DA:360,0
DA:362,0
DA:363,0
DA:367,0
DA:368,0
DA:380,0
DA:381,0
DA:382,0
DA:384,0
DA:385,0
DA:386,0
DA:388,0
DA:389,0
DA:391,0
DA:398,0
DA:410,0
DA:411,0
DA:412,0
DA:413,0
DA:415,0
DA:418,0
DA:421,0
DA:422,0
DA:423,0
DA:424,0
DA:425,0
DA:426,0
DA:427,0
DA:428,0
DA:429,0
DA:432,0
DA:433,0
DA:435,0
DA:436,0
LF:150
LH:0
BRDA:66,0,0,0
BRDA:68,1,0,0
BRDA:100,2,0,0
BRDA:119,3,0,0
BRDA:126,4,0,0
BRDA:133,5,0,0
BRDA:158,6,0,0
BRDA:172,7,0,0
BRDA:197,8,0,0
BRDA:203,9,0,0
BRDA:203,10,0,0
BRDA:203,10,1,0
BRDA:206,11,0,0
BRDA:214,12,0,0
BRDA:317,13,0,0
BRDA:322,14,0,0
BRDA:322,15,0,0
BRDA:322,15,1,0
BRDA:338,16,0,0
BRDA:338,16,1,0
BRDA:348,17,0,0
BRDA:410,18,0,0
BRF:22
BRH:0
end_of_record
TN:
SF:src/scripts/mappers/quran-corpus-mapper.ts
FN:30,(anonymous_0)
FN:53,(anonymous_1)
FN:54,(anonymous_2)
FN:60,(anonymous_3)
FN:134,(anonymous_4)
FN:155,(anonymous_5)
FN:163,(anonymous_6)
FN:170,(anonymous_7)
FN:196,(anonymous_8)
FN:215,(anonymous_9)
FN:238,(anonymous_10)
FN:264,(anonymous_11)
FN:305,(anonymous_12)
FN:357,(anonymous_13)
FN:393,(anonymous_14)
FNF:15
FNH:15
FNDA:7,(anonymous_0)
FNDA:4,(anonymous_1)
FNDA:5,(anonymous_2)
FNDA:36,(anonymous_3)
FNDA:7,(anonymous_4)
FNDA:80,(anonymous_5)
FNDA:8,(anonymous_6)
FNDA:36,(anonymous_7)
FNDA:36,(anonymous_8)
FNDA:36,(anonymous_9)
FNDA:36,(anonymous_10)
FNDA:36,(anonymous_11)
FNDA:36,(anonymous_12)
FNDA:36,(anonymous_13)
FNDA:1,(anonymous_14)
DA:13,1
DA:26,1
DA:32,7
DA:35,4
DA:36,4
DA:38,4
DA:54,5
DA:61,36
DA:64,36
DA:65,36
DA:68,36
DA:71,36
DA:74,36
DA:77,36
DA:80,36
DA:83,36
DA:86,36
DA:88,36
DA:135,7
DA:136,1
DA:139,6
DA:140,0
DA:143,6
DA:144,1
DA:147,5
DA:148,1
DA:156,80
DA:157,80
DA:164,8
DA:174,36
DA:177,36
DA:178,25
DA:181,11
DA:182,5
DA:185,6
DA:186,6
DA:190,0
DA:197,36
DA:199,10
DA:201,10
DA:202,6
DA:205,4
DA:206,4
DA:209,0
DA:216,36
DA:218,8
DA:220,8
DA:221,4
DA:224,4
DA:225,2
DA:228,2
DA:229,2
DA:232,0
DA:242,36
DA:244,2
DA:246,2
DA:247,2
DA:248,2
DA:249,1
DA:251,2
DA:254,0
DA:255,0
DA:258,0
DA:270,36
DA:271,0
DA:275,36
DA:276,6
DA:279,30
DA:281,3
DA:283,3
DA:284,1
DA:287,2
DA:288,0
DA:291,2
DA:292,2
DA:295,0
DA:296,0
DA:299,0
DA:309,36
DA:311,4
DA:313,4
DA:314,2
DA:315,2
DA:316,2
DA:319,2
DA:320,0
DA:321,0
DA:322,0
DA:325,2
DA:326,2
DA:327,2
DA:328,2
DA:331,0
DA:332,0
DA:339,0
DA:340,0
DA:343,0
DA:344,0
DA:347,0
DA:348,0
DA:351,0
DA:361,36
DA:363,2
DA:365,2
DA:366,2
DA:369,0
DA:370,0
DA:371,0
DA:372,0
DA:373,0
DA:374,0
DA:376,0
DA:379,0
DA:380,0
DA:383,0
DA:384,0
DA:387,0
DA:397,1
DA:398,1
DA:400,1
DA:401,2
DA:402,2
DA:404,2
DA:405,2
DA:408,1
DA:415,1
LF:126
LH:90
BRDA:43,0,0,4
BRDA:43,0,1,0
BRDA:46,1,0,4
BRDA:46,1,1,0
BRDA:61,2,0,36
BRDA:61,2,1,0
BRDA:92,3,0,36
BRDA:92,3,1,0
BRDA:135,4,0,1
BRDA:135,5,0,7
BRDA:135,5,1,6
BRDA:135,5,2,6
BRDA:139,6,0,0
BRDA:139,7,0,6
BRDA:139,7,1,6
BRDA:143,8,0,1
BRDA:143,9,0,6
BRDA:143,9,1,5
BRDA:147,10,0,1
BRDA:147,11,0,5
BRDA:147,11,1,5
BRDA:156,12,0,0
BRDA:174,13,0,36
BRDA:174,13,1,0
BRDA:174,13,2,0
BRDA:177,14,0,25
BRDA:177,15,0,36
BRDA:177,15,1,13
BRDA:177,15,2,12
BRDA:181,16,0,5
BRDA:181,17,0,11
BRDA:181,17,1,8
BRDA:181,17,2,7
BRDA:185,18,0,6
BRDA:185,19,0,6
BRDA:185,19,1,2
BRDA:185,19,2,1
BRDA:197,20,0,26
BRDA:201,21,0,6
BRDA:201,22,0,10
BRDA:201,22,1,6
BRDA:201,22,2,5
BRDA:205,23,0,4
BRDA:205,24,0,4
BRDA:205,24,1,2
BRDA:205,24,2,1
BRDA:216,25,0,28
BRDA:220,26,0,4
BRDA:220,27,0,8
BRDA:220,27,1,5
BRDA:220,27,2,4
BRDA:224,28,0,2
BRDA:224,29,0,4
BRDA:224,29,1,3
BRDA:224,29,2,2
BRDA:228,30,0,2
BRDA:228,31,0,2
BRDA:228,31,1,1
BRDA:228,31,2,0
BRDA:242,32,0,34
BRDA:246,33,0,2
BRDA:246,34,0,2
BRDA:246,34,1,0
BRDA:248,35,0,1
BRDA:254,36,0,0
BRDA:254,37,0,0
BRDA:254,37,1,0
BRDA:270,38,0,0
BRDA:270,39,0,36
BRDA:270,39,1,36
BRDA:275,40,0,6
BRDA:279,41,0,27
BRDA:283,42,0,1
BRDA:283,43,0,3
BRDA:283,43,1,2
BRDA:287,44,0,0
BRDA:287,45,0,2
BRDA:287,45,1,2
BRDA:291,46,0,2
BRDA:291,47,0,2
BRDA:291,47,1,0
BRDA:295,48,0,0
BRDA:295,49,0,0
BRDA:295,49,1,0
BRDA:309,50,0,32
BRDA:313,51,0,2
BRDA:313,52,0,4
BRDA:313,52,1,2
BRDA:313,52,2,2
BRDA:314,53,0,1
BRDA:314,53,1,1
BRDA:315,54,0,1
BRDA:315,54,1,1
BRDA:319,55,0,0
BRDA:319,56,0,2
BRDA:319,56,1,2
BRDA:319,56,2,2
BRDA:320,57,0,0
BRDA:320,57,1,0
BRDA:321,58,0,0
BRDA:321,58,1,0
BRDA:325,59,0,2
BRDA:325,60,0,2
BRDA:325,60,1,0
BRDA:325,60,2,0
BRDA:326,61,0,0
BRDA:326,61,1,2
BRDA:327,62,0,0
BRDA:327,62,1,2
BRDA:331,63,0,0
BRDA:331,64,0,0
BRDA:331,64,1,0
BRDA:339,65,0,0
BRDA:339,66,0,0
BRDA:339,66,1,0
BRDA:343,67,0,0
BRDA:343,68,0,0
BRDA:343,68,1,0
BRDA:347,69,0,0
BRDA:347,70,0,0
BRDA:347,70,1,0
BRDA:361,71,0,34
BRDA:365,72,0,2
BRDA:365,73,0,2
BRDA:365,73,1,0
BRDA:369,74,0,0
BRDA:369,75,0,0
BRDA:369,75,1,0
BRDA:371,76,0,0
BRDA:371,76,1,0
BRDA:371,77,0,0
BRDA:371,77,1,0
BRDA:373,78,0,0
BRDA:373,79,0,0
BRDA:373,79,1,0
BRDA:379,80,0,0
BRDA:379,81,0,0
BRDA:379,81,1,0
BRDA:383,82,0,0
BRDA:383,83,0,0
BRDA:383,83,1,0
BRF:141
BRH:84
end_of_record
TN:
SF:src/scripts/types/corpus-morphology.types.ts
FNF:0
FNH:0
DA:89,0
LF:1
LH:0
BRF:0
BRH:0
end_of_record
TN:
SF:src/scripts/types/quran-corpus.types.ts
FN:209,(anonymous_0)
FN:216,(anonymous_1)
FN:223,(anonymous_2)
FNF:3
FNH:2
FNDA:3,(anonymous_0)
FNDA:0,(anonymous_1)
FNDA:3,(anonymous_2)
DA:139,1
DA:150,1
DA:195,1
DA:208,1
DA:210,3
DA:211,3
DA:215,1
DA:217,0
DA:218,0
DA:222,1
DA:223,3
DA:224,3
DA:225,3
LF:13
LH:11
BRF:0
BRH:0
end_of_record
TN:
SF:src/scripts/utils/rate-limiter.ts
FN:18,(anonymous_0)
FN:32,(anonymous_1)
FN:37,(anonymous_2)
FN:72,(anonymous_3)
FN:79,(anonymous_4)
FN:82,(anonymous_5)
FN:95,(anonymous_6)
FN:96,(anonymous_7)
FN:102,(anonymous_8)
FNF:9
FNH:0
FNDA:0,(anonymous_0)
FNDA:0,(anonymous_1)
FNDA:0,(anonymous_2)
FNDA:0,(anonymous_3)
FNDA:0,(anonymous_4)
FNDA:0,(anonymous_5)
FNDA:0,(anonymous_6)
FNDA:0,(anonymous_7)
FNDA:0,(anonymous_8)
DA:12,0
DA:13,0
DA:23,0
DA:24,0
DA:25,0
DA:33,0
DA:36,0
DA:37,0
DA:41,0
DA:42,0
DA:43,0
DA:44,0
DA:47,0
DA:51,0
DA:54,0
DA:55,0
DA:56,0
DA:57,0
DA:58,0
DA:63,0
DA:66,0
DA:77,0
DA:78,0
DA:79,0
DA:81,0
DA:82,0
DA:85,0
DA:96,0
DA:103,0
LF:29
LH:0
BRDA:19,0,0,0
BRDA:20,1,0,0
BRDA:21,2,0,0
BRDA:41,3,0,0
BRDA:54,4,0,0
BRDA:57,5,0,0
BRF:6
BRH:0
end_of_record
